#! /usr/local/iverilog/bin/vvp
:ivl_version "11.0 (devel)" "(s20150603-642-g3bdb50da)";
:ivl_delay_selection "TYPICAL";
:vpi_time_precision + 0;
:vpi_module "system";
:vpi_module "vhdl_sys";
:vpi_module "vhdl_textio";
:vpi_module "v2005_math";
:vpi_module "va_math";
S_00000000008b2d10 .scope module, "decode_E_pipe_reg" "decode_E_pipe_reg" 2 2;
 .timescale 0 0;
    .port_info 0 /INPUT 1 "clk_i";
    .port_info 1 /INPUT 1 "E_stall_i";
    .port_info 2 /INPUT 1 "E_bubble_i";
    .port_info 3 /INPUT 3 "d_stat_i";
    .port_info 4 /INPUT 64 "d_pc_i";
    .port_info 5 /INPUT 4 "d_icode_i";
    .port_info 6 /INPUT 4 "d_ifun_i";
    .port_info 7 /INPUT 64 "d_valC_i";
    .port_info 8 /INPUT 64 "d_valA_i";
    .port_info 9 /INPUT 64 "d_valB_i";
    .port_info 10 /INPUT 4 "d_dstE_i";
    .port_info 11 /INPUT 4 "d_dstM_i";
    .port_info 12 /INPUT 4 "d_srcA_i";
    .port_info 13 /INPUT 4 "d_srcB_i";
    .port_info 14 /OUTPUT 3 "E_stat_o";
    .port_info 15 /OUTPUT 64 "E_pc_o";
    .port_info 16 /OUTPUT 4 "E_icode_o";
    .port_info 17 /OUTPUT 4 "E_ifun_o";
    .port_info 18 /OUTPUT 64 "E_valC_o";
    .port_info 19 /OUTPUT 64 "E_valA_o";
    .port_info 20 /OUTPUT 64 "E_valB_o";
    .port_info 21 /OUTPUT 4 "E_dstE_o";
    .port_info 22 /OUTPUT 4 "E_dstM_o";
    .port_info 23 /OUTPUT 4 "E_srcA_o";
    .port_info 24 /OUTPUT 4 "E_srcB_o";
o00000000008edfd8 .functor BUFZ 1, C4<z>; HiZ drive
v00000000008d6090_0 .net "E_bubble_i", 0 0, o00000000008edfd8;  0 drivers
v0000000000938c50_0 .var "E_dstE_o", 3 0;
v0000000000938cf0_0 .var "E_dstM_o", 3 0;
v0000000000938d90_0 .var "E_icode_o", 3 0;
v0000000000938e30_0 .var "E_ifun_o", 3 0;
v0000000000938ed0_0 .var "E_pc_o", 63 0;
v0000000000938f70_0 .var "E_srcA_o", 3 0;
v0000000000939010_0 .var "E_srcB_o", 3 0;
o00000000008ee158 .functor BUFZ 1, C4<z>; HiZ drive
v00000000009390b0_0 .net "E_stall_i", 0 0, o00000000008ee158;  0 drivers
v00000000009391e0_0 .var "E_stat_o", 2 0;
v0000000000939280_0 .var "E_valA_o", 63 0;
v0000000000939320_0 .var "E_valB_o", 63 0;
v00000000009393c0_0 .var "E_valC_o", 63 0;
o00000000008ee248 .functor BUFZ 1, C4<z>; HiZ drive
v0000000000939460_0 .net "clk_i", 0 0, o00000000008ee248;  0 drivers
o00000000008ee278 .functor BUFZ 4, C4<zzzz>; HiZ drive
v0000000000939500_0 .net "d_dstE_i", 3 0, o00000000008ee278;  0 drivers
o00000000008ee2a8 .functor BUFZ 4, C4<zzzz>; HiZ drive
v00000000009395a0_0 .net "d_dstM_i", 3 0, o00000000008ee2a8;  0 drivers
o00000000008ee2d8 .functor BUFZ 4, C4<zzzz>; HiZ drive
v00000000008e2a00_0 .net "d_icode_i", 3 0, o00000000008ee2d8;  0 drivers
o00000000008ee308 .functor BUFZ 4, C4<zzzz>; HiZ drive
v00000000008e2aa0_0 .net "d_ifun_i", 3 0, o00000000008ee308;  0 drivers
o00000000008ee338 .functor BUFZ 64, C4<zzzzzzzzzzzzzzzzzzzzzzzzzzzzzzzzzzzzzzzzzzzzzzzzzzzzzzzzzzzzzzzz>; HiZ drive
v00000000008e2dc0_0 .net "d_pc_i", 63 0, o00000000008ee338;  0 drivers
o00000000008ee368 .functor BUFZ 4, C4<zzzz>; HiZ drive
v00000000008e3680_0 .net "d_srcA_i", 3 0, o00000000008ee368;  0 drivers
o00000000008ee398 .functor BUFZ 4, C4<zzzz>; HiZ drive
v00000000008e3900_0 .net "d_srcB_i", 3 0, o00000000008ee398;  0 drivers
o00000000008ee3c8 .functor BUFZ 3, C4<zzz>; HiZ drive
v00000000008e2f00_0 .net "d_stat_i", 2 0, o00000000008ee3c8;  0 drivers
o00000000008ee3f8 .functor BUFZ 64, C4<zzzzzzzzzzzzzzzzzzzzzzzzzzzzzzzzzzzzzzzzzzzzzzzzzzzzzzzzzzzzzzzz>; HiZ drive
v00000000008e2d20_0 .net "d_valA_i", 63 0, o00000000008ee3f8;  0 drivers
o00000000008ee428 .functor BUFZ 64, C4<zzzzzzzzzzzzzzzzzzzzzzzzzzzzzzzzzzzzzzzzzzzzzzzzzzzzzzzzzzzzzzzz>; HiZ drive
v00000000008e2e60_0 .net "d_valB_i", 63 0, o00000000008ee428;  0 drivers
o00000000008ee458 .functor BUFZ 64, C4<zzzzzzzzzzzzzzzzzzzzzzzzzzzzzzzzzzzzzzzzzzzzzzzzzzzzzzzzzzzzzzzz>; HiZ drive
v00000000008e32c0_0 .net "d_valC_i", 63 0, o00000000008ee458;  0 drivers
E_000000000127a510 .event posedge, v0000000000939460_0;
    .scope S_00000000008b2d10;
T_0 ;
    %wait E_000000000127a510;
    %load/vec4 v00000000008d6090_0;
    %flag_set/vec4 8;
    %jmp/0xz  T_0.0, 8;
    %load/vec4 v00000000008e2f00_0;
    %assign/vec4 v00000000009391e0_0, 0;
    %pushi/vec4 0, 0, 64;
    %assign/vec4 v0000000000938ed0_0, 0;
    %pushi/vec4 1, 0, 4;
    %assign/vec4 v0000000000938d90_0, 0;
    %pushi/vec4 0, 0, 4;
    %assign/vec4 v0000000000938e30_0, 0;
    %pushi/vec4 0, 0, 64;
    %assign/vec4 v00000000009393c0_0, 0;
    %pushi/vec4 0, 0, 64;
    %assign/vec4 v0000000000939280_0, 0;
    %pushi/vec4 0, 0, 64;
    %assign/vec4 v0000000000939320_0, 0;
    %pushi/vec4 15, 0, 4;
    %assign/vec4 v0000000000938c50_0, 0;
    %pushi/vec4 15, 0, 4;
    %assign/vec4 v0000000000938cf0_0, 0;
    %pushi/vec4 15, 0, 4;
    %assign/vec4 v0000000000938f70_0, 0;
    %pushi/vec4 15, 0, 4;
    %assign/vec4 v0000000000939010_0, 0;
    %jmp T_0.1;
T_0.0 ;
    %load/vec4 v00000000009390b0_0;
    %inv;
    %flag_set/vec4 8;
    %jmp/0xz  T_0.2, 8;
    %load/vec4 v00000000008e2f00_0;
    %assign/vec4 v00000000009391e0_0, 0;
    %load/vec4 v00000000008e2dc0_0;
    %assign/vec4 v0000000000938ed0_0, 0;
    %load/vec4 v00000000008e2a00_0;
    %assign/vec4 v0000000000938d90_0, 0;
    %load/vec4 v00000000008e2aa0_0;
    %assign/vec4 v0000000000938e30_0, 0;
    %load/vec4 v00000000008e32c0_0;
    %assign/vec4 v00000000009393c0_0, 0;
    %load/vec4 v00000000008e2d20_0;
    %assign/vec4 v0000000000939280_0, 0;
    %load/vec4 v00000000008e2e60_0;
    %assign/vec4 v0000000000939320_0, 0;
    %load/vec4 v0000000000939500_0;
    %assign/vec4 v0000000000938c50_0, 0;
    %load/vec4 v00000000009395a0_0;
    %assign/vec4 v0000000000938cf0_0, 0;
    %load/vec4 v00000000008e3680_0;
    %assign/vec4 v0000000000938f70_0, 0;
    %load/vec4 v00000000008e3900_0;
    %assign/vec4 v0000000000939010_0, 0;
T_0.2 ;
T_0.1 ;
    %jmp T_0;
    .thread T_0;
# The file index is used to find the file name in the following table.
:file_names 3;
    "N/A";
    "<interactive>";
    "decode_E_pipe_reg.v";
