#! /usr/local/iverilog/bin/vvp
:ivl_version "11.0 (devel)" "(s20150603-642-g3bdb50da)";
:ivl_delay_selection "TYPICAL";
:vpi_time_precision + 0;
:vpi_module "system";
:vpi_module "vhdl_sys";
:vpi_module "vhdl_textio";
:vpi_module "v2005_math";
:vpi_module "va_math";
S_00000000008e3d60 .scope module, "decode" "decode" 2 2;
 .timescale 0 0;
    .port_info 0 /INPUT 1 "clk_i";
    .port_info 1 /INPUT 4 "D_icode_i";
    .port_info 2 /INPUT 4 "D_rA_i";
    .port_info 3 /INPUT 4 "D_rB_i";
    .port_info 4 /INPUT 4 "D_valP_i";
    .port_info 5 /INPUT 4 "e_dstE_i";
    .port_info 6 /INPUT 64 "e_valE_i";
    .port_info 7 /INPUT 4 "M_dstM_i";
    .port_info 8 /INPUT 64 "m_valM_i";
    .port_info 9 /INPUT 4 "M_dstE_i";
    .port_info 10 /INPUT 64 "M_valE_i";
    .port_info 11 /INPUT 4 "W_dstM_i";
    .port_info 12 /INPUT 64 "W_valM_i";
    .port_info 13 /INPUT 4 "W_dstE_i";
    .port_info 14 /INPUT 64 "W_valE_i";
    .port_info 15 /OUTPUT 64 "d_valA_o";
    .port_info 16 /OUTPUT 64 "d_valB_o";
    .port_info 17 /OUTPUT 4 "d_dstE_o";
    .port_info 18 /OUTPUT 4 "d_dstM_o";
    .port_info 19 /OUTPUT 4 "d_srcA_o";
    .port_info 20 /OUTPUT 4 "d_srcB_o";
L_00000000008f8630 .functor OR 1, L_0000000000960d40, L_0000000000961560, C4<0>, C4<0>;
L_00000000008f8780 .functor OR 1, L_00000000008f8630, L_000000000095f800, C4<0>, C4<0>;
L_00000000008f8400 .functor OR 1, L_00000000008f8780, L_000000000095fc60, C4<0>, C4<0>;
L_00000000008f8710 .functor OR 1, L_00000000008f8400, L_000000000095f8a0, C4<0>, C4<0>;
L_00000000008f88d0 .functor OR 1, L_000000000095fbc0, L_000000000095fd00, C4<0>, C4<0>;
L_00000000008f8470 .functor OR 1, L_00000000009622b0, L_0000000000962850, C4<0>, C4<0>;
L_00000000008f8940 .functor OR 1, L_00000000008f8470, L_0000000000961770, C4<0>, C4<0>;
L_00000000008f84e0 .functor OR 1, L_00000000008f8940, L_00000000009619f0, C4<0>, C4<0>;
L_00000000008f8550 .functor OR 1, L_00000000008f84e0, L_0000000000962a30, C4<0>, C4<0>;
L_00000000008f8a20 .functor OR 1, L_00000000009628f0, L_0000000000963070, C4<0>, C4<0>;
L_00000000008f8a90 .functor OR 1, L_00000000008f8a20, L_0000000000961b30, C4<0>, C4<0>;
L_0000000000964a50 .functor OR 1, L_0000000000963110, L_0000000000962cb0, C4<0>, C4<0>;
L_00000000009655b0 .functor OR 1, L_0000000000964a50, L_0000000000961c70, C4<0>, C4<0>;
L_0000000000964ac0 .functor OR 1, L_0000000000962710, L_0000000000961d10, C4<0>, C4<0>;
L_0000000000964c80 .functor OR 1, L_0000000000964ac0, L_0000000000962670, C4<0>, C4<0>;
L_0000000000964c10 .functor OR 1, L_0000000000964c80, L_0000000000962b70, C4<0>, C4<0>;
L_0000000000965540 .functor OR 1, L_0000000000962ad0, L_0000000000962d50, C4<0>, C4<0>;
L_0000000000964eb0 .functor BUFZ 64, L_0000000000962530, C4<0000000000000000000000000000000000000000000000000000000000000000>, C4<0000000000000000000000000000000000000000000000000000000000000000>, C4<0000000000000000000000000000000000000000000000000000000000000000>;
L_0000000000964b30 .functor BUFZ 64, L_0000000000963250, C4<0000000000000000000000000000000000000000000000000000000000000000>, C4<0000000000000000000000000000000000000000000000000000000000000000>, C4<0000000000000000000000000000000000000000000000000000000000000000>;
o0000000000904468 .functor BUFZ 4, C4<zzzz>; HiZ drive
v00000000008e2d30_0 .net "D_icode_i", 3 0, o0000000000904468;  0 drivers
o0000000000904498 .functor BUFZ 4, C4<zzzz>; HiZ drive
v00000000008e3910_0 .net "D_rA_i", 3 0, o0000000000904498;  0 drivers
o00000000009044c8 .functor BUFZ 4, C4<zzzz>; HiZ drive
v00000000008e2510_0 .net "D_rB_i", 3 0, o00000000009044c8;  0 drivers
o00000000009044f8 .functor BUFZ 4, C4<zzzz>; HiZ drive
v00000000008e39b0_0 .net "D_valP_i", 3 0, o00000000009044f8;  0 drivers
o0000000000904528 .functor BUFZ 4, C4<zzzz>; HiZ drive
v00000000008e21f0_0 .net "M_dstE_i", 3 0, o0000000000904528;  0 drivers
o0000000000904558 .functor BUFZ 4, C4<zzzz>; HiZ drive
v00000000008e2290_0 .net "M_dstM_i", 3 0, o0000000000904558;  0 drivers
o0000000000904588 .functor BUFZ 64, C4<zzzzzzzzzzzzzzzzzzzzzzzzzzzzzzzzzzzzzzzzzzzzzzzzzzzzzzzzzzzzzzzz>; HiZ drive
v00000000008e2330_0 .net "M_valE_i", 63 0, o0000000000904588;  0 drivers
o00000000009045b8 .functor BUFZ 4, C4<zzzz>; HiZ drive
v00000000008e2470_0 .net "W_dstE_i", 3 0, o00000000009045b8;  0 drivers
o00000000009045e8 .functor BUFZ 4, C4<zzzz>; HiZ drive
v00000000008e2650_0 .net "W_dstM_i", 3 0, o00000000009045e8;  0 drivers
o0000000000904618 .functor BUFZ 64, C4<zzzzzzzzzzzzzzzzzzzzzzzzzzzzzzzzzzzzzzzzzzzzzzzzzzzzzzzzzzzzzzzz>; HiZ drive
v00000000008e25b0_0 .net "W_valE_i", 63 0, o0000000000904618;  0 drivers
o0000000000904648 .functor BUFZ 64, C4<zzzzzzzzzzzzzzzzzzzzzzzzzzzzzzzzzzzzzzzzzzzzzzzzzzzzzzzzzzzzzzzz>; HiZ drive
v00000000008e26f0_0 .net "W_valM_i", 63 0, o0000000000904648;  0 drivers
L_00000000010d0088 .functor BUFT 1, C4<0010>, C4<0>, C4<0>, C4<0>;
v00000000008e2790_0 .net/2u *"_s0", 3 0, L_00000000010d0088;  1 drivers
L_00000000010d0118 .functor BUFT 1, C4<0110>, C4<0>, C4<0>, C4<0>;
v00000000008e2830_0 .net/2u *"_s10", 3 0, L_00000000010d0118;  1 drivers
v00000000008e28d0_0 .net *"_s100", 0 0, L_0000000000963110;  1 drivers
L_00000000010d0628 .functor BUFT 1, C4<0011>, C4<0>, C4<0>, C4<0>;
v00000000008e2a10_0 .net/2u *"_s102", 3 0, L_00000000010d0628;  1 drivers
v00000000008e2ab0_0 .net *"_s104", 0 0, L_0000000000962cb0;  1 drivers
v00000000008e2b50_0 .net *"_s106", 0 0, L_0000000000964a50;  1 drivers
L_00000000010d0670 .functor BUFT 1, C4<0110>, C4<0>, C4<0>, C4<0>;
v00000000008e2bf0_0 .net/2u *"_s108", 3 0, L_00000000010d0670;  1 drivers
v000000000095ee90_0 .net *"_s110", 0 0, L_0000000000961c70;  1 drivers
v000000000095d3b0_0 .net *"_s112", 0 0, L_00000000009655b0;  1 drivers
L_00000000010d06b8 .functor BUFT 1, C4<1010>, C4<0>, C4<0>, C4<0>;
v000000000095db30_0 .net/2u *"_s114", 3 0, L_00000000010d06b8;  1 drivers
v000000000095d950_0 .net *"_s116", 0 0, L_0000000000962710;  1 drivers
L_00000000010d0700 .functor BUFT 1, C4<1011>, C4<0>, C4<0>, C4<0>;
v000000000095da90_0 .net/2u *"_s118", 3 0, L_00000000010d0700;  1 drivers
v000000000095d270_0 .net *"_s12", 0 0, L_000000000095f800;  1 drivers
v000000000095ead0_0 .net *"_s120", 0 0, L_0000000000961d10;  1 drivers
v000000000095d4f0_0 .net *"_s122", 0 0, L_0000000000964ac0;  1 drivers
L_00000000010d0748 .functor BUFT 1, C4<1000>, C4<0>, C4<0>, C4<0>;
v000000000095ec10_0 .net/2u *"_s124", 3 0, L_00000000010d0748;  1 drivers
v000000000095de50_0 .net *"_s126", 0 0, L_0000000000962670;  1 drivers
v000000000095ed50_0 .net *"_s128", 0 0, L_0000000000964c80;  1 drivers
L_00000000010d0790 .functor BUFT 1, C4<1001>, C4<0>, C4<0>, C4<0>;
v000000000095e030_0 .net/2u *"_s130", 3 0, L_00000000010d0790;  1 drivers
v000000000095e670_0 .net *"_s132", 0 0, L_0000000000962b70;  1 drivers
v000000000095e350_0 .net *"_s134", 0 0, L_0000000000964c10;  1 drivers
L_00000000010d07d8 .functor BUFT 1, C4<0100>, C4<0>, C4<0>, C4<0>;
v000000000095d450_0 .net/2u *"_s136", 3 0, L_00000000010d07d8;  1 drivers
L_00000000010d0820 .functor BUFT 1, C4<1111>, C4<0>, C4<0>, C4<0>;
v000000000095e710_0 .net/2u *"_s138", 3 0, L_00000000010d0820;  1 drivers
v000000000095d6d0_0 .net *"_s14", 0 0, L_00000000008f8780;  1 drivers
v000000000095e0d0_0 .net *"_s140", 3 0, L_0000000000961db0;  1 drivers
L_00000000010d0868 .functor BUFT 1, C4<0101>, C4<0>, C4<0>, C4<0>;
v000000000095d630_0 .net/2u *"_s144", 3 0, L_00000000010d0868;  1 drivers
v000000000095d590_0 .net *"_s146", 0 0, L_0000000000962ad0;  1 drivers
L_00000000010d08b0 .functor BUFT 1, C4<1011>, C4<0>, C4<0>, C4<0>;
v000000000095dc70_0 .net/2u *"_s148", 3 0, L_00000000010d08b0;  1 drivers
v000000000095e170_0 .net *"_s150", 0 0, L_0000000000962d50;  1 drivers
v000000000095d130_0 .net *"_s152", 0 0, L_0000000000965540;  1 drivers
L_00000000010d08f8 .functor BUFT 1, C4<1111>, C4<0>, C4<0>, C4<0>;
v000000000095dbd0_0 .net/2u *"_s154", 3 0, L_00000000010d08f8;  1 drivers
L_00000000010d0940 .functor BUFT 1, C4<1111>, C4<0>, C4<0>, C4<0>;
v000000000095e8f0_0 .net/2u *"_s158", 3 0, L_00000000010d0940;  1 drivers
L_00000000010d0160 .functor BUFT 1, C4<1010>, C4<0>, C4<0>, C4<0>;
v000000000095d770_0 .net/2u *"_s16", 3 0, L_00000000010d0160;  1 drivers
v000000000095d810_0 .net *"_s160", 0 0, L_0000000000961810;  1 drivers
L_00000000010d0988 .functor BUFT 1, C4<0000000000000000000000000000000000000000000000000000000000000000>, C4<0>, C4<0>, C4<0>;
v000000000095e990_0 .net/2u *"_s162", 63 0, L_00000000010d0988;  1 drivers
v000000000095d8b0_0 .net *"_s164", 63 0, L_00000000009616d0;  1 drivers
v000000000095eb70_0 .net *"_s166", 5 0, L_0000000000962490;  1 drivers
L_00000000010d09d0 .functor BUFT 1, C4<00>, C4<0>, C4<0>, C4<0>;
v000000000095e210_0 .net *"_s169", 1 0, L_00000000010d09d0;  1 drivers
L_00000000010d0a18 .functor BUFT 1, C4<1111>, C4<0>, C4<0>, C4<0>;
v000000000095e2b0_0 .net/2u *"_s172", 3 0, L_00000000010d0a18;  1 drivers
v000000000095ef30_0 .net *"_s174", 0 0, L_0000000000962c10;  1 drivers
L_00000000010d0a60 .functor BUFT 1, C4<0000000000000000000000000000000000000000000000000000000000000000>, C4<0>, C4<0>, C4<0>;
v000000000095d9f0_0 .net/2u *"_s176", 63 0, L_00000000010d0a60;  1 drivers
v000000000095e3f0_0 .net *"_s178", 63 0, L_0000000000962df0;  1 drivers
v000000000095ea30_0 .net *"_s18", 0 0, L_000000000095fc60;  1 drivers
v000000000095edf0_0 .net *"_s180", 5 0, L_00000000009631b0;  1 drivers
L_00000000010d0aa8 .functor BUFT 1, C4<00>, C4<0>, C4<0>, C4<0>;
v000000000095dd10_0 .net *"_s183", 1 0, L_00000000010d0aa8;  1 drivers
v000000000095e490_0 .net *"_s2", 0 0, L_0000000000960d40;  1 drivers
v000000000095e530_0 .net *"_s20", 0 0, L_00000000008f8400;  1 drivers
L_00000000010d01a8 .functor BUFT 1, C4<0010>, C4<0>, C4<0>, C4<0>;
v000000000095d090_0 .net/2u *"_s22", 3 0, L_00000000010d01a8;  1 drivers
v000000000095ddb0_0 .net *"_s24", 0 0, L_000000000095f8a0;  1 drivers
v000000000095d1d0_0 .net *"_s26", 0 0, L_00000000008f8710;  1 drivers
L_00000000010d01f0 .functor BUFT 1, C4<1011>, C4<0>, C4<0>, C4<0>;
v000000000095def0_0 .net/2u *"_s28", 3 0, L_00000000010d01f0;  1 drivers
v000000000095ecb0_0 .net *"_s30", 0 0, L_000000000095fbc0;  1 drivers
L_00000000010d0238 .functor BUFT 1, C4<1001>, C4<0>, C4<0>, C4<0>;
v000000000095d310_0 .net/2u *"_s32", 3 0, L_00000000010d0238;  1 drivers
v000000000095df90_0 .net *"_s34", 0 0, L_000000000095fd00;  1 drivers
v000000000095e5d0_0 .net *"_s36", 0 0, L_00000000008f88d0;  1 drivers
L_00000000010d0280 .functor BUFT 1, C4<0100>, C4<0>, C4<0>, C4<0>;
v000000000095e7b0_0 .net/2u *"_s38", 3 0, L_00000000010d0280;  1 drivers
L_00000000010d00d0 .functor BUFT 1, C4<0100>, C4<0>, C4<0>, C4<0>;
v000000000095e850_0 .net/2u *"_s4", 3 0, L_00000000010d00d0;  1 drivers
L_00000000010d02c8 .functor BUFT 1, C4<1111>, C4<0>, C4<0>, C4<0>;
v0000000000960200_0 .net/2u *"_s40", 3 0, L_00000000010d02c8;  1 drivers
v00000000009603e0_0 .net *"_s42", 3 0, L_0000000000962990;  1 drivers
L_00000000010d0310 .functor BUFT 1, C4<0011>, C4<0>, C4<0>, C4<0>;
v0000000000960700_0 .net/2u *"_s46", 3 0, L_00000000010d0310;  1 drivers
v0000000000961060_0 .net *"_s48", 0 0, L_00000000009622b0;  1 drivers
L_00000000010d0358 .functor BUFT 1, C4<0110>, C4<0>, C4<0>, C4<0>;
v0000000000961240_0 .net/2u *"_s50", 3 0, L_00000000010d0358;  1 drivers
v000000000095ff80_0 .net *"_s52", 0 0, L_0000000000962850;  1 drivers
v00000000009612e0_0 .net *"_s54", 0 0, L_00000000008f8470;  1 drivers
L_00000000010d03a0 .functor BUFT 1, C4<0100>, C4<0>, C4<0>, C4<0>;
v0000000000960de0_0 .net/2u *"_s56", 3 0, L_00000000010d03a0;  1 drivers
v0000000000960020_0 .net *"_s58", 0 0, L_0000000000961770;  1 drivers
v000000000095fb20_0 .net *"_s6", 0 0, L_0000000000961560;  1 drivers
v00000000009602a0_0 .net *"_s60", 0 0, L_00000000008f8940;  1 drivers
L_00000000010d03e8 .functor BUFT 1, C4<0101>, C4<0>, C4<0>, C4<0>;
v0000000000961100_0 .net/2u *"_s62", 3 0, L_00000000010d03e8;  1 drivers
v000000000095f940_0 .net *"_s64", 0 0, L_00000000009619f0;  1 drivers
v0000000000960fc0_0 .net *"_s66", 0 0, L_00000000008f84e0;  1 drivers
L_00000000010d0430 .functor BUFT 1, C4<0010>, C4<0>, C4<0>, C4<0>;
v00000000009607a0_0 .net/2u *"_s68", 3 0, L_00000000010d0430;  1 drivers
v00000000009600c0_0 .net *"_s70", 0 0, L_0000000000962a30;  1 drivers
v0000000000960520_0 .net *"_s72", 0 0, L_00000000008f8550;  1 drivers
L_00000000010d0478 .functor BUFT 1, C4<1000>, C4<0>, C4<0>, C4<0>;
v000000000095f9e0_0 .net/2u *"_s74", 3 0, L_00000000010d0478;  1 drivers
v00000000009611a0_0 .net *"_s76", 0 0, L_00000000009628f0;  1 drivers
L_00000000010d04c0 .functor BUFT 1, C4<1010>, C4<0>, C4<0>, C4<0>;
v0000000000960340_0 .net/2u *"_s78", 3 0, L_00000000010d04c0;  1 drivers
v000000000095fa80_0 .net *"_s8", 0 0, L_00000000008f8630;  1 drivers
v000000000095fda0_0 .net *"_s80", 0 0, L_0000000000963070;  1 drivers
v0000000000961380_0 .net *"_s82", 0 0, L_00000000008f8a20;  1 drivers
L_00000000010d0508 .functor BUFT 1, C4<1001>, C4<0>, C4<0>, C4<0>;
v0000000000960480_0 .net/2u *"_s84", 3 0, L_00000000010d0508;  1 drivers
v0000000000960b60_0 .net *"_s86", 0 0, L_0000000000961b30;  1 drivers
v000000000095fe40_0 .net *"_s88", 0 0, L_00000000008f8a90;  1 drivers
L_00000000010d0550 .functor BUFT 1, C4<0100>, C4<0>, C4<0>, C4<0>;
v00000000009605c0_0 .net/2u *"_s90", 3 0, L_00000000010d0550;  1 drivers
L_00000000010d0598 .functor BUFT 1, C4<1111>, C4<0>, C4<0>, C4<0>;
v0000000000960160_0 .net/2u *"_s92", 3 0, L_00000000010d0598;  1 drivers
v0000000000961420_0 .net *"_s94", 3 0, L_0000000000962fd0;  1 drivers
L_00000000010d05e0 .functor BUFT 1, C4<0010>, C4<0>, C4<0>, C4<0>;
v0000000000960660_0 .net/2u *"_s98", 3 0, L_00000000010d05e0;  1 drivers
o00000000009056c8 .functor BUFZ 1, C4<z>; HiZ drive
v00000000009614c0_0 .net "clk_i", 0 0, o00000000009056c8;  0 drivers
v0000000000960c00_0 .net "d_dstE_o", 3 0, L_0000000000962e90;  1 drivers
v0000000000960840_0 .net "d_dstM_o", 3 0, L_0000000000962350;  1 drivers
v00000000009608e0_0 .net "d_rvalA", 63 0, L_0000000000962530;  1 drivers
v0000000000960f20_0 .net "d_rvalB", 63 0, L_0000000000963250;  1 drivers
v0000000000960e80_0 .net "d_srcA_o", 3 0, L_00000000009627b0;  1 drivers
v0000000000960980_0 .net "d_srcB_o", 3 0, L_0000000000961bd0;  1 drivers
v0000000000960a20_0 .net "d_valA_o", 63 0, L_0000000000964eb0;  1 drivers
v0000000000960ac0_0 .net "d_valB_o", 63 0, L_0000000000964b30;  1 drivers
o0000000000905878 .functor BUFZ 4, C4<zzzz>; HiZ drive
v0000000000960ca0_0 .net "e_dstE_i", 3 0, o0000000000905878;  0 drivers
o00000000009058a8 .functor BUFZ 64, C4<zzzzzzzzzzzzzzzzzzzzzzzzzzzzzzzzzzzzzzzzzzzzzzzzzzzzzzzzzzzzzzzz>; HiZ drive
v000000000095f760_0 .net "e_valE_i", 63 0, o00000000009058a8;  0 drivers
o00000000009058d8 .functor BUFZ 64, C4<zzzzzzzzzzzzzzzzzzzzzzzzzzzzzzzzzzzzzzzzzzzzzzzzzzzzzzzzzzzzzzzz>; HiZ drive
v000000000095fee0_0 .net "m_valM_i", 63 0, o00000000009058d8;  0 drivers
v000000000095f6c0 .array "regfile", 14 0, 63 0;
E_0000000000900d40 .event posedge, v00000000009614c0_0;
L_0000000000960d40 .cmp/eq 4, o0000000000904468, L_00000000010d0088;
L_0000000000961560 .cmp/eq 4, o0000000000904468, L_00000000010d00d0;
L_000000000095f800 .cmp/eq 4, o0000000000904468, L_00000000010d0118;
L_000000000095fc60 .cmp/eq 4, o0000000000904468, L_00000000010d0160;
L_000000000095f8a0 .cmp/eq 4, o0000000000904468, L_00000000010d01a8;
L_000000000095fbc0 .cmp/eq 4, o0000000000904468, L_00000000010d01f0;
L_000000000095fd00 .cmp/eq 4, o0000000000904468, L_00000000010d0238;
L_0000000000962990 .functor MUXZ 4, L_00000000010d02c8, L_00000000010d0280, L_00000000008f88d0, C4<>;
L_00000000009627b0 .functor MUXZ 4, L_0000000000962990, o0000000000904498, L_00000000008f8710, C4<>;
L_00000000009622b0 .cmp/eq 4, o0000000000904468, L_00000000010d0310;
L_0000000000962850 .cmp/eq 4, o0000000000904468, L_00000000010d0358;
L_0000000000961770 .cmp/eq 4, o0000000000904468, L_00000000010d03a0;
L_00000000009619f0 .cmp/eq 4, o0000000000904468, L_00000000010d03e8;
L_0000000000962a30 .cmp/eq 4, o0000000000904468, L_00000000010d0430;
L_00000000009628f0 .cmp/eq 4, o0000000000904468, L_00000000010d0478;
L_0000000000963070 .cmp/eq 4, o0000000000904468, L_00000000010d04c0;
L_0000000000961b30 .cmp/eq 4, o0000000000904468, L_00000000010d0508;
L_0000000000962fd0 .functor MUXZ 4, L_00000000010d0598, L_00000000010d0550, L_00000000008f8a90, C4<>;
L_0000000000961bd0 .functor MUXZ 4, L_0000000000962fd0, o00000000009044c8, L_00000000008f8550, C4<>;
L_0000000000963110 .cmp/eq 4, o0000000000904468, L_00000000010d05e0;
L_0000000000962cb0 .cmp/eq 4, o0000000000904468, L_00000000010d0628;
L_0000000000961c70 .cmp/eq 4, o0000000000904468, L_00000000010d0670;
L_0000000000962710 .cmp/eq 4, o0000000000904468, L_00000000010d06b8;
L_0000000000961d10 .cmp/eq 4, o0000000000904468, L_00000000010d0700;
L_0000000000962670 .cmp/eq 4, o0000000000904468, L_00000000010d0748;
L_0000000000962b70 .cmp/eq 4, o0000000000904468, L_00000000010d0790;
L_0000000000961db0 .functor MUXZ 4, L_00000000010d0820, L_00000000010d07d8, L_0000000000964c10, C4<>;
L_0000000000962e90 .functor MUXZ 4, L_0000000000961db0, o00000000009044c8, L_00000000009655b0, C4<>;
L_0000000000962ad0 .cmp/eq 4, o0000000000904468, L_00000000010d0868;
L_0000000000962d50 .cmp/eq 4, o0000000000904468, L_00000000010d08b0;
L_0000000000962350 .functor MUXZ 4, L_00000000010d08f8, o0000000000904498, L_0000000000965540, C4<>;
L_0000000000961810 .cmp/eq 4, L_00000000009627b0, L_00000000010d0940;
L_00000000009616d0 .array/port v000000000095f6c0, L_0000000000962490;
L_0000000000962490 .concat [ 4 2 0 0], L_00000000009627b0, L_00000000010d09d0;
L_0000000000962530 .functor MUXZ 64, L_00000000009616d0, L_00000000010d0988, L_0000000000961810, C4<>;
L_0000000000962c10 .cmp/eq 4, L_0000000000961bd0, L_00000000010d0a18;
L_0000000000962df0 .array/port v000000000095f6c0, L_00000000009631b0;
L_00000000009631b0 .concat [ 4 2 0 0], L_0000000000961bd0, L_00000000010d0aa8;
L_0000000000963250 .functor MUXZ 64, L_0000000000962df0, L_00000000010d0a60, L_0000000000962c10, C4<>;
    .scope S_00000000008e3d60;
T_0 ;
    %wait E_0000000000900d40;
    %load/vec4 v00000000008e2470_0;
    %cmpi/ne 15, 0, 4;
    %jmp/0xz  T_0.0, 4;
    %load/vec4 v00000000008e25b0_0;
    %load/vec4 v00000000008e2470_0;
    %pad/u 6;
    %ix/vec4 3;
    %ix/load 4, 0, 0; Constant delay
    %assign/vec4/a/d v000000000095f6c0, 0, 4;
T_0.0 ;
    %load/vec4 v00000000008e2650_0;
    %cmpi/ne 15, 0, 4;
    %jmp/0xz  T_0.2, 4;
    %load/vec4 v00000000008e26f0_0;
    %load/vec4 v00000000008e2470_0;
    %pad/u 6;
    %ix/vec4 3;
    %ix/load 4, 0, 0; Constant delay
    %assign/vec4/a/d v000000000095f6c0, 0, 4;
T_0.2 ;
    %jmp T_0;
    .thread T_0;
    .scope S_00000000008e3d60;
T_1 ;
    %pushi/vec4 0, 0, 64;
    %ix/load 4, 0, 0;
    %flag_set/imm 4, 0;
    %store/vec4a v000000000095f6c0, 4, 0;
    %pushi/vec4 1, 0, 64;
    %ix/load 4, 1, 0;
    %flag_set/imm 4, 0;
    %store/vec4a v000000000095f6c0, 4, 0;
    %pushi/vec4 2, 0, 64;
    %ix/load 4, 2, 0;
    %flag_set/imm 4, 0;
    %store/vec4a v000000000095f6c0, 4, 0;
    %pushi/vec4 3, 0, 64;
    %ix/load 4, 3, 0;
    %flag_set/imm 4, 0;
    %store/vec4a v000000000095f6c0, 4, 0;
    %pushi/vec4 1024, 0, 64;
    %ix/load 4, 4, 0;
    %flag_set/imm 4, 0;
    %store/vec4a v000000000095f6c0, 4, 0;
    %pushi/vec4 5, 0, 64;
    %ix/load 4, 5, 0;
    %flag_set/imm 4, 0;
    %store/vec4a v000000000095f6c0, 4, 0;
    %pushi/vec4 6, 0, 64;
    %ix/load 4, 6, 0;
    %flag_set/imm 4, 0;
    %store/vec4a v000000000095f6c0, 4, 0;
    %pushi/vec4 7, 0, 64;
    %ix/load 4, 7, 0;
    %flag_set/imm 4, 0;
    %store/vec4a v000000000095f6c0, 4, 0;
    %pushi/vec4 273, 0, 64;
    %ix/load 4, 8, 0;
    %flag_set/imm 4, 0;
    %store/vec4a v000000000095f6c0, 4, 0;
    %pushi/vec4 9, 0, 64;
    %ix/load 4, 9, 0;
    %flag_set/imm 4, 0;
    %store/vec4a v000000000095f6c0, 4, 0;
    %pushi/vec4 10, 0, 64;
    %ix/load 4, 10, 0;
    %flag_set/imm 4, 0;
    %store/vec4a v000000000095f6c0, 4, 0;
    %pushi/vec4 11, 0, 64;
    %ix/load 4, 11, 0;
    %flag_set/imm 4, 0;
    %store/vec4a v000000000095f6c0, 4, 0;
    %pushi/vec4 12, 0, 64;
    %ix/load 4, 12, 0;
    %flag_set/imm 4, 0;
    %store/vec4a v000000000095f6c0, 4, 0;
    %pushi/vec4 13, 0, 64;
    %ix/load 4, 13, 0;
    %flag_set/imm 4, 0;
    %store/vec4a v000000000095f6c0, 4, 0;
    %pushi/vec4 14, 0, 64;
    %ix/load 4, 14, 0;
    %flag_set/imm 4, 0;
    %store/vec4a v000000000095f6c0, 4, 0;
    %end;
    .thread T_1;
# The file index is used to find the file name in the following table.
:file_names 3;
    "N/A";
    "<interactive>";
    "decode.v";
