#! /usr/local/iverilog/bin/vvp
:ivl_version "11.0 (devel)" "(s20150603-642-g3bdb50da)";
:ivl_delay_selection "TYPICAL";
:vpi_time_precision - 12;
:vpi_module "system";
:vpi_module "vhdl_sys";
:vpi_module "vhdl_textio";
:vpi_module "v2005_math";
:vpi_module "va_math";
S_00000000011e9230 .scope module, "decode_tb" "decode_tb" 2 7;
 .timescale -9 -12;
L_00000000011db140 .functor BUFZ 1, v0000000001261ac0_0, C4<0>, C4<0>, C4<0>;
L_0000000001265e40 .functor BUFT 1, C4<0>, C4<0>, C4<0>, C4<0>;
v000000000125dc90_0 .net "D_bubble", 0 0, L_0000000001265e40;  1 drivers
v000000000125ddd0_0 .net "D_icode", 3 0, v00000000012571b0_0;  1 drivers
v000000000125de70_0 .net "D_ifun", 3 0, v0000000001258830_0;  1 drivers
v000000000125e190_0 .net "D_pc", 63 0, v00000000012574d0_0;  1 drivers
v000000000125e550_0 .net "D_rA", 3 0, v00000000012588d0_0;  1 drivers
v000000000125f9f0_0 .net "D_rB", 3 0, v0000000001258970_0;  1 drivers
L_0000000001265df8 .functor BUFT 1, C4<0>, C4<0>, C4<0>, C4<0>;
v00000000012600d0_0 .net "D_stall", 0 0, L_0000000001265df8;  1 drivers
v0000000001260210_0 .net "D_stat", 2 0, v0000000001258a10_0;  1 drivers
v0000000001260cb0_0 .net "D_valC", 63 0, v0000000001258ab0_0;  1 drivers
v000000000125fd10_0 .net "D_valP", 63 0, v0000000001258b50_0;  1 drivers
L_0000000001265ed0 .functor BUFT 1, C4<0>, C4<0>, C4<0>, C4<0>;
v0000000001260670_0 .net "E_bubble", 0 0, L_0000000001265ed0;  1 drivers
v0000000001260710_0 .net "E_dstE", 3 0, v0000000001257750_0;  1 drivers
v000000000125fa90_0 .net "E_dstM", 3 0, v0000000001259800_0;  1 drivers
v00000000012608f0_0 .net "E_icode", 3 0, v0000000001259b20_0;  1 drivers
v0000000001260490_0 .net "E_ifun", 3 0, v0000000001259260_0;  1 drivers
v000000000125fb30_0 .net "E_pc", 0 0, L_00000000012c2dd0;  1 drivers
v00000000012602b0_0 .net "E_srcA", 3 0, v000000000125a340_0;  1 drivers
v0000000001260990_0 .net "E_srcB", 3 0, v0000000001259d00_0;  1 drivers
L_0000000001265e88 .functor BUFT 1, C4<0>, C4<0>, C4<0>, C4<0>;
v00000000012603f0_0 .net "E_stall", 0 0, L_0000000001265e88;  1 drivers
v0000000001260530_0 .net "E_stat", 2 0, v000000000125a520_0;  1 drivers
v00000000012607b0_0 .net "E_valA", 63 0, v00000000012593a0_0;  1 drivers
v0000000001260030_0 .net "E_valB", 63 0, v000000000125a2a0_0;  1 drivers
v00000000012605d0_0 .net "E_valC", 63 0, v0000000001259440_0;  1 drivers
L_0000000001266980 .functor BUFT 1, C4<000000000000000000000000000000000000000000000000000000000000000>, C4<0>, C4<0>, C4<0>;
v0000000001260850_0 .net *"_s67", 62 0, L_0000000001266980;  1 drivers
L_00000000012669c8 .functor BUFT 1, C4<000000000000000000000000000000000000000000000000000000000000000>, C4<0>, C4<0>, C4<0>;
v0000000001260ad0_0 .net *"_s72", 62 0, L_00000000012669c8;  1 drivers
L_0000000001266a10 .functor BUFT 1, C4<000>, C4<0>, C4<0>, C4<0>;
v0000000001260a30_0 .net *"_s77", 2 0, L_0000000001266a10;  1 drivers
L_0000000001266a58 .functor BUFT 1, C4<000>, C4<0>, C4<0>, C4<0>;
v0000000001260b70_0 .net *"_s82", 2 0, L_0000000001266a58;  1 drivers
L_0000000001266aa0 .functor BUFT 1, C4<000>, C4<0>, C4<0>, C4<0>;
v0000000001260c10_0 .net *"_s87", 2 0, L_0000000001266aa0;  1 drivers
L_0000000001266ae8 .functor BUFT 1, C4<000>, C4<0>, C4<0>, C4<0>;
v0000000001260d50_0 .net *"_s92", 2 0, L_0000000001266ae8;  1 drivers
v000000000125ff90_0 .var "clk", 0 0;
v0000000001260df0_0 .net "d_dstE", 0 0, L_00000000012c16b0;  1 drivers
v0000000001260f30_0 .net "d_dstM", 0 0, L_00000000012c2fb0;  1 drivers
v0000000001260170_0 .net "d_srcA", 0 0, L_00000000012c2150;  1 drivers
v000000000125fbd0_0 .net "d_srcB", 0 0, L_00000000012c1250;  1 drivers
v0000000001260e90_0 .net "d_valA", 0 0, L_00000000012c26f0;  1 drivers
v0000000001260350_0 .net "d_valB", 0 0, L_00000000012c1570;  1 drivers
o00000000011fa8c8 .functor BUFZ 4, C4<zzzz>; HiZ drive
v000000000125f8b0_0 .net "e_dstE", 3 0, o00000000011fa8c8;  0 drivers
v000000000125f950_0 .net "e_rst", 0 0, L_00000000011db140;  1 drivers
o00000000011fa8f8 .functor BUFZ 64, C4<zzzzzzzzzzzzzzzzzzzzzzzzzzzzzzzzzzzzzzzzzzzzzzzzzzzzzzzzzzzzzzzz>; HiZ drive
v000000000125fc70_0 .net "e_valE", 63 0, o00000000011fa8f8;  0 drivers
RS_00000000011fae98 .resolv tri, L_0000000001261b60, L_0000000001263780;
v000000000125fdb0_0 .net8 "f_icode", 3 0, RS_00000000011fae98;  2 drivers
v000000000125fe50_0 .net "f_ifun", 3 0, L_00000000012622e0;  1 drivers
v000000000125fef0_0 .var "f_pc", 63 0;
v0000000001261840_0 .net "f_predPC", 63 0, L_0000000001264180;  1 drivers
v0000000001261700_0 .net "f_rA", 3 0, L_0000000001262560;  1 drivers
v0000000001263820_0 .net "f_rB", 3 0, L_00000000012612a0;  1 drivers
v00000000012617a0_0 .net "f_stat", 2 0, L_0000000001263be0;  1 drivers
v0000000001261660_0 .net "f_valC", 63 0, L_00000000012630a0;  1 drivers
v0000000001263640_0 .net "f_valP", 63 0, L_00000000012640e0;  1 drivers
v0000000001261ac0_0 .var "rst_n", 0 0;
L_00000000012c3690 .part v0000000001258b50_0, 0, 4;
L_00000000012c26f0 .part L_00000000011f58a0, 0, 1;
L_00000000012c1570 .part L_00000000011f5980, 0, 1;
L_00000000012c16b0 .part L_00000000012c3190, 0, 1;
L_00000000012c2fb0 .part L_00000000012c2f10, 0, 1;
L_00000000012c2150 .part L_00000000012642c0, 0, 1;
L_00000000012c1250 .part L_0000000001263a00, 0, 1;
L_00000000012c1750 .concat [ 1 63 0 0], L_00000000012c26f0, L_0000000001266980;
L_00000000012c17f0 .concat [ 1 63 0 0], L_00000000012c1570, L_00000000012669c8;
L_00000000012c2d30 .concat [ 1 3 0 0], L_00000000012c16b0, L_0000000001266a10;
L_00000000012c2b50 .concat [ 1 3 0 0], L_00000000012c2fb0, L_0000000001266a58;
L_00000000012c3050 .concat [ 1 3 0 0], L_00000000012c2150, L_0000000001266aa0;
L_00000000012c25b0 .concat [ 1 3 0 0], L_00000000012c1250, L_0000000001266ae8;
L_00000000012c2dd0 .part v0000000001259bc0_0, 0, 1;
S_000000000113c2d0 .scope module, "decode_stage" "decode" 2 112, 3 2 0, S_00000000011e9230;
 .timescale -9 -12;
    .port_info 0 /INPUT 1 "clk_i";
    .port_info 1 /INPUT 4 "D_icode_i";
    .port_info 2 /INPUT 4 "D_rA_i";
    .port_info 3 /INPUT 4 "D_rB_i";
    .port_info 4 /INPUT 4 "D_valP_i";
    .port_info 5 /INPUT 4 "e_dstE_i";
    .port_info 6 /INPUT 64 "e_valE_i";
    .port_info 7 /INPUT 4 "M_dstM_i";
    .port_info 8 /INPUT 64 "m_valM_i";
    .port_info 9 /INPUT 4 "M_dstE_i";
    .port_info 10 /INPUT 64 "M_valE_i";
    .port_info 11 /INPUT 4 "W_dstM_i";
    .port_info 12 /INPUT 64 "W_valM_i";
    .port_info 13 /INPUT 4 "W_dstE_i";
    .port_info 14 /INPUT 64 "W_valE_i";
    .port_info 15 /OUTPUT 64 "d_valA_o";
    .port_info 16 /OUTPUT 64 "d_valB_o";
    .port_info 17 /OUTPUT 4 "d_dstE_o";
    .port_info 18 /OUTPUT 4 "d_dstM_o";
    .port_info 19 /OUTPUT 4 "d_srcA_o";
    .port_info 20 /OUTPUT 4 "d_srcB_o";
L_00000000011dae30 .functor OR 1, L_0000000001263960, L_0000000001263aa0, C4<0>, C4<0>;
L_00000000011db370 .functor OR 1, L_00000000011dae30, L_0000000001264680, C4<0>, C4<0>;
L_00000000011dba00 .functor OR 1, L_00000000011db370, L_0000000001264e00, C4<0>, C4<0>;
L_00000000011dadc0 .functor OR 1, L_00000000011dba00, L_0000000001264400, C4<0>, C4<0>;
L_00000000011db760 .functor OR 1, L_0000000001264900, L_0000000001264220, C4<0>, C4<0>;
L_00000000011daff0 .functor OR 1, L_00000000012644a0, L_00000000012638c0, C4<0>, C4<0>;
L_00000000011db290 .functor OR 1, L_00000000011daff0, L_00000000012645e0, C4<0>, C4<0>;
L_00000000011db1b0 .functor OR 1, L_00000000011db290, L_00000000012647c0, C4<0>, C4<0>;
L_00000000011daf10 .functor OR 1, L_00000000011db1b0, L_0000000001264f40, C4<0>, C4<0>;
L_00000000011db920 .functor OR 1, L_0000000001264860, L_00000000012649a0, C4<0>, C4<0>;
L_00000000011db300 .functor OR 1, L_00000000011db920, L_0000000001264a40, C4<0>, C4<0>;
L_00000000011db3e0 .functor OR 1, L_0000000001264c20, L_0000000001264d60, C4<0>, C4<0>;
L_00000000011db530 .functor OR 1, L_00000000011db3e0, L_0000000001264cc0, C4<0>, C4<0>;
L_00000000011dbae0 .functor OR 1, L_00000000012c23d0, L_00000000012c12f0, C4<0>, C4<0>;
L_00000000011db4c0 .functor OR 1, L_00000000011dbae0, L_00000000012c28d0, C4<0>, C4<0>;
L_00000000011dba70 .functor OR 1, L_00000000011db4c0, L_00000000012c14d0, C4<0>, C4<0>;
L_00000000011b27f0 .functor OR 1, L_00000000012c2ab0, L_00000000012c3410, C4<0>, C4<0>;
L_00000000011f58a0 .functor BUFZ 64, L_00000000012c2970, C4<0000000000000000000000000000000000000000000000000000000000000000>, C4<0000000000000000000000000000000000000000000000000000000000000000>, C4<0000000000000000000000000000000000000000000000000000000000000000>;
L_00000000011f5980 .functor BUFZ 64, L_00000000012c2a10, C4<0000000000000000000000000000000000000000000000000000000000000000>, C4<0000000000000000000000000000000000000000000000000000000000000000>, C4<0000000000000000000000000000000000000000000000000000000000000000>;
v00000000011e6300_0 .net "D_icode_i", 3 0, v00000000012571b0_0;  alias, 1 drivers
v00000000011e7c00_0 .net "D_rA_i", 3 0, v00000000012588d0_0;  alias, 1 drivers
v00000000011e7700_0 .net "D_rB_i", 3 0, v0000000001258970_0;  alias, 1 drivers
v00000000011e6e40_0 .net "D_valP_i", 3 0, L_00000000012c3690;  1 drivers
L_0000000001266bc0 .functor BUFT 1, C4<000z>, C4<0>, C4<0>, C4<0>;
v00000000011e7a20_0 .net "M_dstE_i", 3 0, L_0000000001266bc0;  1 drivers
L_0000000001266b30 .functor BUFT 1, C4<000z>, C4<0>, C4<0>, C4<0>;
v00000000011e75c0_0 .net "M_dstM_i", 3 0, L_0000000001266b30;  1 drivers
L_0000000001266c08 .functor BUFT 1, C4<000000000000000000000000000000000000000000000000000000000000000z>, C4<0>, C4<0>, C4<0>;
v00000000011e6bc0_0 .net "M_valE_i", 63 0, L_0000000001266c08;  1 drivers
L_0000000001266ce0 .functor BUFT 1, C4<000z>, C4<0>, C4<0>, C4<0>;
v00000000011e7020_0 .net "W_dstE_i", 3 0, L_0000000001266ce0;  1 drivers
L_0000000001266c50 .functor BUFT 1, C4<000z>, C4<0>, C4<0>, C4<0>;
v00000000011e63a0_0 .net "W_dstM_i", 3 0, L_0000000001266c50;  1 drivers
L_0000000001266d28 .functor BUFT 1, C4<000000000000000000000000000000000000000000000000000000000000000z>, C4<0>, C4<0>, C4<0>;
v00000000011e7520_0 .net "W_valE_i", 63 0, L_0000000001266d28;  1 drivers
L_0000000001266c98 .functor BUFT 1, C4<000000000000000000000000000000000000000000000000000000000000000z>, C4<0>, C4<0>, C4<0>;
v00000000011e77a0_0 .net "W_valM_i", 63 0, L_0000000001266c98;  1 drivers
L_0000000001265f18 .functor BUFT 1, C4<0010>, C4<0>, C4<0>, C4<0>;
v00000000011e78e0_0 .net/2u *"_s0", 3 0, L_0000000001265f18;  1 drivers
L_0000000001265fa8 .functor BUFT 1, C4<0110>, C4<0>, C4<0>, C4<0>;
v00000000011e6440_0 .net/2u *"_s10", 3 0, L_0000000001265fa8;  1 drivers
v00000000011e64e0_0 .net *"_s100", 0 0, L_0000000001264c20;  1 drivers
L_00000000012664b8 .functor BUFT 1, C4<0011>, C4<0>, C4<0>, C4<0>;
v00000000011e7160_0 .net/2u *"_s102", 3 0, L_00000000012664b8;  1 drivers
v00000000011e7200_0 .net *"_s104", 0 0, L_0000000001264d60;  1 drivers
v00000000011e6580_0 .net *"_s106", 0 0, L_00000000011db3e0;  1 drivers
L_0000000001266500 .functor BUFT 1, C4<0110>, C4<0>, C4<0>, C4<0>;
v00000000011e73e0_0 .net/2u *"_s108", 3 0, L_0000000001266500;  1 drivers
v00000000011e66c0_0 .net *"_s110", 0 0, L_0000000001264cc0;  1 drivers
v00000000011e7480_0 .net *"_s112", 0 0, L_00000000011db530;  1 drivers
L_0000000001266548 .functor BUFT 1, C4<1010>, C4<0>, C4<0>, C4<0>;
v00000000011e7980_0 .net/2u *"_s114", 3 0, L_0000000001266548;  1 drivers
v00000000011e6760_0 .net *"_s116", 0 0, L_00000000012c23d0;  1 drivers
L_0000000001266590 .functor BUFT 1, C4<1011>, C4<0>, C4<0>, C4<0>;
v00000000011e6ee0_0 .net/2u *"_s118", 3 0, L_0000000001266590;  1 drivers
v00000000011e7ca0_0 .net *"_s12", 0 0, L_0000000001264680;  1 drivers
v00000000011e7ac0_0 .net *"_s120", 0 0, L_00000000012c12f0;  1 drivers
v00000000011e6da0_0 .net *"_s122", 0 0, L_00000000011dbae0;  1 drivers
L_00000000012665d8 .functor BUFT 1, C4<1000>, C4<0>, C4<0>, C4<0>;
v00000000011e68a0_0 .net/2u *"_s124", 3 0, L_00000000012665d8;  1 drivers
v00000000011e6b20_0 .net *"_s126", 0 0, L_00000000012c28d0;  1 drivers
v00000000011e6c60_0 .net *"_s128", 0 0, L_00000000011db4c0;  1 drivers
L_0000000001266620 .functor BUFT 1, C4<1001>, C4<0>, C4<0>, C4<0>;
v00000000011ce920_0 .net/2u *"_s130", 3 0, L_0000000001266620;  1 drivers
v00000000011ce2e0_0 .net *"_s132", 0 0, L_00000000012c14d0;  1 drivers
v00000000011ce380_0 .net *"_s134", 0 0, L_00000000011dba70;  1 drivers
L_0000000001266668 .functor BUFT 1, C4<0100>, C4<0>, C4<0>, C4<0>;
v00000000011b5d60_0 .net/2u *"_s136", 3 0, L_0000000001266668;  1 drivers
L_00000000012666b0 .functor BUFT 1, C4<1111>, C4<0>, C4<0>, C4<0>;
v0000000001256320_0 .net/2u *"_s138", 3 0, L_00000000012666b0;  1 drivers
v0000000001255ce0_0 .net *"_s14", 0 0, L_00000000011db370;  1 drivers
v0000000001256460_0 .net *"_s140", 3 0, L_00000000012c2290;  1 drivers
L_00000000012666f8 .functor BUFT 1, C4<0101>, C4<0>, C4<0>, C4<0>;
v0000000001256500_0 .net/2u *"_s144", 3 0, L_00000000012666f8;  1 drivers
v0000000001255880_0 .net *"_s146", 0 0, L_00000000012c2ab0;  1 drivers
L_0000000001266740 .functor BUFT 1, C4<1011>, C4<0>, C4<0>, C4<0>;
v00000000012560a0_0 .net/2u *"_s148", 3 0, L_0000000001266740;  1 drivers
v0000000001255380_0 .net *"_s150", 0 0, L_00000000012c3410;  1 drivers
v0000000001256d20_0 .net *"_s152", 0 0, L_00000000011b27f0;  1 drivers
L_0000000001266788 .functor BUFT 1, C4<1111>, C4<0>, C4<0>, C4<0>;
v0000000001255e20_0 .net/2u *"_s154", 3 0, L_0000000001266788;  1 drivers
L_00000000012667d0 .functor BUFT 1, C4<1111>, C4<0>, C4<0>, C4<0>;
v0000000001255740_0 .net/2u *"_s158", 3 0, L_00000000012667d0;  1 drivers
L_0000000001265ff0 .functor BUFT 1, C4<1010>, C4<0>, C4<0>, C4<0>;
v00000000012557e0_0 .net/2u *"_s16", 3 0, L_0000000001265ff0;  1 drivers
v0000000001255920_0 .net *"_s160", 0 0, L_00000000012c2470;  1 drivers
L_0000000001266818 .functor BUFT 1, C4<0000000000000000000000000000000000000000000000000000000000000000>, C4<0>, C4<0>, C4<0>;
v00000000012565a0_0 .net/2u *"_s162", 63 0, L_0000000001266818;  1 drivers
v0000000001255a60_0 .net *"_s164", 63 0, L_00000000012c1d90;  1 drivers
v0000000001256140_0 .net *"_s166", 5 0, L_00000000012c3870;  1 drivers
L_0000000001266860 .functor BUFT 1, C4<00>, C4<0>, C4<0>, C4<0>;
v00000000012559c0_0 .net *"_s169", 1 0, L_0000000001266860;  1 drivers
L_00000000012668a8 .functor BUFT 1, C4<1111>, C4<0>, C4<0>, C4<0>;
v0000000001255d80_0 .net/2u *"_s172", 3 0, L_00000000012668a8;  1 drivers
v0000000001256e60_0 .net *"_s174", 0 0, L_00000000012c1610;  1 drivers
L_00000000012668f0 .functor BUFT 1, C4<0000000000000000000000000000000000000000000000000000000000000000>, C4<0>, C4<0>, C4<0>;
v00000000012561e0_0 .net/2u *"_s176", 63 0, L_00000000012668f0;  1 drivers
v00000000012563c0_0 .net *"_s178", 63 0, L_00000000012c1890;  1 drivers
v0000000001256aa0_0 .net *"_s18", 0 0, L_0000000001264e00;  1 drivers
v0000000001255b00_0 .net *"_s180", 5 0, L_00000000012c2510;  1 drivers
L_0000000001266938 .functor BUFT 1, C4<00>, C4<0>, C4<0>, C4<0>;
v0000000001255c40_0 .net *"_s183", 1 0, L_0000000001266938;  1 drivers
v0000000001255ba0_0 .net *"_s2", 0 0, L_0000000001263960;  1 drivers
v0000000001255060_0 .net *"_s20", 0 0, L_00000000011dba00;  1 drivers
L_0000000001266038 .functor BUFT 1, C4<0010>, C4<0>, C4<0>, C4<0>;
v0000000001255100_0 .net/2u *"_s22", 3 0, L_0000000001266038;  1 drivers
v0000000001255420_0 .net *"_s24", 0 0, L_0000000001264400;  1 drivers
v0000000001256640_0 .net *"_s26", 0 0, L_00000000011dadc0;  1 drivers
L_0000000001266080 .functor BUFT 1, C4<1011>, C4<0>, C4<0>, C4<0>;
v00000000012552e0_0 .net/2u *"_s28", 3 0, L_0000000001266080;  1 drivers
v00000000012566e0_0 .net *"_s30", 0 0, L_0000000001264900;  1 drivers
L_00000000012660c8 .functor BUFT 1, C4<1001>, C4<0>, C4<0>, C4<0>;
v0000000001256280_0 .net/2u *"_s32", 3 0, L_00000000012660c8;  1 drivers
v0000000001256dc0_0 .net *"_s34", 0 0, L_0000000001264220;  1 drivers
v00000000012551a0_0 .net *"_s36", 0 0, L_00000000011db760;  1 drivers
L_0000000001266110 .functor BUFT 1, C4<0100>, C4<0>, C4<0>, C4<0>;
v0000000001256780_0 .net/2u *"_s38", 3 0, L_0000000001266110;  1 drivers
L_0000000001265f60 .functor BUFT 1, C4<0100>, C4<0>, C4<0>, C4<0>;
v0000000001256820_0 .net/2u *"_s4", 3 0, L_0000000001265f60;  1 drivers
L_0000000001266158 .functor BUFT 1, C4<1111>, C4<0>, C4<0>, C4<0>;
v0000000001255240_0 .net/2u *"_s40", 3 0, L_0000000001266158;  1 drivers
v0000000001256000_0 .net *"_s42", 3 0, L_0000000001264540;  1 drivers
L_00000000012661a0 .functor BUFT 1, C4<0011>, C4<0>, C4<0>, C4<0>;
v00000000012554c0_0 .net/2u *"_s46", 3 0, L_00000000012661a0;  1 drivers
v0000000001255560_0 .net *"_s48", 0 0, L_00000000012644a0;  1 drivers
L_00000000012661e8 .functor BUFT 1, C4<0110>, C4<0>, C4<0>, C4<0>;
v00000000012568c0_0 .net/2u *"_s50", 3 0, L_00000000012661e8;  1 drivers
v0000000001255ec0_0 .net *"_s52", 0 0, L_00000000012638c0;  1 drivers
v00000000012556a0_0 .net *"_s54", 0 0, L_00000000011daff0;  1 drivers
L_0000000001266230 .functor BUFT 1, C4<0100>, C4<0>, C4<0>, C4<0>;
v0000000001256960_0 .net/2u *"_s56", 3 0, L_0000000001266230;  1 drivers
v0000000001255f60_0 .net *"_s58", 0 0, L_00000000012645e0;  1 drivers
v0000000001256b40_0 .net *"_s6", 0 0, L_0000000001263aa0;  1 drivers
v0000000001256be0_0 .net *"_s60", 0 0, L_00000000011db290;  1 drivers
L_0000000001266278 .functor BUFT 1, C4<0101>, C4<0>, C4<0>, C4<0>;
v0000000001256a00_0 .net/2u *"_s62", 3 0, L_0000000001266278;  1 drivers
v0000000001256c80_0 .net *"_s64", 0 0, L_00000000012647c0;  1 drivers
v0000000001256f00_0 .net *"_s66", 0 0, L_00000000011db1b0;  1 drivers
L_00000000012662c0 .functor BUFT 1, C4<0010>, C4<0>, C4<0>, C4<0>;
v0000000001255600_0 .net/2u *"_s68", 3 0, L_00000000012662c0;  1 drivers
v0000000001258f10_0 .net *"_s70", 0 0, L_0000000001264f40;  1 drivers
v0000000001258010_0 .net *"_s72", 0 0, L_00000000011daf10;  1 drivers
L_0000000001266308 .functor BUFT 1, C4<1000>, C4<0>, C4<0>, C4<0>;
v00000000012580b0_0 .net/2u *"_s74", 3 0, L_0000000001266308;  1 drivers
v00000000012583d0_0 .net *"_s76", 0 0, L_0000000001264860;  1 drivers
L_0000000001266350 .functor BUFT 1, C4<1010>, C4<0>, C4<0>, C4<0>;
v0000000001258330_0 .net/2u *"_s78", 3 0, L_0000000001266350;  1 drivers
v0000000001258150_0 .net *"_s8", 0 0, L_00000000011dae30;  1 drivers
v0000000001257e30_0 .net *"_s80", 0 0, L_00000000012649a0;  1 drivers
v00000000012577f0_0 .net *"_s82", 0 0, L_00000000011db920;  1 drivers
L_0000000001266398 .functor BUFT 1, C4<1001>, C4<0>, C4<0>, C4<0>;
v0000000001257390_0 .net/2u *"_s84", 3 0, L_0000000001266398;  1 drivers
v0000000001257430_0 .net *"_s86", 0 0, L_0000000001264a40;  1 drivers
v0000000001258790_0 .net *"_s88", 0 0, L_00000000011db300;  1 drivers
L_00000000012663e0 .functor BUFT 1, C4<0100>, C4<0>, C4<0>, C4<0>;
v0000000001258470_0 .net/2u *"_s90", 3 0, L_00000000012663e0;  1 drivers
L_0000000001266428 .functor BUFT 1, C4<1111>, C4<0>, C4<0>, C4<0>;
v00000000012581f0_0 .net/2u *"_s92", 3 0, L_0000000001266428;  1 drivers
v0000000001258c90_0 .net *"_s94", 3 0, L_0000000001264b80;  1 drivers
L_0000000001266470 .functor BUFT 1, C4<0010>, C4<0>, C4<0>, C4<0>;
v00000000012579d0_0 .net/2u *"_s98", 3 0, L_0000000001266470;  1 drivers
v0000000001257070_0 .net "clk_i", 0 0, v000000000125ff90_0;  1 drivers
v0000000001257bb0_0 .net "d_dstE_o", 3 0, L_00000000012c3190;  1 drivers
v0000000001258510_0 .net "d_dstM_o", 3 0, L_00000000012c2f10;  1 drivers
v0000000001257ed0_0 .net "d_rvalA", 63 0, L_00000000012c2970;  1 drivers
v00000000012585b0_0 .net "d_rvalB", 63 0, L_00000000012c2a10;  1 drivers
v0000000001257f70_0 .net "d_srcA_o", 3 0, L_00000000012642c0;  1 drivers
v00000000012576b0_0 .net "d_srcB_o", 3 0, L_0000000001263a00;  1 drivers
v0000000001258290_0 .net "d_valA_o", 63 0, L_00000000011f58a0;  1 drivers
v0000000001257110_0 .net "d_valB_o", 63 0, L_00000000011f5980;  1 drivers
v0000000001258d30_0 .net "e_dstE_i", 3 0, o00000000011fa8c8;  alias, 0 drivers
v0000000001258bf0_0 .net "e_valE_i", 63 0, o00000000011fa8f8;  alias, 0 drivers
L_0000000001266b78 .functor BUFT 1, C4<000000000000000000000000000000000000000000000000000000000000000z>, C4<0>, C4<0>, C4<0>;
v0000000001258650_0 .net "m_valM_i", 63 0, L_0000000001266b78;  1 drivers
v0000000001258dd0 .array "regfile", 14 0, 63 0;
E_00000000011e9fe0 .event posedge, v0000000001257070_0;
L_0000000001263960 .cmp/eq 4, v00000000012571b0_0, L_0000000001265f18;
L_0000000001263aa0 .cmp/eq 4, v00000000012571b0_0, L_0000000001265f60;
L_0000000001264680 .cmp/eq 4, v00000000012571b0_0, L_0000000001265fa8;
L_0000000001264e00 .cmp/eq 4, v00000000012571b0_0, L_0000000001265ff0;
L_0000000001264400 .cmp/eq 4, v00000000012571b0_0, L_0000000001266038;
L_0000000001264900 .cmp/eq 4, v00000000012571b0_0, L_0000000001266080;
L_0000000001264220 .cmp/eq 4, v00000000012571b0_0, L_00000000012660c8;
L_0000000001264540 .functor MUXZ 4, L_0000000001266158, L_0000000001266110, L_00000000011db760, C4<>;
L_00000000012642c0 .functor MUXZ 4, L_0000000001264540, v00000000012588d0_0, L_00000000011dadc0, C4<>;
L_00000000012644a0 .cmp/eq 4, v00000000012571b0_0, L_00000000012661a0;
L_00000000012638c0 .cmp/eq 4, v00000000012571b0_0, L_00000000012661e8;
L_00000000012645e0 .cmp/eq 4, v00000000012571b0_0, L_0000000001266230;
L_00000000012647c0 .cmp/eq 4, v00000000012571b0_0, L_0000000001266278;
L_0000000001264f40 .cmp/eq 4, v00000000012571b0_0, L_00000000012662c0;
L_0000000001264860 .cmp/eq 4, v00000000012571b0_0, L_0000000001266308;
L_00000000012649a0 .cmp/eq 4, v00000000012571b0_0, L_0000000001266350;
L_0000000001264a40 .cmp/eq 4, v00000000012571b0_0, L_0000000001266398;
L_0000000001264b80 .functor MUXZ 4, L_0000000001266428, L_00000000012663e0, L_00000000011db300, C4<>;
L_0000000001263a00 .functor MUXZ 4, L_0000000001264b80, v0000000001258970_0, L_00000000011daf10, C4<>;
L_0000000001264c20 .cmp/eq 4, v00000000012571b0_0, L_0000000001266470;
L_0000000001264d60 .cmp/eq 4, v00000000012571b0_0, L_00000000012664b8;
L_0000000001264cc0 .cmp/eq 4, v00000000012571b0_0, L_0000000001266500;
L_00000000012c23d0 .cmp/eq 4, v00000000012571b0_0, L_0000000001266548;
L_00000000012c12f0 .cmp/eq 4, v00000000012571b0_0, L_0000000001266590;
L_00000000012c28d0 .cmp/eq 4, v00000000012571b0_0, L_00000000012665d8;
L_00000000012c14d0 .cmp/eq 4, v00000000012571b0_0, L_0000000001266620;
L_00000000012c2290 .functor MUXZ 4, L_00000000012666b0, L_0000000001266668, L_00000000011dba70, C4<>;
L_00000000012c3190 .functor MUXZ 4, L_00000000012c2290, v0000000001258970_0, L_00000000011db530, C4<>;
L_00000000012c2ab0 .cmp/eq 4, v00000000012571b0_0, L_00000000012666f8;
L_00000000012c3410 .cmp/eq 4, v00000000012571b0_0, L_0000000001266740;
L_00000000012c2f10 .functor MUXZ 4, L_0000000001266788, v00000000012588d0_0, L_00000000011b27f0, C4<>;
L_00000000012c2470 .cmp/eq 4, L_00000000012642c0, L_00000000012667d0;
L_00000000012c1d90 .array/port v0000000001258dd0, L_00000000012c3870;
L_00000000012c3870 .concat [ 4 2 0 0], L_00000000012642c0, L_0000000001266860;
L_00000000012c2970 .functor MUXZ 64, L_00000000012c1d90, L_0000000001266818, L_00000000012c2470, C4<>;
L_00000000012c1610 .cmp/eq 4, L_0000000001263a00, L_00000000012668a8;
L_00000000012c1890 .array/port v0000000001258dd0, L_00000000012c2510;
L_00000000012c2510 .concat [ 4 2 0 0], L_0000000001263a00, L_0000000001266938;
L_00000000012c2a10 .functor MUXZ 64, L_00000000012c1890, L_00000000012668f0, L_00000000012c1610, C4<>;
S_0000000001161a70 .scope module, "dreg" "fetch_D_pipe_reg" 2 64, 4 2 0, S_00000000011e9230;
 .timescale -9 -12;
    .port_info 0 /INPUT 1 "clk_i";
    .port_info 1 /INPUT 1 "D_stall_i";
    .port_info 2 /INPUT 1 "D_bubble_i";
    .port_info 3 /INPUT 3 "f_stat_i";
    .port_info 4 /INPUT 64 "f_pc_i";
    .port_info 5 /INPUT 4 "f_icode_i";
    .port_info 6 /INPUT 4 "f_ifun_i";
    .port_info 7 /INPUT 4 "f_rA_i";
    .port_info 8 /INPUT 4 "f_rB_i";
    .port_info 9 /INPUT 64 "f_valC_i";
    .port_info 10 /INPUT 64 "f_valP_i";
    .port_info 11 /OUTPUT 3 "D_stat_o";
    .port_info 12 /OUTPUT 64 "D_pc_o";
    .port_info 13 /OUTPUT 4 "D_icode_o";
    .port_info 14 /OUTPUT 4 "D_ifun_o";
    .port_info 15 /OUTPUT 4 "D_rA_o";
    .port_info 16 /OUTPUT 4 "D_rB_o";
    .port_info 17 /OUTPUT 64 "D_valC_o";
    .port_info 18 /OUTPUT 64 "D_valP_o";
v00000000012586f0_0 .net "D_bubble_i", 0 0, L_0000000001265e40;  alias, 1 drivers
v00000000012571b0_0 .var "D_icode_o", 3 0;
v0000000001258830_0 .var "D_ifun_o", 3 0;
v00000000012574d0_0 .var "D_pc_o", 63 0;
v00000000012588d0_0 .var "D_rA_o", 3 0;
v0000000001258970_0 .var "D_rB_o", 3 0;
v0000000001258e70_0 .net "D_stall_i", 0 0, L_0000000001265df8;  alias, 1 drivers
v0000000001258a10_0 .var "D_stat_o", 2 0;
v0000000001258ab0_0 .var "D_valC_o", 63 0;
v0000000001258b50_0 .var "D_valP_o", 63 0;
v0000000001257250_0 .net "clk_i", 0 0, v000000000125ff90_0;  alias, 1 drivers
v0000000001257cf0_0 .net8 "f_icode_i", 3 0, RS_00000000011fae98;  alias, 2 drivers
v00000000012572f0_0 .net "f_ifun_i", 3 0, L_00000000012622e0;  alias, 1 drivers
v0000000001257570_0 .net "f_pc_i", 63 0, v000000000125fef0_0;  1 drivers
v0000000001257610_0 .net "f_rA_i", 3 0, L_0000000001262560;  alias, 1 drivers
v0000000001257c50_0 .net "f_rB_i", 3 0, L_00000000012612a0;  alias, 1 drivers
v0000000001257890_0 .net "f_stat_i", 2 0, L_0000000001263be0;  alias, 1 drivers
v0000000001257930_0 .net "f_valC_i", 63 0, L_00000000012630a0;  alias, 1 drivers
v0000000001257a70_0 .net "f_valP_i", 63 0, L_00000000012640e0;  alias, 1 drivers
S_0000000001144bf0 .scope module, "ereg" "decode_E_pipe_reg" 2 139, 5 2 0, S_00000000011e9230;
 .timescale -9 -12;
    .port_info 0 /INPUT 1 "clk_i";
    .port_info 1 /INPUT 1 "E_stall_i";
    .port_info 2 /INPUT 1 "E_bubble_i";
    .port_info 3 /INPUT 3 "d_stat_i";
    .port_info 4 /INPUT 64 "d_pc_i";
    .port_info 5 /INPUT 4 "d_icode_i";
    .port_info 6 /INPUT 4 "d_ifun_i";
    .port_info 7 /INPUT 64 "d_valC_i";
    .port_info 8 /INPUT 64 "d_valA_i";
    .port_info 9 /INPUT 64 "d_valB_i";
    .port_info 10 /INPUT 4 "d_dstE_i";
    .port_info 11 /INPUT 4 "d_dstM_i";
    .port_info 12 /INPUT 4 "d_srcA_i";
    .port_info 13 /INPUT 4 "d_srcB_i";
    .port_info 14 /OUTPUT 3 "E_stat_o";
    .port_info 15 /OUTPUT 64 "E_pc_o";
    .port_info 16 /OUTPUT 4 "E_icode_o";
    .port_info 17 /OUTPUT 4 "E_ifun_o";
    .port_info 18 /OUTPUT 64 "E_valC_o";
    .port_info 19 /OUTPUT 64 "E_valA_o";
    .port_info 20 /OUTPUT 64 "E_valB_o";
    .port_info 21 /OUTPUT 4 "E_dstE_o";
    .port_info 22 /OUTPUT 4 "E_dstM_o";
    .port_info 23 /OUTPUT 4 "E_srcA_o";
    .port_info 24 /OUTPUT 4 "E_srcB_o";
v0000000001257d90_0 .net "E_bubble_i", 0 0, L_0000000001265ed0;  alias, 1 drivers
v0000000001257750_0 .var "E_dstE_o", 3 0;
v0000000001259800_0 .var "E_dstM_o", 3 0;
v0000000001259b20_0 .var "E_icode_o", 3 0;
v0000000001259260_0 .var "E_ifun_o", 3 0;
v0000000001259bc0_0 .var "E_pc_o", 63 0;
v000000000125a340_0 .var "E_srcA_o", 3 0;
v0000000001259d00_0 .var "E_srcB_o", 3 0;
v000000000125ade0_0 .net "E_stall_i", 0 0, L_0000000001265e88;  alias, 1 drivers
v000000000125a520_0 .var "E_stat_o", 2 0;
v00000000012593a0_0 .var "E_valA_o", 63 0;
v000000000125a2a0_0 .var "E_valB_o", 63 0;
v0000000001259440_0 .var "E_valC_o", 63 0;
v0000000001259c60_0 .net "clk_i", 0 0, v000000000125ff90_0;  alias, 1 drivers
v000000000125aac0_0 .net "d_dstE_i", 3 0, L_00000000012c2d30;  1 drivers
v0000000001259a80_0 .net "d_dstM_i", 3 0, L_00000000012c2b50;  1 drivers
v0000000001259120_0 .net "d_icode_i", 3 0, v00000000012571b0_0;  alias, 1 drivers
v0000000001259300_0 .net "d_ifun_i", 3 0, v0000000001258830_0;  alias, 1 drivers
v000000000125a200_0 .net "d_pc_i", 63 0, v00000000012574d0_0;  alias, 1 drivers
v000000000125a8e0_0 .net "d_srcA_i", 3 0, L_00000000012c3050;  1 drivers
v000000000125a5c0_0 .net "d_srcB_i", 3 0, L_00000000012c25b0;  1 drivers
v0000000001259da0_0 .net "d_stat_i", 2 0, v0000000001258a10_0;  alias, 1 drivers
v000000000125a980_0 .net "d_valA_i", 63 0, L_00000000012c1750;  1 drivers
v0000000001259e40_0 .net "d_valB_i", 63 0, L_00000000012c17f0;  1 drivers
v000000000125af20_0 .net "d_valC_i", 63 0, v0000000001258ab0_0;  alias, 1 drivers
S_00000000010f2ca0 .scope module, "fetch_tb" "fetch" 2 49, 6 3 0, S_00000000011e9230;
 .timescale -9 -12;
    .port_info 0 /INPUT 64 "PC_i";
    .port_info 1 /OUTPUT 4 "icode_o";
    .port_info 2 /OUTPUT 4 "ifun_o";
    .port_info 3 /OUTPUT 4 "rA_o";
    .port_info 4 /OUTPUT 4 "rB_o";
    .port_info 5 /OUTPUT 64 "valC_o";
    .port_info 6 /OUTPUT 64 "valP_o";
    .port_info 7 /OUTPUT 64 "predPC_o";
    .port_info 8 /OUTPUT 3 "stat_o";
L_00000000011db060 .functor OR 1, L_0000000001262380, L_00000000012633c0, C4<0>, C4<0>;
L_00000000011db7d0 .functor OR 1, L_00000000011db060, L_00000000012610c0, C4<0>, C4<0>;
L_00000000011db8b0 .functor OR 1, L_00000000011db7d0, L_0000000001263460, C4<0>, C4<0>;
L_00000000011db220 .functor OR 1, L_00000000011db8b0, L_0000000001261ca0, C4<0>, C4<0>;
L_00000000011daea0 .functor OR 1, L_00000000011db220, L_0000000001261160, C4<0>, C4<0>;
L_00000000011db450 .functor OR 1, L_00000000011daea0, L_00000000012626a0, C4<0>, C4<0>;
L_00000000011db6f0 .functor OR 1, L_0000000001261e80, L_0000000001261d40, C4<0>, C4<0>;
L_00000000011db610 .functor OR 1, L_00000000011db6f0, L_0000000001262ec0, C4<0>, C4<0>;
L_00000000011dad50 .functor OR 1, L_00000000011db610, L_0000000001262420, C4<0>, C4<0>;
L_00000000011db5a0 .functor OR 1, L_00000000011dad50, L_0000000001262ba0, C4<0>, C4<0>;
L_00000000011db680 .functor OR 1, L_0000000001263e60, L_0000000001264040, C4<0>, C4<0>;
v000000000125b630_0 .net "PC_i", 63 0, v000000000125fef0_0;  alias, 1 drivers
v000000000125cd50_0 .net *"_s10", 0 0, L_0000000001262380;  1 drivers
v000000000125cdf0_0 .net *"_s100", 63 0, L_0000000001264ea0;  1 drivers
v000000000125c5d0_0 .net *"_s102", 63 0, L_0000000001264ae0;  1 drivers
L_0000000001265b28 .functor BUFT 1, C4<000000000000000000000000000000000000000000000000000000000000000>, C4<0>, C4<0>, C4<0>;
v000000000125b130_0 .net *"_s105", 62 0, L_0000000001265b28;  1 drivers
L_0000000001265b70 .functor BUFT 1, C4<0000000000000000000000000000000000000000000000000000000000001000>, C4<0>, C4<0>, C4<0>;
v000000000125b6d0_0 .net/2u *"_s106", 63 0, L_0000000001265b70;  1 drivers
v000000000125c710_0 .net *"_s109", 63 0, L_0000000001264720;  1 drivers
v000000000125c2b0_0 .net *"_s110", 63 0, L_0000000001264360;  1 drivers
v000000000125b1d0_0 .net *"_s112", 63 0, L_0000000001263fa0;  1 drivers
L_0000000001265bb8 .functor BUFT 1, C4<000000000000000000000000000000000000000000000000000000000000000>, C4<0>, C4<0>, C4<0>;
v000000000125b810_0 .net *"_s115", 62 0, L_0000000001265bb8;  1 drivers
L_0000000001265c00 .functor BUFT 1, C4<0001>, C4<0>, C4<0>, C4<0>;
v000000000125c3f0_0 .net/2u *"_s118", 3 0, L_0000000001265c00;  1 drivers
L_00000000012656f0 .functor BUFT 1, C4<0011>, C4<0>, C4<0>, C4<0>;
v000000000125c030_0 .net/2u *"_s12", 3 0, L_00000000012656f0;  1 drivers
v000000000125b950_0 .net *"_s121", 0 0, L_0000000001263c80;  1 drivers
L_0000000001265c48 .functor BUFT 1, C4<0010>, C4<0>, C4<0>, C4<0>;
v000000000125c7b0_0 .net/2u *"_s122", 3 0, L_0000000001265c48;  1 drivers
L_0000000001265c90 .functor BUFT 1, C4<0000>, C4<0>, C4<0>, C4<0>;
v000000000125c0d0_0 .net/2u *"_s124", 3 0, L_0000000001265c90;  1 drivers
v000000000125c850_0 .net *"_s126", 0 0, L_0000000001263b40;  1 drivers
L_0000000001265cd8 .functor BUFT 1, C4<0011>, C4<0>, C4<0>, C4<0>;
v000000000125b9f0_0 .net/2u *"_s128", 3 0, L_0000000001265cd8;  1 drivers
L_0000000001265d20 .functor BUFT 1, C4<0100>, C4<0>, C4<0>, C4<0>;
v000000000125c490_0 .net/2u *"_s130", 3 0, L_0000000001265d20;  1 drivers
v000000000125c8f0_0 .net *"_s132", 3 0, L_0000000001263d20;  1 drivers
v000000000125eeb0_0 .net *"_s134", 3 0, L_0000000001263f00;  1 drivers
v000000000125f270_0 .net *"_s136", 3 0, L_0000000001263dc0;  1 drivers
v000000000125db50_0 .net *"_s14", 0 0, L_00000000012633c0;  1 drivers
L_0000000001265d68 .functor BUFT 1, C4<0111>, C4<0>, C4<0>, C4<0>;
v000000000125e5f0_0 .net/2u *"_s140", 3 0, L_0000000001265d68;  1 drivers
v000000000125d510_0 .net *"_s142", 0 0, L_0000000001263e60;  1 drivers
L_0000000001265db0 .functor BUFT 1, C4<1000>, C4<0>, C4<0>, C4<0>;
v000000000125e230_0 .net/2u *"_s144", 3 0, L_0000000001265db0;  1 drivers
v000000000125e910_0 .net *"_s146", 0 0, L_0000000001264040;  1 drivers
v000000000125f810_0 .net *"_s148", 0 0, L_00000000011db680;  1 drivers
v000000000125e4b0_0 .net *"_s16", 0 0, L_00000000011db060;  1 drivers
L_0000000001265738 .functor BUFT 1, C4<0100>, C4<0>, C4<0>, C4<0>;
v000000000125e690_0 .net/2u *"_s18", 3 0, L_0000000001265738;  1 drivers
v000000000125e9b0_0 .net *"_s20", 0 0, L_00000000012610c0;  1 drivers
v000000000125ea50_0 .net *"_s22", 0 0, L_00000000011db7d0;  1 drivers
L_0000000001265780 .functor BUFT 1, C4<0101>, C4<0>, C4<0>, C4<0>;
v000000000125df10_0 .net/2u *"_s24", 3 0, L_0000000001265780;  1 drivers
v000000000125ed70_0 .net *"_s26", 0 0, L_0000000001263460;  1 drivers
v000000000125e730_0 .net *"_s28", 0 0, L_00000000011db8b0;  1 drivers
L_00000000012657c8 .functor BUFT 1, C4<0110>, C4<0>, C4<0>, C4<0>;
v000000000125f090_0 .net/2u *"_s30", 3 0, L_00000000012657c8;  1 drivers
v000000000125d5b0_0 .net *"_s32", 0 0, L_0000000001261ca0;  1 drivers
v000000000125ef50_0 .net *"_s34", 0 0, L_00000000011db220;  1 drivers
L_0000000001265810 .functor BUFT 1, C4<1010>, C4<0>, C4<0>, C4<0>;
v000000000125eaf0_0 .net/2u *"_s36", 3 0, L_0000000001265810;  1 drivers
v000000000125e7d0_0 .net *"_s38", 0 0, L_0000000001261160;  1 drivers
v000000000125e0f0_0 .net *"_s40", 0 0, L_00000000011daea0;  1 drivers
L_0000000001265858 .functor BUFT 1, C4<1011>, C4<0>, C4<0>, C4<0>;
v000000000125e370_0 .net/2u *"_s42", 3 0, L_0000000001265858;  1 drivers
v000000000125eb90_0 .net *"_s44", 0 0, L_00000000012626a0;  1 drivers
L_00000000012658a0 .functor BUFT 1, C4<0011>, C4<0>, C4<0>, C4<0>;
v000000000125d0b0_0 .net/2u *"_s48", 3 0, L_00000000012658a0;  1 drivers
v000000000125da10_0 .net *"_s50", 0 0, L_0000000001261e80;  1 drivers
L_00000000012658e8 .functor BUFT 1, C4<0100>, C4<0>, C4<0>, C4<0>;
v000000000125e870_0 .net/2u *"_s52", 3 0, L_00000000012658e8;  1 drivers
v000000000125e2d0_0 .net *"_s54", 0 0, L_0000000001261d40;  1 drivers
v000000000125ec30_0 .net *"_s56", 0 0, L_00000000011db6f0;  1 drivers
L_0000000001265930 .functor BUFT 1, C4<0101>, C4<0>, C4<0>, C4<0>;
v000000000125d650_0 .net/2u *"_s58", 3 0, L_0000000001265930;  1 drivers
v000000000125ecd0_0 .net *"_s60", 0 0, L_0000000001262ec0;  1 drivers
v000000000125d830_0 .net *"_s62", 0 0, L_00000000011db610;  1 drivers
L_0000000001265978 .functor BUFT 1, C4<0111>, C4<0>, C4<0>, C4<0>;
v000000000125e410_0 .net/2u *"_s64", 3 0, L_0000000001265978;  1 drivers
v000000000125f630_0 .net *"_s66", 0 0, L_0000000001262420;  1 drivers
v000000000125d290_0 .net *"_s68", 0 0, L_00000000011dad50;  1 drivers
L_00000000012659c0 .functor BUFT 1, C4<1000>, C4<0>, C4<0>, C4<0>;
v000000000125f450_0 .net/2u *"_s70", 3 0, L_00000000012659c0;  1 drivers
v000000000125f310_0 .net *"_s72", 0 0, L_0000000001262ba0;  1 drivers
v000000000125dab0_0 .net *"_s77", 3 0, L_00000000012624c0;  1 drivers
L_0000000001265a08 .functor BUFT 1, C4<1111>, C4<0>, C4<0>, C4<0>;
v000000000125d6f0_0 .net/2u *"_s78", 3 0, L_0000000001265a08;  1 drivers
L_00000000012656a8 .functor BUFT 1, C4<0010>, C4<0>, C4<0>, C4<0>;
v000000000125d790_0 .net/2u *"_s8", 3 0, L_00000000012656a8;  1 drivers
v000000000125ee10_0 .net *"_s83", 3 0, L_0000000001262c40;  1 drivers
L_0000000001265a50 .functor BUFT 1, C4<1111>, C4<0>, C4<0>, C4<0>;
v000000000125eff0_0 .net/2u *"_s84", 3 0, L_0000000001265a50;  1 drivers
v000000000125f130_0 .net *"_s89", 63 0, L_0000000001262d80;  1 drivers
v000000000125dfb0_0 .net *"_s91", 63 0, L_0000000001262600;  1 drivers
v000000000125d330_0 .net *"_s92", 63 0, L_0000000001262e20;  1 drivers
L_0000000001265a98 .functor BUFT 1, C4<0000000000000000000000000000000000000000000000000000000000000000>, C4<0>, C4<0>, C4<0>;
v000000000125dd30_0 .net/2u *"_s94", 63 0, L_0000000001265a98;  1 drivers
L_0000000001265ae0 .functor BUFT 1, C4<0000000000000000000000000000000000000000000000000000000000000001>, C4<0>, C4<0>, C4<0>;
v000000000125f1d0_0 .net/2u *"_s98", 63 0, L_0000000001265ae0;  1 drivers
v000000000125f3b0_0 .net8 "icode_o", 3 0, RS_00000000011fae98;  alias, 2 drivers
v000000000125f770_0 .net "ifun_o", 3 0, L_00000000012622e0;  alias, 1 drivers
v000000000125f4f0_0 .net "imem_error", 0 0, L_0000000001261520;  1 drivers
v000000000125e050_0 .net "instr", 79 0, L_0000000001262b00;  1 drivers
o00000000011fd2f8 .functor BUFZ 1, C4<z>; HiZ drive
v000000000125d470_0 .net "instr_valid", 0 0, o00000000011fd2f8;  0 drivers
v000000000125f590_0 .net "need_regids", 0 0, L_00000000011db450;  1 drivers
v000000000125d3d0_0 .net "need_valC", 0 0, L_00000000011db5a0;  1 drivers
v000000000125f6d0_0 .net "predPC_o", 63 0, L_0000000001264180;  alias, 1 drivers
v000000000125d150_0 .net "rA_o", 3 0, L_0000000001262560;  alias, 1 drivers
v000000000125d1f0_0 .net "rB_o", 3 0, L_00000000012612a0;  alias, 1 drivers
v000000000125d8d0_0 .net "stat_o", 2 0, L_0000000001263be0;  alias, 1 drivers
v000000000125d970_0 .net "valC_o", 63 0, L_00000000012630a0;  alias, 1 drivers
v000000000125dbf0_0 .net "valP_o", 63 0, L_00000000012640e0;  alias, 1 drivers
L_0000000001262b00 .part L_0000000001262a60, 0, 80;
L_0000000001261b60 .part L_0000000001262b00, 4, 4;
L_0000000001263780 .part L_0000000001262b00, 4, 4;
L_00000000012622e0 .part L_0000000001262b00, 0, 4;
L_0000000001262380 .cmp/eq 4, RS_00000000011fae98, L_00000000012656a8;
L_00000000012633c0 .cmp/eq 4, RS_00000000011fae98, L_00000000012656f0;
L_00000000012610c0 .cmp/eq 4, RS_00000000011fae98, L_0000000001265738;
L_0000000001263460 .cmp/eq 4, RS_00000000011fae98, L_0000000001265780;
L_0000000001261ca0 .cmp/eq 4, RS_00000000011fae98, L_00000000012657c8;
L_0000000001261160 .cmp/eq 4, RS_00000000011fae98, L_0000000001265810;
L_00000000012626a0 .cmp/eq 4, RS_00000000011fae98, L_0000000001265858;
L_0000000001261e80 .cmp/eq 4, RS_00000000011fae98, L_00000000012658a0;
L_0000000001261d40 .cmp/eq 4, RS_00000000011fae98, L_00000000012658e8;
L_0000000001262ec0 .cmp/eq 4, RS_00000000011fae98, L_0000000001265930;
L_0000000001262420 .cmp/eq 4, RS_00000000011fae98, L_0000000001265978;
L_0000000001262ba0 .cmp/eq 4, RS_00000000011fae98, L_00000000012659c0;
L_00000000012624c0 .part L_0000000001262b00, 12, 4;
L_0000000001262560 .functor MUXZ 4, L_0000000001265a08, L_00000000012624c0, L_00000000011db450, C4<>;
L_0000000001262c40 .part L_0000000001262b00, 8, 4;
L_00000000012612a0 .functor MUXZ 4, L_0000000001265a50, L_0000000001262c40, L_00000000011db450, C4<>;
L_0000000001262d80 .part L_0000000001262b00, 16, 64;
L_0000000001262600 .part L_0000000001262b00, 8, 64;
L_0000000001262e20 .functor MUXZ 64, L_0000000001262600, L_0000000001262d80, L_00000000011db450, C4<>;
L_00000000012630a0 .functor MUXZ 64, L_0000000001265a98, L_0000000001262e20, L_00000000011db5a0, C4<>;
L_0000000001264ea0 .arith/sum 64, v000000000125fef0_0, L_0000000001265ae0;
L_0000000001264ae0 .concat [ 1 63 0 0], L_00000000011db5a0, L_0000000001265b28;
L_0000000001264720 .arith/mult 64, L_0000000001264ae0, L_0000000001265b70;
L_0000000001264360 .arith/sum 64, L_0000000001264ea0, L_0000000001264720;
L_0000000001263fa0 .concat [ 1 63 0 0], L_00000000011db450, L_0000000001265bb8;
L_00000000012640e0 .arith/sum 64, L_0000000001264360, L_0000000001263fa0;
L_0000000001263c80 .reduce/nor o00000000011fd2f8;
L_0000000001263b40 .cmp/eq 4, RS_00000000011fae98, L_0000000001265c90;
L_0000000001263d20 .functor MUXZ 4, L_0000000001265d20, L_0000000001265cd8, L_0000000001263b40, C4<>;
L_0000000001263f00 .functor MUXZ 4, L_0000000001263d20, L_0000000001265c48, L_0000000001263c80, C4<>;
L_0000000001263dc0 .functor MUXZ 4, L_0000000001263f00, L_0000000001265c00, L_0000000001261520, C4<>;
L_0000000001263be0 .part L_0000000001263dc0, 0, 3;
L_0000000001263e60 .cmp/eq 4, RS_00000000011fae98, L_0000000001265d68;
L_0000000001264040 .cmp/eq 4, RS_00000000011fae98, L_0000000001265db0;
L_0000000001264180 .functor MUXZ 64, L_00000000012640e0, L_00000000012630a0, L_00000000011db680, C4<>;
S_00000000010f2e30 .scope module, "instr_mem" "instruction_memory" 6 19, 7 1 0, S_00000000010f2ca0;
 .timescale -9 -12;
    .port_info 0 /INPUT 64 "raddr_i";
    .port_info 1 /OUTPUT 81 "rdata_o";
    .port_info 2 /OUTPUT 1 "imem_error_o";
L_0000000001265078 .functor BUFT 1, C4<0000000000000000000000000000000000000000000000000000001111111111>, C4<0>, C4<0>, C4<0>;
v0000000001259ee0_0 .net/2u *"_s0", 63 0, L_0000000001265078;  1 drivers
v0000000001259080_0 .net *"_s10", 64 0, L_00000000012636e0;  1 drivers
v0000000001259f80_0 .net *"_s100", 79 0, L_0000000001261a20;  1 drivers
v000000000125a660_0 .net *"_s102", 80 0, L_0000000001261200;  1 drivers
L_0000000001265618 .functor BUFT 1, C4<0>, C4<0>, C4<0>, C4<0>;
v000000000125a3e0_0 .net *"_s105", 0 0, L_0000000001265618;  1 drivers
L_0000000001265660 .functor BUFT 1, C4<000000000000000000000000000000000000000000000000000000000000000000000000000000000>, C4<0>, C4<0>, C4<0>;
v000000000125a0c0_0 .net/2u *"_s106", 80 0, L_0000000001265660;  1 drivers
L_0000000001265108 .functor BUFT 1, C4<0>, C4<0>, C4<0>, C4<0>;
v000000000125ad40_0 .net *"_s13", 0 0, L_0000000001265108;  1 drivers
L_0000000001265150 .functor BUFT 1, C4<00000000000000000000000000000000000000000000000000000000000001001>, C4<0>, C4<0>, C4<0>;
v000000000125a020_0 .net/2u *"_s14", 64 0, L_0000000001265150;  1 drivers
v00000000012598a0_0 .net *"_s16", 64 0, L_0000000001262880;  1 drivers
v00000000012591c0_0 .net *"_s18", 7 0, L_0000000001261f20;  1 drivers
v000000000125a160_0 .net *"_s20", 64 0, L_0000000001262ce0;  1 drivers
L_0000000001265198 .functor BUFT 1, C4<0>, C4<0>, C4<0>, C4<0>;
v00000000012594e0_0 .net *"_s23", 0 0, L_0000000001265198;  1 drivers
L_00000000012651e0 .functor BUFT 1, C4<00000000000000000000000000000000000000000000000000000000000001000>, C4<0>, C4<0>, C4<0>;
v0000000001259580_0 .net/2u *"_s24", 64 0, L_00000000012651e0;  1 drivers
v000000000125aa20_0 .net *"_s26", 64 0, L_0000000001261340;  1 drivers
v000000000125ac00_0 .net *"_s28", 7 0, L_0000000001263000;  1 drivers
v000000000125a480_0 .net *"_s30", 64 0, L_0000000001261fc0;  1 drivers
L_0000000001265228 .functor BUFT 1, C4<0>, C4<0>, C4<0>, C4<0>;
v00000000012596c0_0 .net *"_s33", 0 0, L_0000000001265228;  1 drivers
L_0000000001265270 .functor BUFT 1, C4<00000000000000000000000000000000000000000000000000000000000000111>, C4<0>, C4<0>, C4<0>;
v000000000125aca0_0 .net/2u *"_s34", 64 0, L_0000000001265270;  1 drivers
v000000000125a700_0 .net *"_s36", 64 0, L_0000000001262060;  1 drivers
v0000000001259940_0 .net *"_s38", 7 0, L_00000000012613e0;  1 drivers
L_00000000012650c0 .functor BUFT 1, C4<0000000000000000000000000000000000000000000000000000001111111000>, C4<0>, C4<0>, C4<0>;
v0000000001259620_0 .net/2u *"_s4", 63 0, L_00000000012650c0;  1 drivers
v000000000125ae80_0 .net *"_s40", 64 0, L_0000000001261480;  1 drivers
L_00000000012652b8 .functor BUFT 1, C4<0>, C4<0>, C4<0>, C4<0>;
v000000000125a7a0_0 .net *"_s43", 0 0, L_00000000012652b8;  1 drivers
L_0000000001265300 .functor BUFT 1, C4<00000000000000000000000000000000000000000000000000000000000000110>, C4<0>, C4<0>, C4<0>;
v000000000125a840_0 .net/2u *"_s44", 64 0, L_0000000001265300;  1 drivers
v0000000001259760_0 .net *"_s46", 64 0, L_0000000001262100;  1 drivers
v00000000012599e0_0 .net *"_s48", 7 0, L_0000000001263500;  1 drivers
v000000000125ce90_0 .net *"_s50", 64 0, L_00000000012627e0;  1 drivers
L_0000000001265348 .functor BUFT 1, C4<0>, C4<0>, C4<0>, C4<0>;
v000000000125c990_0 .net *"_s53", 0 0, L_0000000001265348;  1 drivers
L_0000000001265390 .functor BUFT 1, C4<00000000000000000000000000000000000000000000000000000000000000101>, C4<0>, C4<0>, C4<0>;
v000000000125b3b0_0 .net/2u *"_s54", 64 0, L_0000000001265390;  1 drivers
v000000000125b270_0 .net *"_s56", 64 0, L_00000000012615c0;  1 drivers
v000000000125cb70_0 .net *"_s58", 7 0, L_0000000001262920;  1 drivers
v000000000125bd10_0 .net *"_s6", 0 0, L_0000000001262f60;  1 drivers
v000000000125bef0_0 .net *"_s60", 64 0, L_00000000012621a0;  1 drivers
L_00000000012653d8 .functor BUFT 1, C4<0>, C4<0>, C4<0>, C4<0>;
v000000000125c530_0 .net *"_s63", 0 0, L_00000000012653d8;  1 drivers
L_0000000001265420 .functor BUFT 1, C4<00000000000000000000000000000000000000000000000000000000000000100>, C4<0>, C4<0>, C4<0>;
v000000000125cf30_0 .net/2u *"_s64", 64 0, L_0000000001265420;  1 drivers
v000000000125b310_0 .net *"_s66", 64 0, L_00000000012635a0;  1 drivers
v000000000125b590_0 .net *"_s68", 7 0, L_0000000001263140;  1 drivers
v000000000125c210_0 .net *"_s70", 64 0, L_0000000001262240;  1 drivers
L_0000000001265468 .functor BUFT 1, C4<0>, C4<0>, C4<0>, C4<0>;
v000000000125ca30_0 .net *"_s73", 0 0, L_0000000001265468;  1 drivers
L_00000000012654b0 .functor BUFT 1, C4<00000000000000000000000000000000000000000000000000000000000000011>, C4<0>, C4<0>, C4<0>;
v000000000125c670_0 .net/2u *"_s74", 64 0, L_00000000012654b0;  1 drivers
v000000000125bc70_0 .net *"_s76", 64 0, L_00000000012618e0;  1 drivers
v000000000125b770_0 .net *"_s78", 7 0, L_00000000012631e0;  1 drivers
v000000000125c170_0 .net *"_s8", 7 0, L_0000000001262740;  1 drivers
v000000000125ba90_0 .net *"_s80", 64 0, L_0000000001263280;  1 drivers
L_00000000012654f8 .functor BUFT 1, C4<0>, C4<0>, C4<0>, C4<0>;
v000000000125cad0_0 .net *"_s83", 0 0, L_00000000012654f8;  1 drivers
L_0000000001265540 .functor BUFT 1, C4<00000000000000000000000000000000000000000000000000000000000000010>, C4<0>, C4<0>, C4<0>;
v000000000125bbd0_0 .net/2u *"_s84", 64 0, L_0000000001265540;  1 drivers
v000000000125bf90_0 .net *"_s86", 64 0, L_0000000001261de0;  1 drivers
v000000000125b450_0 .net *"_s88", 7 0, L_0000000001263320;  1 drivers
v000000000125c350_0 .net *"_s90", 64 0, L_0000000001261c00;  1 drivers
L_0000000001265588 .functor BUFT 1, C4<0>, C4<0>, C4<0>, C4<0>;
v000000000125b090_0 .net *"_s93", 0 0, L_0000000001265588;  1 drivers
L_00000000012655d0 .functor BUFT 1, C4<00000000000000000000000000000000000000000000000000000000000000001>, C4<0>, C4<0>, C4<0>;
v000000000125cc10_0 .net/2u *"_s94", 64 0, L_00000000012655d0;  1 drivers
v000000000125b4f0_0 .net *"_s96", 64 0, L_00000000012629c0;  1 drivers
v000000000125b8b0_0 .net *"_s98", 7 0, L_0000000001261980;  1 drivers
v000000000125ccb0_0 .net "imem_error_o", 0 0, L_0000000001261520;  alias, 1 drivers
v000000000125bdb0 .array "instr_mem", 0 1024, 7 0;
v000000000125bb30_0 .net "raddr_i", 63 0, v000000000125fef0_0;  alias, 1 drivers
v000000000125be50_0 .net "rdata_o", 80 0, L_0000000001262a60;  1 drivers
L_0000000001261520 .cmp/gt 64, v000000000125fef0_0, L_0000000001265078;
L_0000000001262f60 .cmp/ge 64, L_00000000012650c0, v000000000125fef0_0;
L_0000000001262740 .array/port v000000000125bdb0, L_0000000001262880;
L_00000000012636e0 .concat [ 64 1 0 0], v000000000125fef0_0, L_0000000001265108;
L_0000000001262880 .arith/sum 65, L_00000000012636e0, L_0000000001265150;
L_0000000001261f20 .array/port v000000000125bdb0, L_0000000001261340;
L_0000000001262ce0 .concat [ 64 1 0 0], v000000000125fef0_0, L_0000000001265198;
L_0000000001261340 .arith/sum 65, L_0000000001262ce0, L_00000000012651e0;
L_0000000001263000 .array/port v000000000125bdb0, L_0000000001262060;
L_0000000001261fc0 .concat [ 64 1 0 0], v000000000125fef0_0, L_0000000001265228;
L_0000000001262060 .arith/sum 65, L_0000000001261fc0, L_0000000001265270;
L_00000000012613e0 .array/port v000000000125bdb0, L_0000000001262100;
L_0000000001261480 .concat [ 64 1 0 0], v000000000125fef0_0, L_00000000012652b8;
L_0000000001262100 .arith/sum 65, L_0000000001261480, L_0000000001265300;
L_0000000001263500 .array/port v000000000125bdb0, L_00000000012615c0;
L_00000000012627e0 .concat [ 64 1 0 0], v000000000125fef0_0, L_0000000001265348;
L_00000000012615c0 .arith/sum 65, L_00000000012627e0, L_0000000001265390;
L_0000000001262920 .array/port v000000000125bdb0, L_00000000012635a0;
L_00000000012621a0 .concat [ 64 1 0 0], v000000000125fef0_0, L_00000000012653d8;
L_00000000012635a0 .arith/sum 65, L_00000000012621a0, L_0000000001265420;
L_0000000001263140 .array/port v000000000125bdb0, L_00000000012618e0;
L_0000000001262240 .concat [ 64 1 0 0], v000000000125fef0_0, L_0000000001265468;
L_00000000012618e0 .arith/sum 65, L_0000000001262240, L_00000000012654b0;
L_00000000012631e0 .array/port v000000000125bdb0, L_0000000001261de0;
L_0000000001263280 .concat [ 64 1 0 0], v000000000125fef0_0, L_00000000012654f8;
L_0000000001261de0 .arith/sum 65, L_0000000001263280, L_0000000001265540;
L_0000000001263320 .array/port v000000000125bdb0, L_00000000012629c0;
L_0000000001261c00 .concat [ 64 1 0 0], v000000000125fef0_0, L_0000000001265588;
L_00000000012629c0 .arith/sum 65, L_0000000001261c00, L_00000000012655d0;
L_0000000001261980 .array/port v000000000125bdb0, v000000000125fef0_0;
LS_0000000001261a20_0_0 .concat [ 8 8 8 8], L_0000000001261980, L_0000000001263320, L_00000000012631e0, L_0000000001263140;
LS_0000000001261a20_0_4 .concat [ 8 8 8 8], L_0000000001262920, L_0000000001263500, L_00000000012613e0, L_0000000001263000;
LS_0000000001261a20_0_8 .concat [ 8 8 0 0], L_0000000001261f20, L_0000000001262740;
L_0000000001261a20 .concat [ 32 32 16 0], LS_0000000001261a20_0_0, LS_0000000001261a20_0_4, LS_0000000001261a20_0_8;
L_0000000001261200 .concat [ 80 1 0 0], L_0000000001261a20, L_0000000001265618;
L_0000000001262a60 .functor MUXZ 81, L_0000000001265660, L_0000000001261200, L_0000000001262f60, C4<>;
    .scope S_00000000010f2e30;
T_0 ;
    %pushi/vec4 48, 0, 8;
    %ix/load 4, 0, 0;
    %flag_set/imm 4, 0;
    %store/vec4a v000000000125bdb0, 4, 0;
    %pushi/vec4 241, 0, 8;
    %ix/load 4, 1, 0;
    %flag_set/imm 4, 0;
    %store/vec4a v000000000125bdb0, 4, 0;
    %pushi/vec4 240, 0, 8;
    %ix/load 4, 2, 0;
    %flag_set/imm 4, 0;
    %store/vec4a v000000000125bdb0, 4, 0;
    %pushi/vec4 222, 0, 8;
    %ix/load 4, 3, 0;
    %flag_set/imm 4, 0;
    %store/vec4a v000000000125bdb0, 4, 0;
    %pushi/vec4 188, 0, 8;
    %ix/load 4, 4, 0;
    %flag_set/imm 4, 0;
    %store/vec4a v000000000125bdb0, 4, 0;
    %pushi/vec4 154, 0, 8;
    %ix/load 4, 5, 0;
    %flag_set/imm 4, 0;
    %store/vec4a v000000000125bdb0, 4, 0;
    %pushi/vec4 120, 0, 8;
    %ix/load 4, 6, 0;
    %flag_set/imm 4, 0;
    %store/vec4a v000000000125bdb0, 4, 0;
    %pushi/vec4 86, 0, 8;
    %ix/load 4, 7, 0;
    %flag_set/imm 4, 0;
    %store/vec4a v000000000125bdb0, 4, 0;
    %pushi/vec4 52, 0, 8;
    %ix/load 4, 8, 0;
    %flag_set/imm 4, 0;
    %store/vec4a v000000000125bdb0, 4, 0;
    %pushi/vec4 18, 0, 8;
    %ix/load 4, 9, 0;
    %flag_set/imm 4, 0;
    %store/vec4a v000000000125bdb0, 4, 0;
    %pushi/vec4 64, 0, 8;
    %ix/load 4, 10, 0;
    %flag_set/imm 4, 0;
    %store/vec4a v000000000125bdb0, 4, 0;
    %pushi/vec4 18, 0, 8;
    %ix/load 4, 11, 0;
    %flag_set/imm 4, 0;
    %store/vec4a v000000000125bdb0, 4, 0;
    %pushi/vec4 16, 0, 8;
    %ix/load 4, 12, 0;
    %flag_set/imm 4, 0;
    %store/vec4a v000000000125bdb0, 4, 0;
    %pushi/vec4 0, 0, 8;
    %ix/load 4, 13, 0;
    %flag_set/imm 4, 0;
    %store/vec4a v000000000125bdb0, 4, 0;
    %pushi/vec4 0, 0, 8;
    %ix/load 4, 14, 0;
    %flag_set/imm 4, 0;
    %store/vec4a v000000000125bdb0, 4, 0;
    %pushi/vec4 0, 0, 8;
    %ix/load 4, 15, 0;
    %flag_set/imm 4, 0;
    %store/vec4a v000000000125bdb0, 4, 0;
    %pushi/vec4 0, 0, 8;
    %ix/load 4, 16, 0;
    %flag_set/imm 4, 0;
    %store/vec4a v000000000125bdb0, 4, 0;
    %pushi/vec4 0, 0, 8;
    %ix/load 4, 17, 0;
    %flag_set/imm 4, 0;
    %store/vec4a v000000000125bdb0, 4, 0;
    %pushi/vec4 0, 0, 8;
    %ix/load 4, 18, 0;
    %flag_set/imm 4, 0;
    %store/vec4a v000000000125bdb0, 4, 0;
    %pushi/vec4 0, 0, 8;
    %ix/load 4, 19, 0;
    %flag_set/imm 4, 0;
    %store/vec4a v000000000125bdb0, 4, 0;
    %pushi/vec4 80, 0, 8;
    %ix/load 4, 20, 0;
    %flag_set/imm 4, 0;
    %store/vec4a v000000000125bdb0, 4, 0;
    %pushi/vec4 37, 0, 8;
    %ix/load 4, 21, 0;
    %flag_set/imm 4, 0;
    %store/vec4a v000000000125bdb0, 4, 0;
    %pushi/vec4 32, 0, 8;
    %ix/load 4, 22, 0;
    %flag_set/imm 4, 0;
    %store/vec4a v000000000125bdb0, 4, 0;
    %pushi/vec4 0, 0, 8;
    %ix/load 4, 23, 0;
    %flag_set/imm 4, 0;
    %store/vec4a v000000000125bdb0, 4, 0;
    %pushi/vec4 0, 0, 8;
    %ix/load 4, 24, 0;
    %flag_set/imm 4, 0;
    %store/vec4a v000000000125bdb0, 4, 0;
    %pushi/vec4 0, 0, 8;
    %ix/load 4, 25, 0;
    %flag_set/imm 4, 0;
    %store/vec4a v000000000125bdb0, 4, 0;
    %pushi/vec4 0, 0, 8;
    %ix/load 4, 26, 0;
    %flag_set/imm 4, 0;
    %store/vec4a v000000000125bdb0, 4, 0;
    %pushi/vec4 0, 0, 8;
    %ix/load 4, 27, 0;
    %flag_set/imm 4, 0;
    %store/vec4a v000000000125bdb0, 4, 0;
    %pushi/vec4 0, 0, 8;
    %ix/load 4, 28, 0;
    %flag_set/imm 4, 0;
    %store/vec4a v000000000125bdb0, 4, 0;
    %pushi/vec4 0, 0, 8;
    %ix/load 4, 29, 0;
    %flag_set/imm 4, 0;
    %store/vec4a v000000000125bdb0, 4, 0;
    %pushi/vec4 96, 0, 8;
    %ix/load 4, 30, 0;
    %flag_set/imm 4, 0;
    %store/vec4a v000000000125bdb0, 4, 0;
    %pushi/vec4 53, 0, 8;
    %ix/load 4, 31, 0;
    %flag_set/imm 4, 0;
    %store/vec4a v000000000125bdb0, 4, 0;
    %pushi/vec4 160, 0, 8;
    %ix/load 4, 32, 0;
    %flag_set/imm 4, 0;
    %store/vec4a v000000000125bdb0, 4, 0;
    %pushi/vec4 143, 0, 8;
    %ix/load 4, 33, 0;
    %flag_set/imm 4, 0;
    %store/vec4a v000000000125bdb0, 4, 0;
    %pushi/vec4 176, 0, 8;
    %ix/load 4, 34, 0;
    %flag_set/imm 4, 0;
    %store/vec4a v000000000125bdb0, 4, 0;
    %pushi/vec4 159, 0, 8;
    %ix/load 4, 35, 0;
    %flag_set/imm 4, 0;
    %store/vec4a v000000000125bdb0, 4, 0;
    %pushi/vec4 96, 0, 8;
    %ix/load 4, 36, 0;
    %flag_set/imm 4, 0;
    %store/vec4a v000000000125bdb0, 4, 0;
    %pushi/vec4 53, 0, 8;
    %ix/load 4, 37, 0;
    %flag_set/imm 4, 0;
    %store/vec4a v000000000125bdb0, 4, 0;
    %pushi/vec4 112, 0, 8;
    %ix/load 4, 38, 0;
    %flag_set/imm 4, 0;
    %store/vec4a v000000000125bdb0, 4, 0;
    %pushi/vec4 48, 0, 8;
    %ix/load 4, 39, 0;
    %flag_set/imm 4, 0;
    %store/vec4a v000000000125bdb0, 4, 0;
    %pushi/vec4 0, 0, 8;
    %ix/load 4, 40, 0;
    %flag_set/imm 4, 0;
    %store/vec4a v000000000125bdb0, 4, 0;
    %pushi/vec4 0, 0, 8;
    %ix/load 4, 41, 0;
    %flag_set/imm 4, 0;
    %store/vec4a v000000000125bdb0, 4, 0;
    %pushi/vec4 0, 0, 8;
    %ix/load 4, 42, 0;
    %flag_set/imm 4, 0;
    %store/vec4a v000000000125bdb0, 4, 0;
    %pushi/vec4 0, 0, 8;
    %ix/load 4, 43, 0;
    %flag_set/imm 4, 0;
    %store/vec4a v000000000125bdb0, 4, 0;
    %pushi/vec4 0, 0, 8;
    %ix/load 4, 44, 0;
    %flag_set/imm 4, 0;
    %store/vec4a v000000000125bdb0, 4, 0;
    %pushi/vec4 0, 0, 8;
    %ix/load 4, 45, 0;
    %flag_set/imm 4, 0;
    %store/vec4a v000000000125bdb0, 4, 0;
    %pushi/vec4 0, 0, 8;
    %ix/load 4, 46, 0;
    %flag_set/imm 4, 0;
    %store/vec4a v000000000125bdb0, 4, 0;
    %pushi/vec4 113, 0, 8;
    %ix/load 4, 48, 0;
    %flag_set/imm 4, 0;
    %store/vec4a v000000000125bdb0, 4, 0;
    %pushi/vec4 58, 0, 8;
    %ix/load 4, 49, 0;
    %flag_set/imm 4, 0;
    %store/vec4a v000000000125bdb0, 4, 0;
    %pushi/vec4 0, 0, 8;
    %ix/load 4, 50, 0;
    %flag_set/imm 4, 0;
    %store/vec4a v000000000125bdb0, 4, 0;
    %pushi/vec4 0, 0, 8;
    %ix/load 4, 51, 0;
    %flag_set/imm 4, 0;
    %store/vec4a v000000000125bdb0, 4, 0;
    %pushi/vec4 0, 0, 8;
    %ix/load 4, 52, 0;
    %flag_set/imm 4, 0;
    %store/vec4a v000000000125bdb0, 4, 0;
    %pushi/vec4 0, 0, 8;
    %ix/load 4, 53, 0;
    %flag_set/imm 4, 0;
    %store/vec4a v000000000125bdb0, 4, 0;
    %pushi/vec4 0, 0, 8;
    %ix/load 4, 54, 0;
    %flag_set/imm 4, 0;
    %store/vec4a v000000000125bdb0, 4, 0;
    %pushi/vec4 0, 0, 8;
    %ix/load 4, 55, 0;
    %flag_set/imm 4, 0;
    %store/vec4a v000000000125bdb0, 4, 0;
    %pushi/vec4 0, 0, 8;
    %ix/load 4, 56, 0;
    %flag_set/imm 4, 0;
    %store/vec4a v000000000125bdb0, 4, 0;
    %pushi/vec4 114, 0, 8;
    %ix/load 4, 57, 0;
    %flag_set/imm 4, 0;
    %store/vec4a v000000000125bdb0, 4, 0;
    %pushi/vec4 67, 0, 8;
    %ix/load 4, 58, 0;
    %flag_set/imm 4, 0;
    %store/vec4a v000000000125bdb0, 4, 0;
    %pushi/vec4 0, 0, 8;
    %ix/load 4, 59, 0;
    %flag_set/imm 4, 0;
    %store/vec4a v000000000125bdb0, 4, 0;
    %pushi/vec4 0, 0, 8;
    %ix/load 4, 60, 0;
    %flag_set/imm 4, 0;
    %store/vec4a v000000000125bdb0, 4, 0;
    %pushi/vec4 0, 0, 8;
    %ix/load 4, 61, 0;
    %flag_set/imm 4, 0;
    %store/vec4a v000000000125bdb0, 4, 0;
    %pushi/vec4 0, 0, 8;
    %ix/load 4, 62, 0;
    %flag_set/imm 4, 0;
    %store/vec4a v000000000125bdb0, 4, 0;
    %pushi/vec4 0, 0, 8;
    %ix/load 4, 63, 0;
    %flag_set/imm 4, 0;
    %store/vec4a v000000000125bdb0, 4, 0;
    %pushi/vec4 0, 0, 8;
    %ix/load 4, 64, 0;
    %flag_set/imm 4, 0;
    %store/vec4a v000000000125bdb0, 4, 0;
    %pushi/vec4 0, 0, 8;
    %ix/load 4, 65, 0;
    %flag_set/imm 4, 0;
    %store/vec4a v000000000125bdb0, 4, 0;
    %pushi/vec4 128, 0, 8;
    %ix/load 4, 67, 0;
    %flag_set/imm 4, 0;
    %store/vec4a v000000000125bdb0, 4, 0;
    %pushi/vec4 0, 0, 8;
    %ix/load 4, 68, 0;
    %flag_set/imm 4, 0;
    %store/vec4a v000000000125bdb0, 4, 0;
    %pushi/vec4 1, 0, 8;
    %ix/load 4, 69, 0;
    %flag_set/imm 4, 0;
    %store/vec4a v000000000125bdb0, 4, 0;
    %pushi/vec4 0, 0, 8;
    %ix/load 4, 70, 0;
    %flag_set/imm 4, 0;
    %store/vec4a v000000000125bdb0, 4, 0;
    %pushi/vec4 0, 0, 8;
    %ix/load 4, 71, 0;
    %flag_set/imm 4, 0;
    %store/vec4a v000000000125bdb0, 4, 0;
    %pushi/vec4 0, 0, 8;
    %ix/load 4, 72, 0;
    %flag_set/imm 4, 0;
    %store/vec4a v000000000125bdb0, 4, 0;
    %pushi/vec4 0, 0, 8;
    %ix/load 4, 73, 0;
    %flag_set/imm 4, 0;
    %store/vec4a v000000000125bdb0, 4, 0;
    %pushi/vec4 0, 0, 8;
    %ix/load 4, 74, 0;
    %flag_set/imm 4, 0;
    %store/vec4a v000000000125bdb0, 4, 0;
    %pushi/vec4 0, 0, 8;
    %ix/load 4, 75, 0;
    %flag_set/imm 4, 0;
    %store/vec4a v000000000125bdb0, 4, 0;
    %pushi/vec4 144, 0, 8;
    %ix/load 4, 256, 0;
    %flag_set/imm 4, 0;
    %store/vec4a v000000000125bdb0, 4, 0;
    %end;
    .thread T_0;
    .scope S_0000000001161a70;
T_1 ;
    %wait E_00000000011e9fe0;
    %load/vec4 v00000000012586f0_0;
    %flag_set/vec4 8;
    %jmp/0xz  T_1.0, 8;
    %pushi/vec4 0, 0, 3;
    %assign/vec4 v0000000001258a10_0, 0;
    %pushi/vec4 0, 0, 64;
    %assign/vec4 v00000000012574d0_0, 0;
    %pushi/vec4 1, 0, 4;
    %assign/vec4 v00000000012571b0_0, 0;
    %pushi/vec4 0, 0, 4;
    %assign/vec4 v0000000001258830_0, 0;
    %pushi/vec4 15, 0, 4;
    %assign/vec4 v00000000012588d0_0, 0;
    %pushi/vec4 15, 0, 4;
    %assign/vec4 v0000000001258970_0, 0;
    %pushi/vec4 0, 0, 64;
    %assign/vec4 v0000000001258ab0_0, 0;
    %pushi/vec4 0, 0, 64;
    %assign/vec4 v0000000001258b50_0, 0;
    %jmp T_1.1;
T_1.0 ;
    %load/vec4 v0000000001258e70_0;
    %inv;
    %flag_set/vec4 8;
    %jmp/0xz  T_1.2, 8;
    %load/vec4 v0000000001257890_0;
    %assign/vec4 v0000000001258a10_0, 0;
    %load/vec4 v0000000001257570_0;
    %assign/vec4 v00000000012574d0_0, 0;
    %load/vec4 v0000000001257cf0_0;
    %assign/vec4 v00000000012571b0_0, 0;
    %load/vec4 v00000000012572f0_0;
    %assign/vec4 v0000000001258830_0, 0;
    %load/vec4 v0000000001257610_0;
    %assign/vec4 v00000000012588d0_0, 0;
    %load/vec4 v0000000001257c50_0;
    %assign/vec4 v0000000001258970_0, 0;
    %load/vec4 v0000000001257930_0;
    %assign/vec4 v0000000001258ab0_0, 0;
    %load/vec4 v0000000001257a70_0;
    %assign/vec4 v0000000001258b50_0, 0;
T_1.2 ;
T_1.1 ;
    %jmp T_1;
    .thread T_1;
    .scope S_000000000113c2d0;
T_2 ;
    %wait E_00000000011e9fe0;
    %load/vec4 v00000000011e7020_0;
    %cmpi/ne 15, 0, 4;
    %jmp/0xz  T_2.0, 4;
    %load/vec4 v00000000011e7520_0;
    %load/vec4 v00000000011e7020_0;
    %pad/u 6;
    %ix/vec4 3;
    %ix/load 4, 0, 0; Constant delay
    %assign/vec4/a/d v0000000001258dd0, 0, 4;
T_2.0 ;
    %load/vec4 v00000000011e63a0_0;
    %cmpi/ne 15, 0, 4;
    %jmp/0xz  T_2.2, 4;
    %load/vec4 v00000000011e77a0_0;
    %load/vec4 v00000000011e7020_0;
    %pad/u 6;
    %ix/vec4 3;
    %ix/load 4, 0, 0; Constant delay
    %assign/vec4/a/d v0000000001258dd0, 0, 4;
T_2.2 ;
    %jmp T_2;
    .thread T_2;
    .scope S_000000000113c2d0;
T_3 ;
    %pushi/vec4 0, 0, 64;
    %ix/load 4, 0, 0;
    %flag_set/imm 4, 0;
    %store/vec4a v0000000001258dd0, 4, 0;
    %pushi/vec4 1, 0, 64;
    %ix/load 4, 1, 0;
    %flag_set/imm 4, 0;
    %store/vec4a v0000000001258dd0, 4, 0;
    %pushi/vec4 2, 0, 64;
    %ix/load 4, 2, 0;
    %flag_set/imm 4, 0;
    %store/vec4a v0000000001258dd0, 4, 0;
    %pushi/vec4 3, 0, 64;
    %ix/load 4, 3, 0;
    %flag_set/imm 4, 0;
    %store/vec4a v0000000001258dd0, 4, 0;
    %pushi/vec4 1024, 0, 64;
    %ix/load 4, 4, 0;
    %flag_set/imm 4, 0;
    %store/vec4a v0000000001258dd0, 4, 0;
    %pushi/vec4 5, 0, 64;
    %ix/load 4, 5, 0;
    %flag_set/imm 4, 0;
    %store/vec4a v0000000001258dd0, 4, 0;
    %pushi/vec4 6, 0, 64;
    %ix/load 4, 6, 0;
    %flag_set/imm 4, 0;
    %store/vec4a v0000000001258dd0, 4, 0;
    %pushi/vec4 7, 0, 64;
    %ix/load 4, 7, 0;
    %flag_set/imm 4, 0;
    %store/vec4a v0000000001258dd0, 4, 0;
    %pushi/vec4 273, 0, 64;
    %ix/load 4, 8, 0;
    %flag_set/imm 4, 0;
    %store/vec4a v0000000001258dd0, 4, 0;
    %pushi/vec4 9, 0, 64;
    %ix/load 4, 9, 0;
    %flag_set/imm 4, 0;
    %store/vec4a v0000000001258dd0, 4, 0;
    %pushi/vec4 10, 0, 64;
    %ix/load 4, 10, 0;
    %flag_set/imm 4, 0;
    %store/vec4a v0000000001258dd0, 4, 0;
    %pushi/vec4 11, 0, 64;
    %ix/load 4, 11, 0;
    %flag_set/imm 4, 0;
    %store/vec4a v0000000001258dd0, 4, 0;
    %pushi/vec4 12, 0, 64;
    %ix/load 4, 12, 0;
    %flag_set/imm 4, 0;
    %store/vec4a v0000000001258dd0, 4, 0;
    %pushi/vec4 13, 0, 64;
    %ix/load 4, 13, 0;
    %flag_set/imm 4, 0;
    %store/vec4a v0000000001258dd0, 4, 0;
    %pushi/vec4 14, 0, 64;
    %ix/load 4, 14, 0;
    %flag_set/imm 4, 0;
    %store/vec4a v0000000001258dd0, 4, 0;
    %end;
    .thread T_3;
    .scope S_0000000001144bf0;
T_4 ;
    %wait E_00000000011e9fe0;
    %load/vec4 v0000000001257d90_0;
    %flag_set/vec4 8;
    %jmp/0xz  T_4.0, 8;
    %load/vec4 v0000000001259da0_0;
    %assign/vec4 v000000000125a520_0, 0;
    %pushi/vec4 0, 0, 64;
    %assign/vec4 v0000000001259bc0_0, 0;
    %pushi/vec4 1, 0, 4;
    %assign/vec4 v0000000001259b20_0, 0;
    %pushi/vec4 0, 0, 4;
    %assign/vec4 v0000000001259260_0, 0;
    %pushi/vec4 0, 0, 64;
    %assign/vec4 v0000000001259440_0, 0;
    %pushi/vec4 0, 0, 64;
    %assign/vec4 v00000000012593a0_0, 0;
    %pushi/vec4 0, 0, 64;
    %assign/vec4 v000000000125a2a0_0, 0;
    %pushi/vec4 15, 0, 4;
    %assign/vec4 v0000000001257750_0, 0;
    %pushi/vec4 15, 0, 4;
    %assign/vec4 v0000000001259800_0, 0;
    %pushi/vec4 15, 0, 4;
    %assign/vec4 v000000000125a340_0, 0;
    %pushi/vec4 15, 0, 4;
    %assign/vec4 v0000000001259d00_0, 0;
    %jmp T_4.1;
T_4.0 ;
    %load/vec4 v000000000125ade0_0;
    %inv;
    %flag_set/vec4 8;
    %jmp/0xz  T_4.2, 8;
    %load/vec4 v0000000001259da0_0;
    %assign/vec4 v000000000125a520_0, 0;
    %load/vec4 v000000000125a200_0;
    %assign/vec4 v0000000001259bc0_0, 0;
    %load/vec4 v0000000001259120_0;
    %assign/vec4 v0000000001259b20_0, 0;
    %load/vec4 v0000000001259300_0;
    %assign/vec4 v0000000001259260_0, 0;
    %load/vec4 v000000000125af20_0;
    %assign/vec4 v0000000001259440_0, 0;
    %load/vec4 v000000000125a980_0;
    %assign/vec4 v00000000012593a0_0, 0;
    %load/vec4 v0000000001259e40_0;
    %assign/vec4 v000000000125a2a0_0, 0;
    %load/vec4 v000000000125aac0_0;
    %assign/vec4 v0000000001257750_0, 0;
    %load/vec4 v0000000001259a80_0;
    %assign/vec4 v0000000001259800_0, 0;
    %load/vec4 v000000000125a8e0_0;
    %assign/vec4 v000000000125a340_0, 0;
    %load/vec4 v000000000125a5c0_0;
    %assign/vec4 v0000000001259d00_0, 0;
T_4.2 ;
T_4.1 ;
    %jmp T_4;
    .thread T_4;
    .scope S_00000000011e9230;
T_5 ;
    %pushi/vec4 0, 0, 1;
    %store/vec4 v000000000125ff90_0, 0, 1;
T_5.0 ;
    %delay 5000, 0;
    %load/vec4 v000000000125ff90_0;
    %inv;
    %store/vec4 v000000000125ff90_0, 0, 1;
    %jmp T_5.0;
    %end;
    .thread T_5;
    .scope S_00000000011e9230;
T_6 ;
    %pushi/vec4 0, 0, 1;
    %store/vec4 v0000000001261ac0_0, 0, 1;
    %delay 1000, 0;
    %pushi/vec4 1, 0, 1;
    %store/vec4 v0000000001261ac0_0, 0, 1;
    %end;
    .thread T_6;
    .scope S_00000000011e9230;
T_7 ;
    %wait E_00000000011e9fe0;
    %load/vec4 v0000000001263640_0;
    %assign/vec4 v000000000125fef0_0, 0;
    %jmp T_7;
    .thread T_7;
    .scope S_00000000011e9230;
T_8 ;
    %vpi_call 2 173 "$dumpfile", "./wave/decode.vcd" {0 0 0};
    %vpi_call 2 174 "$dumpvars", 32'sb00000000000000000000000000000000, S_00000000011e9230 {0 0 0};
    %pushi/vec4 0, 0, 64;
    %store/vec4 v000000000125fef0_0, 0, 64;
    %delay 40000, 0;
    %vpi_call 2 176 "$finish" {0 0 0};
    %end;
    .thread T_8;
    .scope S_00000000011e9230;
T_9 ;
    %vpi_call 2 180 "$monitor", "Time=%0t, fetch:D_PC=%h, D_icode=%h, D_ifun=%h, D_rA=%h, D_rB=%h, D_valC=%h, D_valP=%h,\012\011decode:e_icode=%h, e_ifun=%h, d_srcA=%h, d_srcB=%h, d_valA=%h, d_valB=%h, e_srcA=%h, e_srcB=%h", $time, v000000000125e190_0, v000000000125ddd0_0, v000000000125de70_0, v000000000125e550_0, v000000000125f9f0_0, v0000000001260cb0_0, v000000000125fd10_0, v00000000012608f0_0, v0000000001260490_0, v0000000001260170_0, v000000000125fbd0_0, v0000000001260e90_0, v0000000001260350_0, v00000000012602b0_0, v0000000001260990_0 {0 0 0};
    %end;
    .thread T_9;
# The file index is used to find the file name in the following table.
:file_names 8;
    "N/A";
    "<interactive>";
    "decode_tb.v";
    "./decode.v";
    "./fetch_D_pipe_reg.v";
    "./decode_E_pipe_reg.v";
    "./fetch.v";
    "./instruction_memory.v";
