#! /usr/local/iverilog/bin/vvp
:ivl_version "11.0 (devel)" "(s20150603-642-g3bdb50da)";
:ivl_delay_selection "TYPICAL";
:vpi_time_precision - 12;
:vpi_module "system";
:vpi_module "vhdl_sys";
:vpi_module "vhdl_textio";
:vpi_module "v2005_math";
:vpi_module "va_math";
S_000000000113af50 .scope module, "execute_tb" "execute_tb" 2 9;
 .timescale -9 -12;
L_000000000112cd10 .functor BUFZ 1, v00000000011b21a0_0, C4<0>, C4<0>, C4<0>;
L_00000000011b6560 .functor BUFT 1, C4<0>, C4<0>, C4<0>, C4<0>;
v00000000011aa9f0_0 .net "D_bubble", 0 0, L_00000000011b6560;  1 drivers
v00000000011aa810_0 .net "D_icode", 3 0, v000000000119d440_0;  1 drivers
v00000000011aa270_0 .net "D_ifun", 3 0, v000000000119bc80_0;  1 drivers
v00000000011abc10_0 .net "D_pc", 63 0, v000000000119bfa0_0;  1 drivers
v00000000011aac70_0 .net "D_rA", 3 0, v000000000119bd20_0;  1 drivers
v00000000011aba30_0 .net "D_rB", 3 0, v000000000119bf00_0;  1 drivers
L_00000000011b6518 .functor BUFT 1, C4<0>, C4<0>, C4<0>, C4<0>;
v00000000011ab0d0_0 .net "D_stall", 0 0, L_00000000011b6518;  1 drivers
v00000000011abad0_0 .net "D_stat", 2 0, v000000000119d120_0;  1 drivers
v00000000011aab30_0 .net "D_valC", 63 0, v000000000119d4e0_0;  1 drivers
v00000000011aa950_0 .net "D_valP", 63 0, v000000000119c180_0;  1 drivers
L_00000000011b65f0 .functor BUFT 1, C4<0>, C4<0>, C4<0>, C4<0>;
v00000000011a9af0_0 .net "E_bubble", 0 0, L_00000000011b65f0;  1 drivers
v00000000011a9a50_0 .net "E_dstE", 3 0, v000000000119e740_0;  1 drivers
v00000000011abcb0_0 .net "E_dstM", 3 0, v000000000119dde0_0;  1 drivers
v00000000011aa8b0_0 .net "E_icode", 3 0, v000000000119ec40_0;  1 drivers
v00000000011ab170_0 .net "E_ifun", 3 0, v000000000119f8c0_0;  1 drivers
v00000000011aaf90_0 .net "E_pc", 0 0, L_00000000011b2ba0;  1 drivers
v00000000011aaa90_0 .net "E_srcA", 3 0, v000000000119e4c0_0;  1 drivers
v00000000011aa310_0 .net "E_srcB", 3 0, v000000000119f640_0;  1 drivers
L_00000000011b65a8 .functor BUFT 1, C4<0>, C4<0>, C4<0>, C4<0>;
v00000000011aabd0_0 .net "E_stall", 0 0, L_00000000011b65a8;  1 drivers
v00000000011a9ff0_0 .net "E_stat", 2 0, v000000000119db60_0;  1 drivers
v00000000011aad10_0 .net "E_valA", 63 0, v000000000119e9c0_0;  1 drivers
v00000000011a9f50_0 .net "E_valB", 63 0, v000000000119faa0_0;  1 drivers
v00000000011abb70_0 .net "E_valC", 63 0, v000000000119eb00_0;  1 drivers
v00000000011abdf0_0 .net "M_Cnd", 0 0, v00000000011ad0b0_0;  1 drivers
L_00000000011b7cb8 .functor BUFT 1, C4<0>, C4<0>, C4<0>, C4<0>;
v00000000011ab210_0 .net "M_bubble", 0 0, L_00000000011b7cb8;  1 drivers
v00000000011abf30_0 .net "M_dstE", 3 0, v00000000011ad3d0_0;  1 drivers
v00000000011a99b0_0 .net "M_dstM", 3 0, v00000000011ad150_0;  1 drivers
v00000000011ab5d0_0 .net "M_icode", 3 0, v00000000011ad1f0_0;  1 drivers
v00000000011ab2b0_0 .net "M_ifun", 3 0, v00000000011ac2f0_0;  1 drivers
v00000000011a9910_0 .net "M_pc", 63 0, v00000000011ac430_0;  1 drivers
L_00000000011b7c70 .functor BUFT 1, C4<0>, C4<0>, C4<0>, C4<0>;
v00000000011aa3b0_0 .net "M_stall", 0 0, L_00000000011b7c70;  1 drivers
v00000000011aaef0_0 .net "M_stat", 2 0, v00000000011ad330_0;  1 drivers
v00000000011a9b90_0 .net "M_valA", 63 0, v00000000011a9eb0_0;  1 drivers
v00000000011aadb0_0 .net "M_valE", 63 0, v00000000011abd50_0;  1 drivers
o00000000011437e8 .functor BUFZ 4, C4<zzzz>; HiZ drive
v00000000011a97d0_0 .net "W_dstE", 3 0, o00000000011437e8;  0 drivers
o0000000001143818 .functor BUFZ 4, C4<zzzz>; HiZ drive
v00000000011aa6d0_0 .net "W_dstM", 3 0, o0000000001143818;  0 drivers
o0000000001143848 .functor BUFZ 64, C4<zzzzzzzzzzzzzzzzzzzzzzzzzzzzzzzzzzzzzzzzzzzzzzzzzzzzzzzzzzzzzzzz>; HiZ drive
v00000000011aae50_0 .net "W_valE", 63 0, o0000000001143848;  0 drivers
o0000000001143878 .functor BUFZ 64, C4<zzzzzzzzzzzzzzzzzzzzzzzzzzzzzzzzzzzzzzzzzzzzzzzzzzzzzzzzzzzzzzzz>; HiZ drive
v00000000011a9c30_0 .net "W_valM", 63 0, o0000000001143878;  0 drivers
L_00000000011b7c28 .functor BUFT 1, C4<0>, C4<0>, C4<0>, C4<0>;
v00000000011ab350_0 .net *"_s17", 0 0, L_00000000011b7c28;  1 drivers
L_00000000011b7d00 .functor BUFT 1, C4<000000000000000000000000000000000000000000000000000000000000000>, C4<0>, C4<0>, C4<0>;
v00000000011aa450_0 .net *"_s38", 62 0, L_00000000011b7d00;  1 drivers
v00000000011a9d70_0 .var "clk", 0 0;
v00000000011ab3f0_0 .net "d_dstE", 3 0, L_00000000011b4d60;  1 drivers
v00000000011a9e10_0 .net "d_dstM", 3 0, L_00000000011b45e0;  1 drivers
v00000000011ab490_0 .net "d_srcA", 3 0, L_00000000011b3960;  1 drivers
v00000000011ab530_0 .net "d_srcB", 3 0, L_00000000011b3820;  1 drivers
v00000000011ab670_0 .net "d_valA", 63 0, L_000000000120df70;  1 drivers
v00000000011ab710_0 .net "d_valB", 63 0, L_000000000120e520;  1 drivers
v00000000011aa4f0_0 .net "e_Cnd", 0 0, L_00000000011afb80;  1 drivers
v00000000011aa590_0 .net "e_dstE", 3 0, L_00000000011adc40;  1 drivers
v00000000011aa630_0 .net "e_rst", 0 0, L_000000000112cd10;  1 drivers
v00000000011aa770_0 .net "e_valE", 63 0, L_00000000011ad880;  1 drivers
RS_0000000001145078 .resolv tri, L_00000000011b0b20, L_00000000011b1480;
v00000000011ab7b0_0 .net8 "f_icode", 3 0, RS_0000000001145078;  2 drivers
v00000000011b2740_0 .net "f_ifun", 3 0, L_00000000011b1f20;  1 drivers
v00000000011b0080_0 .var "f_pc", 63 0;
v00000000011b1ac0_0 .net "f_predPC", 63 0, L_00000000011b27e0;  1 drivers
v00000000011b17a0_0 .net "f_rA", 3 0, L_00000000011b04e0;  1 drivers
v00000000011b1b60_0 .net "f_rB", 3 0, L_00000000011b15c0;  1 drivers
v00000000011b0a80_0 .net "f_stat", 2 0, L_00000000011b3280;  1 drivers
v00000000011b0760_0 .net "f_valC", 63 0, L_00000000011b4b80;  1 drivers
v00000000011b10c0_0 .net "f_valP", 63 0, L_00000000011b38c0;  1 drivers
o0000000001144b08 .functor BUFZ 64, C4<zzzzzzzzzzzzzzzzzzzzzzzzzzzzzzzzzzzzzzzzzzzzzzzzzzzzzzzzzzzzzzzz>; HiZ drive
v00000000011b1520_0 .net "m_valM", 63 0, o0000000001144b08;  0 drivers
v00000000011b21a0_0 .var "rst_n", 0 0;
L_00000000011b4ae0 .part v000000000119c180_0, 0, 4;
L_00000000011b2ba0 .part v000000000119f0a0_0, 0, 1;
L_00000000011ae320 .concat [ 4 1 0 0], v000000000119e740_0, L_00000000011b7c28;
L_00000000011afb80 .part L_00000000011af720, 0, 1;
L_00000000011ae3c0 .concat [ 1 63 0 0], L_00000000011b2ba0, L_00000000011b7d00;
S_000000000113b0e0 .scope module, "decode_stage" "decode" 2 130, 3 2 0, S_000000000113af50;
 .timescale -9 -12;
    .port_info 0 /INPUT 1 "clk_i";
    .port_info 1 /INPUT 4 "D_icode_i";
    .port_info 2 /INPUT 4 "D_rA_i";
    .port_info 3 /INPUT 4 "D_rB_i";
    .port_info 4 /INPUT 4 "D_valP_i";
    .port_info 5 /INPUT 4 "e_dstE_i";
    .port_info 6 /INPUT 64 "e_valE_i";
    .port_info 7 /INPUT 4 "M_dstM_i";
    .port_info 8 /INPUT 64 "m_valM_i";
    .port_info 9 /INPUT 4 "M_dstE_i";
    .port_info 10 /INPUT 64 "M_valE_i";
    .port_info 11 /INPUT 4 "W_dstM_i";
    .port_info 12 /INPUT 64 "W_valM_i";
    .port_info 13 /INPUT 4 "W_dstE_i";
    .port_info 14 /INPUT 64 "W_valE_i";
    .port_info 15 /OUTPUT 64 "d_valA_o";
    .port_info 16 /OUTPUT 64 "d_valB_o";
    .port_info 17 /OUTPUT 4 "d_dstE_o";
    .port_info 18 /OUTPUT 4 "d_dstM_o";
    .port_info 19 /OUTPUT 4 "d_srcA_o";
    .port_info 20 /OUTPUT 4 "d_srcB_o";
L_000000000112c5a0 .functor OR 1, L_00000000011b4180, L_00000000011b4c20, C4<0>, C4<0>;
L_000000000112cc30 .functor OR 1, L_000000000112c5a0, L_00000000011b33c0, C4<0>, C4<0>;
L_000000000112ce60 .functor OR 1, L_000000000112cc30, L_00000000011b40e0, C4<0>, C4<0>;
L_00000000010f8cf0 .functor OR 1, L_000000000112ce60, L_00000000011b3500, C4<0>, C4<0>;
L_00000000010f8d60 .functor OR 1, L_00000000011b4900, L_00000000011b3c80, C4<0>, C4<0>;
L_00000000010c2ac0 .functor OR 1, L_00000000011b3b40, L_00000000011b2d80, C4<0>, C4<0>;
L_000000000120e3d0 .functor OR 1, L_00000000010c2ac0, L_00000000011b36e0, C4<0>, C4<0>;
L_000000000120dd40 .functor OR 1, L_000000000120e3d0, L_00000000011b4220, C4<0>, C4<0>;
L_000000000120d8e0 .functor OR 1, L_000000000120dd40, L_00000000011b3780, C4<0>, C4<0>;
L_000000000120e440 .functor OR 1, L_00000000011b30a0, L_00000000011b3d20, C4<0>, C4<0>;
L_000000000120db80 .functor OR 1, L_000000000120e440, L_00000000011b3f00, C4<0>, C4<0>;
L_000000000120e6e0 .functor OR 1, L_00000000011b3dc0, L_00000000011b2c40, C4<0>, C4<0>;
L_000000000120dbf0 .functor OR 1, L_000000000120e6e0, L_00000000011b42c0, C4<0>, C4<0>;
L_000000000120ddb0 .functor OR 1, L_00000000011b47c0, L_00000000011b4360, C4<0>, C4<0>;
L_000000000120df00 .functor OR 1, L_000000000120ddb0, L_00000000011b4400, C4<0>, C4<0>;
L_000000000120e4b0 .functor OR 1, L_000000000120df00, L_00000000011b44a0, C4<0>, C4<0>;
L_000000000120d800 .functor OR 1, L_00000000011b4540, L_00000000011b4f40, C4<0>, C4<0>;
L_000000000120df70 .functor BUFZ 64, L_00000000011b4680, C4<0000000000000000000000000000000000000000000000000000000000000000>, C4<0000000000000000000000000000000000000000000000000000000000000000>, C4<0000000000000000000000000000000000000000000000000000000000000000>;
L_000000000120e520 .functor BUFZ 64, L_00000000011b2b00, C4<0000000000000000000000000000000000000000000000000000000000000000>, C4<0000000000000000000000000000000000000000000000000000000000000000>, C4<0000000000000000000000000000000000000000000000000000000000000000>;
v000000000112eca0_0 .net "D_icode_i", 3 0, v000000000119d440_0;  alias, 1 drivers
v000000000112ef20_0 .net "D_rA_i", 3 0, v000000000119bd20_0;  alias, 1 drivers
v000000000112e0c0_0 .net "D_rB_i", 3 0, v000000000119bf00_0;  alias, 1 drivers
v000000000112de40_0 .net "D_valP_i", 3 0, L_00000000011b4ae0;  1 drivers
v000000000112ed40_0 .net "M_dstE_i", 3 0, v00000000011ad3d0_0;  alias, 1 drivers
v000000000112d800_0 .net "M_dstM_i", 3 0, v00000000011ad150_0;  alias, 1 drivers
v000000000112dee0_0 .net "M_valE_i", 63 0, v00000000011abd50_0;  alias, 1 drivers
v000000000112efc0_0 .net "W_dstE_i", 3 0, o00000000011437e8;  alias, 0 drivers
v000000000112d8a0_0 .net "W_dstM_i", 3 0, o0000000001143818;  alias, 0 drivers
v000000000112dd00_0 .net "W_valE_i", 63 0, o0000000001143848;  alias, 0 drivers
v000000000112f060_0 .net "W_valM_i", 63 0, o0000000001143878;  alias, 0 drivers
L_00000000011b6638 .functor BUFT 1, C4<0010>, C4<0>, C4<0>, C4<0>;
v000000000112d1c0_0 .net/2u *"_s0", 3 0, L_00000000011b6638;  1 drivers
L_00000000011b66c8 .functor BUFT 1, C4<0110>, C4<0>, C4<0>, C4<0>;
v000000000112db20_0 .net/2u *"_s10", 3 0, L_00000000011b66c8;  1 drivers
v000000000112d300_0 .net *"_s100", 0 0, L_00000000011b3dc0;  1 drivers
L_00000000011b6bd8 .functor BUFT 1, C4<0011>, C4<0>, C4<0>, C4<0>;
v000000000112dbc0_0 .net/2u *"_s102", 3 0, L_00000000011b6bd8;  1 drivers
v000000000112d6c0_0 .net *"_s104", 0 0, L_00000000011b2c40;  1 drivers
v000000000112d760_0 .net *"_s106", 0 0, L_000000000120e6e0;  1 drivers
L_00000000011b6c20 .functor BUFT 1, C4<0110>, C4<0>, C4<0>, C4<0>;
v000000000112d940_0 .net/2u *"_s108", 3 0, L_00000000011b6c20;  1 drivers
v000000000112d9e0_0 .net *"_s110", 0 0, L_00000000011b42c0;  1 drivers
v000000000112dc60_0 .net *"_s112", 0 0, L_000000000120dbf0;  1 drivers
L_00000000011b6c68 .functor BUFT 1, C4<1010>, C4<0>, C4<0>, C4<0>;
v00000000010dc7a0_0 .net/2u *"_s114", 3 0, L_00000000011b6c68;  1 drivers
v0000000001102ae0_0 .net *"_s116", 0 0, L_00000000011b47c0;  1 drivers
L_00000000011b6cb0 .functor BUFT 1, C4<1011>, C4<0>, C4<0>, C4<0>;
v000000000119aa30_0 .net/2u *"_s118", 3 0, L_00000000011b6cb0;  1 drivers
v000000000119b430_0 .net *"_s12", 0 0, L_00000000011b33c0;  1 drivers
v0000000001199950_0 .net *"_s120", 0 0, L_00000000011b4360;  1 drivers
v000000000119a3f0_0 .net *"_s122", 0 0, L_000000000120ddb0;  1 drivers
L_00000000011b6cf8 .functor BUFT 1, C4<1000>, C4<0>, C4<0>, C4<0>;
v000000000119b570_0 .net/2u *"_s124", 3 0, L_00000000011b6cf8;  1 drivers
v000000000119ac10_0 .net *"_s126", 0 0, L_00000000011b4400;  1 drivers
v0000000001199bd0_0 .net *"_s128", 0 0, L_000000000120df00;  1 drivers
L_00000000011b6d40 .functor BUFT 1, C4<1001>, C4<0>, C4<0>, C4<0>;
v000000000119afd0_0 .net/2u *"_s130", 3 0, L_00000000011b6d40;  1 drivers
v0000000001199e50_0 .net *"_s132", 0 0, L_00000000011b44a0;  1 drivers
v000000000119b610_0 .net *"_s134", 0 0, L_000000000120e4b0;  1 drivers
L_00000000011b6d88 .functor BUFT 1, C4<0100>, C4<0>, C4<0>, C4<0>;
v000000000119a2b0_0 .net/2u *"_s136", 3 0, L_00000000011b6d88;  1 drivers
L_00000000011b6dd0 .functor BUFT 1, C4<1111>, C4<0>, C4<0>, C4<0>;
v000000000119b2f0_0 .net/2u *"_s138", 3 0, L_00000000011b6dd0;  1 drivers
v000000000119a670_0 .net *"_s14", 0 0, L_000000000112cc30;  1 drivers
v000000000119ae90_0 .net *"_s140", 3 0, L_00000000011b2880;  1 drivers
L_00000000011b6e18 .functor BUFT 1, C4<0101>, C4<0>, C4<0>, C4<0>;
v00000000011999f0_0 .net/2u *"_s144", 3 0, L_00000000011b6e18;  1 drivers
v0000000001199b30_0 .net *"_s146", 0 0, L_00000000011b4540;  1 drivers
L_00000000011b6e60 .functor BUFT 1, C4<1011>, C4<0>, C4<0>, C4<0>;
v000000000119a990_0 .net/2u *"_s148", 3 0, L_00000000011b6e60;  1 drivers
v000000000119b070_0 .net *"_s150", 0 0, L_00000000011b4f40;  1 drivers
v0000000001199a90_0 .net *"_s152", 0 0, L_000000000120d800;  1 drivers
L_00000000011b6ea8 .functor BUFT 1, C4<1111>, C4<0>, C4<0>, C4<0>;
v000000000119b4d0_0 .net/2u *"_s154", 3 0, L_00000000011b6ea8;  1 drivers
L_00000000011b6ef0 .functor BUFT 1, C4<1111>, C4<0>, C4<0>, C4<0>;
v000000000119a350_0 .net/2u *"_s158", 3 0, L_00000000011b6ef0;  1 drivers
L_00000000011b6710 .functor BUFT 1, C4<1010>, C4<0>, C4<0>, C4<0>;
v000000000119a030_0 .net/2u *"_s16", 3 0, L_00000000011b6710;  1 drivers
v000000000119a0d0_0 .net *"_s160", 0 0, L_00000000011b4860;  1 drivers
L_00000000011b6f38 .functor BUFT 1, C4<0000000000000000000000000000000000000000000000000000000000000000>, C4<0>, C4<0>, C4<0>;
v0000000001199770_0 .net/2u *"_s162", 63 0, L_00000000011b6f38;  1 drivers
v0000000001199c70_0 .net *"_s164", 63 0, L_00000000011b4cc0;  1 drivers
v0000000001199d10_0 .net *"_s166", 5 0, L_00000000011b4a40;  1 drivers
L_00000000011b6f80 .functor BUFT 1, C4<00>, C4<0>, C4<0>, C4<0>;
v0000000001199db0_0 .net *"_s169", 1 0, L_00000000011b6f80;  1 drivers
L_00000000011b6fc8 .functor BUFT 1, C4<1111>, C4<0>, C4<0>, C4<0>;
v000000000119b390_0 .net/2u *"_s172", 3 0, L_00000000011b6fc8;  1 drivers
v000000000119aad0_0 .net *"_s174", 0 0, L_00000000011b4720;  1 drivers
L_00000000011b7010 .functor BUFT 1, C4<0000000000000000000000000000000000000000000000000000000000000000>, C4<0>, C4<0>, C4<0>;
v0000000001199810_0 .net/2u *"_s176", 63 0, L_00000000011b7010;  1 drivers
v000000000119a170_0 .net *"_s178", 63 0, L_00000000011b3000;  1 drivers
v0000000001199ef0_0 .net *"_s18", 0 0, L_00000000011b40e0;  1 drivers
v000000000119b250_0 .net *"_s180", 5 0, L_00000000011b4e00;  1 drivers
L_00000000011b7058 .functor BUFT 1, C4<00>, C4<0>, C4<0>, C4<0>;
v00000000011998b0_0 .net *"_s183", 1 0, L_00000000011b7058;  1 drivers
v0000000001199f90_0 .net *"_s2", 0 0, L_00000000011b4180;  1 drivers
v000000000119a210_0 .net *"_s20", 0 0, L_000000000112ce60;  1 drivers
L_00000000011b6758 .functor BUFT 1, C4<0010>, C4<0>, C4<0>, C4<0>;
v000000000119b110_0 .net/2u *"_s22", 3 0, L_00000000011b6758;  1 drivers
v000000000119ab70_0 .net *"_s24", 0 0, L_00000000011b3500;  1 drivers
v000000000119acb0_0 .net *"_s26", 0 0, L_00000000010f8cf0;  1 drivers
L_00000000011b67a0 .functor BUFT 1, C4<1011>, C4<0>, C4<0>, C4<0>;
v000000000119a490_0 .net/2u *"_s28", 3 0, L_00000000011b67a0;  1 drivers
v000000000119a530_0 .net *"_s30", 0 0, L_00000000011b4900;  1 drivers
L_00000000011b67e8 .functor BUFT 1, C4<1001>, C4<0>, C4<0>, C4<0>;
v000000000119af30_0 .net/2u *"_s32", 3 0, L_00000000011b67e8;  1 drivers
v000000000119a5d0_0 .net *"_s34", 0 0, L_00000000011b3c80;  1 drivers
v000000000119a710_0 .net *"_s36", 0 0, L_00000000010f8d60;  1 drivers
L_00000000011b6830 .functor BUFT 1, C4<0100>, C4<0>, C4<0>, C4<0>;
v000000000119a7b0_0 .net/2u *"_s38", 3 0, L_00000000011b6830;  1 drivers
L_00000000011b6680 .functor BUFT 1, C4<0100>, C4<0>, C4<0>, C4<0>;
v000000000119a850_0 .net/2u *"_s4", 3 0, L_00000000011b6680;  1 drivers
L_00000000011b6878 .functor BUFT 1, C4<1111>, C4<0>, C4<0>, C4<0>;
v000000000119a8f0_0 .net/2u *"_s40", 3 0, L_00000000011b6878;  1 drivers
v000000000119ad50_0 .net *"_s42", 3 0, L_00000000011b3640;  1 drivers
L_00000000011b68c0 .functor BUFT 1, C4<0011>, C4<0>, C4<0>, C4<0>;
v000000000119adf0_0 .net/2u *"_s46", 3 0, L_00000000011b68c0;  1 drivers
v000000000119b1b0_0 .net *"_s48", 0 0, L_00000000011b3b40;  1 drivers
L_00000000011b6908 .functor BUFT 1, C4<0110>, C4<0>, C4<0>, C4<0>;
v000000000119cd60_0 .net/2u *"_s50", 3 0, L_00000000011b6908;  1 drivers
v000000000119d1c0_0 .net *"_s52", 0 0, L_00000000011b2d80;  1 drivers
v000000000119bdc0_0 .net *"_s54", 0 0, L_00000000010c2ac0;  1 drivers
L_00000000011b6950 .functor BUFT 1, C4<0100>, C4<0>, C4<0>, C4<0>;
v000000000119cf40_0 .net/2u *"_s56", 3 0, L_00000000011b6950;  1 drivers
v000000000119c4a0_0 .net *"_s58", 0 0, L_00000000011b36e0;  1 drivers
v000000000119ce00_0 .net *"_s6", 0 0, L_00000000011b4c20;  1 drivers
v000000000119c2c0_0 .net *"_s60", 0 0, L_000000000120e3d0;  1 drivers
L_00000000011b6998 .functor BUFT 1, C4<0101>, C4<0>, C4<0>, C4<0>;
v000000000119c5e0_0 .net/2u *"_s62", 3 0, L_00000000011b6998;  1 drivers
v000000000119d300_0 .net *"_s64", 0 0, L_00000000011b4220;  1 drivers
v000000000119c540_0 .net *"_s66", 0 0, L_000000000120dd40;  1 drivers
L_00000000011b69e0 .functor BUFT 1, C4<0010>, C4<0>, C4<0>, C4<0>;
v000000000119ca40_0 .net/2u *"_s68", 3 0, L_00000000011b69e0;  1 drivers
v000000000119c040_0 .net *"_s70", 0 0, L_00000000011b3780;  1 drivers
v000000000119d580_0 .net *"_s72", 0 0, L_000000000120d8e0;  1 drivers
L_00000000011b6a28 .functor BUFT 1, C4<1000>, C4<0>, C4<0>, C4<0>;
v000000000119b820_0 .net/2u *"_s74", 3 0, L_00000000011b6a28;  1 drivers
v000000000119baa0_0 .net *"_s76", 0 0, L_00000000011b30a0;  1 drivers
L_00000000011b6a70 .functor BUFT 1, C4<1010>, C4<0>, C4<0>, C4<0>;
v000000000119c220_0 .net/2u *"_s78", 3 0, L_00000000011b6a70;  1 drivers
v000000000119c360_0 .net *"_s8", 0 0, L_000000000112c5a0;  1 drivers
v000000000119c680_0 .net *"_s80", 0 0, L_00000000011b3d20;  1 drivers
v000000000119c900_0 .net *"_s82", 0 0, L_000000000120e440;  1 drivers
L_00000000011b6ab8 .functor BUFT 1, C4<1001>, C4<0>, C4<0>, C4<0>;
v000000000119c9a0_0 .net/2u *"_s84", 3 0, L_00000000011b6ab8;  1 drivers
v000000000119b960_0 .net *"_s86", 0 0, L_00000000011b3f00;  1 drivers
v000000000119cb80_0 .net *"_s88", 0 0, L_000000000120db80;  1 drivers
L_00000000011b6b00 .functor BUFT 1, C4<0100>, C4<0>, C4<0>, C4<0>;
v000000000119d260_0 .net/2u *"_s90", 3 0, L_00000000011b6b00;  1 drivers
L_00000000011b6b48 .functor BUFT 1, C4<1111>, C4<0>, C4<0>, C4<0>;
v000000000119b8c0_0 .net/2u *"_s92", 3 0, L_00000000011b6b48;  1 drivers
v000000000119cea0_0 .net *"_s94", 3 0, L_00000000011b3460;  1 drivers
L_00000000011b6b90 .functor BUFT 1, C4<0010>, C4<0>, C4<0>, C4<0>;
v000000000119cae0_0 .net/2u *"_s98", 3 0, L_00000000011b6b90;  1 drivers
v000000000119ba00_0 .net "clk_i", 0 0, v00000000011a9d70_0;  1 drivers
v000000000119b780_0 .net "d_dstE_o", 3 0, L_00000000011b4d60;  alias, 1 drivers
v000000000119d620_0 .net "d_dstM_o", 3 0, L_00000000011b45e0;  alias, 1 drivers
v000000000119ccc0_0 .net "d_rvalA", 63 0, L_00000000011b4680;  1 drivers
v000000000119c860_0 .net "d_rvalB", 63 0, L_00000000011b2b00;  1 drivers
v000000000119bb40_0 .net "d_srcA_o", 3 0, L_00000000011b3960;  alias, 1 drivers
v000000000119c7c0_0 .net "d_srcB_o", 3 0, L_00000000011b3820;  alias, 1 drivers
v000000000119cc20_0 .net "d_valA_o", 63 0, L_000000000120df70;  alias, 1 drivers
v000000000119bbe0_0 .net "d_valB_o", 63 0, L_000000000120e520;  alias, 1 drivers
v000000000119cfe0_0 .net "e_dstE_i", 3 0, L_00000000011adc40;  alias, 1 drivers
v000000000119c400_0 .net "e_valE_i", 63 0, L_00000000011ad880;  alias, 1 drivers
v000000000119be60_0 .net "m_valM_i", 63 0, o0000000001144b08;  alias, 0 drivers
v000000000119c720 .array "regfile", 14 0, 63 0;
E_000000000110f8c0 .event posedge, v000000000119ba00_0;
L_00000000011b4180 .cmp/eq 4, v000000000119d440_0, L_00000000011b6638;
L_00000000011b4c20 .cmp/eq 4, v000000000119d440_0, L_00000000011b6680;
L_00000000011b33c0 .cmp/eq 4, v000000000119d440_0, L_00000000011b66c8;
L_00000000011b40e0 .cmp/eq 4, v000000000119d440_0, L_00000000011b6710;
L_00000000011b3500 .cmp/eq 4, v000000000119d440_0, L_00000000011b6758;
L_00000000011b4900 .cmp/eq 4, v000000000119d440_0, L_00000000011b67a0;
L_00000000011b3c80 .cmp/eq 4, v000000000119d440_0, L_00000000011b67e8;
L_00000000011b3640 .functor MUXZ 4, L_00000000011b6878, L_00000000011b6830, L_00000000010f8d60, C4<>;
L_00000000011b3960 .functor MUXZ 4, L_00000000011b3640, v000000000119bd20_0, L_00000000010f8cf0, C4<>;
L_00000000011b3b40 .cmp/eq 4, v000000000119d440_0, L_00000000011b68c0;
L_00000000011b2d80 .cmp/eq 4, v000000000119d440_0, L_00000000011b6908;
L_00000000011b36e0 .cmp/eq 4, v000000000119d440_0, L_00000000011b6950;
L_00000000011b4220 .cmp/eq 4, v000000000119d440_0, L_00000000011b6998;
L_00000000011b3780 .cmp/eq 4, v000000000119d440_0, L_00000000011b69e0;
L_00000000011b30a0 .cmp/eq 4, v000000000119d440_0, L_00000000011b6a28;
L_00000000011b3d20 .cmp/eq 4, v000000000119d440_0, L_00000000011b6a70;
L_00000000011b3f00 .cmp/eq 4, v000000000119d440_0, L_00000000011b6ab8;
L_00000000011b3460 .functor MUXZ 4, L_00000000011b6b48, L_00000000011b6b00, L_000000000120db80, C4<>;
L_00000000011b3820 .functor MUXZ 4, L_00000000011b3460, v000000000119bf00_0, L_000000000120d8e0, C4<>;
L_00000000011b3dc0 .cmp/eq 4, v000000000119d440_0, L_00000000011b6b90;
L_00000000011b2c40 .cmp/eq 4, v000000000119d440_0, L_00000000011b6bd8;
L_00000000011b42c0 .cmp/eq 4, v000000000119d440_0, L_00000000011b6c20;
L_00000000011b47c0 .cmp/eq 4, v000000000119d440_0, L_00000000011b6c68;
L_00000000011b4360 .cmp/eq 4, v000000000119d440_0, L_00000000011b6cb0;
L_00000000011b4400 .cmp/eq 4, v000000000119d440_0, L_00000000011b6cf8;
L_00000000011b44a0 .cmp/eq 4, v000000000119d440_0, L_00000000011b6d40;
L_00000000011b2880 .functor MUXZ 4, L_00000000011b6dd0, L_00000000011b6d88, L_000000000120e4b0, C4<>;
L_00000000011b4d60 .functor MUXZ 4, L_00000000011b2880, v000000000119bf00_0, L_000000000120dbf0, C4<>;
L_00000000011b4540 .cmp/eq 4, v000000000119d440_0, L_00000000011b6e18;
L_00000000011b4f40 .cmp/eq 4, v000000000119d440_0, L_00000000011b6e60;
L_00000000011b45e0 .functor MUXZ 4, L_00000000011b6ea8, v000000000119bd20_0, L_000000000120d800, C4<>;
L_00000000011b4860 .cmp/eq 4, L_00000000011b3960, L_00000000011b6ef0;
L_00000000011b4cc0 .array/port v000000000119c720, L_00000000011b4a40;
L_00000000011b4a40 .concat [ 4 2 0 0], L_00000000011b3960, L_00000000011b6f80;
L_00000000011b4680 .functor MUXZ 64, L_00000000011b4cc0, L_00000000011b6f38, L_00000000011b4860, C4<>;
L_00000000011b4720 .cmp/eq 4, L_00000000011b3820, L_00000000011b6fc8;
L_00000000011b3000 .array/port v000000000119c720, L_00000000011b4e00;
L_00000000011b4e00 .concat [ 4 2 0 0], L_00000000011b3820, L_00000000011b7058;
L_00000000011b2b00 .functor MUXZ 64, L_00000000011b3000, L_00000000011b7010, L_00000000011b4720, C4<>;
S_000000000113b8b0 .scope module, "dreg" "fetch_D_pipe_reg" 2 66, 4 2 0, S_000000000113af50;
 .timescale -9 -12;
    .port_info 0 /INPUT 1 "clk_i";
    .port_info 1 /INPUT 1 "D_stall_i";
    .port_info 2 /INPUT 1 "D_bubble_i";
    .port_info 3 /INPUT 3 "f_stat_i";
    .port_info 4 /INPUT 64 "f_pc_i";
    .port_info 5 /INPUT 4 "f_icode_i";
    .port_info 6 /INPUT 4 "f_ifun_i";
    .port_info 7 /INPUT 4 "f_rA_i";
    .port_info 8 /INPUT 4 "f_rB_i";
    .port_info 9 /INPUT 64 "f_valC_i";
    .port_info 10 /INPUT 64 "f_valP_i";
    .port_info 11 /OUTPUT 3 "D_stat_o";
    .port_info 12 /OUTPUT 64 "D_pc_o";
    .port_info 13 /OUTPUT 4 "D_icode_o";
    .port_info 14 /OUTPUT 4 "D_ifun_o";
    .port_info 15 /OUTPUT 4 "D_rA_o";
    .port_info 16 /OUTPUT 4 "D_rB_o";
    .port_info 17 /OUTPUT 64 "D_valC_o";
    .port_info 18 /OUTPUT 64 "D_valP_o";
v000000000119d3a0_0 .net "D_bubble_i", 0 0, L_00000000011b6560;  alias, 1 drivers
v000000000119d440_0 .var "D_icode_o", 3 0;
v000000000119bc80_0 .var "D_ifun_o", 3 0;
v000000000119bfa0_0 .var "D_pc_o", 63 0;
v000000000119bd20_0 .var "D_rA_o", 3 0;
v000000000119bf00_0 .var "D_rB_o", 3 0;
v000000000119c0e0_0 .net "D_stall_i", 0 0, L_00000000011b6518;  alias, 1 drivers
v000000000119d120_0 .var "D_stat_o", 2 0;
v000000000119d4e0_0 .var "D_valC_o", 63 0;
v000000000119c180_0 .var "D_valP_o", 63 0;
v000000000119fd20_0 .net "clk_i", 0 0, v00000000011a9d70_0;  alias, 1 drivers
v000000000119f320_0 .net8 "f_icode_i", 3 0, RS_0000000001145078;  alias, 2 drivers
v000000000119dac0_0 .net "f_ifun_i", 3 0, L_00000000011b1f20;  alias, 1 drivers
v000000000119fa00_0 .net "f_pc_i", 63 0, v00000000011b0080_0;  1 drivers
v000000000119ef60_0 .net "f_rA_i", 3 0, L_00000000011b04e0;  alias, 1 drivers
v000000000119f3c0_0 .net "f_rB_i", 3 0, L_00000000011b15c0;  alias, 1 drivers
v000000000119e240_0 .net "f_stat_i", 2 0, L_00000000011b3280;  alias, 1 drivers
v000000000119f820_0 .net "f_valC_i", 63 0, L_00000000011b4b80;  alias, 1 drivers
v000000000119ff00_0 .net "f_valP_i", 63 0, L_00000000011b38c0;  alias, 1 drivers
S_000000000113adc0 .scope module, "ereg" "decode_E_pipe_reg" 2 157, 5 2 0, S_000000000113af50;
 .timescale -9 -12;
    .port_info 0 /INPUT 1 "clk_i";
    .port_info 1 /INPUT 1 "E_stall_i";
    .port_info 2 /INPUT 1 "E_bubble_i";
    .port_info 3 /INPUT 3 "d_stat_i";
    .port_info 4 /INPUT 64 "d_pc_i";
    .port_info 5 /INPUT 4 "d_icode_i";
    .port_info 6 /INPUT 4 "d_ifun_i";
    .port_info 7 /INPUT 64 "d_valC_i";
    .port_info 8 /INPUT 64 "d_valA_i";
    .port_info 9 /INPUT 64 "d_valB_i";
    .port_info 10 /INPUT 4 "d_dstE_i";
    .port_info 11 /INPUT 4 "d_dstM_i";
    .port_info 12 /INPUT 4 "d_srcA_i";
    .port_info 13 /INPUT 4 "d_srcB_i";
    .port_info 14 /OUTPUT 3 "E_stat_o";
    .port_info 15 /OUTPUT 64 "E_pc_o";
    .port_info 16 /OUTPUT 4 "E_icode_o";
    .port_info 17 /OUTPUT 4 "E_ifun_o";
    .port_info 18 /OUTPUT 64 "E_valC_o";
    .port_info 19 /OUTPUT 64 "E_valA_o";
    .port_info 20 /OUTPUT 64 "E_valB_o";
    .port_info 21 /OUTPUT 4 "E_dstE_o";
    .port_info 22 /OUTPUT 4 "E_dstM_o";
    .port_info 23 /OUTPUT 4 "E_srcA_o";
    .port_info 24 /OUTPUT 4 "E_srcB_o";
v000000000119d980_0 .net "E_bubble_i", 0 0, L_00000000011b65f0;  alias, 1 drivers
v000000000119e740_0 .var "E_dstE_o", 3 0;
v000000000119dde0_0 .var "E_dstM_o", 3 0;
v000000000119ec40_0 .var "E_icode_o", 3 0;
v000000000119f8c0_0 .var "E_ifun_o", 3 0;
v000000000119f0a0_0 .var "E_pc_o", 63 0;
v000000000119e4c0_0 .var "E_srcA_o", 3 0;
v000000000119f640_0 .var "E_srcB_o", 3 0;
v000000000119e920_0 .net "E_stall_i", 0 0, L_00000000011b65a8;  alias, 1 drivers
v000000000119db60_0 .var "E_stat_o", 2 0;
v000000000119e9c0_0 .var "E_valA_o", 63 0;
v000000000119faa0_0 .var "E_valB_o", 63 0;
v000000000119eb00_0 .var "E_valC_o", 63 0;
v000000000119da20_0 .net "clk_i", 0 0, v00000000011a9d70_0;  alias, 1 drivers
v000000000119fdc0_0 .net "d_dstE_i", 3 0, L_00000000011b4d60;  alias, 1 drivers
v000000000119d8e0_0 .net "d_dstM_i", 3 0, L_00000000011b45e0;  alias, 1 drivers
v000000000119dc00_0 .net "d_icode_i", 3 0, v000000000119d440_0;  alias, 1 drivers
v000000000119f960_0 .net "d_ifun_i", 3 0, v000000000119bc80_0;  alias, 1 drivers
v000000000119ea60_0 .net "d_pc_i", 63 0, v000000000119bfa0_0;  alias, 1 drivers
v000000000119df20_0 .net "d_srcA_i", 3 0, L_00000000011b3960;  alias, 1 drivers
v000000000119dca0_0 .net "d_srcB_i", 3 0, L_00000000011b3820;  alias, 1 drivers
v000000000119f140_0 .net "d_stat_i", 2 0, v000000000119d120_0;  alias, 1 drivers
v000000000119dd40_0 .net "d_valA_i", 63 0, L_000000000120df70;  alias, 1 drivers
v000000000119f1e0_0 .net "d_valB_i", 63 0, L_000000000120e520;  alias, 1 drivers
v000000000119f280_0 .net "d_valC_i", 63 0, v000000000119d4e0_0;  alias, 1 drivers
S_000000000113b720 .scope module, "execute_stage" "execute" 2 188, 6 2 0, S_000000000113af50;
 .timescale -9 -12;
    .port_info 0 /INPUT 1 "clk_i";
    .port_info 1 /INPUT 1 "rst_n_i";
    .port_info 2 /INPUT 4 "icode_i";
    .port_info 3 /INPUT 4 "ifun_i";
    .port_info 4 /INPUT 5 "E_dstE_i";
    .port_info 5 /INPUT 64 "valA_i";
    .port_info 6 /INPUT 64 "valB_i";
    .port_info 7 /INPUT 64 "valC_i";
    .port_info 8 /INPUT 3 "m_stat_i";
    .port_info 9 /INPUT 3 "W_stat_i";
    .port_info 10 /OUTPUT 64 "valE_o";
    .port_info 11 /OUTPUT 4 "dstE_o";
    .port_info 12 /OUTPUT 4 "e_Cnd_o";
L_000000000120dc60 .functor OR 1, L_00000000011b2f60, L_00000000011b5440, C4<0>, C4<0>;
L_000000000120d950 .functor OR 1, L_00000000011b53a0, L_00000000011b51c0, C4<0>, C4<0>;
L_000000000120e280 .functor OR 1, L_00000000011b54e0, L_00000000011b5080, C4<0>, C4<0>;
L_000000000120d870 .functor OR 1, L_00000000011b5580, L_00000000011b5620, C4<0>, C4<0>;
L_000000000120daa0 .functor OR 1, L_00000000011b5260, L_00000000011af860, C4<0>, C4<0>;
L_000000000120de20 .functor OR 1, L_000000000120daa0, L_00000000011af040, C4<0>, C4<0>;
L_000000000120d9c0 .functor OR 1, L_000000000120de20, L_00000000011ae8c0, C4<0>, C4<0>;
L_000000000120e050 .functor OR 1, L_000000000120d9c0, L_00000000011adec0, C4<0>, C4<0>;
L_000000000120de90 .functor OR 1, L_000000000120e050, L_00000000011afd60, C4<0>, C4<0>;
L_000000000120dfe0 .functor OR 1, L_000000000120de90, L_00000000011ae780, C4<0>, C4<0>;
L_000000000120da30 .functor OR 1, L_00000000011aeb40, L_00000000011af400, C4<0>, C4<0>;
L_000000000120e0c0 .functor AND 64, L_00000000011ade20, L_00000000011b5120, C4<1111111111111111111111111111111111111111111111111111111111111111>, C4<1111111111111111111111111111111111111111111111111111111111111111>;
L_000000000120dcd0 .functor XOR 64, L_00000000011ade20, L_00000000011b5120, C4<0000000000000000000000000000000000000000000000000000000000000000>, C4<0000000000000000000000000000000000000000000000000000000000000000>;
L_000000000120e2f0 .functor AND 1, L_00000000011ada60, L_00000000011ae140, C4<1>, C4<1>;
L_000000000120db10 .functor OR 1, L_00000000011ad9c0, L_000000000120e2f0, C4<0>, C4<0>;
L_000000000120e130 .functor NOT 1, L_00000000011afea0, C4<0>, C4<0>, C4<0>;
L_000000000120e670 .functor AND 1, L_00000000011ad920, L_000000000120e130, C4<1>, C4<1>;
L_000000000120e1a0 .functor OR 1, L_000000000120db10, L_000000000120e670, C4<0>, C4<0>;
L_000000000120e210 .functor AND 1, L_00000000011af180, L_00000000011af220, C4<1>, C4<1>;
L_000000000120e360 .functor OR 1, L_000000000120e1a0, L_000000000120e210, C4<0>, C4<0>;
L_000000000120e590 .functor NOT 1, L_00000000011ae280, C4<0>, C4<0>, C4<0>;
L_000000000120e600 .functor AND 1, L_00000000011aed20, L_000000000120e590, C4<1>, C4<1>;
L_0000000001212fd0 .functor OR 1, L_000000000120e360, L_000000000120e600, C4<0>, C4<0>;
L_00000000012132e0 .functor XOR 1, L_00000000011adf60, L_00000000011ae820, C4<0>, C4<0>;
L_0000000001213430 .functor NOT 1, L_00000000012132e0, C4<0>, C4<0>, C4<0>;
L_00000000012136d0 .functor NOT 1, L_00000000011aff40, C4<0>, C4<0>, C4<0>;
L_0000000001213350 .functor AND 1, L_0000000001213430, L_00000000012136d0, C4<1>, C4<1>;
L_0000000001212da0 .functor AND 1, L_00000000011ad7e0, L_0000000001213350, C4<1>, C4<1>;
L_00000000012135f0 .functor OR 1, L_0000000001212fd0, L_0000000001212da0, C4<0>, C4<0>;
L_0000000001212e10 .functor XOR 1, L_00000000011ae640, L_00000000011ae000, C4<0>, C4<0>;
L_00000000012133c0 .functor NOT 1, L_0000000001212e10, C4<0>, C4<0>, C4<0>;
L_00000000012134a0 .functor AND 1, L_00000000011adb00, L_00000000012133c0, C4<1>, C4<1>;
L_0000000001213740 .functor OR 1, L_00000000012135f0, L_00000000012134a0, C4<0>, C4<0>;
L_0000000001212b70 .functor XOR 1, L_00000000011afc20, L_00000000011af2c0, C4<0>, C4<0>;
L_0000000001213510 .functor AND 1, L_00000000011aedc0, L_0000000001212b70, C4<1>, C4<1>;
L_0000000001212cc0 .functor OR 1, L_0000000001213740, L_0000000001213510, C4<0>, C4<0>;
L_00000000012137b0 .functor XOR 1, L_00000000011aea00, L_00000000011aef00, C4<0>, C4<0>;
L_0000000001213270 .functor OR 1, L_00000000012137b0, L_00000000011af360, C4<0>, C4<0>;
L_0000000001212be0 .functor AND 1, L_00000000011aee60, L_0000000001213270, C4<1>, C4<1>;
L_0000000001212ef0 .functor OR 1, L_0000000001212cc0, L_0000000001212be0, C4<0>, C4<0>;
L_0000000001213040 .functor AND 1, L_00000000011af900, L_0000000001212ef0, C4<1>, C4<1>;
L_0000000001212a90 .functor AND 1, L_00000000011af9a0, L_00000000011ae1e0, C4<1>, C4<1>;
v000000000119eba0_0 .net "E_dstE_i", 4 0, L_00000000011ae320;  1 drivers
L_00000000011b7d90 .functor BUFT 1, C4<00z>, C4<0>, C4<0>, C4<0>;
v000000000119eec0_0 .net "W_stat_i", 2 0, L_00000000011b7d90;  1 drivers
L_00000000011b70e8 .functor BUFT 1, C4<0110>, C4<0>, C4<0>, C4<0>;
v000000000119e100_0 .net/2u *"_s10", 3 0, L_00000000011b70e8;  1 drivers
L_00000000011b75b0 .functor BUFT 1, C4<0010>, C4<0>, C4<0>, C4<0>;
v000000000119ee20_0 .net/2u *"_s100", 3 0, L_00000000011b75b0;  1 drivers
v000000000119ece0_0 .net *"_s102", 0 0, L_00000000011aeb40;  1 drivers
L_00000000011b75f8 .functor BUFT 1, C4<0011>, C4<0>, C4<0>, C4<0>;
v000000000119ed80_0 .net/2u *"_s104", 3 0, L_00000000011b75f8;  1 drivers
v000000000119f000_0 .net *"_s106", 0 0, L_00000000011af400;  1 drivers
v000000000119e560_0 .net *"_s108", 0 0, L_000000000120da30;  1 drivers
L_00000000011b7640 .functor BUFT 1, C4<0000000000000000000000000000000000000000000000000000000000000000>, C4<0>, C4<0>, C4<0>;
v000000000119de80_0 .net/2s *"_s110", 63 0, L_00000000011b7640;  1 drivers
L_00000000011b7688 .functor BUFT 1, C4<0000000000000000000000000000000000000000000000000000000000000000>, C4<0>, C4<0>, C4<0>;
v000000000119e380_0 .net/2s *"_s112", 63 0, L_00000000011b7688;  1 drivers
v000000000119fe60_0 .net *"_s114", 63 0, L_00000000011aebe0;  1 drivers
L_00000000011b76d0 .functor BUFT 1, C4<0110>, C4<0>, C4<0>, C4<0>;
v000000000119f460_0 .net/2u *"_s118", 3 0, L_00000000011b76d0;  1 drivers
v000000000119f500_0 .net *"_s12", 0 0, L_00000000011b5440;  1 drivers
v000000000119e7e0_0 .net *"_s120", 0 0, L_00000000011af0e0;  1 drivers
L_00000000011b7718 .functor BUFT 1, C4<0000>, C4<0>, C4<0>, C4<0>;
v000000000119fb40_0 .net/2u *"_s122", 3 0, L_00000000011b7718;  1 drivers
L_00000000011b7760 .functor BUFT 1, C4<0001>, C4<0>, C4<0>, C4<0>;
v000000000119f5a0_0 .net/2u *"_s126", 3 0, L_00000000011b7760;  1 drivers
v000000000119f6e0_0 .net *"_s128", 0 0, L_00000000011aeaa0;  1 drivers
v000000000119dfc0_0 .net *"_s130", 63 0, L_00000000011ae6e0;  1 drivers
L_00000000011b77a8 .functor BUFT 1, C4<0010>, C4<0>, C4<0>, C4<0>;
v000000000119fc80_0 .net/2u *"_s132", 3 0, L_00000000011b77a8;  1 drivers
v000000000119e060_0 .net *"_s134", 0 0, L_00000000011adba0;  1 drivers
v000000000119f780_0 .net *"_s136", 63 0, L_000000000120e0c0;  1 drivers
L_00000000011b77f0 .functor BUFT 1, C4<0011>, C4<0>, C4<0>, C4<0>;
v000000000119d7a0_0 .net/2u *"_s138", 3 0, L_00000000011b77f0;  1 drivers
v000000000119e420_0 .net *"_s14", 0 0, L_000000000120dc60;  1 drivers
v000000000119d840_0 .net *"_s140", 0 0, L_00000000011add80;  1 drivers
v000000000119e2e0_0 .net *"_s142", 63 0, L_000000000120dcd0;  1 drivers
v000000000119e1a0_0 .net *"_s144", 63 0, L_00000000011ae460;  1 drivers
v000000000119e600_0 .net *"_s146", 63 0, L_00000000011af680;  1 drivers
v000000000119e6a0_0 .net *"_s148", 63 0, L_00000000011aefa0;  1 drivers
L_00000000011b7838 .functor BUFT 1, C4<0110>, C4<0>, C4<0>, C4<0>;
v000000000119e880_0 .net/2u *"_s152", 3 0, L_00000000011b7838;  1 drivers
L_00000000011b7880 .functor BUFT 1, C4<0111>, C4<0>, C4<0>, C4<0>;
v00000000011a00e0_0 .net/2u *"_s156", 3 0, L_00000000011b7880;  1 drivers
v00000000011a07c0_0 .net *"_s158", 0 0, L_00000000011af900;  1 drivers
L_00000000011b7130 .functor BUFT 1, C4<0011>, C4<0>, C4<0>, C4<0>;
v00000000011a1080_0 .net/2u *"_s16", 3 0, L_00000000011b7130;  1 drivers
L_00000000011b78c8 .functor BUFT 1, C4<0000>, C4<0>, C4<0>, C4<0>;
v00000000011a05e0_0 .net/2u *"_s160", 3 0, L_00000000011b78c8;  1 drivers
v00000000011a02c0_0 .net *"_s162", 0 0, L_00000000011ad9c0;  1 drivers
L_00000000011b7910 .functor BUFT 1, C4<0001>, C4<0>, C4<0>, C4<0>;
v00000000011a0ea0_0 .net/2u *"_s164", 3 0, L_00000000011b7910;  1 drivers
v00000000011a14e0_0 .net *"_s166", 0 0, L_00000000011ada60;  1 drivers
v00000000011a0900_0 .net *"_s169", 0 0, L_00000000011ae140;  1 drivers
v00000000011a09a0_0 .net *"_s170", 0 0, L_000000000120e2f0;  1 drivers
v00000000011a0a40_0 .net *"_s172", 0 0, L_000000000120db10;  1 drivers
L_00000000011b7958 .functor BUFT 1, C4<0010>, C4<0>, C4<0>, C4<0>;
v00000000011a0680_0 .net/2u *"_s174", 3 0, L_00000000011b7958;  1 drivers
v00000000011a0360_0 .net *"_s176", 0 0, L_00000000011ad920;  1 drivers
v00000000011a1580_0 .net *"_s179", 0 0, L_00000000011afea0;  1 drivers
v00000000011a0220_0 .net *"_s18", 0 0, L_00000000011b53a0;  1 drivers
v00000000011a1260_0 .net *"_s180", 0 0, L_000000000120e130;  1 drivers
v00000000011a0fe0_0 .net *"_s182", 0 0, L_000000000120e670;  1 drivers
v00000000011a1300_0 .net *"_s184", 0 0, L_000000000120e1a0;  1 drivers
L_00000000011b79a0 .functor BUFT 1, C4<0011>, C4<0>, C4<0>, C4<0>;
v00000000011a0ae0_0 .net/2u *"_s186", 3 0, L_00000000011b79a0;  1 drivers
v00000000011a0b80_0 .net *"_s188", 0 0, L_00000000011af180;  1 drivers
v00000000011a0c20_0 .net *"_s191", 0 0, L_00000000011af220;  1 drivers
v00000000011a0860_0 .net *"_s192", 0 0, L_000000000120e210;  1 drivers
v00000000011a0400_0 .net *"_s194", 0 0, L_000000000120e360;  1 drivers
L_00000000011b79e8 .functor BUFT 1, C4<0101>, C4<0>, C4<0>, C4<0>;
v00000000011a0cc0_0 .net/2u *"_s196", 3 0, L_00000000011b79e8;  1 drivers
v00000000011a0d60_0 .net *"_s198", 0 0, L_00000000011aed20;  1 drivers
L_00000000011b7178 .functor BUFT 1, C4<0100>, C4<0>, C4<0>, C4<0>;
v00000000011a0180_0 .net/2u *"_s20", 3 0, L_00000000011b7178;  1 drivers
v00000000011a1620_0 .net *"_s201", 0 0, L_00000000011ae280;  1 drivers
v000000000119ffa0_0 .net *"_s202", 0 0, L_000000000120e590;  1 drivers
v00000000011a0e00_0 .net *"_s204", 0 0, L_000000000120e600;  1 drivers
v00000000011a13a0_0 .net *"_s206", 0 0, L_0000000001212fd0;  1 drivers
L_00000000011b7a30 .functor BUFT 1, C4<0110>, C4<0>, C4<0>, C4<0>;
v00000000011a0f40_0 .net/2u *"_s208", 3 0, L_00000000011b7a30;  1 drivers
v00000000011a04a0_0 .net *"_s210", 0 0, L_00000000011ad7e0;  1 drivers
v00000000011a1120_0 .net *"_s213", 0 0, L_00000000011adf60;  1 drivers
v00000000011a0720_0 .net *"_s215", 0 0, L_00000000011ae820;  1 drivers
v00000000011a1440_0 .net *"_s216", 0 0, L_00000000012132e0;  1 drivers
v00000000011a0540_0 .net *"_s218", 0 0, L_0000000001213430;  1 drivers
v00000000011a11c0_0 .net *"_s22", 0 0, L_00000000011b51c0;  1 drivers
v00000000011a0040_0 .net *"_s221", 0 0, L_00000000011aff40;  1 drivers
v000000000119d080_0 .net *"_s222", 0 0, L_00000000012136d0;  1 drivers
v00000000011a1e90_0 .net *"_s224", 0 0, L_0000000001213350;  1 drivers
v00000000011a21b0_0 .net *"_s226", 0 0, L_0000000001212da0;  1 drivers
v00000000011a2d90_0 .net *"_s228", 0 0, L_00000000012135f0;  1 drivers
L_00000000011b7a78 .functor BUFT 1, C4<0111>, C4<0>, C4<0>, C4<0>;
v00000000011a1b70_0 .net/2u *"_s230", 3 0, L_00000000011b7a78;  1 drivers
v00000000011a2070_0 .net *"_s232", 0 0, L_00000000011adb00;  1 drivers
v00000000011a26b0_0 .net *"_s235", 0 0, L_00000000011ae640;  1 drivers
v00000000011a2a70_0 .net *"_s237", 0 0, L_00000000011ae000;  1 drivers
v00000000011a3dd0_0 .net *"_s238", 0 0, L_0000000001212e10;  1 drivers
v00000000011a29d0_0 .net *"_s24", 0 0, L_000000000120d950;  1 drivers
v00000000011a1990_0 .net *"_s240", 0 0, L_00000000012133c0;  1 drivers
v00000000011a2ed0_0 .net *"_s242", 0 0, L_00000000012134a0;  1 drivers
v00000000011a31f0_0 .net *"_s244", 0 0, L_0000000001213740;  1 drivers
L_00000000011b7ac0 .functor BUFT 1, C4<1000>, C4<0>, C4<0>, C4<0>;
v00000000011a3e70_0 .net/2u *"_s246", 3 0, L_00000000011b7ac0;  1 drivers
v00000000011a2890_0 .net *"_s248", 0 0, L_00000000011aedc0;  1 drivers
v00000000011a2c50_0 .net *"_s251", 0 0, L_00000000011afc20;  1 drivers
v00000000011a2cf0_0 .net *"_s253", 0 0, L_00000000011af2c0;  1 drivers
v00000000011a2e30_0 .net *"_s254", 0 0, L_0000000001212b70;  1 drivers
v00000000011a18f0_0 .net *"_s256", 0 0, L_0000000001213510;  1 drivers
v00000000011a3f10_0 .net *"_s258", 0 0, L_0000000001212cc0;  1 drivers
L_00000000011b71c0 .functor BUFT 1, C4<1000>, C4<0>, C4<0>, C4<0>;
v00000000011a2750_0 .net/2u *"_s26", 3 0, L_00000000011b71c0;  1 drivers
L_00000000011b7b08 .functor BUFT 1, C4<1000>, C4<0>, C4<0>, C4<0>;
v00000000011a1a30_0 .net/2u *"_s260", 3 0, L_00000000011b7b08;  1 drivers
v00000000011a2b10_0 .net *"_s262", 0 0, L_00000000011aee60;  1 drivers
v00000000011a33d0_0 .net *"_s265", 0 0, L_00000000011aea00;  1 drivers
v00000000011a24d0_0 .net *"_s267", 0 0, L_00000000011aef00;  1 drivers
v00000000011a3650_0 .net *"_s268", 0 0, L_00000000012137b0;  1 drivers
v00000000011a1fd0_0 .net *"_s271", 0 0, L_00000000011af360;  1 drivers
v00000000011a27f0_0 .net *"_s272", 0 0, L_0000000001213270;  1 drivers
v00000000011a3790_0 .net *"_s274", 0 0, L_0000000001212be0;  1 drivers
v00000000011a2110_0 .net *"_s276", 0 0, L_0000000001212ef0;  1 drivers
v00000000011a35b0_0 .net *"_s278", 0 0, L_0000000001213040;  1 drivers
v00000000011a38d0_0 .net *"_s28", 0 0, L_00000000011b54e0;  1 drivers
L_00000000011b7b50 .functor BUFT 1, C4<000>, C4<0>, C4<0>, C4<0>;
v00000000011a3b50_0 .net *"_s283", 2 0, L_00000000011b7b50;  1 drivers
L_00000000011b7b98 .functor BUFT 1, C4<0010>, C4<0>, C4<0>, C4<0>;
v00000000011a2bb0_0 .net/2u *"_s284", 3 0, L_00000000011b7b98;  1 drivers
v00000000011a2250_0 .net *"_s286", 0 0, L_00000000011af9a0;  1 drivers
v00000000011a1ad0_0 .net *"_s289", 0 0, L_00000000011ae1e0;  1 drivers
v00000000011a2930_0 .net *"_s290", 0 0, L_0000000001212a90;  1 drivers
L_00000000011b7be0 .functor BUFT 1, C4<01111>, C4<0>, C4<0>, C4<0>;
v00000000011a3290_0 .net/2u *"_s292", 4 0, L_00000000011b7be0;  1 drivers
v00000000011a3ab0_0 .net *"_s294", 4 0, L_00000000011ae0a0;  1 drivers
L_00000000011b7208 .functor BUFT 1, C4<1010>, C4<0>, C4<0>, C4<0>;
v00000000011a1c10_0 .net/2u *"_s30", 3 0, L_00000000011b7208;  1 drivers
v00000000011a3830_0 .net *"_s32", 0 0, L_00000000011b5080;  1 drivers
v00000000011a2f70_0 .net *"_s34", 0 0, L_000000000120e280;  1 drivers
L_00000000011b7250 .functor BUFT 1, C4<1111111111111111111111111111111111111111111111111111111111111000>, C4<0>, C4<0>, C4<0>;
v00000000011a17b0_0 .net/2s *"_s36", 63 0, L_00000000011b7250;  1 drivers
L_00000000011b7298 .functor BUFT 1, C4<1001>, C4<0>, C4<0>, C4<0>;
v00000000011a1f30_0 .net/2u *"_s38", 3 0, L_00000000011b7298;  1 drivers
v00000000011a3d30_0 .net *"_s40", 0 0, L_00000000011b5580;  1 drivers
L_00000000011b72e0 .functor BUFT 1, C4<1011>, C4<0>, C4<0>, C4<0>;
v00000000011a3010_0 .net/2u *"_s42", 3 0, L_00000000011b72e0;  1 drivers
v00000000011a3970_0 .net *"_s44", 0 0, L_00000000011b5620;  1 drivers
v00000000011a22f0_0 .net *"_s46", 0 0, L_000000000120d870;  1 drivers
L_00000000011b7328 .functor BUFT 1, C4<0000000000000000000000000000000000000000000000000000000000001000>, C4<0>, C4<0>, C4<0>;
v00000000011a1cb0_0 .net/2s *"_s48", 63 0, L_00000000011b7328;  1 drivers
L_00000000011b7370 .functor BUFT 1, C4<0000000000000000000000000000000000000000000000000000000000000000>, C4<0>, C4<0>, C4<0>;
v00000000011a3a10_0 .net/2s *"_s50", 63 0, L_00000000011b7370;  1 drivers
v00000000011a30b0_0 .net *"_s52", 63 0, L_00000000011b5300;  1 drivers
v00000000011a3330_0 .net *"_s54", 63 0, L_00000000011b56c0;  1 drivers
v00000000011a2390_0 .net *"_s56", 63 0, L_00000000011b4fe0;  1 drivers
L_00000000011b70a0 .functor BUFT 1, C4<0010>, C4<0>, C4<0>, C4<0>;
v00000000011a2430_0 .net/2u *"_s6", 3 0, L_00000000011b70a0;  1 drivers
L_00000000011b73b8 .functor BUFT 1, C4<0100>, C4<0>, C4<0>, C4<0>;
v00000000011a2570_0 .net/2u *"_s60", 3 0, L_00000000011b73b8;  1 drivers
v00000000011a3150_0 .net *"_s62", 0 0, L_00000000011b5260;  1 drivers
L_00000000011b7400 .functor BUFT 1, C4<0101>, C4<0>, C4<0>, C4<0>;
v00000000011a3470_0 .net/2u *"_s64", 3 0, L_00000000011b7400;  1 drivers
v00000000011a1d50_0 .net *"_s66", 0 0, L_00000000011af860;  1 drivers
v00000000011a2610_0 .net *"_s68", 0 0, L_000000000120daa0;  1 drivers
L_00000000011b7448 .functor BUFT 1, C4<0110>, C4<0>, C4<0>, C4<0>;
v00000000011a36f0_0 .net/2u *"_s70", 3 0, L_00000000011b7448;  1 drivers
v00000000011a3510_0 .net *"_s72", 0 0, L_00000000011af040;  1 drivers
v00000000011a1850_0 .net *"_s74", 0 0, L_000000000120de20;  1 drivers
L_00000000011b7490 .functor BUFT 1, C4<1000>, C4<0>, C4<0>, C4<0>;
v00000000011a3bf0_0 .net/2u *"_s76", 3 0, L_00000000011b7490;  1 drivers
v00000000011a3c90_0 .net *"_s78", 0 0, L_00000000011ae8c0;  1 drivers
v00000000011a1df0_0 .net *"_s8", 0 0, L_00000000011b2f60;  1 drivers
v00000000011a4910_0 .net *"_s80", 0 0, L_000000000120d9c0;  1 drivers
L_00000000011b74d8 .functor BUFT 1, C4<1010>, C4<0>, C4<0>, C4<0>;
v00000000011a4eb0_0 .net/2u *"_s82", 3 0, L_00000000011b74d8;  1 drivers
v00000000011a53b0_0 .net *"_s84", 0 0, L_00000000011adec0;  1 drivers
v00000000011a5270_0 .net *"_s86", 0 0, L_000000000120e050;  1 drivers
L_00000000011b7520 .functor BUFT 1, C4<1001>, C4<0>, C4<0>, C4<0>;
v00000000011a5310_0 .net/2u *"_s88", 3 0, L_00000000011b7520;  1 drivers
v00000000011a5450_0 .net *"_s90", 0 0, L_00000000011afd60;  1 drivers
v00000000011a4730_0 .net *"_s92", 0 0, L_000000000120de90;  1 drivers
L_00000000011b7568 .functor BUFT 1, C4<1011>, C4<0>, C4<0>, C4<0>;
v00000000011a45f0_0 .net/2u *"_s94", 3 0, L_00000000011b7568;  1 drivers
v00000000011a4690_0 .net *"_s96", 0 0, L_00000000011ae780;  1 drivers
v00000000011a54f0_0 .net *"_s98", 0 0, L_000000000120dfe0;  1 drivers
v00000000011a4af0_0 .net "aluA", 63 0, L_00000000011b5120;  1 drivers
v00000000011a5590_0 .net "aluB", 63 0, L_00000000011ade20;  1 drivers
v00000000011a42d0_0 .net "alu_fun", 3 0, L_00000000011ae960;  1 drivers
v00000000011a4e10_0 .var "cc", 2 0;
v00000000011a49b0_0 .net "clk_i", 0 0, v00000000011a9d70_0;  alias, 1 drivers
v00000000011a4cd0_0 .net "dstE_o", 3 0, L_00000000011adc40;  alias, 1 drivers
v00000000011a4f50_0 .net "e_Cnd_o", 3 0, L_00000000011af720;  1 drivers
v00000000011a47d0_0 .net "icode_i", 3 0, v000000000119ec40_0;  alias, 1 drivers
v00000000011a4410_0 .net "ifun_i", 3 0, v000000000119f8c0_0;  alias, 1 drivers
L_00000000011b7d48 .functor BUFT 1, C4<00z>, C4<0>, C4<0>, C4<0>;
v00000000011a4a50_0 .net "m_stat_i", 2 0, L_00000000011b7d48;  1 drivers
v00000000011a4b90_0 .var "new_cc", 2 0;
v00000000011a5630_0 .net "of", 0 0, L_00000000011b2ec0;  1 drivers
v00000000011a4870_0 .net "rst_n_i", 0 0, L_000000000112cd10;  alias, 1 drivers
v00000000011a5090_0 .net "set_cc", 0 0, L_00000000011aec80;  1 drivers
v00000000011a4c30_0 .net "sf", 0 0, L_00000000011b2e20;  1 drivers
v00000000011a4d70_0 .net/s "valA_i", 63 0, v000000000119e9c0_0;  alias, 1 drivers
v00000000011a4230_0 .net/s "valB_i", 63 0, v000000000119faa0_0;  alias, 1 drivers
v00000000011a4ff0_0 .net/s "valC_i", 63 0, v000000000119eb00_0;  alias, 1 drivers
v00000000011a5130_0 .net/s "valE_o", 63 0, L_00000000011ad880;  alias, 1 drivers
v00000000011a51d0_0 .net "zf", 0 0, L_00000000011b2ce0;  1 drivers
L_00000000011b2ce0 .part v00000000011a4e10_0, 2, 1;
L_00000000011b2e20 .part v00000000011a4e10_0, 1, 1;
L_00000000011b2ec0 .part v00000000011a4e10_0, 0, 1;
L_00000000011b2f60 .cmp/eq 4, v000000000119ec40_0, L_00000000011b70a0;
L_00000000011b5440 .cmp/eq 4, v000000000119ec40_0, L_00000000011b70e8;
L_00000000011b53a0 .cmp/eq 4, v000000000119ec40_0, L_00000000011b7130;
L_00000000011b51c0 .cmp/eq 4, v000000000119ec40_0, L_00000000011b7178;
L_00000000011b54e0 .cmp/eq 4, v000000000119ec40_0, L_00000000011b71c0;
L_00000000011b5080 .cmp/eq 4, v000000000119ec40_0, L_00000000011b7208;
L_00000000011b5580 .cmp/eq 4, v000000000119ec40_0, L_00000000011b7298;
L_00000000011b5620 .cmp/eq 4, v000000000119ec40_0, L_00000000011b72e0;
L_00000000011b5300 .functor MUXZ 64, L_00000000011b7370, L_00000000011b7328, L_000000000120d870, C4<>;
L_00000000011b56c0 .functor MUXZ 64, L_00000000011b5300, L_00000000011b7250, L_000000000120e280, C4<>;
L_00000000011b4fe0 .functor MUXZ 64, L_00000000011b56c0, v000000000119eb00_0, L_000000000120d950, C4<>;
L_00000000011b5120 .functor MUXZ 64, L_00000000011b4fe0, v000000000119e9c0_0, L_000000000120dc60, C4<>;
L_00000000011b5260 .cmp/eq 4, v000000000119ec40_0, L_00000000011b73b8;
L_00000000011af860 .cmp/eq 4, v000000000119ec40_0, L_00000000011b7400;
L_00000000011af040 .cmp/eq 4, v000000000119ec40_0, L_00000000011b7448;
L_00000000011ae8c0 .cmp/eq 4, v000000000119ec40_0, L_00000000011b7490;
L_00000000011adec0 .cmp/eq 4, v000000000119ec40_0, L_00000000011b74d8;
L_00000000011afd60 .cmp/eq 4, v000000000119ec40_0, L_00000000011b7520;
L_00000000011ae780 .cmp/eq 4, v000000000119ec40_0, L_00000000011b7568;
L_00000000011aeb40 .cmp/eq 4, v000000000119ec40_0, L_00000000011b75b0;
L_00000000011af400 .cmp/eq 4, v000000000119ec40_0, L_00000000011b75f8;
L_00000000011aebe0 .functor MUXZ 64, L_00000000011b7688, L_00000000011b7640, L_000000000120da30, C4<>;
L_00000000011ade20 .functor MUXZ 64, L_00000000011aebe0, v000000000119faa0_0, L_000000000120dfe0, C4<>;
L_00000000011af0e0 .cmp/eq 4, v000000000119ec40_0, L_00000000011b76d0;
L_00000000011ae960 .functor MUXZ 4, L_00000000011b7718, v000000000119f8c0_0, L_00000000011af0e0, C4<>;
L_00000000011aeaa0 .cmp/eq 4, L_00000000011ae960, L_00000000011b7760;
L_00000000011ae6e0 .arith/sub 64, L_00000000011ade20, L_00000000011b5120;
L_00000000011adba0 .cmp/eq 4, L_00000000011ae960, L_00000000011b77a8;
L_00000000011add80 .cmp/eq 4, L_00000000011ae960, L_00000000011b77f0;
L_00000000011ae460 .arith/sum 64, L_00000000011ade20, L_00000000011b5120;
L_00000000011af680 .functor MUXZ 64, L_00000000011ae460, L_000000000120dcd0, L_00000000011add80, C4<>;
L_00000000011aefa0 .functor MUXZ 64, L_00000000011af680, L_000000000120e0c0, L_00000000011adba0, C4<>;
L_00000000011ad880 .functor MUXZ 64, L_00000000011aefa0, L_00000000011ae6e0, L_00000000011aeaa0, C4<>;
L_00000000011aec80 .cmp/eq 4, v000000000119ec40_0, L_00000000011b7838;
L_00000000011af900 .cmp/eq 4, v000000000119ec40_0, L_00000000011b7880;
L_00000000011ad9c0 .cmp/eq 4, v000000000119f8c0_0, L_00000000011b78c8;
L_00000000011ada60 .cmp/eq 4, v000000000119f8c0_0, L_00000000011b7910;
L_00000000011ae140 .part v00000000011a4b90_0, 2, 1;
L_00000000011ad920 .cmp/eq 4, v000000000119f8c0_0, L_00000000011b7958;
L_00000000011afea0 .part v00000000011a4b90_0, 2, 1;
L_00000000011af180 .cmp/eq 4, v000000000119f8c0_0, L_00000000011b79a0;
L_00000000011af220 .part v00000000011a4b90_0, 1, 1;
L_00000000011aed20 .cmp/eq 4, v000000000119f8c0_0, L_00000000011b79e8;
L_00000000011ae280 .part v00000000011a4b90_0, 1, 1;
L_00000000011ad7e0 .cmp/eq 4, v000000000119f8c0_0, L_00000000011b7a30;
L_00000000011adf60 .part v00000000011a4b90_0, 1, 1;
L_00000000011ae820 .part v00000000011a4b90_0, 0, 1;
L_00000000011aff40 .part v00000000011a4b90_0, 2, 1;
L_00000000011adb00 .cmp/eq 4, v000000000119f8c0_0, L_00000000011b7a78;
L_00000000011ae640 .part v00000000011a4b90_0, 1, 1;
L_00000000011ae000 .part v00000000011a4b90_0, 0, 1;
L_00000000011aedc0 .cmp/eq 4, v000000000119f8c0_0, L_00000000011b7ac0;
L_00000000011afc20 .part v00000000011a4b90_0, 1, 1;
L_00000000011af2c0 .part v00000000011a4b90_0, 0, 1;
L_00000000011aee60 .cmp/eq 4, v000000000119f8c0_0, L_00000000011b7b08;
L_00000000011aea00 .part v00000000011a4b90_0, 1, 1;
L_00000000011aef00 .part v00000000011a4b90_0, 0, 1;
L_00000000011af360 .part v00000000011a4b90_0, 2, 1;
L_00000000011af720 .concat [ 1 3 0 0], L_0000000001213040, L_00000000011b7b50;
L_00000000011af9a0 .cmp/eq 4, v000000000119ec40_0, L_00000000011b7b98;
L_00000000011ae1e0 .reduce/nor L_00000000011af720;
L_00000000011ae0a0 .functor MUXZ 5, L_00000000011ae320, L_00000000011b7be0, L_0000000001212a90, C4<>;
L_00000000011adc40 .part L_00000000011ae0a0, 0, 4;
S_000000000113aaa0 .scope module, "fetch_tb" "fetch" 2 51, 7 3 0, S_000000000113af50;
 .timescale -9 -12;
    .port_info 0 /INPUT 64 "PC_i";
    .port_info 1 /OUTPUT 4 "icode_o";
    .port_info 2 /OUTPUT 4 "ifun_o";
    .port_info 3 /OUTPUT 4 "rA_o";
    .port_info 4 /OUTPUT 4 "rB_o";
    .port_info 5 /OUTPUT 64 "valC_o";
    .port_info 6 /OUTPUT 64 "valP_o";
    .port_info 7 /OUTPUT 64 "predPC_o";
    .port_info 8 /OUTPUT 3 "stat_o";
L_000000000112c1b0 .functor OR 1, L_00000000011b1fc0, L_00000000011b2060, C4<0>, C4<0>;
L_000000000112d090 .functor OR 1, L_000000000112c1b0, L_00000000011b18e0, C4<0>, C4<0>;
L_000000000112c7d0 .functor OR 1, L_000000000112d090, L_00000000011b2240, C4<0>, C4<0>;
L_000000000112c530 .functor OR 1, L_000000000112c7d0, L_00000000011b2100, C4<0>, C4<0>;
L_000000000112c6f0 .functor OR 1, L_000000000112c530, L_00000000011b22e0, C4<0>, C4<0>;
L_000000000112c370 .functor OR 1, L_000000000112c6f0, L_00000000011b1160, C4<0>, C4<0>;
L_000000000112c920 .functor OR 1, L_00000000011b0d00, L_00000000011b0da0, C4<0>, C4<0>;
L_000000000112c990 .functor OR 1, L_000000000112c920, L_00000000011b24c0, C4<0>, C4<0>;
L_000000000112c3e0 .functor OR 1, L_000000000112c990, L_00000000011b2560, C4<0>, C4<0>;
L_000000000112cbc0 .functor OR 1, L_000000000112c3e0, L_00000000011b0f80, C4<0>, C4<0>;
L_000000000112c680 .functor OR 1, L_00000000011b3320, L_00000000011b35a0, C4<0>, C4<0>;
v00000000011a7160_0 .net "PC_i", 63 0, v00000000011b0080_0;  alias, 1 drivers
v00000000011a7a20_0 .net *"_s10", 0 0, L_00000000011b1fc0;  1 drivers
v00000000011a7200_0 .net *"_s100", 63 0, L_00000000011b4ea0;  1 drivers
v00000000011a6940_0 .net *"_s102", 63 0, L_00000000011b29c0;  1 drivers
L_00000000011b6248 .functor BUFT 1, C4<000000000000000000000000000000000000000000000000000000000000000>, C4<0>, C4<0>, C4<0>;
v00000000011a6b20_0 .net *"_s105", 62 0, L_00000000011b6248;  1 drivers
L_00000000011b6290 .functor BUFT 1, C4<0000000000000000000000000000000000000000000000000000000000001000>, C4<0>, C4<0>, C4<0>;
v00000000011a7520_0 .net/2u *"_s106", 63 0, L_00000000011b6290;  1 drivers
v00000000011a6bc0_0 .net *"_s109", 63 0, L_00000000011b4040;  1 drivers
v00000000011a7d40_0 .net *"_s110", 63 0, L_00000000011b3fa0;  1 drivers
v00000000011a72a0_0 .net *"_s112", 63 0, L_00000000011b31e0;  1 drivers
L_00000000011b62d8 .functor BUFT 1, C4<000000000000000000000000000000000000000000000000000000000000000>, C4<0>, C4<0>, C4<0>;
v00000000011a7340_0 .net *"_s115", 62 0, L_00000000011b62d8;  1 drivers
L_00000000011b6320 .functor BUFT 1, C4<0001>, C4<0>, C4<0>, C4<0>;
v00000000011a7980_0 .net/2u *"_s118", 3 0, L_00000000011b6320;  1 drivers
L_00000000011b5e10 .functor BUFT 1, C4<0011>, C4<0>, C4<0>, C4<0>;
v00000000011a7ac0_0 .net/2u *"_s12", 3 0, L_00000000011b5e10;  1 drivers
v00000000011a59a0_0 .net *"_s121", 0 0, L_00000000011b3140;  1 drivers
L_00000000011b6368 .functor BUFT 1, C4<0010>, C4<0>, C4<0>, C4<0>;
v00000000011a8420_0 .net/2u *"_s122", 3 0, L_00000000011b6368;  1 drivers
L_00000000011b63b0 .functor BUFT 1, C4<0000>, C4<0>, C4<0>, C4<0>;
v00000000011a8b00_0 .net/2u *"_s124", 3 0, L_00000000011b63b0;  1 drivers
v00000000011a9640_0 .net *"_s126", 0 0, L_00000000011b3e60;  1 drivers
L_00000000011b63f8 .functor BUFT 1, C4<0011>, C4<0>, C4<0>, C4<0>;
v00000000011a93c0_0 .net/2u *"_s128", 3 0, L_00000000011b63f8;  1 drivers
L_00000000011b6440 .functor BUFT 1, C4<0100>, C4<0>, C4<0>, C4<0>;
v00000000011a8240_0 .net/2u *"_s130", 3 0, L_00000000011b6440;  1 drivers
v00000000011a9460_0 .net *"_s132", 3 0, L_00000000011b3a00;  1 drivers
v00000000011a8060_0 .net *"_s134", 3 0, L_00000000011b2a60;  1 drivers
v00000000011a9140_0 .net *"_s136", 3 0, L_00000000011b3be0;  1 drivers
v00000000011a8d80_0 .net *"_s14", 0 0, L_00000000011b2060;  1 drivers
L_00000000011b6488 .functor BUFT 1, C4<0111>, C4<0>, C4<0>, C4<0>;
v00000000011a8c40_0 .net/2u *"_s140", 3 0, L_00000000011b6488;  1 drivers
v00000000011a9000_0 .net *"_s142", 0 0, L_00000000011b3320;  1 drivers
L_00000000011b64d0 .functor BUFT 1, C4<1000>, C4<0>, C4<0>, C4<0>;
v00000000011a87e0_0 .net/2u *"_s144", 3 0, L_00000000011b64d0;  1 drivers
v00000000011a8ce0_0 .net *"_s146", 0 0, L_00000000011b35a0;  1 drivers
v00000000011a8e20_0 .net *"_s148", 0 0, L_000000000112c680;  1 drivers
v00000000011a8920_0 .net *"_s16", 0 0, L_000000000112c1b0;  1 drivers
L_00000000011b5e58 .functor BUFT 1, C4<0100>, C4<0>, C4<0>, C4<0>;
v00000000011a7fc0_0 .net/2u *"_s18", 3 0, L_00000000011b5e58;  1 drivers
v00000000011a8600_0 .net *"_s20", 0 0, L_00000000011b18e0;  1 drivers
v00000000011a9280_0 .net *"_s22", 0 0, L_000000000112d090;  1 drivers
L_00000000011b5ea0 .functor BUFT 1, C4<0101>, C4<0>, C4<0>, C4<0>;
v00000000011a8ba0_0 .net/2u *"_s24", 3 0, L_00000000011b5ea0;  1 drivers
v00000000011a8100_0 .net *"_s26", 0 0, L_00000000011b2240;  1 drivers
v00000000011a81a0_0 .net *"_s28", 0 0, L_000000000112c7d0;  1 drivers
L_00000000011b5ee8 .functor BUFT 1, C4<0110>, C4<0>, C4<0>, C4<0>;
v00000000011a8ec0_0 .net/2u *"_s30", 3 0, L_00000000011b5ee8;  1 drivers
v00000000011a8740_0 .net *"_s32", 0 0, L_00000000011b2100;  1 drivers
v00000000011a84c0_0 .net *"_s34", 0 0, L_000000000112c530;  1 drivers
L_00000000011b5f30 .functor BUFT 1, C4<1010>, C4<0>, C4<0>, C4<0>;
v00000000011a91e0_0 .net/2u *"_s36", 3 0, L_00000000011b5f30;  1 drivers
v00000000011a82e0_0 .net *"_s38", 0 0, L_00000000011b22e0;  1 drivers
v00000000011a90a0_0 .net *"_s40", 0 0, L_000000000112c6f0;  1 drivers
L_00000000011b5f78 .functor BUFT 1, C4<1011>, C4<0>, C4<0>, C4<0>;
v00000000011a8880_0 .net/2u *"_s42", 3 0, L_00000000011b5f78;  1 drivers
v00000000011a9500_0 .net *"_s44", 0 0, L_00000000011b1160;  1 drivers
L_00000000011b5fc0 .functor BUFT 1, C4<0011>, C4<0>, C4<0>, C4<0>;
v00000000011a89c0_0 .net/2u *"_s48", 3 0, L_00000000011b5fc0;  1 drivers
v00000000011a9320_0 .net *"_s50", 0 0, L_00000000011b0d00;  1 drivers
L_00000000011b6008 .functor BUFT 1, C4<0100>, C4<0>, C4<0>, C4<0>;
v00000000011a8560_0 .net/2u *"_s52", 3 0, L_00000000011b6008;  1 drivers
v00000000011a8380_0 .net *"_s54", 0 0, L_00000000011b0da0;  1 drivers
v00000000011a8f60_0 .net *"_s56", 0 0, L_000000000112c920;  1 drivers
L_00000000011b6050 .functor BUFT 1, C4<0101>, C4<0>, C4<0>, C4<0>;
v00000000011a86a0_0 .net/2u *"_s58", 3 0, L_00000000011b6050;  1 drivers
v00000000011a95a0_0 .net *"_s60", 0 0, L_00000000011b24c0;  1 drivers
v00000000011a8a60_0 .net *"_s62", 0 0, L_000000000112c990;  1 drivers
L_00000000011b6098 .functor BUFT 1, C4<0111>, C4<0>, C4<0>, C4<0>;
v00000000011abfd0_0 .net/2u *"_s64", 3 0, L_00000000011b6098;  1 drivers
v00000000011acb10_0 .net *"_s66", 0 0, L_00000000011b2560;  1 drivers
v00000000011acc50_0 .net *"_s68", 0 0, L_000000000112c3e0;  1 drivers
L_00000000011b60e0 .functor BUFT 1, C4<1000>, C4<0>, C4<0>, C4<0>;
v00000000011ac570_0 .net/2u *"_s70", 3 0, L_00000000011b60e0;  1 drivers
v00000000011ad010_0 .net *"_s72", 0 0, L_00000000011b0f80;  1 drivers
v00000000011ac390_0 .net *"_s77", 3 0, L_00000000011b1020;  1 drivers
L_00000000011b6128 .functor BUFT 1, C4<1111>, C4<0>, C4<0>, C4<0>;
v00000000011ad510_0 .net/2u *"_s78", 3 0, L_00000000011b6128;  1 drivers
L_00000000011b5dc8 .functor BUFT 1, C4<0010>, C4<0>, C4<0>, C4<0>;
v00000000011ac610_0 .net/2u *"_s8", 3 0, L_00000000011b5dc8;  1 drivers
v00000000011ac890_0 .net *"_s83", 3 0, L_00000000011b1660;  1 drivers
L_00000000011b6170 .functor BUFT 1, C4<1111>, C4<0>, C4<0>, C4<0>;
v00000000011ad470_0 .net/2u *"_s84", 3 0, L_00000000011b6170;  1 drivers
v00000000011acbb0_0 .net *"_s89", 63 0, L_00000000011b1700;  1 drivers
v00000000011ac6b0_0 .net *"_s91", 63 0, L_00000000011b3aa0;  1 drivers
v00000000011accf0_0 .net *"_s92", 63 0, L_00000000011b49a0;  1 drivers
L_00000000011b61b8 .functor BUFT 1, C4<0000000000000000000000000000000000000000000000000000000000000000>, C4<0>, C4<0>, C4<0>;
v00000000011acf70_0 .net/2u *"_s94", 63 0, L_00000000011b61b8;  1 drivers
L_00000000011b6200 .functor BUFT 1, C4<0000000000000000000000000000000000000000000000000000000000000001>, C4<0>, C4<0>, C4<0>;
v00000000011ad5b0_0 .net/2u *"_s98", 63 0, L_00000000011b6200;  1 drivers
v00000000011ac250_0 .net8 "icode_o", 3 0, RS_0000000001145078;  alias, 2 drivers
v00000000011ad290_0 .net "ifun_o", 3 0, L_00000000011b1f20;  alias, 1 drivers
v00000000011ac7f0_0 .net "imem_error", 0 0, L_00000000011b06c0;  1 drivers
v00000000011ac750_0 .net "instr", 79 0, L_00000000011b0c60;  1 drivers
o00000000011492d8 .functor BUFZ 1, C4<z>; HiZ drive
v00000000011ac930_0 .net "instr_valid", 0 0, o00000000011492d8;  0 drivers
v00000000011ad650_0 .net "need_regids", 0 0, L_000000000112c370;  1 drivers
v00000000011acd90_0 .net "need_valC", 0 0, L_000000000112cbc0;  1 drivers
v00000000011ac070_0 .net "predPC_o", 63 0, L_00000000011b27e0;  alias, 1 drivers
v00000000011ac9d0_0 .net "rA_o", 3 0, L_00000000011b04e0;  alias, 1 drivers
v00000000011ac110_0 .net "rB_o", 3 0, L_00000000011b15c0;  alias, 1 drivers
v00000000011ac1b0_0 .net "stat_o", 2 0, L_00000000011b3280;  alias, 1 drivers
v00000000011aced0_0 .net "valC_o", 63 0, L_00000000011b4b80;  alias, 1 drivers
v00000000011aca70_0 .net "valP_o", 63 0, L_00000000011b38c0;  alias, 1 drivers
L_00000000011b0c60 .part L_00000000011b1de0, 0, 80;
L_00000000011b0b20 .part L_00000000011b0c60, 4, 4;
L_00000000011b1480 .part L_00000000011b0c60, 4, 4;
L_00000000011b1f20 .part L_00000000011b0c60, 0, 4;
L_00000000011b1fc0 .cmp/eq 4, RS_0000000001145078, L_00000000011b5dc8;
L_00000000011b2060 .cmp/eq 4, RS_0000000001145078, L_00000000011b5e10;
L_00000000011b18e0 .cmp/eq 4, RS_0000000001145078, L_00000000011b5e58;
L_00000000011b2240 .cmp/eq 4, RS_0000000001145078, L_00000000011b5ea0;
L_00000000011b2100 .cmp/eq 4, RS_0000000001145078, L_00000000011b5ee8;
L_00000000011b22e0 .cmp/eq 4, RS_0000000001145078, L_00000000011b5f30;
L_00000000011b1160 .cmp/eq 4, RS_0000000001145078, L_00000000011b5f78;
L_00000000011b0d00 .cmp/eq 4, RS_0000000001145078, L_00000000011b5fc0;
L_00000000011b0da0 .cmp/eq 4, RS_0000000001145078, L_00000000011b6008;
L_00000000011b24c0 .cmp/eq 4, RS_0000000001145078, L_00000000011b6050;
L_00000000011b2560 .cmp/eq 4, RS_0000000001145078, L_00000000011b6098;
L_00000000011b0f80 .cmp/eq 4, RS_0000000001145078, L_00000000011b60e0;
L_00000000011b1020 .part L_00000000011b0c60, 12, 4;
L_00000000011b04e0 .functor MUXZ 4, L_00000000011b6128, L_00000000011b1020, L_000000000112c370, C4<>;
L_00000000011b1660 .part L_00000000011b0c60, 8, 4;
L_00000000011b15c0 .functor MUXZ 4, L_00000000011b6170, L_00000000011b1660, L_000000000112c370, C4<>;
L_00000000011b1700 .part L_00000000011b0c60, 16, 64;
L_00000000011b3aa0 .part L_00000000011b0c60, 8, 64;
L_00000000011b49a0 .functor MUXZ 64, L_00000000011b3aa0, L_00000000011b1700, L_000000000112c370, C4<>;
L_00000000011b4b80 .functor MUXZ 64, L_00000000011b61b8, L_00000000011b49a0, L_000000000112cbc0, C4<>;
L_00000000011b4ea0 .arith/sum 64, v00000000011b0080_0, L_00000000011b6200;
L_00000000011b29c0 .concat [ 1 63 0 0], L_000000000112cbc0, L_00000000011b6248;
L_00000000011b4040 .arith/mult 64, L_00000000011b29c0, L_00000000011b6290;
L_00000000011b3fa0 .arith/sum 64, L_00000000011b4ea0, L_00000000011b4040;
L_00000000011b31e0 .concat [ 1 63 0 0], L_000000000112c370, L_00000000011b62d8;
L_00000000011b38c0 .arith/sum 64, L_00000000011b3fa0, L_00000000011b31e0;
L_00000000011b3140 .reduce/nor o00000000011492d8;
L_00000000011b3e60 .cmp/eq 4, RS_0000000001145078, L_00000000011b63b0;
L_00000000011b3a00 .functor MUXZ 4, L_00000000011b6440, L_00000000011b63f8, L_00000000011b3e60, C4<>;
L_00000000011b2a60 .functor MUXZ 4, L_00000000011b3a00, L_00000000011b6368, L_00000000011b3140, C4<>;
L_00000000011b3be0 .functor MUXZ 4, L_00000000011b2a60, L_00000000011b6320, L_00000000011b06c0, C4<>;
L_00000000011b3280 .part L_00000000011b3be0, 0, 3;
L_00000000011b3320 .cmp/eq 4, RS_0000000001145078, L_00000000011b6488;
L_00000000011b35a0 .cmp/eq 4, RS_0000000001145078, L_00000000011b64d0;
L_00000000011b27e0 .functor MUXZ 64, L_00000000011b38c0, L_00000000011b4b80, L_000000000112c680, C4<>;
S_000000000113b400 .scope module, "instr_mem" "instruction_memory" 7 19, 8 1 0, S_000000000113aaa0;
 .timescale -9 -12;
    .port_info 0 /INPUT 64 "raddr_i";
    .port_info 1 /OUTPUT 81 "rdata_o";
    .port_info 2 /OUTPUT 1 "imem_error_o";
L_00000000011b5798 .functor BUFT 1, C4<0000000000000000000000000000000000000000000000000000001111111111>, C4<0>, C4<0>, C4<0>;
v00000000011a4050_0 .net/2u *"_s0", 63 0, L_00000000011b5798;  1 drivers
v00000000011a40f0_0 .net *"_s10", 64 0, L_00000000011b1200;  1 drivers
v00000000011a4370_0 .net *"_s100", 79 0, L_00000000011b13e0;  1 drivers
v00000000011a4190_0 .net *"_s102", 80 0, L_00000000011b09e0;  1 drivers
L_00000000011b5d38 .functor BUFT 1, C4<0>, C4<0>, C4<0>, C4<0>;
v00000000011a44b0_0 .net *"_s105", 0 0, L_00000000011b5d38;  1 drivers
L_00000000011b5d80 .functor BUFT 1, C4<000000000000000000000000000000000000000000000000000000000000000000000000000000000>, C4<0>, C4<0>, C4<0>;
v00000000011a4550_0 .net/2u *"_s106", 80 0, L_00000000011b5d80;  1 drivers
L_00000000011b5828 .functor BUFT 1, C4<0>, C4<0>, C4<0>, C4<0>;
v00000000011a5cc0_0 .net *"_s13", 0 0, L_00000000011b5828;  1 drivers
L_00000000011b5870 .functor BUFT 1, C4<00000000000000000000000000000000000000000000000000000000000001001>, C4<0>, C4<0>, C4<0>;
v00000000011a5c20_0 .net/2u *"_s14", 64 0, L_00000000011b5870;  1 drivers
v00000000011a5fe0_0 .net *"_s16", 64 0, L_00000000011b0620;  1 drivers
v00000000011a69e0_0 .net *"_s18", 7 0, L_00000000011b1340;  1 drivers
v00000000011a5f40_0 .net *"_s20", 64 0, L_00000000011b1c00;  1 drivers
L_00000000011b58b8 .functor BUFT 1, C4<0>, C4<0>, C4<0>, C4<0>;
v00000000011a5ae0_0 .net *"_s23", 0 0, L_00000000011b58b8;  1 drivers
L_00000000011b5900 .functor BUFT 1, C4<00000000000000000000000000000000000000000000000000000000000001000>, C4<0>, C4<0>, C4<0>;
v00000000011a7e80_0 .net/2u *"_s24", 64 0, L_00000000011b5900;  1 drivers
v00000000011a5860_0 .net *"_s26", 64 0, L_00000000011b0bc0;  1 drivers
v00000000011a7b60_0 .net *"_s28", 7 0, L_00000000011b0e40;  1 drivers
v00000000011a6580_0 .net *"_s30", 64 0, L_00000000011b2420;  1 drivers
L_00000000011b5948 .functor BUFT 1, C4<0>, C4<0>, C4<0>, C4<0>;
v00000000011a6da0_0 .net *"_s33", 0 0, L_00000000011b5948;  1 drivers
L_00000000011b5990 .functor BUFT 1, C4<00000000000000000000000000000000000000000000000000000000000000111>, C4<0>, C4<0>, C4<0>;
v00000000011a5ea0_0 .net/2u *"_s34", 64 0, L_00000000011b5990;  1 drivers
v00000000011a61c0_0 .net *"_s36", 64 0, L_00000000011b2600;  1 drivers
v00000000011a6e40_0 .net *"_s38", 7 0, L_00000000011b0580;  1 drivers
L_00000000011b57e0 .functor BUFT 1, C4<0000000000000000000000000000000000000000000000000000001111111000>, C4<0>, C4<0>, C4<0>;
v00000000011a5b80_0 .net/2u *"_s4", 63 0, L_00000000011b57e0;  1 drivers
v00000000011a6080_0 .net *"_s40", 64 0, L_00000000011b0800;  1 drivers
L_00000000011b59d8 .functor BUFT 1, C4<0>, C4<0>, C4<0>, C4<0>;
v00000000011a7660_0 .net *"_s43", 0 0, L_00000000011b59d8;  1 drivers
L_00000000011b5a20 .functor BUFT 1, C4<00000000000000000000000000000000000000000000000000000000000000110>, C4<0>, C4<0>, C4<0>;
v00000000011a6ee0_0 .net/2u *"_s44", 64 0, L_00000000011b5a20;  1 drivers
v00000000011a7840_0 .net *"_s46", 64 0, L_00000000011b2380;  1 drivers
v00000000011a6a80_0 .net *"_s48", 7 0, L_00000000011b26a0;  1 drivers
v00000000011a6120_0 .net *"_s50", 64 0, L_00000000011b01c0;  1 drivers
L_00000000011b5a68 .functor BUFT 1, C4<0>, C4<0>, C4<0>, C4<0>;
v00000000011a6800_0 .net *"_s53", 0 0, L_00000000011b5a68;  1 drivers
L_00000000011b5ab0 .functor BUFT 1, C4<00000000000000000000000000000000000000000000000000000000000000101>, C4<0>, C4<0>, C4<0>;
v00000000011a5d60_0 .net/2u *"_s54", 64 0, L_00000000011b5ab0;  1 drivers
v00000000011a6f80_0 .net *"_s56", 64 0, L_00000000011b03a0;  1 drivers
v00000000011a6c60_0 .net *"_s58", 7 0, L_00000000011b0ee0;  1 drivers
v00000000011a6d00_0 .net *"_s6", 0 0, L_00000000011b1a20;  1 drivers
v00000000011a6300_0 .net *"_s60", 64 0, L_00000000011b0260;  1 drivers
L_00000000011b5af8 .functor BUFT 1, C4<0>, C4<0>, C4<0>, C4<0>;
v00000000011a6620_0 .net *"_s63", 0 0, L_00000000011b5af8;  1 drivers
L_00000000011b5b40 .functor BUFT 1, C4<00000000000000000000000000000000000000000000000000000000000000100>, C4<0>, C4<0>, C4<0>;
v00000000011a5a40_0 .net/2u *"_s64", 64 0, L_00000000011b5b40;  1 drivers
v00000000011a63a0_0 .net *"_s66", 64 0, L_00000000011b08a0;  1 drivers
v00000000011a7de0_0 .net *"_s68", 7 0, L_00000000011b12a0;  1 drivers
v00000000011a73e0_0 .net *"_s70", 64 0, L_00000000011affe0;  1 drivers
L_00000000011b5b88 .functor BUFT 1, C4<0>, C4<0>, C4<0>, C4<0>;
v00000000011a7480_0 .net *"_s73", 0 0, L_00000000011b5b88;  1 drivers
L_00000000011b5bd0 .functor BUFT 1, C4<00000000000000000000000000000000000000000000000000000000000000011>, C4<0>, C4<0>, C4<0>;
v00000000011a64e0_0 .net/2u *"_s74", 64 0, L_00000000011b5bd0;  1 drivers
v00000000011a7700_0 .net *"_s76", 64 0, L_00000000011b0940;  1 drivers
v00000000011a7020_0 .net *"_s78", 7 0, L_00000000011b1ca0;  1 drivers
v00000000011a5e00_0 .net *"_s8", 7 0, L_00000000011b1840;  1 drivers
v00000000011a7f20_0 .net *"_s80", 64 0, L_00000000011b0120;  1 drivers
L_00000000011b5c18 .functor BUFT 1, C4<0>, C4<0>, C4<0>, C4<0>;
v00000000011a78e0_0 .net *"_s83", 0 0, L_00000000011b5c18;  1 drivers
L_00000000011b5c60 .functor BUFT 1, C4<00000000000000000000000000000000000000000000000000000000000000010>, C4<0>, C4<0>, C4<0>;
v00000000011a57c0_0 .net/2u *"_s84", 64 0, L_00000000011b5c60;  1 drivers
v00000000011a7c00_0 .net *"_s86", 64 0, L_00000000011b1e80;  1 drivers
v00000000011a77a0_0 .net *"_s88", 7 0, L_00000000011b1d40;  1 drivers
v00000000011a75c0_0 .net *"_s90", 64 0, L_00000000011b0300;  1 drivers
L_00000000011b5ca8 .functor BUFT 1, C4<0>, C4<0>, C4<0>, C4<0>;
v00000000011a6260_0 .net *"_s93", 0 0, L_00000000011b5ca8;  1 drivers
L_00000000011b5cf0 .functor BUFT 1, C4<00000000000000000000000000000000000000000000000000000000000000001>, C4<0>, C4<0>, C4<0>;
v00000000011a6440_0 .net/2u *"_s94", 64 0, L_00000000011b5cf0;  1 drivers
v00000000011a6760_0 .net *"_s96", 64 0, L_00000000011b1980;  1 drivers
v00000000011a70c0_0 .net *"_s98", 7 0, L_00000000011b0440;  1 drivers
v00000000011a5900_0 .net "imem_error_o", 0 0, L_00000000011b06c0;  alias, 1 drivers
v00000000011a7ca0 .array "instr_mem", 0 1024, 7 0;
v00000000011a68a0_0 .net "raddr_i", 63 0, v00000000011b0080_0;  alias, 1 drivers
v00000000011a66c0_0 .net "rdata_o", 80 0, L_00000000011b1de0;  1 drivers
L_00000000011b06c0 .cmp/gt 64, v00000000011b0080_0, L_00000000011b5798;
L_00000000011b1a20 .cmp/ge 64, L_00000000011b57e0, v00000000011b0080_0;
L_00000000011b1840 .array/port v00000000011a7ca0, L_00000000011b0620;
L_00000000011b1200 .concat [ 64 1 0 0], v00000000011b0080_0, L_00000000011b5828;
L_00000000011b0620 .arith/sum 65, L_00000000011b1200, L_00000000011b5870;
L_00000000011b1340 .array/port v00000000011a7ca0, L_00000000011b0bc0;
L_00000000011b1c00 .concat [ 64 1 0 0], v00000000011b0080_0, L_00000000011b58b8;
L_00000000011b0bc0 .arith/sum 65, L_00000000011b1c00, L_00000000011b5900;
L_00000000011b0e40 .array/port v00000000011a7ca0, L_00000000011b2600;
L_00000000011b2420 .concat [ 64 1 0 0], v00000000011b0080_0, L_00000000011b5948;
L_00000000011b2600 .arith/sum 65, L_00000000011b2420, L_00000000011b5990;
L_00000000011b0580 .array/port v00000000011a7ca0, L_00000000011b2380;
L_00000000011b0800 .concat [ 64 1 0 0], v00000000011b0080_0, L_00000000011b59d8;
L_00000000011b2380 .arith/sum 65, L_00000000011b0800, L_00000000011b5a20;
L_00000000011b26a0 .array/port v00000000011a7ca0, L_00000000011b03a0;
L_00000000011b01c0 .concat [ 64 1 0 0], v00000000011b0080_0, L_00000000011b5a68;
L_00000000011b03a0 .arith/sum 65, L_00000000011b01c0, L_00000000011b5ab0;
L_00000000011b0ee0 .array/port v00000000011a7ca0, L_00000000011b08a0;
L_00000000011b0260 .concat [ 64 1 0 0], v00000000011b0080_0, L_00000000011b5af8;
L_00000000011b08a0 .arith/sum 65, L_00000000011b0260, L_00000000011b5b40;
L_00000000011b12a0 .array/port v00000000011a7ca0, L_00000000011b0940;
L_00000000011affe0 .concat [ 64 1 0 0], v00000000011b0080_0, L_00000000011b5b88;
L_00000000011b0940 .arith/sum 65, L_00000000011affe0, L_00000000011b5bd0;
L_00000000011b1ca0 .array/port v00000000011a7ca0, L_00000000011b1e80;
L_00000000011b0120 .concat [ 64 1 0 0], v00000000011b0080_0, L_00000000011b5c18;
L_00000000011b1e80 .arith/sum 65, L_00000000011b0120, L_00000000011b5c60;
L_00000000011b1d40 .array/port v00000000011a7ca0, L_00000000011b1980;
L_00000000011b0300 .concat [ 64 1 0 0], v00000000011b0080_0, L_00000000011b5ca8;
L_00000000011b1980 .arith/sum 65, L_00000000011b0300, L_00000000011b5cf0;
L_00000000011b0440 .array/port v00000000011a7ca0, v00000000011b0080_0;
LS_00000000011b13e0_0_0 .concat [ 8 8 8 8], L_00000000011b0440, L_00000000011b1d40, L_00000000011b1ca0, L_00000000011b12a0;
LS_00000000011b13e0_0_4 .concat [ 8 8 8 8], L_00000000011b0ee0, L_00000000011b26a0, L_00000000011b0580, L_00000000011b0e40;
LS_00000000011b13e0_0_8 .concat [ 8 8 0 0], L_00000000011b1340, L_00000000011b1840;
L_00000000011b13e0 .concat [ 32 32 16 0], LS_00000000011b13e0_0_0, LS_00000000011b13e0_0_4, LS_00000000011b13e0_0_8;
L_00000000011b09e0 .concat [ 80 1 0 0], L_00000000011b13e0, L_00000000011b5d38;
L_00000000011b1de0 .functor MUXZ 81, L_00000000011b5d80, L_00000000011b09e0, L_00000000011b1a20, C4<>;
S_000000000113b270 .scope module, "mreg" "execute_M_pipe_reg" 2 219, 9 4 0, S_000000000113af50;
 .timescale -9 -12;
    .port_info 0 /INPUT 1 "clk_i";
    .port_info 1 /INPUT 1 "M_stall_i";
    .port_info 2 /INPUT 1 "M_bubble_i";
    .port_info 3 /INPUT 3 "e_stat_i";
    .port_info 4 /INPUT 64 "e_pc_i";
    .port_info 5 /INPUT 4 "e_icode_i";
    .port_info 6 /INPUT 4 "e_ifun_i";
    .port_info 7 /INPUT 1 "e_Cnd_i";
    .port_info 8 /INPUT 64 "e_valE_i";
    .port_info 9 /INPUT 64 "e_valA_i";
    .port_info 10 /INPUT 4 "e_dstE_i";
    .port_info 11 /INPUT 4 "e_dstM_i";
    .port_info 12 /OUTPUT 3 "M_stat_o";
    .port_info 13 /OUTPUT 64 "M_pc_o";
    .port_info 14 /OUTPUT 4 "M_icode_o";
    .port_info 15 /OUTPUT 4 "M_ifun_o";
    .port_info 16 /OUTPUT 1 "M_Cnd_o";
    .port_info 17 /OUTPUT 64 "M_valE_o";
    .port_info 18 /OUTPUT 64 "M_valA_o";
    .port_info 19 /OUTPUT 4 "M_dstE_o";
    .port_info 20 /OUTPUT 4 "M_dstM_o";
v00000000011ad0b0_0 .var "M_Cnd_o", 0 0;
v00000000011ace30_0 .net "M_bubble_i", 0 0, L_00000000011b7cb8;  alias, 1 drivers
v00000000011ad3d0_0 .var "M_dstE_o", 3 0;
v00000000011ad150_0 .var "M_dstM_o", 3 0;
v00000000011ad1f0_0 .var "M_icode_o", 3 0;
v00000000011ac2f0_0 .var "M_ifun_o", 3 0;
v00000000011ac430_0 .var "M_pc_o", 63 0;
v00000000011ac4d0_0 .net "M_stall_i", 0 0, L_00000000011b7c70;  alias, 1 drivers
v00000000011ad330_0 .var "M_stat_o", 2 0;
v00000000011a9eb0_0 .var "M_valA_o", 63 0;
v00000000011abd50_0 .var "M_valE_o", 63 0;
v00000000011ab8f0_0 .net "clk_i", 0 0, v00000000011a9d70_0;  alias, 1 drivers
v00000000011ab850_0 .net "e_Cnd_i", 0 0, L_00000000011afb80;  alias, 1 drivers
v00000000011aa090_0 .net "e_dstE_i", 3 0, L_00000000011adc40;  alias, 1 drivers
v00000000011abe90_0 .net "e_dstM_i", 3 0, v000000000119dde0_0;  alias, 1 drivers
v00000000011a9870_0 .net "e_icode_i", 3 0, v000000000119ec40_0;  alias, 1 drivers
v00000000011ab030_0 .net "e_ifun_i", 3 0, v000000000119f8c0_0;  alias, 1 drivers
v00000000011aa130_0 .net "e_pc_i", 63 0, L_00000000011ae3c0;  1 drivers
v00000000011a9cd0_0 .net "e_stat_i", 2 0, v000000000119db60_0;  alias, 1 drivers
v00000000011ab990_0 .net "e_valA_i", 63 0, v000000000119e9c0_0;  alias, 1 drivers
v00000000011aa1d0_0 .net "e_valE_i", 63 0, L_00000000011ad880;  alias, 1 drivers
    .scope S_000000000113b400;
T_0 ;
    %pushi/vec4 48, 0, 8;
    %ix/load 4, 0, 0;
    %flag_set/imm 4, 0;
    %store/vec4a v00000000011a7ca0, 4, 0;
    %pushi/vec4 241, 0, 8;
    %ix/load 4, 1, 0;
    %flag_set/imm 4, 0;
    %store/vec4a v00000000011a7ca0, 4, 0;
    %pushi/vec4 240, 0, 8;
    %ix/load 4, 2, 0;
    %flag_set/imm 4, 0;
    %store/vec4a v00000000011a7ca0, 4, 0;
    %pushi/vec4 222, 0, 8;
    %ix/load 4, 3, 0;
    %flag_set/imm 4, 0;
    %store/vec4a v00000000011a7ca0, 4, 0;
    %pushi/vec4 188, 0, 8;
    %ix/load 4, 4, 0;
    %flag_set/imm 4, 0;
    %store/vec4a v00000000011a7ca0, 4, 0;
    %pushi/vec4 154, 0, 8;
    %ix/load 4, 5, 0;
    %flag_set/imm 4, 0;
    %store/vec4a v00000000011a7ca0, 4, 0;
    %pushi/vec4 120, 0, 8;
    %ix/load 4, 6, 0;
    %flag_set/imm 4, 0;
    %store/vec4a v00000000011a7ca0, 4, 0;
    %pushi/vec4 86, 0, 8;
    %ix/load 4, 7, 0;
    %flag_set/imm 4, 0;
    %store/vec4a v00000000011a7ca0, 4, 0;
    %pushi/vec4 52, 0, 8;
    %ix/load 4, 8, 0;
    %flag_set/imm 4, 0;
    %store/vec4a v00000000011a7ca0, 4, 0;
    %pushi/vec4 18, 0, 8;
    %ix/load 4, 9, 0;
    %flag_set/imm 4, 0;
    %store/vec4a v00000000011a7ca0, 4, 0;
    %pushi/vec4 64, 0, 8;
    %ix/load 4, 10, 0;
    %flag_set/imm 4, 0;
    %store/vec4a v00000000011a7ca0, 4, 0;
    %pushi/vec4 18, 0, 8;
    %ix/load 4, 11, 0;
    %flag_set/imm 4, 0;
    %store/vec4a v00000000011a7ca0, 4, 0;
    %pushi/vec4 16, 0, 8;
    %ix/load 4, 12, 0;
    %flag_set/imm 4, 0;
    %store/vec4a v00000000011a7ca0, 4, 0;
    %pushi/vec4 0, 0, 8;
    %ix/load 4, 13, 0;
    %flag_set/imm 4, 0;
    %store/vec4a v00000000011a7ca0, 4, 0;
    %pushi/vec4 0, 0, 8;
    %ix/load 4, 14, 0;
    %flag_set/imm 4, 0;
    %store/vec4a v00000000011a7ca0, 4, 0;
    %pushi/vec4 0, 0, 8;
    %ix/load 4, 15, 0;
    %flag_set/imm 4, 0;
    %store/vec4a v00000000011a7ca0, 4, 0;
    %pushi/vec4 0, 0, 8;
    %ix/load 4, 16, 0;
    %flag_set/imm 4, 0;
    %store/vec4a v00000000011a7ca0, 4, 0;
    %pushi/vec4 0, 0, 8;
    %ix/load 4, 17, 0;
    %flag_set/imm 4, 0;
    %store/vec4a v00000000011a7ca0, 4, 0;
    %pushi/vec4 0, 0, 8;
    %ix/load 4, 18, 0;
    %flag_set/imm 4, 0;
    %store/vec4a v00000000011a7ca0, 4, 0;
    %pushi/vec4 0, 0, 8;
    %ix/load 4, 19, 0;
    %flag_set/imm 4, 0;
    %store/vec4a v00000000011a7ca0, 4, 0;
    %pushi/vec4 80, 0, 8;
    %ix/load 4, 20, 0;
    %flag_set/imm 4, 0;
    %store/vec4a v00000000011a7ca0, 4, 0;
    %pushi/vec4 37, 0, 8;
    %ix/load 4, 21, 0;
    %flag_set/imm 4, 0;
    %store/vec4a v00000000011a7ca0, 4, 0;
    %pushi/vec4 32, 0, 8;
    %ix/load 4, 22, 0;
    %flag_set/imm 4, 0;
    %store/vec4a v00000000011a7ca0, 4, 0;
    %pushi/vec4 0, 0, 8;
    %ix/load 4, 23, 0;
    %flag_set/imm 4, 0;
    %store/vec4a v00000000011a7ca0, 4, 0;
    %pushi/vec4 0, 0, 8;
    %ix/load 4, 24, 0;
    %flag_set/imm 4, 0;
    %store/vec4a v00000000011a7ca0, 4, 0;
    %pushi/vec4 0, 0, 8;
    %ix/load 4, 25, 0;
    %flag_set/imm 4, 0;
    %store/vec4a v00000000011a7ca0, 4, 0;
    %pushi/vec4 0, 0, 8;
    %ix/load 4, 26, 0;
    %flag_set/imm 4, 0;
    %store/vec4a v00000000011a7ca0, 4, 0;
    %pushi/vec4 0, 0, 8;
    %ix/load 4, 27, 0;
    %flag_set/imm 4, 0;
    %store/vec4a v00000000011a7ca0, 4, 0;
    %pushi/vec4 0, 0, 8;
    %ix/load 4, 28, 0;
    %flag_set/imm 4, 0;
    %store/vec4a v00000000011a7ca0, 4, 0;
    %pushi/vec4 0, 0, 8;
    %ix/load 4, 29, 0;
    %flag_set/imm 4, 0;
    %store/vec4a v00000000011a7ca0, 4, 0;
    %pushi/vec4 96, 0, 8;
    %ix/load 4, 30, 0;
    %flag_set/imm 4, 0;
    %store/vec4a v00000000011a7ca0, 4, 0;
    %pushi/vec4 53, 0, 8;
    %ix/load 4, 31, 0;
    %flag_set/imm 4, 0;
    %store/vec4a v00000000011a7ca0, 4, 0;
    %pushi/vec4 160, 0, 8;
    %ix/load 4, 32, 0;
    %flag_set/imm 4, 0;
    %store/vec4a v00000000011a7ca0, 4, 0;
    %pushi/vec4 143, 0, 8;
    %ix/load 4, 33, 0;
    %flag_set/imm 4, 0;
    %store/vec4a v00000000011a7ca0, 4, 0;
    %pushi/vec4 176, 0, 8;
    %ix/load 4, 34, 0;
    %flag_set/imm 4, 0;
    %store/vec4a v00000000011a7ca0, 4, 0;
    %pushi/vec4 159, 0, 8;
    %ix/load 4, 35, 0;
    %flag_set/imm 4, 0;
    %store/vec4a v00000000011a7ca0, 4, 0;
    %pushi/vec4 96, 0, 8;
    %ix/load 4, 36, 0;
    %flag_set/imm 4, 0;
    %store/vec4a v00000000011a7ca0, 4, 0;
    %pushi/vec4 53, 0, 8;
    %ix/load 4, 37, 0;
    %flag_set/imm 4, 0;
    %store/vec4a v00000000011a7ca0, 4, 0;
    %pushi/vec4 112, 0, 8;
    %ix/load 4, 38, 0;
    %flag_set/imm 4, 0;
    %store/vec4a v00000000011a7ca0, 4, 0;
    %pushi/vec4 48, 0, 8;
    %ix/load 4, 39, 0;
    %flag_set/imm 4, 0;
    %store/vec4a v00000000011a7ca0, 4, 0;
    %pushi/vec4 0, 0, 8;
    %ix/load 4, 40, 0;
    %flag_set/imm 4, 0;
    %store/vec4a v00000000011a7ca0, 4, 0;
    %pushi/vec4 0, 0, 8;
    %ix/load 4, 41, 0;
    %flag_set/imm 4, 0;
    %store/vec4a v00000000011a7ca0, 4, 0;
    %pushi/vec4 0, 0, 8;
    %ix/load 4, 42, 0;
    %flag_set/imm 4, 0;
    %store/vec4a v00000000011a7ca0, 4, 0;
    %pushi/vec4 0, 0, 8;
    %ix/load 4, 43, 0;
    %flag_set/imm 4, 0;
    %store/vec4a v00000000011a7ca0, 4, 0;
    %pushi/vec4 0, 0, 8;
    %ix/load 4, 44, 0;
    %flag_set/imm 4, 0;
    %store/vec4a v00000000011a7ca0, 4, 0;
    %pushi/vec4 0, 0, 8;
    %ix/load 4, 45, 0;
    %flag_set/imm 4, 0;
    %store/vec4a v00000000011a7ca0, 4, 0;
    %pushi/vec4 0, 0, 8;
    %ix/load 4, 46, 0;
    %flag_set/imm 4, 0;
    %store/vec4a v00000000011a7ca0, 4, 0;
    %pushi/vec4 113, 0, 8;
    %ix/load 4, 48, 0;
    %flag_set/imm 4, 0;
    %store/vec4a v00000000011a7ca0, 4, 0;
    %pushi/vec4 58, 0, 8;
    %ix/load 4, 49, 0;
    %flag_set/imm 4, 0;
    %store/vec4a v00000000011a7ca0, 4, 0;
    %pushi/vec4 0, 0, 8;
    %ix/load 4, 50, 0;
    %flag_set/imm 4, 0;
    %store/vec4a v00000000011a7ca0, 4, 0;
    %pushi/vec4 0, 0, 8;
    %ix/load 4, 51, 0;
    %flag_set/imm 4, 0;
    %store/vec4a v00000000011a7ca0, 4, 0;
    %pushi/vec4 0, 0, 8;
    %ix/load 4, 52, 0;
    %flag_set/imm 4, 0;
    %store/vec4a v00000000011a7ca0, 4, 0;
    %pushi/vec4 0, 0, 8;
    %ix/load 4, 53, 0;
    %flag_set/imm 4, 0;
    %store/vec4a v00000000011a7ca0, 4, 0;
    %pushi/vec4 0, 0, 8;
    %ix/load 4, 54, 0;
    %flag_set/imm 4, 0;
    %store/vec4a v00000000011a7ca0, 4, 0;
    %pushi/vec4 0, 0, 8;
    %ix/load 4, 55, 0;
    %flag_set/imm 4, 0;
    %store/vec4a v00000000011a7ca0, 4, 0;
    %pushi/vec4 0, 0, 8;
    %ix/load 4, 56, 0;
    %flag_set/imm 4, 0;
    %store/vec4a v00000000011a7ca0, 4, 0;
    %pushi/vec4 114, 0, 8;
    %ix/load 4, 57, 0;
    %flag_set/imm 4, 0;
    %store/vec4a v00000000011a7ca0, 4, 0;
    %pushi/vec4 67, 0, 8;
    %ix/load 4, 58, 0;
    %flag_set/imm 4, 0;
    %store/vec4a v00000000011a7ca0, 4, 0;
    %pushi/vec4 0, 0, 8;
    %ix/load 4, 59, 0;
    %flag_set/imm 4, 0;
    %store/vec4a v00000000011a7ca0, 4, 0;
    %pushi/vec4 0, 0, 8;
    %ix/load 4, 60, 0;
    %flag_set/imm 4, 0;
    %store/vec4a v00000000011a7ca0, 4, 0;
    %pushi/vec4 0, 0, 8;
    %ix/load 4, 61, 0;
    %flag_set/imm 4, 0;
    %store/vec4a v00000000011a7ca0, 4, 0;
    %pushi/vec4 0, 0, 8;
    %ix/load 4, 62, 0;
    %flag_set/imm 4, 0;
    %store/vec4a v00000000011a7ca0, 4, 0;
    %pushi/vec4 0, 0, 8;
    %ix/load 4, 63, 0;
    %flag_set/imm 4, 0;
    %store/vec4a v00000000011a7ca0, 4, 0;
    %pushi/vec4 0, 0, 8;
    %ix/load 4, 64, 0;
    %flag_set/imm 4, 0;
    %store/vec4a v00000000011a7ca0, 4, 0;
    %pushi/vec4 0, 0, 8;
    %ix/load 4, 65, 0;
    %flag_set/imm 4, 0;
    %store/vec4a v00000000011a7ca0, 4, 0;
    %pushi/vec4 128, 0, 8;
    %ix/load 4, 67, 0;
    %flag_set/imm 4, 0;
    %store/vec4a v00000000011a7ca0, 4, 0;
    %pushi/vec4 0, 0, 8;
    %ix/load 4, 68, 0;
    %flag_set/imm 4, 0;
    %store/vec4a v00000000011a7ca0, 4, 0;
    %pushi/vec4 1, 0, 8;
    %ix/load 4, 69, 0;
    %flag_set/imm 4, 0;
    %store/vec4a v00000000011a7ca0, 4, 0;
    %pushi/vec4 0, 0, 8;
    %ix/load 4, 70, 0;
    %flag_set/imm 4, 0;
    %store/vec4a v00000000011a7ca0, 4, 0;
    %pushi/vec4 0, 0, 8;
    %ix/load 4, 71, 0;
    %flag_set/imm 4, 0;
    %store/vec4a v00000000011a7ca0, 4, 0;
    %pushi/vec4 0, 0, 8;
    %ix/load 4, 72, 0;
    %flag_set/imm 4, 0;
    %store/vec4a v00000000011a7ca0, 4, 0;
    %pushi/vec4 0, 0, 8;
    %ix/load 4, 73, 0;
    %flag_set/imm 4, 0;
    %store/vec4a v00000000011a7ca0, 4, 0;
    %pushi/vec4 0, 0, 8;
    %ix/load 4, 74, 0;
    %flag_set/imm 4, 0;
    %store/vec4a v00000000011a7ca0, 4, 0;
    %pushi/vec4 0, 0, 8;
    %ix/load 4, 75, 0;
    %flag_set/imm 4, 0;
    %store/vec4a v00000000011a7ca0, 4, 0;
    %pushi/vec4 144, 0, 8;
    %ix/load 4, 256, 0;
    %flag_set/imm 4, 0;
    %store/vec4a v00000000011a7ca0, 4, 0;
    %end;
    .thread T_0;
    .scope S_000000000113b8b0;
T_1 ;
    %wait E_000000000110f8c0;
    %load/vec4 v000000000119d3a0_0;
    %flag_set/vec4 8;
    %jmp/0xz  T_1.0, 8;
    %pushi/vec4 0, 0, 3;
    %assign/vec4 v000000000119d120_0, 0;
    %pushi/vec4 0, 0, 64;
    %assign/vec4 v000000000119bfa0_0, 0;
    %pushi/vec4 1, 0, 4;
    %assign/vec4 v000000000119d440_0, 0;
    %pushi/vec4 0, 0, 4;
    %assign/vec4 v000000000119bc80_0, 0;
    %pushi/vec4 15, 0, 4;
    %assign/vec4 v000000000119bd20_0, 0;
    %pushi/vec4 15, 0, 4;
    %assign/vec4 v000000000119bf00_0, 0;
    %pushi/vec4 0, 0, 64;
    %assign/vec4 v000000000119d4e0_0, 0;
    %pushi/vec4 0, 0, 64;
    %assign/vec4 v000000000119c180_0, 0;
    %jmp T_1.1;
T_1.0 ;
    %load/vec4 v000000000119c0e0_0;
    %inv;
    %flag_set/vec4 8;
    %jmp/0xz  T_1.2, 8;
    %load/vec4 v000000000119e240_0;
    %assign/vec4 v000000000119d120_0, 0;
    %load/vec4 v000000000119fa00_0;
    %assign/vec4 v000000000119bfa0_0, 0;
    %load/vec4 v000000000119f320_0;
    %assign/vec4 v000000000119d440_0, 0;
    %load/vec4 v000000000119dac0_0;
    %assign/vec4 v000000000119bc80_0, 0;
    %load/vec4 v000000000119ef60_0;
    %assign/vec4 v000000000119bd20_0, 0;
    %load/vec4 v000000000119f3c0_0;
    %assign/vec4 v000000000119bf00_0, 0;
    %load/vec4 v000000000119f820_0;
    %assign/vec4 v000000000119d4e0_0, 0;
    %load/vec4 v000000000119ff00_0;
    %assign/vec4 v000000000119c180_0, 0;
T_1.2 ;
T_1.1 ;
    %jmp T_1;
    .thread T_1;
    .scope S_000000000113b0e0;
T_2 ;
    %wait E_000000000110f8c0;
    %load/vec4 v000000000112efc0_0;
    %cmpi/ne 15, 0, 4;
    %jmp/0xz  T_2.0, 4;
    %load/vec4 v000000000112dd00_0;
    %load/vec4 v000000000112efc0_0;
    %pad/u 6;
    %ix/vec4 3;
    %ix/load 4, 0, 0; Constant delay
    %assign/vec4/a/d v000000000119c720, 0, 4;
T_2.0 ;
    %load/vec4 v000000000112d8a0_0;
    %cmpi/ne 15, 0, 4;
    %jmp/0xz  T_2.2, 4;
    %load/vec4 v000000000112f060_0;
    %load/vec4 v000000000112efc0_0;
    %pad/u 6;
    %ix/vec4 3;
    %ix/load 4, 0, 0; Constant delay
    %assign/vec4/a/d v000000000119c720, 0, 4;
T_2.2 ;
    %jmp T_2;
    .thread T_2;
    .scope S_000000000113b0e0;
T_3 ;
    %pushi/vec4 0, 0, 64;
    %ix/load 4, 0, 0;
    %flag_set/imm 4, 0;
    %store/vec4a v000000000119c720, 4, 0;
    %pushi/vec4 1, 0, 64;
    %ix/load 4, 1, 0;
    %flag_set/imm 4, 0;
    %store/vec4a v000000000119c720, 4, 0;
    %pushi/vec4 2, 0, 64;
    %ix/load 4, 2, 0;
    %flag_set/imm 4, 0;
    %store/vec4a v000000000119c720, 4, 0;
    %pushi/vec4 3, 0, 64;
    %ix/load 4, 3, 0;
    %flag_set/imm 4, 0;
    %store/vec4a v000000000119c720, 4, 0;
    %pushi/vec4 1024, 0, 64;
    %ix/load 4, 4, 0;
    %flag_set/imm 4, 0;
    %store/vec4a v000000000119c720, 4, 0;
    %pushi/vec4 5, 0, 64;
    %ix/load 4, 5, 0;
    %flag_set/imm 4, 0;
    %store/vec4a v000000000119c720, 4, 0;
    %pushi/vec4 6, 0, 64;
    %ix/load 4, 6, 0;
    %flag_set/imm 4, 0;
    %store/vec4a v000000000119c720, 4, 0;
    %pushi/vec4 7, 0, 64;
    %ix/load 4, 7, 0;
    %flag_set/imm 4, 0;
    %store/vec4a v000000000119c720, 4, 0;
    %pushi/vec4 273, 0, 64;
    %ix/load 4, 8, 0;
    %flag_set/imm 4, 0;
    %store/vec4a v000000000119c720, 4, 0;
    %pushi/vec4 9, 0, 64;
    %ix/load 4, 9, 0;
    %flag_set/imm 4, 0;
    %store/vec4a v000000000119c720, 4, 0;
    %pushi/vec4 10, 0, 64;
    %ix/load 4, 10, 0;
    %flag_set/imm 4, 0;
    %store/vec4a v000000000119c720, 4, 0;
    %pushi/vec4 11, 0, 64;
    %ix/load 4, 11, 0;
    %flag_set/imm 4, 0;
    %store/vec4a v000000000119c720, 4, 0;
    %pushi/vec4 12, 0, 64;
    %ix/load 4, 12, 0;
    %flag_set/imm 4, 0;
    %store/vec4a v000000000119c720, 4, 0;
    %pushi/vec4 13, 0, 64;
    %ix/load 4, 13, 0;
    %flag_set/imm 4, 0;
    %store/vec4a v000000000119c720, 4, 0;
    %pushi/vec4 14, 0, 64;
    %ix/load 4, 14, 0;
    %flag_set/imm 4, 0;
    %store/vec4a v000000000119c720, 4, 0;
    %end;
    .thread T_3;
    .scope S_000000000113adc0;
T_4 ;
    %wait E_000000000110f8c0;
    %load/vec4 v000000000119d980_0;
    %flag_set/vec4 8;
    %jmp/0xz  T_4.0, 8;
    %load/vec4 v000000000119f140_0;
    %assign/vec4 v000000000119db60_0, 0;
    %pushi/vec4 0, 0, 64;
    %assign/vec4 v000000000119f0a0_0, 0;
    %pushi/vec4 1, 0, 4;
    %assign/vec4 v000000000119ec40_0, 0;
    %pushi/vec4 0, 0, 4;
    %assign/vec4 v000000000119f8c0_0, 0;
    %pushi/vec4 0, 0, 64;
    %assign/vec4 v000000000119eb00_0, 0;
    %pushi/vec4 0, 0, 64;
    %assign/vec4 v000000000119e9c0_0, 0;
    %pushi/vec4 0, 0, 64;
    %assign/vec4 v000000000119faa0_0, 0;
    %pushi/vec4 15, 0, 4;
    %assign/vec4 v000000000119e740_0, 0;
    %pushi/vec4 15, 0, 4;
    %assign/vec4 v000000000119dde0_0, 0;
    %pushi/vec4 15, 0, 4;
    %assign/vec4 v000000000119e4c0_0, 0;
    %pushi/vec4 15, 0, 4;
    %assign/vec4 v000000000119f640_0, 0;
    %jmp T_4.1;
T_4.0 ;
    %load/vec4 v000000000119e920_0;
    %inv;
    %flag_set/vec4 8;
    %jmp/0xz  T_4.2, 8;
    %load/vec4 v000000000119f140_0;
    %assign/vec4 v000000000119db60_0, 0;
    %load/vec4 v000000000119ea60_0;
    %assign/vec4 v000000000119f0a0_0, 0;
    %load/vec4 v000000000119dc00_0;
    %assign/vec4 v000000000119ec40_0, 0;
    %load/vec4 v000000000119f960_0;
    %assign/vec4 v000000000119f8c0_0, 0;
    %load/vec4 v000000000119f280_0;
    %assign/vec4 v000000000119eb00_0, 0;
    %load/vec4 v000000000119dd40_0;
    %assign/vec4 v000000000119e9c0_0, 0;
    %load/vec4 v000000000119f1e0_0;
    %assign/vec4 v000000000119faa0_0, 0;
    %load/vec4 v000000000119fdc0_0;
    %assign/vec4 v000000000119e740_0, 0;
    %load/vec4 v000000000119d8e0_0;
    %assign/vec4 v000000000119dde0_0, 0;
    %load/vec4 v000000000119df20_0;
    %assign/vec4 v000000000119e4c0_0, 0;
    %load/vec4 v000000000119dca0_0;
    %assign/vec4 v000000000119f640_0, 0;
T_4.2 ;
T_4.1 ;
    %jmp T_4;
    .thread T_4;
    .scope S_000000000113b720;
T_5 ;
    %wait E_000000000110f8c0;
    %load/vec4 v00000000011a4870_0;
    %inv;
    %flag_set/vec4 8;
    %jmp/0xz  T_5.0, 8;
    %pushi/vec4 0, 0, 1;
    %ix/load 4, 2, 0;
    %flag_set/imm 4, 0;
    %store/vec4 v00000000011a4b90_0, 4, 1;
    %pushi/vec4 0, 0, 1;
    %ix/load 4, 1, 0;
    %flag_set/imm 4, 0;
    %store/vec4 v00000000011a4b90_0, 4, 1;
    %pushi/vec4 0, 0, 1;
    %ix/load 4, 0, 0;
    %flag_set/imm 4, 0;
    %store/vec4 v00000000011a4b90_0, 4, 1;
    %jmp T_5.1;
T_5.0 ;
    %load/vec4 v00000000011a47d0_0;
    %cmpi/e 6, 0, 4;
    %jmp/0xz  T_5.2, 4;
    %load/vec4 v00000000011a5130_0;
    %cmpi/e 0, 0, 64;
    %flag_mov 8, 4;
    %jmp/0 T_5.4, 8;
    %pushi/vec4 1, 0, 2;
    %jmp/1 T_5.5, 8;
T_5.4 ; End of true expr.
    %pushi/vec4 0, 0, 2;
    %jmp/0 T_5.5, 8;
 ; End of false expr.
    %blend;
T_5.5;
    %pad/s 1;
    %ix/load 4, 2, 0;
    %flag_set/imm 4, 0;
    %store/vec4 v00000000011a4b90_0, 4, 1;
    %load/vec4 v00000000011a5130_0;
    %parti/s 1, 63, 7;
    %ix/load 4, 1, 0;
    %flag_set/imm 4, 0;
    %store/vec4 v00000000011a4b90_0, 4, 1;
    %load/vec4 v00000000011a42d0_0;
    %cmpi/e 0, 0, 4;
    %flag_mov 8, 4;
    %jmp/0 T_5.6, 8;
    %load/vec4 v00000000011a4af0_0;
    %parti/s 1, 63, 7;
    %load/vec4 v00000000011a5590_0;
    %parti/s 1, 63, 7;
    %cmp/e;
    %flag_get/vec4 4;
    %load/vec4 v00000000011a4af0_0;
    %parti/s 1, 63, 7;
    %load/vec4 v00000000011a5130_0;
    %parti/s 1, 63, 7;
    %cmp/ne;
    %flag_get/vec4 4;
    %and;
    %jmp/1 T_5.7, 8;
T_5.6 ; End of true expr.
    %load/vec4 v00000000011a42d0_0;
    %cmpi/e 1, 0, 4;
    %flag_mov 9, 4;
    %jmp/0 T_5.8, 9;
    %load/vec4 v00000000011a4af0_0;
    %parti/s 1, 63, 7;
    %inv;
    %load/vec4 v00000000011a5590_0;
    %parti/s 1, 63, 7;
    %cmp/e;
    %flag_get/vec4 4;
    %load/vec4 v00000000011a5590_0;
    %parti/s 1, 63, 7;
    %load/vec4 v00000000011a5130_0;
    %parti/s 1, 63, 7;
    %cmp/ne;
    %flag_get/vec4 4;
    %and;
    %jmp/1 T_5.9, 9;
T_5.8 ; End of true expr.
    %pushi/vec4 0, 0, 1;
    %jmp/0 T_5.9, 9;
 ; End of false expr.
    %blend;
T_5.9;
    %jmp/0 T_5.7, 8;
 ; End of false expr.
    %blend;
T_5.7;
    %ix/load 4, 0, 0;
    %flag_set/imm 4, 0;
    %store/vec4 v00000000011a4b90_0, 4, 1;
T_5.2 ;
T_5.1 ;
    %jmp T_5;
    .thread T_5;
    .scope S_000000000113b720;
T_6 ;
    %wait E_000000000110f8c0;
    %load/vec4 v00000000011a4870_0;
    %inv;
    %flag_set/vec4 8;
    %jmp/0xz  T_6.0, 8;
    %pushi/vec4 4, 0, 3;
    %assign/vec4 v00000000011a4e10_0, 0;
    %jmp T_6.1;
T_6.0 ;
    %load/vec4 v00000000011a5090_0;
    %flag_set/vec4 8;
    %jmp/0xz  T_6.2, 8;
    %load/vec4 v00000000011a4b90_0;
    %assign/vec4 v00000000011a4e10_0, 0;
T_6.2 ;
T_6.1 ;
    %jmp T_6;
    .thread T_6;
    .scope S_000000000113b270;
T_7 ;
    %wait E_000000000110f8c0;
    %load/vec4 v00000000011ace30_0;
    %flag_set/vec4 8;
    %jmp/0xz  T_7.0, 8;
    %load/vec4 v00000000011a9cd0_0;
    %assign/vec4 v00000000011ad330_0, 0;
    %pushi/vec4 0, 0, 64;
    %assign/vec4 v00000000011ac430_0, 0;
    %pushi/vec4 1, 0, 4;
    %assign/vec4 v00000000011ad1f0_0, 0;
    %pushi/vec4 0, 0, 4;
    %assign/vec4 v00000000011ac2f0_0, 0;
    %pushi/vec4 0, 0, 1;
    %assign/vec4 v00000000011ad0b0_0, 0;
    %pushi/vec4 0, 0, 64;
    %assign/vec4 v00000000011abd50_0, 0;
    %pushi/vec4 0, 0, 64;
    %assign/vec4 v00000000011a9eb0_0, 0;
    %pushi/vec4 15, 0, 4;
    %assign/vec4 v00000000011ad3d0_0, 0;
    %pushi/vec4 15, 0, 4;
    %assign/vec4 v00000000011ad150_0, 0;
    %jmp T_7.1;
T_7.0 ;
    %load/vec4 v00000000011ac4d0_0;
    %inv;
    %flag_set/vec4 8;
    %jmp/0xz  T_7.2, 8;
    %load/vec4 v00000000011a9cd0_0;
    %assign/vec4 v00000000011ad330_0, 0;
    %load/vec4 v00000000011aa130_0;
    %assign/vec4 v00000000011ac430_0, 0;
    %load/vec4 v00000000011a9870_0;
    %assign/vec4 v00000000011ad1f0_0, 0;
    %load/vec4 v00000000011ab030_0;
    %assign/vec4 v00000000011ac2f0_0, 0;
    %load/vec4 v00000000011ab850_0;
    %assign/vec4 v00000000011ad0b0_0, 0;
    %load/vec4 v00000000011aa1d0_0;
    %assign/vec4 v00000000011abd50_0, 0;
    %load/vec4 v00000000011ab990_0;
    %assign/vec4 v00000000011a9eb0_0, 0;
    %load/vec4 v00000000011aa090_0;
    %assign/vec4 v00000000011ad3d0_0, 0;
    %load/vec4 v00000000011abe90_0;
    %assign/vec4 v00000000011ad150_0, 0;
T_7.2 ;
T_7.1 ;
    %jmp T_7;
    .thread T_7;
    .scope S_000000000113af50;
T_8 ;
    %pushi/vec4 0, 0, 1;
    %store/vec4 v00000000011a9d70_0, 0, 1;
T_8.0 ;
    %delay 5000, 0;
    %load/vec4 v00000000011a9d70_0;
    %inv;
    %store/vec4 v00000000011a9d70_0, 0, 1;
    %jmp T_8.0;
    %end;
    .thread T_8;
    .scope S_000000000113af50;
T_9 ;
    %pushi/vec4 0, 0, 1;
    %store/vec4 v00000000011b21a0_0, 0, 1;
    %delay 1000, 0;
    %pushi/vec4 1, 0, 1;
    %store/vec4 v00000000011b21a0_0, 0, 1;
    %end;
    .thread T_9;
    .scope S_000000000113af50;
T_10 ;
    %wait E_000000000110f8c0;
    %load/vec4 v00000000011b10c0_0;
    %assign/vec4 v00000000011b0080_0, 0;
    %jmp T_10;
    .thread T_10;
    .scope S_000000000113af50;
T_11 ;
    %vpi_call 2 250 "$dumpfile", "./wave/execute.vcd" {0 0 0};
    %vpi_call 2 251 "$dumpvars", 32'sb00000000000000000000000000000000, S_000000000113af50 {0 0 0};
    %pushi/vec4 0, 0, 64;
    %store/vec4 v00000000011b0080_0, 0, 64;
    %delay 40000, 0;
    %vpi_call 2 253 "$finish" {0 0 0};
    %end;
    .thread T_11;
    .scope S_000000000113af50;
T_12 ;
    %vpi_call 2 257 "$monitor", "Time=%0t,fetch: D_PC=%h, D_icode=%h, D_ifun=%h, D_rA=%h, D_rB=%h, D_valC=%h, D_valP=%h,\012\011decode:e_icode=%h, e_ifun=%h, d_srcA=%h, d_srcB=%h, d_valA=%h, d_valB=%h, e_srcA=%h, e_srcB=%h,\012\011execute: M_icode=%h, M_ifun_o=%h, M_valE=%h, M_valA=%h", $time, v00000000011abc10_0, v00000000011aa810_0, v00000000011aa270_0, v00000000011aac70_0, v00000000011aba30_0, v00000000011aab30_0, v00000000011aa950_0, v00000000011aa8b0_0, v00000000011ab170_0, v00000000011ab490_0, v00000000011ab530_0, v00000000011ab670_0, v00000000011ab710_0, v00000000011aaa90_0, v00000000011aa310_0, v00000000011ab5d0_0, v00000000011ab2b0_0, v00000000011aadb0_0, v00000000011a9b90_0 {0 0 0};
    %end;
    .thread T_12;
# The file index is used to find the file name in the following table.
:file_names 10;
    "N/A";
    "<interactive>";
    "execute_tb.v";
    "./decode.v";
    "./fetch_D_pipe_reg.v";
    "./decode_E_pipe_reg.v";
    "./execute.v";
    "./fetch.v";
    "./instruction_memory.v";
    "./execute_M_pipe_reg.v";
