#! /usr/local/iverilog/bin/vvp
:ivl_version "11.0 (devel)" "(s20150603-642-g3bdb50da)";
:ivl_delay_selection "TYPICAL";
:vpi_time_precision + 0;
:vpi_module "system";
:vpi_module "vhdl_sys";
:vpi_module "vhdl_textio";
:vpi_module "v2005_math";
:vpi_module "va_math";
S_0000000001102c00 .scope module, "execute" "execute" 2 2;
 .timescale 0 0;
    .port_info 0 /INPUT 1 "clk_i";
    .port_info 1 /INPUT 1 "rst_n_i";
    .port_info 2 /INPUT 4 "icode_i";
    .port_info 3 /INPUT 4 "ifun_i";
    .port_info 4 /INPUT 4 "E_dstE_i";
    .port_info 5 /INPUT 64 "valA_i";
    .port_info 6 /INPUT 64 "valB_i";
    .port_info 7 /INPUT 64 "valC_i";
    .port_info 8 /INPUT 3 "m_stat_i";
    .port_info 9 /INPUT 3 "W_stat_i";
    .port_info 10 /OUTPUT 64 "valE_o";
    .port_info 11 /OUTPUT 4 "dstE_o";
    .port_info 12 /OUTPUT 1 "e_Cnd_o";
L_0000000001158550 .functor OR 1, L_00000000011c0960, L_00000000011bf920, C4<0>, C4<0>;
L_0000000001157ec0 .functor OR 1, L_00000000011bfb00, L_00000000011c0a00, C4<0>, C4<0>;
L_0000000001157fa0 .functor OR 1, L_00000000011c0b40, L_00000000011c0aa0, C4<0>, C4<0>;
L_0000000001158320 .functor OR 1, L_00000000011bf9c0, L_00000000011c0be0, C4<0>, C4<0>;
L_00000000011586a0 .functor OR 1, L_00000000011d47e0, L_00000000011d4880, C4<0>, C4<0>;
L_0000000001157c90 .functor OR 1, L_00000000011586a0, L_00000000011d3f20, C4<0>, C4<0>;
L_0000000001158010 .functor OR 1, L_0000000001157c90, L_00000000011d4560, C4<0>, C4<0>;
L_0000000001158400 .functor OR 1, L_0000000001158010, L_00000000011d3700, C4<0>, C4<0>;
L_0000000001158470 .functor OR 1, L_0000000001158400, L_00000000011d2c60, C4<0>, C4<0>;
L_0000000001158080 .functor OR 1, L_0000000001158470, L_00000000011d3660, C4<0>, C4<0>;
L_00000000011580f0 .functor OR 1, L_00000000011d2ee0, L_00000000011d44c0, C4<0>, C4<0>;
L_00000000011584e0 .functor AND 64, L_00000000011d3480, L_00000000011d30c0, C4<1111111111111111111111111111111111111111111111111111111111111111>, C4<1111111111111111111111111111111111111111111111111111111111111111>;
L_0000000001158630 .functor XOR 64, L_00000000011d3480, L_00000000011d30c0, C4<0000000000000000000000000000000000000000000000000000000000000000>, C4<0000000000000000000000000000000000000000000000000000000000000000>;
L_0000000001157d70 .functor AND 1, L_00000000011d38e0, L_00000000011d3020, C4<1>, C4<1>;
L_00000000011587f0 .functor OR 1, L_00000000011d32a0, L_0000000001157d70, C4<0>, C4<0>;
L_0000000001157de0 .functor NOT 1, L_00000000011d4060, C4<0>, C4<0>, C4<0>;
L_0000000001158710 .functor AND 1, L_00000000011d3340, L_0000000001157de0, C4<1>, C4<1>;
L_00000000011579f0 .functor OR 1, L_00000000011587f0, L_0000000001158710, C4<0>, C4<0>;
L_0000000001157a60 .functor AND 1, L_00000000011d37a0, L_00000000011d2da0, C4<1>, C4<1>;
L_0000000001157ad0 .functor OR 1, L_00000000011579f0, L_0000000001157a60, C4<0>, C4<0>;
L_0000000001157bb0 .functor NOT 1, L_00000000011d4240, C4<0>, C4<0>, C4<0>;
L_00000000011d4ba0 .functor AND 1, L_00000000011d3980, L_0000000001157bb0, C4<1>, C4<1>;
L_00000000011d4f20 .functor OR 1, L_0000000001157ad0, L_00000000011d4ba0, C4<0>, C4<0>;
L_00000000011d51c0 .functor XOR 1, L_00000000011d49c0, L_00000000011d4380, C4<0>, C4<0>;
L_00000000011d5310 .functor NOT 1, L_00000000011d51c0, C4<0>, C4<0>, C4<0>;
L_00000000011d5380 .functor NOT 1, L_00000000011d3840, C4<0>, C4<0>, C4<0>;
L_00000000011d5850 .functor AND 1, L_00000000011d5310, L_00000000011d5380, C4<1>, C4<1>;
L_00000000011d5540 .functor AND 1, L_00000000011d2f80, L_00000000011d5850, C4<1>, C4<1>;
L_00000000011d4c10 .functor OR 1, L_00000000011d4f20, L_00000000011d5540, C4<0>, C4<0>;
L_00000000011d5930 .functor XOR 1, L_00000000011d46a0, L_00000000011d3160, C4<0>, C4<0>;
L_00000000011d4cf0 .functor NOT 1, L_00000000011d5930, C4<0>, C4<0>, C4<0>;
L_00000000011d54d0 .functor AND 1, L_00000000011d3a20, L_00000000011d4cf0, C4<1>, C4<1>;
L_00000000011d55b0 .functor OR 1, L_00000000011d4c10, L_00000000011d54d0, C4<0>, C4<0>;
L_00000000011d5070 .functor XOR 1, L_00000000011d2bc0, L_00000000011d33e0, C4<0>, C4<0>;
L_00000000011d4d60 .functor AND 1, L_00000000011d3200, L_00000000011d5070, C4<1>, C4<1>;
L_00000000011d52a0 .functor OR 1, L_00000000011d55b0, L_00000000011d4d60, C4<0>, C4<0>;
L_00000000011d5620 .functor XOR 1, L_00000000011d4600, L_00000000011d3520, C4<0>, C4<0>;
L_00000000011d4dd0 .functor OR 1, L_00000000011d5620, L_00000000011d4420, C4<0>, C4<0>;
L_00000000011d58c0 .functor AND 1, L_00000000011d3ac0, L_00000000011d4dd0, C4<1>, C4<1>;
L_00000000011d50e0 .functor OR 1, L_00000000011d52a0, L_00000000011d58c0, C4<0>, C4<0>;
L_00000000011d5150 .functor AND 1, L_00000000011d41a0, L_00000000011d50e0, C4<1>, C4<1>;
L_00000000011d53f0 .functor AND 1, L_00000000011d3de0, L_00000000011d35c0, C4<1>, C4<1>;
o0000000001161138 .functor BUFZ 4, C4<zzzz>; HiZ drive
v0000000001156760_0 .net "E_dstE_i", 3 0, o0000000001161138;  0 drivers
o0000000001161168 .functor BUFZ 3, C4<zzz>; HiZ drive
v00000000011568a0_0 .net "W_stat_i", 2 0, o0000000001161168;  0 drivers
L_00000000011f00d0 .functor BUFT 1, C4<0110>, C4<0>, C4<0>, C4<0>;
v0000000001157200_0 .net/2u *"_s10", 3 0, L_00000000011f00d0;  1 drivers
L_00000000011f0598 .functor BUFT 1, C4<0010>, C4<0>, C4<0>, C4<0>;
v0000000001156940_0 .net/2u *"_s100", 3 0, L_00000000011f0598;  1 drivers
v0000000001156bc0_0 .net *"_s102", 0 0, L_00000000011d2ee0;  1 drivers
L_00000000011f05e0 .functor BUFT 1, C4<0011>, C4<0>, C4<0>, C4<0>;
v0000000001156c60_0 .net/2u *"_s104", 3 0, L_00000000011f05e0;  1 drivers
v0000000001156ee0_0 .net *"_s106", 0 0, L_00000000011d44c0;  1 drivers
v0000000001156f80_0 .net *"_s108", 0 0, L_00000000011580f0;  1 drivers
L_00000000011f0628 .functor BUFT 1, C4<0000000000000000000000000000000000000000000000000000000000000000>, C4<0>, C4<0>, C4<0>;
v00000000011570c0_0 .net/2s *"_s110", 63 0, L_00000000011f0628;  1 drivers
L_00000000011f0670 .functor BUFT 1, C4<0000000000000000000000000000000000000000000000000000000000000000>, C4<0>, C4<0>, C4<0>;
v00000000011572a0_0 .net/2s *"_s112", 63 0, L_00000000011f0670;  1 drivers
v0000000001155a40_0 .net *"_s114", 63 0, L_00000000011d2b20;  1 drivers
L_00000000011f06b8 .functor BUFT 1, C4<0110>, C4<0>, C4<0>, C4<0>;
v00000000011575c0_0 .net/2u *"_s118", 3 0, L_00000000011f06b8;  1 drivers
v0000000001155d60_0 .net *"_s12", 0 0, L_00000000011bf920;  1 drivers
v0000000001157660_0 .net *"_s120", 0 0, L_00000000011d42e0;  1 drivers
L_00000000011f0700 .functor BUFT 1, C4<0000>, C4<0>, C4<0>, C4<0>;
v00000000011577a0_0 .net/2u *"_s122", 3 0, L_00000000011f0700;  1 drivers
L_00000000011f0748 .functor BUFT 1, C4<0001>, C4<0>, C4<0>, C4<0>;
v0000000001155900_0 .net/2u *"_s126", 3 0, L_00000000011f0748;  1 drivers
v00000000011559a0_0 .net *"_s128", 0 0, L_00000000011d3b60;  1 drivers
v0000000001155b80_0 .net *"_s130", 63 0, L_00000000011d2e40;  1 drivers
L_00000000011f0790 .functor BUFT 1, C4<0010>, C4<0>, C4<0>, C4<0>;
v0000000001155f40_0 .net/2u *"_s132", 3 0, L_00000000011f0790;  1 drivers
v0000000001155fe0_0 .net *"_s134", 0 0, L_00000000011d4920;  1 drivers
v0000000001156080_0 .net *"_s136", 63 0, L_00000000011584e0;  1 drivers
L_00000000011f07d8 .functor BUFT 1, C4<0011>, C4<0>, C4<0>, C4<0>;
v00000000011bc290_0 .net/2u *"_s138", 3 0, L_00000000011f07d8;  1 drivers
v00000000011bc0b0_0 .net *"_s14", 0 0, L_0000000001158550;  1 drivers
v00000000011bb930_0 .net *"_s140", 0 0, L_00000000011d3e80;  1 drivers
v00000000011bc150_0 .net *"_s142", 63 0, L_0000000001158630;  1 drivers
v00000000011bae90_0 .net *"_s144", 63 0, L_00000000011d4740;  1 drivers
v00000000011ba670_0 .net *"_s146", 63 0, L_00000000011d3d40;  1 drivers
v00000000011bb430_0 .net *"_s148", 63 0, L_00000000011d3c00;  1 drivers
L_00000000011f0820 .functor BUFT 1, C4<0110>, C4<0>, C4<0>, C4<0>;
v00000000011ba850_0 .net/2u *"_s152", 3 0, L_00000000011f0820;  1 drivers
L_00000000011f0868 .functor BUFT 1, C4<0111>, C4<0>, C4<0>, C4<0>;
v00000000011bb4d0_0 .net/2u *"_s156", 3 0, L_00000000011f0868;  1 drivers
v00000000011bbed0_0 .net *"_s158", 0 0, L_00000000011d41a0;  1 drivers
L_00000000011f0118 .functor BUFT 1, C4<0011>, C4<0>, C4<0>, C4<0>;
v00000000011bb570_0 .net/2u *"_s16", 3 0, L_00000000011f0118;  1 drivers
L_00000000011f08b0 .functor BUFT 1, C4<0000>, C4<0>, C4<0>, C4<0>;
v00000000011bad50_0 .net/2u *"_s160", 3 0, L_00000000011f08b0;  1 drivers
v00000000011ba490_0 .net *"_s162", 0 0, L_00000000011d32a0;  1 drivers
L_00000000011f08f8 .functor BUFT 1, C4<0001>, C4<0>, C4<0>, C4<0>;
v00000000011bac10_0 .net/2u *"_s164", 3 0, L_00000000011f08f8;  1 drivers
v00000000011bb610_0 .net *"_s166", 0 0, L_00000000011d38e0;  1 drivers
v00000000011baf30_0 .net *"_s169", 0 0, L_00000000011d3020;  1 drivers
v00000000011bc330_0 .net *"_s170", 0 0, L_0000000001157d70;  1 drivers
v00000000011bc1f0_0 .net *"_s172", 0 0, L_00000000011587f0;  1 drivers
L_00000000011f0940 .functor BUFT 1, C4<0010>, C4<0>, C4<0>, C4<0>;
v00000000011ba530_0 .net/2u *"_s174", 3 0, L_00000000011f0940;  1 drivers
v00000000011ba5d0_0 .net *"_s176", 0 0, L_00000000011d3340;  1 drivers
v00000000011bbbb0_0 .net *"_s179", 0 0, L_00000000011d4060;  1 drivers
v00000000011bab70_0 .net *"_s18", 0 0, L_00000000011bfb00;  1 drivers
v00000000011ba710_0 .net *"_s180", 0 0, L_0000000001157de0;  1 drivers
v00000000011bb6b0_0 .net *"_s182", 0 0, L_0000000001158710;  1 drivers
v00000000011bb9d0_0 .net *"_s184", 0 0, L_00000000011579f0;  1 drivers
L_00000000011f0988 .functor BUFT 1, C4<0011>, C4<0>, C4<0>, C4<0>;
v00000000011bc010_0 .net/2u *"_s186", 3 0, L_00000000011f0988;  1 drivers
v00000000011bbc50_0 .net *"_s188", 0 0, L_00000000011d37a0;  1 drivers
v00000000011bb750_0 .net *"_s191", 0 0, L_00000000011d2da0;  1 drivers
v00000000011ba7b0_0 .net *"_s192", 0 0, L_0000000001157a60;  1 drivers
v00000000011bb390_0 .net *"_s194", 0 0, L_0000000001157ad0;  1 drivers
L_00000000011f09d0 .functor BUFT 1, C4<0101>, C4<0>, C4<0>, C4<0>;
v00000000011bbd90_0 .net/2u *"_s196", 3 0, L_00000000011f09d0;  1 drivers
v00000000011bb7f0_0 .net *"_s198", 0 0, L_00000000011d3980;  1 drivers
L_00000000011f0160 .functor BUFT 1, C4<0100>, C4<0>, C4<0>, C4<0>;
v00000000011ba8f0_0 .net/2u *"_s20", 3 0, L_00000000011f0160;  1 drivers
v00000000011ba990_0 .net *"_s201", 0 0, L_00000000011d4240;  1 drivers
v00000000011badf0_0 .net *"_s202", 0 0, L_0000000001157bb0;  1 drivers
v00000000011bacb0_0 .net *"_s204", 0 0, L_00000000011d4ba0;  1 drivers
v00000000011bbcf0_0 .net *"_s206", 0 0, L_00000000011d4f20;  1 drivers
L_00000000011f0a18 .functor BUFT 1, C4<0110>, C4<0>, C4<0>, C4<0>;
v00000000011bbf70_0 .net/2u *"_s208", 3 0, L_00000000011f0a18;  1 drivers
v00000000011bb890_0 .net *"_s210", 0 0, L_00000000011d2f80;  1 drivers
v00000000011bba70_0 .net *"_s213", 0 0, L_00000000011d49c0;  1 drivers
v00000000011bafd0_0 .net *"_s215", 0 0, L_00000000011d4380;  1 drivers
v00000000011baa30_0 .net *"_s216", 0 0, L_00000000011d51c0;  1 drivers
v00000000011bb070_0 .net *"_s218", 0 0, L_00000000011d5310;  1 drivers
v00000000011baad0_0 .net *"_s22", 0 0, L_00000000011c0a00;  1 drivers
v00000000011bbb10_0 .net *"_s221", 0 0, L_00000000011d3840;  1 drivers
v00000000011bbe30_0 .net *"_s222", 0 0, L_00000000011d5380;  1 drivers
v00000000011bb110_0 .net *"_s224", 0 0, L_00000000011d5850;  1 drivers
v00000000011bb1b0_0 .net *"_s226", 0 0, L_00000000011d5540;  1 drivers
v00000000011bb250_0 .net *"_s228", 0 0, L_00000000011d4c10;  1 drivers
L_00000000011f0a60 .functor BUFT 1, C4<0111>, C4<0>, C4<0>, C4<0>;
v00000000011bb2f0_0 .net/2u *"_s230", 3 0, L_00000000011f0a60;  1 drivers
v00000000011bea90_0 .net *"_s232", 0 0, L_00000000011d3a20;  1 drivers
v00000000011be6d0_0 .net *"_s235", 0 0, L_00000000011d46a0;  1 drivers
v00000000011bd7d0_0 .net *"_s237", 0 0, L_00000000011d3160;  1 drivers
v00000000011bd370_0 .net *"_s238", 0 0, L_00000000011d5930;  1 drivers
v00000000011bee50_0 .net *"_s24", 0 0, L_0000000001157ec0;  1 drivers
v00000000011bf0d0_0 .net *"_s240", 0 0, L_00000000011d4cf0;  1 drivers
v00000000011bd910_0 .net *"_s242", 0 0, L_00000000011d54d0;  1 drivers
v00000000011be8b0_0 .net *"_s244", 0 0, L_00000000011d55b0;  1 drivers
L_00000000011f0aa8 .functor BUFT 1, C4<1000>, C4<0>, C4<0>, C4<0>;
v00000000011bdeb0_0 .net/2u *"_s246", 3 0, L_00000000011f0aa8;  1 drivers
v00000000011be1d0_0 .net *"_s248", 0 0, L_00000000011d3200;  1 drivers
v00000000011bec70_0 .net *"_s251", 0 0, L_00000000011d2bc0;  1 drivers
v00000000011bd690_0 .net *"_s253", 0 0, L_00000000011d33e0;  1 drivers
v00000000011bd410_0 .net *"_s254", 0 0, L_00000000011d5070;  1 drivers
v00000000011be4f0_0 .net *"_s256", 0 0, L_00000000011d4d60;  1 drivers
v00000000011be770_0 .net *"_s258", 0 0, L_00000000011d52a0;  1 drivers
L_00000000011f01a8 .functor BUFT 1, C4<1000>, C4<0>, C4<0>, C4<0>;
v00000000011be090_0 .net/2u *"_s26", 3 0, L_00000000011f01a8;  1 drivers
L_00000000011f0af0 .functor BUFT 1, C4<1000>, C4<0>, C4<0>, C4<0>;
v00000000011bd870_0 .net/2u *"_s260", 3 0, L_00000000011f0af0;  1 drivers
v00000000011bd4b0_0 .net *"_s262", 0 0, L_00000000011d3ac0;  1 drivers
v00000000011bedb0_0 .net *"_s265", 0 0, L_00000000011d4600;  1 drivers
v00000000011bd730_0 .net *"_s267", 0 0, L_00000000011d3520;  1 drivers
v00000000011bd9b0_0 .net *"_s268", 0 0, L_00000000011d5620;  1 drivers
v00000000011bf170_0 .net *"_s271", 0 0, L_00000000011d4420;  1 drivers
v00000000011bd2d0_0 .net *"_s272", 0 0, L_00000000011d4dd0;  1 drivers
v00000000011beb30_0 .net *"_s274", 0 0, L_00000000011d58c0;  1 drivers
v00000000011bd550_0 .net *"_s276", 0 0, L_00000000011d50e0;  1 drivers
v00000000011bdb90_0 .net *"_s28", 0 0, L_00000000011c0b40;  1 drivers
L_00000000011f0b38 .functor BUFT 1, C4<0010>, C4<0>, C4<0>, C4<0>;
v00000000011be590_0 .net/2u *"_s280", 3 0, L_00000000011f0b38;  1 drivers
v00000000011be310_0 .net *"_s282", 0 0, L_00000000011d3de0;  1 drivers
v00000000011bdff0_0 .net *"_s285", 0 0, L_00000000011d35c0;  1 drivers
v00000000011be630_0 .net *"_s286", 0 0, L_00000000011d53f0;  1 drivers
L_00000000011f0b80 .functor BUFT 1, C4<1111>, C4<0>, C4<0>, C4<0>;
v00000000011bed10_0 .net/2u *"_s288", 3 0, L_00000000011f0b80;  1 drivers
L_00000000011f01f0 .functor BUFT 1, C4<1010>, C4<0>, C4<0>, C4<0>;
v00000000011bda50_0 .net/2u *"_s30", 3 0, L_00000000011f01f0;  1 drivers
v00000000011beef0_0 .net *"_s32", 0 0, L_00000000011c0aa0;  1 drivers
v00000000011be810_0 .net *"_s34", 0 0, L_0000000001157fa0;  1 drivers
L_00000000011f0238 .functor BUFT 1, C4<1111111111111111111111111111111111111111111111111111111111111000>, C4<0>, C4<0>, C4<0>;
v00000000011be3b0_0 .net/2s *"_s36", 63 0, L_00000000011f0238;  1 drivers
L_00000000011f0280 .functor BUFT 1, C4<1001>, C4<0>, C4<0>, C4<0>;
v00000000011bd5f0_0 .net/2u *"_s38", 3 0, L_00000000011f0280;  1 drivers
v00000000011bef90_0 .net *"_s40", 0 0, L_00000000011bf9c0;  1 drivers
L_00000000011f02c8 .functor BUFT 1, C4<1011>, C4<0>, C4<0>, C4<0>;
v00000000011bdcd0_0 .net/2u *"_s42", 3 0, L_00000000011f02c8;  1 drivers
v00000000011bdaf0_0 .net *"_s44", 0 0, L_00000000011c0be0;  1 drivers
v00000000011bdd70_0 .net *"_s46", 0 0, L_0000000001158320;  1 drivers
L_00000000011f0310 .functor BUFT 1, C4<0000000000000000000000000000000000000000000000000000000000001000>, C4<0>, C4<0>, C4<0>;
v00000000011bebd0_0 .net/2s *"_s48", 63 0, L_00000000011f0310;  1 drivers
L_00000000011f0358 .functor BUFT 1, C4<0000000000000000000000000000000000000000000000000000000000000000>, C4<0>, C4<0>, C4<0>;
v00000000011bdc30_0 .net/2s *"_s50", 63 0, L_00000000011f0358;  1 drivers
v00000000011bde10_0 .net *"_s52", 63 0, L_00000000011bfba0;  1 drivers
v00000000011be450_0 .net *"_s54", 63 0, L_00000000011c0c80;  1 drivers
v00000000011bf030_0 .net *"_s56", 63 0, L_00000000011d3fc0;  1 drivers
L_00000000011f0088 .functor BUFT 1, C4<0010>, C4<0>, C4<0>, C4<0>;
v00000000011be950_0 .net/2u *"_s6", 3 0, L_00000000011f0088;  1 drivers
L_00000000011f03a0 .functor BUFT 1, C4<0100>, C4<0>, C4<0>, C4<0>;
v00000000011be9f0_0 .net/2u *"_s60", 3 0, L_00000000011f03a0;  1 drivers
v00000000011bdf50_0 .net *"_s62", 0 0, L_00000000011d47e0;  1 drivers
L_00000000011f03e8 .functor BUFT 1, C4<0101>, C4<0>, C4<0>, C4<0>;
v00000000011be130_0 .net/2u *"_s64", 3 0, L_00000000011f03e8;  1 drivers
v00000000011be270_0 .net *"_s66", 0 0, L_00000000011d4880;  1 drivers
v00000000011bfa60_0 .net *"_s68", 0 0, L_00000000011586a0;  1 drivers
L_00000000011f0430 .functor BUFT 1, C4<0110>, C4<0>, C4<0>, C4<0>;
v00000000011c0140_0 .net/2u *"_s70", 3 0, L_00000000011f0430;  1 drivers
v00000000011bfd80_0 .net *"_s72", 0 0, L_00000000011d3f20;  1 drivers
v00000000011c10e0_0 .net *"_s74", 0 0, L_0000000001157c90;  1 drivers
L_00000000011f0478 .functor BUFT 1, C4<1000>, C4<0>, C4<0>, C4<0>;
v00000000011bfc40_0 .net/2u *"_s76", 3 0, L_00000000011f0478;  1 drivers
v00000000011c0fa0_0 .net *"_s78", 0 0, L_00000000011d4560;  1 drivers
v00000000011bfce0_0 .net *"_s8", 0 0, L_00000000011c0960;  1 drivers
v00000000011c01e0_0 .net *"_s80", 0 0, L_0000000001158010;  1 drivers
L_00000000011f04c0 .functor BUFT 1, C4<1010>, C4<0>, C4<0>, C4<0>;
v00000000011c0500_0 .net/2u *"_s82", 3 0, L_00000000011f04c0;  1 drivers
v00000000011c1180_0 .net *"_s84", 0 0, L_00000000011d3700;  1 drivers
v00000000011c0dc0_0 .net *"_s86", 0 0, L_0000000001158400;  1 drivers
L_00000000011f0508 .functor BUFT 1, C4<1001>, C4<0>, C4<0>, C4<0>;
v00000000011bf420_0 .net/2u *"_s88", 3 0, L_00000000011f0508;  1 drivers
v00000000011bfe20_0 .net *"_s90", 0 0, L_00000000011d2c60;  1 drivers
v00000000011bfec0_0 .net *"_s92", 0 0, L_0000000001158470;  1 drivers
L_00000000011f0550 .functor BUFT 1, C4<1011>, C4<0>, C4<0>, C4<0>;
v00000000011c1040_0 .net/2u *"_s94", 3 0, L_00000000011f0550;  1 drivers
v00000000011bff60_0 .net *"_s96", 0 0, L_00000000011d3660;  1 drivers
v00000000011c0640_0 .net *"_s98", 0 0, L_0000000001158080;  1 drivers
v00000000011bf4c0_0 .net "aluA", 63 0, L_00000000011d30c0;  1 drivers
v00000000011bf740_0 .net "aluB", 63 0, L_00000000011d3480;  1 drivers
v00000000011c00a0_0 .net "alu_fun", 3 0, L_00000000011d2d00;  1 drivers
v00000000011c0280_0 .var "cc", 2 0;
o0000000001162bd8 .functor BUFZ 1, C4<z>; HiZ drive
v00000000011bf560_0 .net "clk_i", 0 0, o0000000001162bd8;  0 drivers
v00000000011bf7e0_0 .net "dstE_o", 3 0, L_00000000011d7580;  1 drivers
v00000000011bf2e0_0 .net "e_Cnd_o", 0 0, L_00000000011d5150;  1 drivers
o0000000001162c68 .functor BUFZ 4, C4<zzzz>; HiZ drive
v00000000011c0e60_0 .net "icode_i", 3 0, o0000000001162c68;  0 drivers
o0000000001162c98 .functor BUFZ 4, C4<zzzz>; HiZ drive
v00000000011c0820_0 .net "ifun_i", 3 0, o0000000001162c98;  0 drivers
o0000000001162cc8 .functor BUFZ 3, C4<zzz>; HiZ drive
v00000000011bf380_0 .net "m_stat_i", 2 0, o0000000001162cc8;  0 drivers
v00000000011c03c0_0 .var "new_cc", 2 0;
v00000000011bf600_0 .net "of", 0 0, L_00000000011bf880;  1 drivers
o0000000001162d58 .functor BUFZ 1, C4<z>; HiZ drive
v00000000011c06e0_0 .net "rst_n_i", 0 0, o0000000001162d58;  0 drivers
v00000000011c0000_0 .net "set_cc", 0 0, L_00000000011d4100;  1 drivers
v00000000011c0320_0 .net "sf", 0 0, L_00000000011c0460;  1 drivers
o0000000001162de8 .functor BUFZ 64, C4<zzzzzzzzzzzzzzzzzzzzzzzzzzzzzzzzzzzzzzzzzzzzzzzzzzzzzzzzzzzzzzzz>; HiZ drive
v00000000011c0780_0 .net/s "valA_i", 63 0, o0000000001162de8;  0 drivers
o0000000001162e18 .functor BUFZ 64, C4<zzzzzzzzzzzzzzzzzzzzzzzzzzzzzzzzzzzzzzzzzzzzzzzzzzzzzzzzzzzzzzzz>; HiZ drive
v00000000011bf6a0_0 .net/s "valB_i", 63 0, o0000000001162e18;  0 drivers
o0000000001162e48 .functor BUFZ 64, C4<zzzzzzzzzzzzzzzzzzzzzzzzzzzzzzzzzzzzzzzzzzzzzzzzzzzzzzzzzzzzzzzz>; HiZ drive
v00000000011c05a0_0 .net/s "valC_i", 63 0, o0000000001162e48;  0 drivers
v00000000011c0d20_0 .net/s "valE_o", 63 0, L_00000000011d3ca0;  1 drivers
v00000000011c0f00_0 .net "zf", 0 0, L_00000000011c08c0;  1 drivers
E_0000000001160500 .event posedge, v00000000011bf560_0;
L_00000000011c08c0 .part v00000000011c0280_0, 2, 1;
L_00000000011c0460 .part v00000000011c0280_0, 1, 1;
L_00000000011bf880 .part v00000000011c0280_0, 0, 1;
L_00000000011c0960 .cmp/eq 4, o0000000001162c68, L_00000000011f0088;
L_00000000011bf920 .cmp/eq 4, o0000000001162c68, L_00000000011f00d0;
L_00000000011bfb00 .cmp/eq 4, o0000000001162c68, L_00000000011f0118;
L_00000000011c0a00 .cmp/eq 4, o0000000001162c68, L_00000000011f0160;
L_00000000011c0b40 .cmp/eq 4, o0000000001162c68, L_00000000011f01a8;
L_00000000011c0aa0 .cmp/eq 4, o0000000001162c68, L_00000000011f01f0;
L_00000000011bf9c0 .cmp/eq 4, o0000000001162c68, L_00000000011f0280;
L_00000000011c0be0 .cmp/eq 4, o0000000001162c68, L_00000000011f02c8;
L_00000000011bfba0 .functor MUXZ 64, L_00000000011f0358, L_00000000011f0310, L_0000000001158320, C4<>;
L_00000000011c0c80 .functor MUXZ 64, L_00000000011bfba0, L_00000000011f0238, L_0000000001157fa0, C4<>;
L_00000000011d3fc0 .functor MUXZ 64, L_00000000011c0c80, o0000000001162e48, L_0000000001157ec0, C4<>;
L_00000000011d30c0 .functor MUXZ 64, L_00000000011d3fc0, o0000000001162de8, L_0000000001158550, C4<>;
L_00000000011d47e0 .cmp/eq 4, o0000000001162c68, L_00000000011f03a0;
L_00000000011d4880 .cmp/eq 4, o0000000001162c68, L_00000000011f03e8;
L_00000000011d3f20 .cmp/eq 4, o0000000001162c68, L_00000000011f0430;
L_00000000011d4560 .cmp/eq 4, o0000000001162c68, L_00000000011f0478;
L_00000000011d3700 .cmp/eq 4, o0000000001162c68, L_00000000011f04c0;
L_00000000011d2c60 .cmp/eq 4, o0000000001162c68, L_00000000011f0508;
L_00000000011d3660 .cmp/eq 4, o0000000001162c68, L_00000000011f0550;
L_00000000011d2ee0 .cmp/eq 4, o0000000001162c68, L_00000000011f0598;
L_00000000011d44c0 .cmp/eq 4, o0000000001162c68, L_00000000011f05e0;
L_00000000011d2b20 .functor MUXZ 64, L_00000000011f0670, L_00000000011f0628, L_00000000011580f0, C4<>;
L_00000000011d3480 .functor MUXZ 64, L_00000000011d2b20, o0000000001162e18, L_0000000001158080, C4<>;
L_00000000011d42e0 .cmp/eq 4, o0000000001162c68, L_00000000011f06b8;
L_00000000011d2d00 .functor MUXZ 4, L_00000000011f0700, o0000000001162c98, L_00000000011d42e0, C4<>;
L_00000000011d3b60 .cmp/eq 4, L_00000000011d2d00, L_00000000011f0748;
L_00000000011d2e40 .arith/sub 64, L_00000000011d3480, L_00000000011d30c0;
L_00000000011d4920 .cmp/eq 4, L_00000000011d2d00, L_00000000011f0790;
L_00000000011d3e80 .cmp/eq 4, L_00000000011d2d00, L_00000000011f07d8;
L_00000000011d4740 .arith/sum 64, L_00000000011d3480, L_00000000011d30c0;
L_00000000011d3d40 .functor MUXZ 64, L_00000000011d4740, L_0000000001158630, L_00000000011d3e80, C4<>;
L_00000000011d3c00 .functor MUXZ 64, L_00000000011d3d40, L_00000000011584e0, L_00000000011d4920, C4<>;
L_00000000011d3ca0 .functor MUXZ 64, L_00000000011d3c00, L_00000000011d2e40, L_00000000011d3b60, C4<>;
L_00000000011d4100 .cmp/eq 4, o0000000001162c68, L_00000000011f0820;
L_00000000011d41a0 .cmp/eq 4, o0000000001162c68, L_00000000011f0868;
L_00000000011d32a0 .cmp/eq 4, o0000000001162c98, L_00000000011f08b0;
L_00000000011d38e0 .cmp/eq 4, o0000000001162c98, L_00000000011f08f8;
L_00000000011d3020 .part v00000000011c03c0_0, 2, 1;
L_00000000011d3340 .cmp/eq 4, o0000000001162c98, L_00000000011f0940;
L_00000000011d4060 .part v00000000011c03c0_0, 2, 1;
L_00000000011d37a0 .cmp/eq 4, o0000000001162c98, L_00000000011f0988;
L_00000000011d2da0 .part v00000000011c03c0_0, 1, 1;
L_00000000011d3980 .cmp/eq 4, o0000000001162c98, L_00000000011f09d0;
L_00000000011d4240 .part v00000000011c03c0_0, 1, 1;
L_00000000011d2f80 .cmp/eq 4, o0000000001162c98, L_00000000011f0a18;
L_00000000011d49c0 .part v00000000011c03c0_0, 1, 1;
L_00000000011d4380 .part v00000000011c03c0_0, 0, 1;
L_00000000011d3840 .part v00000000011c03c0_0, 2, 1;
L_00000000011d3a20 .cmp/eq 4, o0000000001162c98, L_00000000011f0a60;
L_00000000011d46a0 .part v00000000011c03c0_0, 1, 1;
L_00000000011d3160 .part v00000000011c03c0_0, 0, 1;
L_00000000011d3200 .cmp/eq 4, o0000000001162c98, L_00000000011f0aa8;
L_00000000011d2bc0 .part v00000000011c03c0_0, 1, 1;
L_00000000011d33e0 .part v00000000011c03c0_0, 0, 1;
L_00000000011d3ac0 .cmp/eq 4, o0000000001162c98, L_00000000011f0af0;
L_00000000011d4600 .part v00000000011c03c0_0, 1, 1;
L_00000000011d3520 .part v00000000011c03c0_0, 0, 1;
L_00000000011d4420 .part v00000000011c03c0_0, 2, 1;
L_00000000011d3de0 .cmp/eq 4, o0000000001162c68, L_00000000011f0b38;
L_00000000011d35c0 .reduce/nor L_00000000011d5150;
L_00000000011d7580 .functor MUXZ 4, o0000000001161138, L_00000000011f0b80, L_00000000011d53f0, C4<>;
    .scope S_0000000001102c00;
T_0 ;
    %wait E_0000000001160500;
    %load/vec4 v00000000011c06e0_0;
    %inv;
    %flag_set/vec4 8;
    %jmp/0xz  T_0.0, 8;
    %pushi/vec4 0, 0, 1;
    %ix/load 4, 2, 0;
    %flag_set/imm 4, 0;
    %store/vec4 v00000000011c03c0_0, 4, 1;
    %pushi/vec4 0, 0, 1;
    %ix/load 4, 1, 0;
    %flag_set/imm 4, 0;
    %store/vec4 v00000000011c03c0_0, 4, 1;
    %pushi/vec4 0, 0, 1;
    %ix/load 4, 0, 0;
    %flag_set/imm 4, 0;
    %store/vec4 v00000000011c03c0_0, 4, 1;
    %jmp T_0.1;
T_0.0 ;
    %load/vec4 v00000000011c0e60_0;
    %cmpi/e 6, 0, 4;
    %jmp/0xz  T_0.2, 4;
    %load/vec4 v00000000011c0d20_0;
    %cmpi/e 0, 0, 64;
    %flag_mov 8, 4;
    %jmp/0 T_0.4, 8;
    %pushi/vec4 1, 0, 2;
    %jmp/1 T_0.5, 8;
T_0.4 ; End of true expr.
    %pushi/vec4 0, 0, 2;
    %jmp/0 T_0.5, 8;
 ; End of false expr.
    %blend;
T_0.5;
    %pad/s 1;
    %ix/load 4, 2, 0;
    %flag_set/imm 4, 0;
    %store/vec4 v00000000011c03c0_0, 4, 1;
    %load/vec4 v00000000011c0d20_0;
    %parti/s 1, 63, 7;
    %ix/load 4, 1, 0;
    %flag_set/imm 4, 0;
    %store/vec4 v00000000011c03c0_0, 4, 1;
    %load/vec4 v00000000011c00a0_0;
    %cmpi/e 0, 0, 4;
    %flag_mov 8, 4;
    %jmp/0 T_0.6, 8;
    %load/vec4 v00000000011bf4c0_0;
    %parti/s 1, 63, 7;
    %load/vec4 v00000000011bf740_0;
    %parti/s 1, 63, 7;
    %cmp/e;
    %flag_get/vec4 4;
    %load/vec4 v00000000011bf4c0_0;
    %parti/s 1, 63, 7;
    %load/vec4 v00000000011c0d20_0;
    %parti/s 1, 63, 7;
    %cmp/ne;
    %flag_get/vec4 4;
    %and;
    %jmp/1 T_0.7, 8;
T_0.6 ; End of true expr.
    %load/vec4 v00000000011c00a0_0;
    %cmpi/e 1, 0, 4;
    %flag_mov 9, 4;
    %jmp/0 T_0.8, 9;
    %load/vec4 v00000000011bf4c0_0;
    %parti/s 1, 63, 7;
    %inv;
    %load/vec4 v00000000011bf740_0;
    %parti/s 1, 63, 7;
    %cmp/e;
    %flag_get/vec4 4;
    %load/vec4 v00000000011bf740_0;
    %parti/s 1, 63, 7;
    %load/vec4 v00000000011c0d20_0;
    %parti/s 1, 63, 7;
    %cmp/ne;
    %flag_get/vec4 4;
    %and;
    %jmp/1 T_0.9, 9;
T_0.8 ; End of true expr.
    %pushi/vec4 0, 0, 1;
    %jmp/0 T_0.9, 9;
 ; End of false expr.
    %blend;
T_0.9;
    %jmp/0 T_0.7, 8;
 ; End of false expr.
    %blend;
T_0.7;
    %ix/load 4, 0, 0;
    %flag_set/imm 4, 0;
    %store/vec4 v00000000011c03c0_0, 4, 1;
T_0.2 ;
T_0.1 ;
    %jmp T_0;
    .thread T_0;
    .scope S_0000000001102c00;
T_1 ;
    %wait E_0000000001160500;
    %load/vec4 v00000000011c06e0_0;
    %inv;
    %flag_set/vec4 8;
    %jmp/0xz  T_1.0, 8;
    %pushi/vec4 4, 0, 3;
    %assign/vec4 v00000000011c0280_0, 0;
    %jmp T_1.1;
T_1.0 ;
    %load/vec4 v00000000011c0000_0;
    %flag_set/vec4 8;
    %jmp/0xz  T_1.2, 8;
    %load/vec4 v00000000011c03c0_0;
    %assign/vec4 v00000000011c0280_0, 0;
T_1.2 ;
T_1.1 ;
    %jmp T_1;
    .thread T_1;
# The file index is used to find the file name in the following table.
:file_names 3;
    "N/A";
    "<interactive>";
    "execute.v";
