#! /usr/local/iverilog/bin/vvp
:ivl_version "11.0 (devel)" "(s20150603-642-g3bdb50da)";
:ivl_delay_selection "TYPICAL";
:vpi_time_precision + 0;
:vpi_module "system";
:vpi_module "vhdl_sys";
:vpi_module "vhdl_textio";
:vpi_module "v2005_math";
:vpi_module "va_math";
S_00000000010fb8e0 .scope module, "execute_M_pipe_reg" "execute_M_pipe_reg" 2 4;
 .timescale 0 0;
    .port_info 0 /INPUT 1 "clk_i";
    .port_info 1 /INPUT 1 "M_stall_i";
    .port_info 2 /INPUT 1 "M_bubble_i";
    .port_info 3 /INPUT 3 "e_stat_i";
    .port_info 4 /INPUT 64 "e_pc_i";
    .port_info 5 /INPUT 4 "e_icode_i";
    .port_info 6 /INPUT 4 "e_ifun_i";
    .port_info 7 /INPUT 1 "e_Cnd_i";
    .port_info 8 /INPUT 64 "e_valE_i";
    .port_info 9 /INPUT 64 "e_valA_i";
    .port_info 10 /INPUT 4 "e_dstE_i";
    .port_info 11 /INPUT 4 "e_dstM_i";
    .port_info 12 /OUTPUT 3 "M_stat_o";
    .port_info 13 /OUTPUT 64 "M_pc_o";
    .port_info 14 /OUTPUT 4 "M_icode_o";
    .port_info 15 /OUTPUT 4 "M_ifun_o";
    .port_info 16 /OUTPUT 1 "M_Cnd_o";
    .port_info 17 /OUTPUT 64 "M_valE_o";
    .port_info 18 /OUTPUT 64 "M_valA_o";
    .port_info 19 /OUTPUT 4 "M_dstE_o";
    .port_info 20 /OUTPUT 4 "M_dstM_o";
v0000000000f82d40_0 .var "M_Cnd_o", 0 0;
o0000000000fbd008 .functor BUFZ 1, C4<z>; HiZ drive
v0000000000f82de0_0 .net "M_bubble_i", 0 0, o0000000000fbd008;  0 drivers
v0000000000f82e80_0 .var "M_dstE_o", 3 0;
v0000000000f82f20_0 .var "M_dstM_o", 3 0;
v0000000000fffc40_0 .var "M_icode_o", 3 0;
v0000000000fffce0_0 .var "M_ifun_o", 3 0;
v0000000000fffd80_0 .var "M_pc_o", 63 0;
o0000000000fbd128 .functor BUFZ 1, C4<z>; HiZ drive
v0000000000fffe20_0 .net "M_stall_i", 0 0, o0000000000fbd128;  0 drivers
v0000000000fffec0_0 .var "M_stat_o", 2 0;
v0000000000fb3190_0 .var "M_valA_o", 63 0;
v0000000000fb3230_0 .var "M_valE_o", 63 0;
o0000000000fbd1e8 .functor BUFZ 1, C4<z>; HiZ drive
v0000000000fb32d0_0 .net "clk_i", 0 0, o0000000000fbd1e8;  0 drivers
o0000000000fbd218 .functor BUFZ 1, C4<z>; HiZ drive
v0000000000fb3370_0 .net "e_Cnd_i", 0 0, o0000000000fbd218;  0 drivers
o0000000000fbd248 .functor BUFZ 4, C4<zzzz>; HiZ drive
v0000000000fb3410_0 .net "e_dstE_i", 3 0, o0000000000fbd248;  0 drivers
o0000000000fbd278 .functor BUFZ 4, C4<zzzz>; HiZ drive
v0000000000fb34b0_0 .net "e_dstM_i", 3 0, o0000000000fbd278;  0 drivers
o0000000000fbd2a8 .functor BUFZ 4, C4<zzzz>; HiZ drive
v0000000000fb3550_0 .net "e_icode_i", 3 0, o0000000000fbd2a8;  0 drivers
o0000000000fbd2d8 .functor BUFZ 4, C4<zzzz>; HiZ drive
v0000000001000230_0 .net "e_ifun_i", 3 0, o0000000000fbd2d8;  0 drivers
o0000000000fbd308 .functor BUFZ 64, C4<zzzzzzzzzzzzzzzzzzzzzzzzzzzzzzzzzzzzzzzzzzzzzzzzzzzzzzzzzzzzzzzz>; HiZ drive
v0000000001000690_0 .net "e_pc_i", 63 0, o0000000000fbd308;  0 drivers
o0000000000fbd338 .functor BUFZ 3, C4<zzz>; HiZ drive
v0000000001000550_0 .net "e_stat_i", 2 0, o0000000000fbd338;  0 drivers
o0000000000fbd368 .functor BUFZ 64, C4<zzzzzzzzzzzzzzzzzzzzzzzzzzzzzzzzzzzzzzzzzzzzzzzzzzzzzzzzzzzzzzzz>; HiZ drive
v00000000010009b0_0 .net "e_valA_i", 63 0, o0000000000fbd368;  0 drivers
o0000000000fbd398 .functor BUFZ 64, C4<zzzzzzzzzzzzzzzzzzzzzzzzzzzzzzzzzzzzzzzzzzzzzzzzzzzzzzzzzzzzzzzz>; HiZ drive
v00000000010002d0_0 .net "e_valE_i", 63 0, o0000000000fbd398;  0 drivers
E_0000000000fb98a0 .event posedge, v0000000000fb32d0_0;
    .scope S_00000000010fb8e0;
T_0 ;
    %wait E_0000000000fb98a0;
    %load/vec4 v0000000000f82de0_0;
    %flag_set/vec4 8;
    %jmp/0xz  T_0.0, 8;
    %load/vec4 v0000000001000550_0;
    %assign/vec4 v0000000000fffec0_0, 0;
    %pushi/vec4 0, 0, 64;
    %assign/vec4 v0000000000fffd80_0, 0;
    %pushi/vec4 1, 0, 4;
    %assign/vec4 v0000000000fffc40_0, 0;
    %pushi/vec4 0, 0, 4;
    %assign/vec4 v0000000000fffce0_0, 0;
    %pushi/vec4 0, 0, 1;
    %assign/vec4 v0000000000f82d40_0, 0;
    %pushi/vec4 0, 0, 64;
    %assign/vec4 v0000000000fb3230_0, 0;
    %pushi/vec4 0, 0, 64;
    %assign/vec4 v0000000000fb3190_0, 0;
    %pushi/vec4 15, 0, 4;
    %assign/vec4 v0000000000f82e80_0, 0;
    %pushi/vec4 15, 0, 4;
    %assign/vec4 v0000000000f82f20_0, 0;
    %jmp T_0.1;
T_0.0 ;
    %load/vec4 v0000000000fffe20_0;
    %inv;
    %flag_set/vec4 8;
    %jmp/0xz  T_0.2, 8;
    %load/vec4 v0000000001000550_0;
    %assign/vec4 v0000000000fffec0_0, 0;
    %load/vec4 v0000000001000690_0;
    %assign/vec4 v0000000000fffd80_0, 0;
    %load/vec4 v0000000000fb3550_0;
    %assign/vec4 v0000000000fffc40_0, 0;
    %load/vec4 v0000000001000230_0;
    %assign/vec4 v0000000000fffce0_0, 0;
    %load/vec4 v0000000000fb3370_0;
    %assign/vec4 v0000000000f82d40_0, 0;
    %load/vec4 v00000000010002d0_0;
    %assign/vec4 v0000000000fb3230_0, 0;
    %load/vec4 v00000000010009b0_0;
    %assign/vec4 v0000000000fb3190_0, 0;
    %load/vec4 v0000000000fb3410_0;
    %assign/vec4 v0000000000f82e80_0, 0;
    %load/vec4 v0000000000fb34b0_0;
    %assign/vec4 v0000000000f82f20_0, 0;
T_0.2 ;
T_0.1 ;
    %jmp T_0;
    .thread T_0;
# The file index is used to find the file name in the following table.
:file_names 3;
    "N/A";
    "<interactive>";
    "execute_M_pipe_reg.v";
