#! /usr/local/iverilog/bin/vvp
:ivl_version "11.0 (devel)" "(s20150603-642-g3bdb50da)";
:ivl_delay_selection "TYPICAL";
:vpi_time_precision + 0;
:vpi_module "system";
:vpi_module "vhdl_sys";
:vpi_module "vhdl_textio";
:vpi_module "v2005_math";
:vpi_module "va_math";
S_00000000008b2bc0 .scope module, "F_pipe_reg" "F_pipe_reg" 2 1;
 .timescale 0 0;
    .port_info 0 /INPUT 1 "clk_i";
    .port_info 1 /INPUT 1 "rst_i";
    .port_info 2 /INPUT 1 "F_stall_i";
    .port_info 3 /INPUT 1 "F_bubble_i";
    .port_info 4 /INPUT 64 "f_predPC_i";
    .port_info 5 /OUTPUT 64 "F_predPC_o";
L_00000000012fb480 .functor BUFZ 64, v00000000012fb340_0, C4<0000000000000000000000000000000000000000000000000000000000000000>, C4<0000000000000000000000000000000000000000000000000000000000000000>, C4<0000000000000000000000000000000000000000000000000000000000000000>;
o00000000008e6fd8 .functor BUFZ 1, C4<z>; HiZ drive
v00000000008b2d50_0 .net "F_bubble_i", 0 0, o00000000008e6fd8;  0 drivers
v00000000008b2df0_0 .net "F_predPC_o", 63 0, L_00000000012fb480;  1 drivers
o00000000008e7038 .functor BUFZ 1, C4<z>; HiZ drive
v00000000008b2e90_0 .net "F_stall_i", 0 0, o00000000008e7038;  0 drivers
o00000000008e7068 .functor BUFZ 1, C4<z>; HiZ drive
v00000000008b2f30_0 .net "clk_i", 0 0, o00000000008e7068;  0 drivers
o00000000008e7098 .functor BUFZ 64, C4<zzzzzzzzzzzzzzzzzzzzzzzzzzzzzzzzzzzzzzzzzzzzzzzzzzzzzzzzzzzzzzzz>; HiZ drive
v00000000012fb2a0_0 .net "f_predPC_i", 63 0, o00000000008e7098;  0 drivers
v00000000012fb340_0 .var "predPC", 63 0;
o00000000008e70f8 .functor BUFZ 1, C4<z>; HiZ drive
v00000000012fb3e0_0 .net "rst_i", 0 0, o00000000008e70f8;  0 drivers
E_00000000012fd960 .event posedge, v00000000008b2f30_0;
    .scope S_00000000008b2bc0;
T_0 ;
    %wait E_00000000012fd960;
    %load/vec4 v00000000012fb3e0_0;
    %inv;
    %flag_set/vec4 8;
    %jmp/0xz  T_0.0, 8;
    %pushi/vec4 0, 0, 64;
    %assign/vec4 v00000000012fb340_0, 0;
    %jmp T_0.1;
T_0.0 ;
    %load/vec4 v00000000008b2e90_0;
    %flag_set/vec4 8;
    %load/vec4 v00000000008b2d50_0;
    %flag_set/vec4 9;
    %flag_or 9, 8;
    %jmp/0xz  T_0.2, 9;
    %load/vec4 v00000000008b2df0_0;
    %assign/vec4 v00000000012fb340_0, 0;
    %jmp T_0.3;
T_0.2 ;
    %load/vec4 v00000000012fb2a0_0;
    %assign/vec4 v00000000012fb340_0, 0;
T_0.3 ;
T_0.1 ;
    %jmp T_0;
    .thread T_0;
# The file index is used to find the file name in the following table.
:file_names 3;
    "N/A";
    "<interactive>";
    "F_pipe_reg.v";
