#! /usr/local/iverilog/bin/vvp
:ivl_version "11.0 (devel)" "(s20150603-642-g3bdb50da)";
:ivl_delay_selection "TYPICAL";
:vpi_time_precision - 12;
:vpi_module "system";
:vpi_module "vhdl_sys";
:vpi_module "vhdl_textio";
:vpi_module "v2005_math";
:vpi_module "va_math";
S_00000000010e3e90 .scope module, "fetch_tb" "fetch_tb" 2 6;
 .timescale -9 -12;
L_00000000011a0e50 .functor BUFT 1, C4<0>, C4<0>, C4<0>, C4<0>;
v00000000011955a0_0 .net "D_bubble", 0 0, L_00000000011a0e50;  1 drivers
v0000000001195c80_0 .net "D_icode", 3 0, v0000000001130760_0;  1 drivers
v0000000001195640_0 .net "D_ifun", 3 0, v0000000001131700_0;  1 drivers
v0000000001195dc0_0 .net "D_pc", 63 0, v00000000011301c0_0;  1 drivers
v0000000001196040_0 .net "D_rA", 3 0, v0000000001131020_0;  1 drivers
v00000000011951e0_0 .net "D_rB", 3 0, v0000000001131160_0;  1 drivers
L_00000000011a0e08 .functor BUFT 1, C4<0>, C4<0>, C4<0>, C4<0>;
v00000000011964a0_0 .net "D_stall", 0 0, L_00000000011a0e08;  1 drivers
v0000000001196540_0 .net "D_stat", 2 0, v0000000001130c60_0;  1 drivers
v00000000011965e0_0 .net "D_valC", 63 0, v00000000011315c0_0;  1 drivers
v0000000001196ae0_0 .net "D_valP", 63 0, v0000000001130a80_0;  1 drivers
v0000000001196900_0 .var "clk", 0 0;
RS_0000000001137508 .resolv tri, L_00000000011f9bd0, L_00000000011f8e10;
v00000000011969a0_0 .net8 "f_icode", 3 0, RS_0000000001137508;  2 drivers
v0000000001196b80_0 .net "f_ifun", 3 0, L_00000000011f9c70;  1 drivers
v0000000001196c20_0 .var "f_pc", 63 0;
v0000000001195960_0 .net "f_predPC", 63 0, L_000000000119a920;  1 drivers
v0000000001195a00_0 .net "f_rA", 3 0, L_00000000011f8870;  1 drivers
v0000000001196cc0_0 .net "f_rB", 3 0, L_00000000011f8910;  1 drivers
v0000000001195aa0_0 .net "f_stat", 2 0, L_00000000011993e0;  1 drivers
v0000000001196360_0 .net "f_valC", 63 0, L_00000000011f93b0;  1 drivers
v0000000001196e00_0 .net "f_valP", 63 0, L_000000000119a060;  1 drivers
S_0000000001135e30 .scope module, "dreg" "fetch_D_pipe_reg" 2 54, 3 2 0, S_00000000010e3e90;
 .timescale -9 -12;
    .port_info 0 /INPUT 1 "clk_i";
    .port_info 1 /INPUT 1 "D_stall_i";
    .port_info 2 /INPUT 1 "D_bubble_i";
    .port_info 3 /INPUT 3 "f_stat_i";
    .port_info 4 /INPUT 64 "f_pc_i";
    .port_info 5 /INPUT 4 "f_icode_i";
    .port_info 6 /INPUT 4 "f_ifun_i";
    .port_info 7 /INPUT 4 "f_rA_i";
    .port_info 8 /INPUT 4 "f_rB_i";
    .port_info 9 /INPUT 64 "f_valC_i";
    .port_info 10 /INPUT 64 "f_valP_i";
    .port_info 11 /OUTPUT 3 "D_stat_o";
    .port_info 12 /OUTPUT 64 "D_pc_o";
    .port_info 13 /OUTPUT 4 "D_icode_o";
    .port_info 14 /OUTPUT 4 "D_ifun_o";
    .port_info 15 /OUTPUT 4 "D_rA_o";
    .port_info 16 /OUTPUT 4 "D_rB_o";
    .port_info 17 /OUTPUT 64 "D_valC_o";
    .port_info 18 /OUTPUT 64 "D_valP_o";
v0000000001130120_0 .net "D_bubble_i", 0 0, L_00000000011a0e50;  alias, 1 drivers
v0000000001130760_0 .var "D_icode_o", 3 0;
v0000000001131700_0 .var "D_ifun_o", 3 0;
v00000000011301c0_0 .var "D_pc_o", 63 0;
v0000000001131020_0 .var "D_rA_o", 3 0;
v0000000001131160_0 .var "D_rB_o", 3 0;
v0000000001130b20_0 .net "D_stall_i", 0 0, L_00000000011a0e08;  alias, 1 drivers
v0000000001130c60_0 .var "D_stat_o", 2 0;
v00000000011315c0_0 .var "D_valC_o", 63 0;
v0000000001130a80_0 .var "D_valP_o", 63 0;
v0000000001130620_0 .net "clk_i", 0 0, v0000000001196900_0;  1 drivers
v0000000001130580_0 .net8 "f_icode_i", 3 0, RS_0000000001137508;  alias, 2 drivers
v00000000011303a0_0 .net "f_ifun_i", 3 0, L_00000000011f9c70;  alias, 1 drivers
v0000000001130d00_0 .net "f_pc_i", 63 0, v0000000001196c20_0;  1 drivers
v000000000112fb80_0 .net "f_rA_i", 3 0, L_00000000011f8870;  alias, 1 drivers
v0000000001131840_0 .net "f_rB_i", 3 0, L_00000000011f8910;  alias, 1 drivers
v000000000112fe00_0 .net "f_stat_i", 2 0, L_00000000011993e0;  alias, 1 drivers
v00000000011312a0_0 .net "f_valC_i", 63 0, L_000000000119a060;  alias, 1 drivers
v0000000001130bc0_0 .net "f_valP_i", 63 0, L_000000000119a060;  alias, 1 drivers
E_0000000001127690 .event posedge, v0000000001130620_0;
S_00000000010995c0 .scope module, "fetch_tb" "fetch" 2 39, 4 3 0, S_00000000010e3e90;
 .timescale -9 -12;
    .port_info 0 /INPUT 64 "PC_i";
    .port_info 1 /OUTPUT 4 "icode_o";
    .port_info 2 /OUTPUT 4 "ifun_o";
    .port_info 3 /OUTPUT 4 "rA_o";
    .port_info 4 /OUTPUT 4 "rB_o";
    .port_info 5 /OUTPUT 64 "valC_o";
    .port_info 6 /OUTPUT 64 "valP_o";
    .port_info 7 /OUTPUT 64 "predPC_o";
    .port_info 8 /OUTPUT 3 "stat_o";
L_0000000001125e90 .functor OR 1, L_00000000011f96d0, L_00000000011f9e50, C4<0>, C4<0>;
L_00000000011253a0 .functor OR 1, L_0000000001125e90, L_00000000011f8cd0, C4<0>, C4<0>;
L_00000000011251e0 .functor OR 1, L_00000000011253a0, L_00000000011f8ff0, C4<0>, C4<0>;
L_0000000001125cd0 .functor OR 1, L_00000000011251e0, L_00000000011f9090, C4<0>, C4<0>;
L_0000000001125d40 .functor OR 1, L_0000000001125cd0, L_00000000011f9b30, C4<0>, C4<0>;
L_0000000001125800 .functor OR 1, L_0000000001125d40, L_00000000011f9d10, C4<0>, C4<0>;
L_0000000001125250 .functor OR 1, L_00000000011f91d0, L_00000000011f9f90, C4<0>, C4<0>;
L_0000000001125e20 .functor OR 1, L_0000000001125250, L_00000000011f8690, C4<0>, C4<0>;
L_0000000001125480 .functor OR 1, L_0000000001125e20, L_00000000011f80f0, C4<0>, C4<0>;
L_0000000001125f00 .functor OR 1, L_0000000001125480, L_00000000011f8190, C4<0>, C4<0>;
L_0000000001125560 .functor OR 1, L_0000000001199520, L_00000000011995c0, C4<0>, C4<0>;
v0000000001191940_0 .net "PC_i", 63 0, v0000000001196c20_0;  alias, 1 drivers
v00000000011920c0_0 .net *"_s10", 0 0, L_00000000011f96d0;  1 drivers
v0000000001192160_0 .net *"_s100", 63 0, L_0000000001199f20;  1 drivers
v00000000011922a0_0 .net *"_s102", 63 0, L_0000000001199b60;  1 drivers
L_00000000011a0b38 .functor BUFT 1, C4<000000000000000000000000000000000000000000000000000000000000000>, C4<0>, C4<0>, C4<0>;
v00000000011923e0_0 .net *"_s105", 62 0, L_00000000011a0b38;  1 drivers
L_00000000011a0b80 .functor BUFT 1, C4<0000000000000000000000000000000000000000000000000000000000001000>, C4<0>, C4<0>, C4<0>;
v00000000011943f0_0 .net/2u *"_s106", 63 0, L_00000000011a0b80;  1 drivers
v0000000001194d50_0 .net *"_s109", 63 0, L_00000000011992a0;  1 drivers
v0000000001194a30_0 .net *"_s110", 63 0, L_000000000119a7e0;  1 drivers
v00000000011933b0_0 .net *"_s112", 63 0, L_000000000119a420;  1 drivers
L_00000000011a0bc8 .functor BUFT 1, C4<000000000000000000000000000000000000000000000000000000000000000>, C4<0>, C4<0>, C4<0>;
v0000000001194670_0 .net *"_s115", 62 0, L_00000000011a0bc8;  1 drivers
L_00000000011a0c10 .functor BUFT 1, C4<0001>, C4<0>, C4<0>, C4<0>;
v00000000011934f0_0 .net/2u *"_s118", 3 0, L_00000000011a0c10;  1 drivers
L_00000000011a0700 .functor BUFT 1, C4<0011>, C4<0>, C4<0>, C4<0>;
v0000000001194850_0 .net/2u *"_s12", 3 0, L_00000000011a0700;  1 drivers
v0000000001193270_0 .net *"_s121", 0 0, L_000000000119a880;  1 drivers
L_00000000011a0c58 .functor BUFT 1, C4<0010>, C4<0>, C4<0>, C4<0>;
v0000000001193590_0 .net/2u *"_s122", 3 0, L_00000000011a0c58;  1 drivers
L_00000000011a0ca0 .functor BUFT 1, C4<0000>, C4<0>, C4<0>, C4<0>;
v0000000001193450_0 .net/2u *"_s124", 3 0, L_00000000011a0ca0;  1 drivers
v0000000001194030_0 .net *"_s126", 0 0, L_0000000001199a20;  1 drivers
L_00000000011a0ce8 .functor BUFT 1, C4<0011>, C4<0>, C4<0>, C4<0>;
v0000000001193630_0 .net/2u *"_s128", 3 0, L_00000000011a0ce8;  1 drivers
L_00000000011a0d30 .functor BUFT 1, C4<0100>, C4<0>, C4<0>, C4<0>;
v00000000011947b0_0 .net/2u *"_s130", 3 0, L_00000000011a0d30;  1 drivers
v0000000001193810_0 .net *"_s132", 3 0, L_0000000001199fc0;  1 drivers
v0000000001194c10_0 .net *"_s134", 3 0, L_0000000001199840;  1 drivers
v00000000011938b0_0 .net *"_s136", 3 0, L_000000000119a600;  1 drivers
v00000000011948f0_0 .net *"_s14", 0 0, L_00000000011f9e50;  1 drivers
L_00000000011a0d78 .functor BUFT 1, C4<0111>, C4<0>, C4<0>, C4<0>;
v0000000001194e90_0 .net/2u *"_s140", 3 0, L_00000000011a0d78;  1 drivers
v0000000001194530_0 .net *"_s142", 0 0, L_0000000001199520;  1 drivers
L_00000000011a0dc0 .functor BUFT 1, C4<1000>, C4<0>, C4<0>, C4<0>;
v0000000001194490_0 .net/2u *"_s144", 3 0, L_00000000011a0dc0;  1 drivers
v0000000001194f30_0 .net *"_s146", 0 0, L_00000000011995c0;  1 drivers
v00000000011945d0_0 .net *"_s148", 0 0, L_0000000001125560;  1 drivers
v0000000001193bd0_0 .net *"_s16", 0 0, L_0000000001125e90;  1 drivers
L_00000000011a0748 .functor BUFT 1, C4<0100>, C4<0>, C4<0>, C4<0>;
v0000000001193950_0 .net/2u *"_s18", 3 0, L_00000000011a0748;  1 drivers
v0000000001194710_0 .net *"_s20", 0 0, L_00000000011f8cd0;  1 drivers
v00000000011936d0_0 .net *"_s22", 0 0, L_00000000011253a0;  1 drivers
L_00000000011a0790 .functor BUFT 1, C4<0101>, C4<0>, C4<0>, C4<0>;
v0000000001194990_0 .net/2u *"_s24", 3 0, L_00000000011a0790;  1 drivers
v0000000001193770_0 .net *"_s26", 0 0, L_00000000011f8ff0;  1 drivers
v0000000001194ad0_0 .net *"_s28", 0 0, L_00000000011251e0;  1 drivers
L_00000000011a07d8 .functor BUFT 1, C4<0110>, C4<0>, C4<0>, C4<0>;
v00000000011939f0_0 .net/2u *"_s30", 3 0, L_00000000011a07d8;  1 drivers
v0000000001193a90_0 .net *"_s32", 0 0, L_00000000011f9090;  1 drivers
v0000000001194b70_0 .net *"_s34", 0 0, L_0000000001125cd0;  1 drivers
L_00000000011a0820 .functor BUFT 1, C4<1010>, C4<0>, C4<0>, C4<0>;
v0000000001194cb0_0 .net/2u *"_s36", 3 0, L_00000000011a0820;  1 drivers
v0000000001193b30_0 .net *"_s38", 0 0, L_00000000011f9b30;  1 drivers
v0000000001194df0_0 .net *"_s40", 0 0, L_0000000001125d40;  1 drivers
L_00000000011a0868 .functor BUFT 1, C4<1011>, C4<0>, C4<0>, C4<0>;
v0000000001193310_0 .net/2u *"_s42", 3 0, L_00000000011a0868;  1 drivers
v0000000001193c70_0 .net *"_s44", 0 0, L_00000000011f9d10;  1 drivers
L_00000000011a08b0 .functor BUFT 1, C4<0011>, C4<0>, C4<0>, C4<0>;
v0000000001194350_0 .net/2u *"_s48", 3 0, L_00000000011a08b0;  1 drivers
v0000000001193ef0_0 .net *"_s50", 0 0, L_00000000011f91d0;  1 drivers
L_00000000011a08f8 .functor BUFT 1, C4<0100>, C4<0>, C4<0>, C4<0>;
v0000000001193090_0 .net/2u *"_s52", 3 0, L_00000000011a08f8;  1 drivers
v0000000001193d10_0 .net *"_s54", 0 0, L_00000000011f9f90;  1 drivers
v0000000001193130_0 .net *"_s56", 0 0, L_0000000001125250;  1 drivers
L_00000000011a0940 .functor BUFT 1, C4<0101>, C4<0>, C4<0>, C4<0>;
v0000000001193db0_0 .net/2u *"_s58", 3 0, L_00000000011a0940;  1 drivers
v0000000001193e50_0 .net *"_s60", 0 0, L_00000000011f8690;  1 drivers
v00000000011931d0_0 .net *"_s62", 0 0, L_0000000001125e20;  1 drivers
L_00000000011a0988 .functor BUFT 1, C4<0111>, C4<0>, C4<0>, C4<0>;
v0000000001193f90_0 .net/2u *"_s64", 3 0, L_00000000011a0988;  1 drivers
v00000000011940d0_0 .net *"_s66", 0 0, L_00000000011f80f0;  1 drivers
v0000000001194170_0 .net *"_s68", 0 0, L_0000000001125480;  1 drivers
L_00000000011a09d0 .functor BUFT 1, C4<1000>, C4<0>, C4<0>, C4<0>;
v0000000001194210_0 .net/2u *"_s70", 3 0, L_00000000011a09d0;  1 drivers
v00000000011942b0_0 .net *"_s72", 0 0, L_00000000011f8190;  1 drivers
v0000000001196d60_0 .net *"_s77", 3 0, L_00000000011f87d0;  1 drivers
L_00000000011a0a18 .functor BUFT 1, C4<1111>, C4<0>, C4<0>, C4<0>;
v0000000001195be0_0 .net/2u *"_s78", 3 0, L_00000000011a0a18;  1 drivers
L_00000000011a06b8 .functor BUFT 1, C4<0010>, C4<0>, C4<0>, C4<0>;
v00000000011967c0_0 .net/2u *"_s8", 3 0, L_00000000011a06b8;  1 drivers
v00000000011956e0_0 .net *"_s83", 3 0, L_00000000011f8d70;  1 drivers
L_00000000011a0a60 .functor BUFT 1, C4<1111>, C4<0>, C4<0>, C4<0>;
v0000000001196ea0_0 .net/2u *"_s84", 3 0, L_00000000011a0a60;  1 drivers
v0000000001195280_0 .net *"_s89", 63 0, L_00000000011f9450;  1 drivers
v0000000001196720_0 .net *"_s91", 63 0, L_00000000011f9130;  1 drivers
v0000000001196400_0 .net *"_s92", 63 0, L_00000000011f9310;  1 drivers
L_00000000011a0aa8 .functor BUFT 1, C4<0000000000000000000000000000000000000000000000000000000000000000>, C4<0>, C4<0>, C4<0>;
v0000000001195e60_0 .net/2u *"_s94", 63 0, L_00000000011a0aa8;  1 drivers
L_00000000011a0af0 .functor BUFT 1, C4<0000000000000000000000000000000000000000000000000000000000000001>, C4<0>, C4<0>, C4<0>;
v0000000001195320_0 .net/2u *"_s98", 63 0, L_00000000011a0af0;  1 drivers
v00000000011953c0_0 .net8 "icode_o", 3 0, RS_0000000001137508;  alias, 2 drivers
v0000000001195820_0 .net "ifun_o", 3 0, L_00000000011f9c70;  alias, 1 drivers
v0000000001196a40_0 .net "imem_error", 0 0, L_0000000001196f40;  1 drivers
v0000000001195b40_0 .net "instr", 79 0, L_00000000011f82d0;  1 drivers
o00000000011390f8 .functor BUFZ 1, C4<z>; HiZ drive
v0000000001195460_0 .net "instr_valid", 0 0, o00000000011390f8;  0 drivers
v0000000001195f00_0 .net "need_regids", 0 0, L_0000000001125800;  1 drivers
v0000000001195500_0 .net "need_valC", 0 0, L_0000000001125f00;  1 drivers
v00000000011958c0_0 .net "predPC_o", 63 0, L_000000000119a920;  alias, 1 drivers
v0000000001196860_0 .net "rA_o", 3 0, L_00000000011f8870;  alias, 1 drivers
v00000000011950a0_0 .net "rB_o", 3 0, L_00000000011f8910;  alias, 1 drivers
v0000000001195140_0 .net "stat_o", 2 0, L_00000000011993e0;  alias, 1 drivers
v0000000001195fa0_0 .net "valC_o", 63 0, L_00000000011f93b0;  alias, 1 drivers
v0000000001196680_0 .net "valP_o", 63 0, L_000000000119a060;  alias, 1 drivers
L_00000000011f82d0 .part L_00000000011f9db0, 0, 80;
L_00000000011f9bd0 .part L_00000000011f82d0, 4, 4;
L_00000000011f8e10 .part L_00000000011f82d0, 4, 4;
L_00000000011f9c70 .part L_00000000011f82d0, 0, 4;
L_00000000011f96d0 .cmp/eq 4, RS_0000000001137508, L_00000000011a06b8;
L_00000000011f9e50 .cmp/eq 4, RS_0000000001137508, L_00000000011a0700;
L_00000000011f8cd0 .cmp/eq 4, RS_0000000001137508, L_00000000011a0748;
L_00000000011f8ff0 .cmp/eq 4, RS_0000000001137508, L_00000000011a0790;
L_00000000011f9090 .cmp/eq 4, RS_0000000001137508, L_00000000011a07d8;
L_00000000011f9b30 .cmp/eq 4, RS_0000000001137508, L_00000000011a0820;
L_00000000011f9d10 .cmp/eq 4, RS_0000000001137508, L_00000000011a0868;
L_00000000011f91d0 .cmp/eq 4, RS_0000000001137508, L_00000000011a08b0;
L_00000000011f9f90 .cmp/eq 4, RS_0000000001137508, L_00000000011a08f8;
L_00000000011f8690 .cmp/eq 4, RS_0000000001137508, L_00000000011a0940;
L_00000000011f80f0 .cmp/eq 4, RS_0000000001137508, L_00000000011a0988;
L_00000000011f8190 .cmp/eq 4, RS_0000000001137508, L_00000000011a09d0;
L_00000000011f87d0 .part L_00000000011f82d0, 12, 4;
L_00000000011f8870 .functor MUXZ 4, L_00000000011a0a18, L_00000000011f87d0, L_0000000001125800, C4<>;
L_00000000011f8d70 .part L_00000000011f82d0, 8, 4;
L_00000000011f8910 .functor MUXZ 4, L_00000000011a0a60, L_00000000011f8d70, L_0000000001125800, C4<>;
L_00000000011f9450 .part L_00000000011f82d0, 16, 64;
L_00000000011f9130 .part L_00000000011f82d0, 8, 64;
L_00000000011f9310 .functor MUXZ 64, L_00000000011f9130, L_00000000011f9450, L_0000000001125800, C4<>;
L_00000000011f93b0 .functor MUXZ 64, L_00000000011a0aa8, L_00000000011f9310, L_0000000001125f00, C4<>;
L_0000000001199f20 .arith/sum 64, v0000000001196c20_0, L_00000000011a0af0;
L_0000000001199b60 .concat [ 1 63 0 0], L_0000000001125f00, L_00000000011a0b38;
L_00000000011992a0 .arith/mult 64, L_0000000001199b60, L_00000000011a0b80;
L_000000000119a7e0 .arith/sum 64, L_0000000001199f20, L_00000000011992a0;
L_000000000119a420 .concat [ 1 63 0 0], L_0000000001125800, L_00000000011a0bc8;
L_000000000119a060 .arith/sum 64, L_000000000119a7e0, L_000000000119a420;
L_000000000119a880 .reduce/nor o00000000011390f8;
L_0000000001199a20 .cmp/eq 4, RS_0000000001137508, L_00000000011a0ca0;
L_0000000001199fc0 .functor MUXZ 4, L_00000000011a0d30, L_00000000011a0ce8, L_0000000001199a20, C4<>;
L_0000000001199840 .functor MUXZ 4, L_0000000001199fc0, L_00000000011a0c58, L_000000000119a880, C4<>;
L_000000000119a600 .functor MUXZ 4, L_0000000001199840, L_00000000011a0c10, L_0000000001196f40, C4<>;
L_00000000011993e0 .part L_000000000119a600, 0, 3;
L_0000000001199520 .cmp/eq 4, RS_0000000001137508, L_00000000011a0d78;
L_00000000011995c0 .cmp/eq 4, RS_0000000001137508, L_00000000011a0dc0;
L_000000000119a920 .functor MUXZ 64, L_000000000119a060, L_00000000011f93b0, L_0000000001125560, C4<>;
S_0000000001104bf0 .scope module, "instr_mem" "instruction_memory" 4 19, 5 1 0, S_00000000010995c0;
 .timescale -9 -12;
    .port_info 0 /INPUT 64 "raddr_i";
    .port_info 1 /OUTPUT 81 "rdata_o";
    .port_info 2 /OUTPUT 1 "imem_error_o";
L_00000000011a0088 .functor BUFT 1, C4<0000000000000000000000000000000000000000000000000000001111111111>, C4<0>, C4<0>, C4<0>;
v000000000112fa40_0 .net/2u *"_s0", 63 0, L_00000000011a0088;  1 drivers
v000000000112fae0_0 .net *"_s10", 64 0, L_0000000001195d20;  1 drivers
v00000000011306c0_0 .net *"_s100", 79 0, L_00000000011f9a90;  1 drivers
v0000000001131660_0 .net *"_s102", 80 0, L_00000000011f85f0;  1 drivers
L_00000000011a0628 .functor BUFT 1, C4<0>, C4<0>, C4<0>, C4<0>;
v00000000011309e0_0 .net *"_s105", 0 0, L_00000000011a0628;  1 drivers
L_00000000011a0670 .functor BUFT 1, C4<000000000000000000000000000000000000000000000000000000000000000000000000000000000>, C4<0>, C4<0>, C4<0>;
v000000000112fea0_0 .net/2u *"_s106", 80 0, L_00000000011a0670;  1 drivers
L_00000000011a0118 .functor BUFT 1, C4<0>, C4<0>, C4<0>, C4<0>;
v0000000001130ee0_0 .net *"_s13", 0 0, L_00000000011a0118;  1 drivers
L_00000000011a0160 .functor BUFT 1, C4<00000000000000000000000000000000000000000000000000000000000001001>, C4<0>, C4<0>, C4<0>;
v000000000112ff40_0 .net/2u *"_s14", 64 0, L_00000000011a0160;  1 drivers
v0000000001130f80_0 .net *"_s16", 64 0, L_0000000001196180;  1 drivers
v0000000001131340_0 .net *"_s18", 7 0, L_0000000001196220;  1 drivers
v000000000112ffe0_0 .net *"_s20", 64 0, L_00000000011962c0;  1 drivers
L_00000000011a01a8 .functor BUFT 1, C4<0>, C4<0>, C4<0>, C4<0>;
v0000000001130260_0 .net *"_s23", 0 0, L_00000000011a01a8;  1 drivers
L_00000000011a01f0 .functor BUFT 1, C4<00000000000000000000000000000000000000000000000000000000000001000>, C4<0>, C4<0>, C4<0>;
v0000000001191260_0 .net/2u *"_s24", 64 0, L_00000000011a01f0;  1 drivers
v00000000011927a0_0 .net *"_s26", 64 0, L_00000000011f9810;  1 drivers
v00000000011911c0_0 .net *"_s28", 7 0, L_00000000011f84b0;  1 drivers
v0000000001191a80_0 .net *"_s30", 64 0, L_00000000011f8b90;  1 drivers
L_00000000011a0238 .functor BUFT 1, C4<0>, C4<0>, C4<0>, C4<0>;
v0000000001191f80_0 .net *"_s33", 0 0, L_00000000011a0238;  1 drivers
L_00000000011a0280 .functor BUFT 1, C4<00000000000000000000000000000000000000000000000000000000000000111>, C4<0>, C4<0>, C4<0>;
v0000000001192e80_0 .net/2u *"_s34", 64 0, L_00000000011a0280;  1 drivers
v0000000001192520_0 .net *"_s36", 64 0, L_00000000011f8410;  1 drivers
v0000000001192f20_0 .net *"_s38", 7 0, L_00000000011f9270;  1 drivers
L_00000000011a00d0 .functor BUFT 1, C4<0000000000000000000000000000000000000000000000000000001111111000>, C4<0>, C4<0>, C4<0>;
v00000000011925c0_0 .net/2u *"_s4", 63 0, L_00000000011a00d0;  1 drivers
v0000000001192840_0 .net *"_s40", 64 0, L_00000000011f98b0;  1 drivers
L_00000000011a02c8 .functor BUFT 1, C4<0>, C4<0>, C4<0>, C4<0>;
v0000000001192de0_0 .net *"_s43", 0 0, L_00000000011a02c8;  1 drivers
L_00000000011a0310 .functor BUFT 1, C4<00000000000000000000000000000000000000000000000000000000000000110>, C4<0>, C4<0>, C4<0>;
v00000000011913a0_0 .net/2u *"_s44", 64 0, L_00000000011a0310;  1 drivers
v0000000001191b20_0 .net *"_s46", 64 0, L_00000000011f8550;  1 drivers
v0000000001191440_0 .net *"_s48", 7 0, L_00000000011f8a50;  1 drivers
v0000000001191bc0_0 .net *"_s50", 64 0, L_00000000011f9950;  1 drivers
L_00000000011a0358 .functor BUFT 1, C4<0>, C4<0>, C4<0>, C4<0>;
v0000000001191c60_0 .net *"_s53", 0 0, L_00000000011a0358;  1 drivers
L_00000000011a03a0 .functor BUFT 1, C4<00000000000000000000000000000000000000000000000000000000000000101>, C4<0>, C4<0>, C4<0>;
v00000000011928e0_0 .net/2u *"_s54", 64 0, L_00000000011a03a0;  1 drivers
v0000000001192660_0 .net *"_s56", 64 0, L_00000000011f8af0;  1 drivers
v0000000001191760_0 .net *"_s58", 7 0, L_00000000011f9ef0;  1 drivers
v0000000001191080_0 .net *"_s6", 0 0, L_0000000001195780;  1 drivers
v0000000001192700_0 .net *"_s60", 64 0, L_00000000011f94f0;  1 drivers
L_00000000011a03e8 .functor BUFT 1, C4<0>, C4<0>, C4<0>, C4<0>;
v0000000001191ee0_0 .net *"_s63", 0 0, L_00000000011a03e8;  1 drivers
L_00000000011a0430 .functor BUFT 1, C4<00000000000000000000000000000000000000000000000000000000000000100>, C4<0>, C4<0>, C4<0>;
v0000000001192020_0 .net/2u *"_s64", 64 0, L_00000000011a0430;  1 drivers
v00000000011918a0_0 .net *"_s66", 64 0, L_00000000011f9590;  1 drivers
v0000000001192340_0 .net *"_s68", 7 0, L_00000000011f8230;  1 drivers
v0000000001191da0_0 .net *"_s70", 64 0, L_00000000011f8c30;  1 drivers
L_00000000011a0478 .functor BUFT 1, C4<0>, C4<0>, C4<0>, C4<0>;
v0000000001192480_0 .net *"_s73", 0 0, L_00000000011a0478;  1 drivers
L_00000000011a04c0 .functor BUFT 1, C4<00000000000000000000000000000000000000000000000000000000000000011>, C4<0>, C4<0>, C4<0>;
v0000000001192980_0 .net/2u *"_s74", 64 0, L_00000000011a04c0;  1 drivers
v0000000001192a20_0 .net *"_s76", 64 0, L_00000000011f99f0;  1 drivers
v0000000001192ac0_0 .net *"_s78", 7 0, L_00000000011f9630;  1 drivers
v0000000001192b60_0 .net *"_s8", 7 0, L_00000000011960e0;  1 drivers
v00000000011914e0_0 .net *"_s80", 64 0, L_00000000011f8eb0;  1 drivers
L_00000000011a0508 .functor BUFT 1, C4<0>, C4<0>, C4<0>, C4<0>;
v0000000001191d00_0 .net *"_s83", 0 0, L_00000000011a0508;  1 drivers
L_00000000011a0550 .functor BUFT 1, C4<00000000000000000000000000000000000000000000000000000000000000010>, C4<0>, C4<0>, C4<0>;
v0000000001192200_0 .net/2u *"_s84", 64 0, L_00000000011a0550;  1 drivers
v0000000001191e40_0 .net *"_s86", 64 0, L_00000000011f8370;  1 drivers
v0000000001192c00_0 .net *"_s88", 7 0, L_00000000011f8730;  1 drivers
v0000000001191120_0 .net *"_s90", 64 0, L_00000000011f8f50;  1 drivers
L_00000000011a0598 .functor BUFT 1, C4<0>, C4<0>, C4<0>, C4<0>;
v0000000001192ca0_0 .net *"_s93", 0 0, L_00000000011a0598;  1 drivers
L_00000000011a05e0 .functor BUFT 1, C4<00000000000000000000000000000000000000000000000000000000000000001>, C4<0>, C4<0>, C4<0>;
v00000000011919e0_0 .net/2u *"_s94", 64 0, L_00000000011a05e0;  1 drivers
v0000000001192d40_0 .net *"_s96", 64 0, L_00000000011f89b0;  1 drivers
v0000000001191300_0 .net *"_s98", 7 0, L_00000000011f9770;  1 drivers
v0000000001191580_0 .net "imem_error_o", 0 0, L_0000000001196f40;  alias, 1 drivers
v0000000001191620 .array "instr_mem", 0 1024, 7 0;
v00000000011916c0_0 .net "raddr_i", 63 0, v0000000001196c20_0;  alias, 1 drivers
v0000000001191800_0 .net "rdata_o", 80 0, L_00000000011f9db0;  1 drivers
L_0000000001196f40 .cmp/gt 64, v0000000001196c20_0, L_00000000011a0088;
L_0000000001195780 .cmp/ge 64, L_00000000011a00d0, v0000000001196c20_0;
L_00000000011960e0 .array/port v0000000001191620, L_0000000001196180;
L_0000000001195d20 .concat [ 64 1 0 0], v0000000001196c20_0, L_00000000011a0118;
L_0000000001196180 .arith/sum 65, L_0000000001195d20, L_00000000011a0160;
L_0000000001196220 .array/port v0000000001191620, L_00000000011f9810;
L_00000000011962c0 .concat [ 64 1 0 0], v0000000001196c20_0, L_00000000011a01a8;
L_00000000011f9810 .arith/sum 65, L_00000000011962c0, L_00000000011a01f0;
L_00000000011f84b0 .array/port v0000000001191620, L_00000000011f8410;
L_00000000011f8b90 .concat [ 64 1 0 0], v0000000001196c20_0, L_00000000011a0238;
L_00000000011f8410 .arith/sum 65, L_00000000011f8b90, L_00000000011a0280;
L_00000000011f9270 .array/port v0000000001191620, L_00000000011f8550;
L_00000000011f98b0 .concat [ 64 1 0 0], v0000000001196c20_0, L_00000000011a02c8;
L_00000000011f8550 .arith/sum 65, L_00000000011f98b0, L_00000000011a0310;
L_00000000011f8a50 .array/port v0000000001191620, L_00000000011f8af0;
L_00000000011f9950 .concat [ 64 1 0 0], v0000000001196c20_0, L_00000000011a0358;
L_00000000011f8af0 .arith/sum 65, L_00000000011f9950, L_00000000011a03a0;
L_00000000011f9ef0 .array/port v0000000001191620, L_00000000011f9590;
L_00000000011f94f0 .concat [ 64 1 0 0], v0000000001196c20_0, L_00000000011a03e8;
L_00000000011f9590 .arith/sum 65, L_00000000011f94f0, L_00000000011a0430;
L_00000000011f8230 .array/port v0000000001191620, L_00000000011f99f0;
L_00000000011f8c30 .concat [ 64 1 0 0], v0000000001196c20_0, L_00000000011a0478;
L_00000000011f99f0 .arith/sum 65, L_00000000011f8c30, L_00000000011a04c0;
L_00000000011f9630 .array/port v0000000001191620, L_00000000011f8370;
L_00000000011f8eb0 .concat [ 64 1 0 0], v0000000001196c20_0, L_00000000011a0508;
L_00000000011f8370 .arith/sum 65, L_00000000011f8eb0, L_00000000011a0550;
L_00000000011f8730 .array/port v0000000001191620, L_00000000011f89b0;
L_00000000011f8f50 .concat [ 64 1 0 0], v0000000001196c20_0, L_00000000011a0598;
L_00000000011f89b0 .arith/sum 65, L_00000000011f8f50, L_00000000011a05e0;
L_00000000011f9770 .array/port v0000000001191620, v0000000001196c20_0;
LS_00000000011f9a90_0_0 .concat [ 8 8 8 8], L_00000000011f9770, L_00000000011f8730, L_00000000011f9630, L_00000000011f8230;
LS_00000000011f9a90_0_4 .concat [ 8 8 8 8], L_00000000011f9ef0, L_00000000011f8a50, L_00000000011f9270, L_00000000011f84b0;
LS_00000000011f9a90_0_8 .concat [ 8 8 0 0], L_0000000001196220, L_00000000011960e0;
L_00000000011f9a90 .concat [ 32 32 16 0], LS_00000000011f9a90_0_0, LS_00000000011f9a90_0_4, LS_00000000011f9a90_0_8;
L_00000000011f85f0 .concat [ 80 1 0 0], L_00000000011f9a90, L_00000000011a0628;
L_00000000011f9db0 .functor MUXZ 81, L_00000000011a0670, L_00000000011f85f0, L_0000000001195780, C4<>;
    .scope S_0000000001104bf0;
T_0 ;
    %pushi/vec4 48, 0, 8;
    %ix/load 4, 0, 0;
    %flag_set/imm 4, 0;
    %store/vec4a v0000000001191620, 4, 0;
    %pushi/vec4 241, 0, 8;
    %ix/load 4, 1, 0;
    %flag_set/imm 4, 0;
    %store/vec4a v0000000001191620, 4, 0;
    %pushi/vec4 240, 0, 8;
    %ix/load 4, 2, 0;
    %flag_set/imm 4, 0;
    %store/vec4a v0000000001191620, 4, 0;
    %pushi/vec4 222, 0, 8;
    %ix/load 4, 3, 0;
    %flag_set/imm 4, 0;
    %store/vec4a v0000000001191620, 4, 0;
    %pushi/vec4 188, 0, 8;
    %ix/load 4, 4, 0;
    %flag_set/imm 4, 0;
    %store/vec4a v0000000001191620, 4, 0;
    %pushi/vec4 154, 0, 8;
    %ix/load 4, 5, 0;
    %flag_set/imm 4, 0;
    %store/vec4a v0000000001191620, 4, 0;
    %pushi/vec4 120, 0, 8;
    %ix/load 4, 6, 0;
    %flag_set/imm 4, 0;
    %store/vec4a v0000000001191620, 4, 0;
    %pushi/vec4 86, 0, 8;
    %ix/load 4, 7, 0;
    %flag_set/imm 4, 0;
    %store/vec4a v0000000001191620, 4, 0;
    %pushi/vec4 52, 0, 8;
    %ix/load 4, 8, 0;
    %flag_set/imm 4, 0;
    %store/vec4a v0000000001191620, 4, 0;
    %pushi/vec4 18, 0, 8;
    %ix/load 4, 9, 0;
    %flag_set/imm 4, 0;
    %store/vec4a v0000000001191620, 4, 0;
    %pushi/vec4 64, 0, 8;
    %ix/load 4, 10, 0;
    %flag_set/imm 4, 0;
    %store/vec4a v0000000001191620, 4, 0;
    %pushi/vec4 18, 0, 8;
    %ix/load 4, 11, 0;
    %flag_set/imm 4, 0;
    %store/vec4a v0000000001191620, 4, 0;
    %pushi/vec4 16, 0, 8;
    %ix/load 4, 12, 0;
    %flag_set/imm 4, 0;
    %store/vec4a v0000000001191620, 4, 0;
    %pushi/vec4 0, 0, 8;
    %ix/load 4, 13, 0;
    %flag_set/imm 4, 0;
    %store/vec4a v0000000001191620, 4, 0;
    %pushi/vec4 0, 0, 8;
    %ix/load 4, 14, 0;
    %flag_set/imm 4, 0;
    %store/vec4a v0000000001191620, 4, 0;
    %pushi/vec4 0, 0, 8;
    %ix/load 4, 15, 0;
    %flag_set/imm 4, 0;
    %store/vec4a v0000000001191620, 4, 0;
    %pushi/vec4 0, 0, 8;
    %ix/load 4, 16, 0;
    %flag_set/imm 4, 0;
    %store/vec4a v0000000001191620, 4, 0;
    %pushi/vec4 0, 0, 8;
    %ix/load 4, 17, 0;
    %flag_set/imm 4, 0;
    %store/vec4a v0000000001191620, 4, 0;
    %pushi/vec4 0, 0, 8;
    %ix/load 4, 18, 0;
    %flag_set/imm 4, 0;
    %store/vec4a v0000000001191620, 4, 0;
    %pushi/vec4 0, 0, 8;
    %ix/load 4, 19, 0;
    %flag_set/imm 4, 0;
    %store/vec4a v0000000001191620, 4, 0;
    %pushi/vec4 80, 0, 8;
    %ix/load 4, 20, 0;
    %flag_set/imm 4, 0;
    %store/vec4a v0000000001191620, 4, 0;
    %pushi/vec4 37, 0, 8;
    %ix/load 4, 21, 0;
    %flag_set/imm 4, 0;
    %store/vec4a v0000000001191620, 4, 0;
    %pushi/vec4 32, 0, 8;
    %ix/load 4, 22, 0;
    %flag_set/imm 4, 0;
    %store/vec4a v0000000001191620, 4, 0;
    %pushi/vec4 0, 0, 8;
    %ix/load 4, 23, 0;
    %flag_set/imm 4, 0;
    %store/vec4a v0000000001191620, 4, 0;
    %pushi/vec4 0, 0, 8;
    %ix/load 4, 24, 0;
    %flag_set/imm 4, 0;
    %store/vec4a v0000000001191620, 4, 0;
    %pushi/vec4 0, 0, 8;
    %ix/load 4, 25, 0;
    %flag_set/imm 4, 0;
    %store/vec4a v0000000001191620, 4, 0;
    %pushi/vec4 0, 0, 8;
    %ix/load 4, 26, 0;
    %flag_set/imm 4, 0;
    %store/vec4a v0000000001191620, 4, 0;
    %pushi/vec4 0, 0, 8;
    %ix/load 4, 27, 0;
    %flag_set/imm 4, 0;
    %store/vec4a v0000000001191620, 4, 0;
    %pushi/vec4 0, 0, 8;
    %ix/load 4, 28, 0;
    %flag_set/imm 4, 0;
    %store/vec4a v0000000001191620, 4, 0;
    %pushi/vec4 0, 0, 8;
    %ix/load 4, 29, 0;
    %flag_set/imm 4, 0;
    %store/vec4a v0000000001191620, 4, 0;
    %pushi/vec4 96, 0, 8;
    %ix/load 4, 30, 0;
    %flag_set/imm 4, 0;
    %store/vec4a v0000000001191620, 4, 0;
    %pushi/vec4 53, 0, 8;
    %ix/load 4, 31, 0;
    %flag_set/imm 4, 0;
    %store/vec4a v0000000001191620, 4, 0;
    %pushi/vec4 160, 0, 8;
    %ix/load 4, 32, 0;
    %flag_set/imm 4, 0;
    %store/vec4a v0000000001191620, 4, 0;
    %pushi/vec4 143, 0, 8;
    %ix/load 4, 33, 0;
    %flag_set/imm 4, 0;
    %store/vec4a v0000000001191620, 4, 0;
    %pushi/vec4 176, 0, 8;
    %ix/load 4, 34, 0;
    %flag_set/imm 4, 0;
    %store/vec4a v0000000001191620, 4, 0;
    %pushi/vec4 159, 0, 8;
    %ix/load 4, 35, 0;
    %flag_set/imm 4, 0;
    %store/vec4a v0000000001191620, 4, 0;
    %pushi/vec4 96, 0, 8;
    %ix/load 4, 36, 0;
    %flag_set/imm 4, 0;
    %store/vec4a v0000000001191620, 4, 0;
    %pushi/vec4 53, 0, 8;
    %ix/load 4, 37, 0;
    %flag_set/imm 4, 0;
    %store/vec4a v0000000001191620, 4, 0;
    %pushi/vec4 112, 0, 8;
    %ix/load 4, 38, 0;
    %flag_set/imm 4, 0;
    %store/vec4a v0000000001191620, 4, 0;
    %pushi/vec4 48, 0, 8;
    %ix/load 4, 39, 0;
    %flag_set/imm 4, 0;
    %store/vec4a v0000000001191620, 4, 0;
    %pushi/vec4 0, 0, 8;
    %ix/load 4, 40, 0;
    %flag_set/imm 4, 0;
    %store/vec4a v0000000001191620, 4, 0;
    %pushi/vec4 0, 0, 8;
    %ix/load 4, 41, 0;
    %flag_set/imm 4, 0;
    %store/vec4a v0000000001191620, 4, 0;
    %pushi/vec4 0, 0, 8;
    %ix/load 4, 42, 0;
    %flag_set/imm 4, 0;
    %store/vec4a v0000000001191620, 4, 0;
    %pushi/vec4 0, 0, 8;
    %ix/load 4, 43, 0;
    %flag_set/imm 4, 0;
    %store/vec4a v0000000001191620, 4, 0;
    %pushi/vec4 0, 0, 8;
    %ix/load 4, 44, 0;
    %flag_set/imm 4, 0;
    %store/vec4a v0000000001191620, 4, 0;
    %pushi/vec4 0, 0, 8;
    %ix/load 4, 45, 0;
    %flag_set/imm 4, 0;
    %store/vec4a v0000000001191620, 4, 0;
    %pushi/vec4 0, 0, 8;
    %ix/load 4, 46, 0;
    %flag_set/imm 4, 0;
    %store/vec4a v0000000001191620, 4, 0;
    %pushi/vec4 113, 0, 8;
    %ix/load 4, 48, 0;
    %flag_set/imm 4, 0;
    %store/vec4a v0000000001191620, 4, 0;
    %pushi/vec4 58, 0, 8;
    %ix/load 4, 49, 0;
    %flag_set/imm 4, 0;
    %store/vec4a v0000000001191620, 4, 0;
    %pushi/vec4 0, 0, 8;
    %ix/load 4, 50, 0;
    %flag_set/imm 4, 0;
    %store/vec4a v0000000001191620, 4, 0;
    %pushi/vec4 0, 0, 8;
    %ix/load 4, 51, 0;
    %flag_set/imm 4, 0;
    %store/vec4a v0000000001191620, 4, 0;
    %pushi/vec4 0, 0, 8;
    %ix/load 4, 52, 0;
    %flag_set/imm 4, 0;
    %store/vec4a v0000000001191620, 4, 0;
    %pushi/vec4 0, 0, 8;
    %ix/load 4, 53, 0;
    %flag_set/imm 4, 0;
    %store/vec4a v0000000001191620, 4, 0;
    %pushi/vec4 0, 0, 8;
    %ix/load 4, 54, 0;
    %flag_set/imm 4, 0;
    %store/vec4a v0000000001191620, 4, 0;
    %pushi/vec4 0, 0, 8;
    %ix/load 4, 55, 0;
    %flag_set/imm 4, 0;
    %store/vec4a v0000000001191620, 4, 0;
    %pushi/vec4 0, 0, 8;
    %ix/load 4, 56, 0;
    %flag_set/imm 4, 0;
    %store/vec4a v0000000001191620, 4, 0;
    %pushi/vec4 114, 0, 8;
    %ix/load 4, 57, 0;
    %flag_set/imm 4, 0;
    %store/vec4a v0000000001191620, 4, 0;
    %pushi/vec4 67, 0, 8;
    %ix/load 4, 58, 0;
    %flag_set/imm 4, 0;
    %store/vec4a v0000000001191620, 4, 0;
    %pushi/vec4 0, 0, 8;
    %ix/load 4, 59, 0;
    %flag_set/imm 4, 0;
    %store/vec4a v0000000001191620, 4, 0;
    %pushi/vec4 0, 0, 8;
    %ix/load 4, 60, 0;
    %flag_set/imm 4, 0;
    %store/vec4a v0000000001191620, 4, 0;
    %pushi/vec4 0, 0, 8;
    %ix/load 4, 61, 0;
    %flag_set/imm 4, 0;
    %store/vec4a v0000000001191620, 4, 0;
    %pushi/vec4 0, 0, 8;
    %ix/load 4, 62, 0;
    %flag_set/imm 4, 0;
    %store/vec4a v0000000001191620, 4, 0;
    %pushi/vec4 0, 0, 8;
    %ix/load 4, 63, 0;
    %flag_set/imm 4, 0;
    %store/vec4a v0000000001191620, 4, 0;
    %pushi/vec4 0, 0, 8;
    %ix/load 4, 64, 0;
    %flag_set/imm 4, 0;
    %store/vec4a v0000000001191620, 4, 0;
    %pushi/vec4 0, 0, 8;
    %ix/load 4, 65, 0;
    %flag_set/imm 4, 0;
    %store/vec4a v0000000001191620, 4, 0;
    %pushi/vec4 128, 0, 8;
    %ix/load 4, 67, 0;
    %flag_set/imm 4, 0;
    %store/vec4a v0000000001191620, 4, 0;
    %pushi/vec4 0, 0, 8;
    %ix/load 4, 68, 0;
    %flag_set/imm 4, 0;
    %store/vec4a v0000000001191620, 4, 0;
    %pushi/vec4 1, 0, 8;
    %ix/load 4, 69, 0;
    %flag_set/imm 4, 0;
    %store/vec4a v0000000001191620, 4, 0;
    %pushi/vec4 0, 0, 8;
    %ix/load 4, 70, 0;
    %flag_set/imm 4, 0;
    %store/vec4a v0000000001191620, 4, 0;
    %pushi/vec4 0, 0, 8;
    %ix/load 4, 71, 0;
    %flag_set/imm 4, 0;
    %store/vec4a v0000000001191620, 4, 0;
    %pushi/vec4 0, 0, 8;
    %ix/load 4, 72, 0;
    %flag_set/imm 4, 0;
    %store/vec4a v0000000001191620, 4, 0;
    %pushi/vec4 0, 0, 8;
    %ix/load 4, 73, 0;
    %flag_set/imm 4, 0;
    %store/vec4a v0000000001191620, 4, 0;
    %pushi/vec4 0, 0, 8;
    %ix/load 4, 74, 0;
    %flag_set/imm 4, 0;
    %store/vec4a v0000000001191620, 4, 0;
    %pushi/vec4 0, 0, 8;
    %ix/load 4, 75, 0;
    %flag_set/imm 4, 0;
    %store/vec4a v0000000001191620, 4, 0;
    %pushi/vec4 144, 0, 8;
    %ix/load 4, 256, 0;
    %flag_set/imm 4, 0;
    %store/vec4a v0000000001191620, 4, 0;
    %end;
    .thread T_0;
    .scope S_0000000001135e30;
T_1 ;
    %wait E_0000000001127690;
    %load/vec4 v0000000001130120_0;
    %flag_set/vec4 8;
    %jmp/0xz  T_1.0, 8;
    %pushi/vec4 0, 0, 3;
    %assign/vec4 v0000000001130c60_0, 0;
    %pushi/vec4 0, 0, 64;
    %assign/vec4 v00000000011301c0_0, 0;
    %pushi/vec4 1, 0, 4;
    %assign/vec4 v0000000001130760_0, 0;
    %pushi/vec4 0, 0, 4;
    %assign/vec4 v0000000001131700_0, 0;
    %pushi/vec4 15, 0, 4;
    %assign/vec4 v0000000001131020_0, 0;
    %pushi/vec4 15, 0, 4;
    %assign/vec4 v0000000001131160_0, 0;
    %pushi/vec4 0, 0, 64;
    %assign/vec4 v00000000011315c0_0, 0;
    %pushi/vec4 0, 0, 64;
    %assign/vec4 v0000000001130a80_0, 0;
    %jmp T_1.1;
T_1.0 ;
    %load/vec4 v0000000001130b20_0;
    %inv;
    %flag_set/vec4 8;
    %jmp/0xz  T_1.2, 8;
    %load/vec4 v000000000112fe00_0;
    %assign/vec4 v0000000001130c60_0, 0;
    %load/vec4 v0000000001130d00_0;
    %assign/vec4 v00000000011301c0_0, 0;
    %load/vec4 v0000000001130580_0;
    %assign/vec4 v0000000001130760_0, 0;
    %load/vec4 v00000000011303a0_0;
    %assign/vec4 v0000000001131700_0, 0;
    %load/vec4 v000000000112fb80_0;
    %assign/vec4 v0000000001131020_0, 0;
    %load/vec4 v0000000001131840_0;
    %assign/vec4 v0000000001131160_0, 0;
    %load/vec4 v00000000011312a0_0;
    %assign/vec4 v00000000011315c0_0, 0;
    %load/vec4 v0000000001130bc0_0;
    %assign/vec4 v0000000001130a80_0, 0;
T_1.2 ;
T_1.1 ;
    %jmp T_1;
    .thread T_1;
    .scope S_00000000010e3e90;
T_2 ;
    %pushi/vec4 0, 0, 1;
    %store/vec4 v0000000001196900_0, 0, 1;
T_2.0 ;
    %delay 5000, 0;
    %load/vec4 v0000000001196900_0;
    %inv;
    %store/vec4 v0000000001196900_0, 0, 1;
    %jmp T_2.0;
    %end;
    .thread T_2;
    .scope S_00000000010e3e90;
T_3 ;
    %wait E_0000000001127690;
    %load/vec4 v0000000001196e00_0;
    %assign/vec4 v0000000001196c20_0, 0;
    %jmp T_3;
    .thread T_3;
    .scope S_00000000010e3e90;
T_4 ;
    %vpi_call 2 83 "$dumpfile", "./wave/fetch.vcd" {0 0 0};
    %vpi_call 2 84 "$dumpvars", 32'sb00000000000000000000000000000000, S_00000000010995c0 {0 0 0};
    %pushi/vec4 0, 0, 64;
    %store/vec4 v0000000001196c20_0, 0, 64;
    %delay 50000, 0;
    %vpi_call 2 86 "$finish" {0 0 0};
    %end;
    .thread T_4;
    .scope S_00000000010e3e90;
T_5 ;
    %vpi_call 2 89 "$monitor", "Time=%0t,PC=%d\011,icode=%h\011,ifun=%h\011,rA=%h\011,rB=%h\011,valC=%h\011,valP=%d\011", $time, v0000000001195dc0_0, v0000000001195c80_0, v0000000001195640_0, v0000000001196040_0, v00000000011951e0_0, v00000000011965e0_0, v0000000001196e00_0 {0 0 0};
    %end;
    .thread T_5;
# The file index is used to find the file name in the following table.
:file_names 6;
    "N/A";
    "<interactive>";
    "fetch_tb.v";
    "./fetch_D_pipe_reg.v";
    "./fetch.v";
    "./instruction_memory.v";
