#! /usr/local/iverilog/bin/vvp
:ivl_version "11.0 (devel)" "(s20150603-642-g3bdb50da)";
:ivl_delay_selection "TYPICAL";
:vpi_time_precision + 0;
:vpi_module "system";
:vpi_module "vhdl_sys";
:vpi_module "vhdl_textio";
:vpi_module "v2005_math";
:vpi_module "va_math";
S_00000000011db800 .scope module, "fetch_D_pipe_reg" "fetch_D_pipe_reg" 2 2;
 .timescale 0 0;
    .port_info 0 /INPUT 1 "clk_i";
    .port_info 1 /INPUT 1 "D_stall_i";
    .port_info 2 /INPUT 1 "D_bubble_i";
    .port_info 3 /INPUT 3 "f_stat_i";
    .port_info 4 /INPUT 64 "f_pc_i";
    .port_info 5 /INPUT 4 "f_icode_i";
    .port_info 6 /INPUT 4 "f_ifun_i";
    .port_info 7 /INPUT 4 "f_rA_i";
    .port_info 8 /INPUT 4 "f_rB_i";
    .port_info 9 /INPUT 64 "f_valC_i";
    .port_info 10 /INPUT 64 "f_valP_i";
    .port_info 11 /OUTPUT 3 "D_stat_o";
    .port_info 12 /OUTPUT 64 "D_pc_o";
    .port_info 13 /OUTPUT 4 "D_icode_o";
    .port_info 14 /OUTPUT 4 "D_ifun_o";
    .port_info 15 /OUTPUT 4 "D_rA_o";
    .port_info 16 /OUTPUT 4 "D_rB_o";
    .port_info 17 /OUTPUT 64 "D_valC_o";
    .port_info 18 /OUTPUT 64 "D_valP_o";
o00000000010bafa8 .functor BUFZ 1, C4<z>; HiZ drive
v00000000011db990_0 .net "D_bubble_i", 0 0, o00000000010bafa8;  0 drivers
v0000000001082d40_0 .var "D_icode_o", 3 0;
v0000000001082de0_0 .var "D_ifun_o", 3 0;
v0000000001082e80_0 .var "D_pc_o", 63 0;
v0000000001082f20_0 .var "D_rA_o", 3 0;
v0000000001082fc0_0 .var "D_rB_o", 3 0;
o00000000010bb0c8 .functor BUFZ 1, C4<z>; HiZ drive
v00000000010b3d00_0 .net "D_stall_i", 0 0, o00000000010bb0c8;  0 drivers
v00000000010b3da0_0 .var "D_stat_o", 2 0;
v00000000010b3e40_0 .var "D_valC_o", 63 0;
v00000000010b3f70_0 .var "D_valP_o", 63 0;
o00000000010bb188 .functor BUFZ 1, C4<z>; HiZ drive
v00000000010fe020_0 .net "clk_i", 0 0, o00000000010bb188;  0 drivers
o00000000010bb1b8 .functor BUFZ 4, C4<zzzz>; HiZ drive
v00000000010fe0c0_0 .net "f_icode_i", 3 0, o00000000010bb1b8;  0 drivers
o00000000010bb1e8 .functor BUFZ 4, C4<zzzz>; HiZ drive
v00000000010fe160_0 .net "f_ifun_i", 3 0, o00000000010bb1e8;  0 drivers
o00000000010bb218 .functor BUFZ 64, C4<zzzzzzzzzzzzzzzzzzzzzzzzzzzzzzzzzzzzzzzzzzzzzzzzzzzzzzzzzzzzzzzz>; HiZ drive
v00000000010fe200_0 .net "f_pc_i", 63 0, o00000000010bb218;  0 drivers
o00000000010bb248 .functor BUFZ 4, C4<zzzz>; HiZ drive
v00000000010fe2a0_0 .net "f_rA_i", 3 0, o00000000010bb248;  0 drivers
o00000000010bb278 .functor BUFZ 4, C4<zzzz>; HiZ drive
v00000000010fe890_0 .net "f_rB_i", 3 0, o00000000010bb278;  0 drivers
o00000000010bb2a8 .functor BUFZ 3, C4<zzz>; HiZ drive
v00000000010fe6b0_0 .net "f_stat_i", 2 0, o00000000010bb2a8;  0 drivers
o00000000010bb2d8 .functor BUFZ 64, C4<zzzzzzzzzzzzzzzzzzzzzzzzzzzzzzzzzzzzzzzzzzzzzzzzzzzzzzzzzzzzzzzz>; HiZ drive
v00000000010ff0b0_0 .net "f_valC_i", 63 0, o00000000010bb2d8;  0 drivers
o00000000010bb308 .functor BUFZ 64, C4<zzzzzzzzzzzzzzzzzzzzzzzzzzzzzzzzzzzzzzzzzzzzzzzzzzzzzzzzzzzzzzzz>; HiZ drive
v00000000010ff290_0 .net "f_valP_i", 63 0, o00000000010bb308;  0 drivers
E_00000000010b91c0 .event posedge, v00000000010fe020_0;
    .scope S_00000000011db800;
T_0 ;
    %wait E_00000000010b91c0;
    %load/vec4 v00000000011db990_0;
    %flag_set/vec4 8;
    %jmp/0xz  T_0.0, 8;
    %pushi/vec4 0, 0, 3;
    %assign/vec4 v00000000010b3da0_0, 0;
    %pushi/vec4 0, 0, 64;
    %assign/vec4 v0000000001082e80_0, 0;
    %pushi/vec4 1, 0, 4;
    %assign/vec4 v0000000001082d40_0, 0;
    %pushi/vec4 0, 0, 4;
    %assign/vec4 v0000000001082de0_0, 0;
    %pushi/vec4 15, 0, 4;
    %assign/vec4 v0000000001082f20_0, 0;
    %pushi/vec4 15, 0, 4;
    %assign/vec4 v0000000001082fc0_0, 0;
    %pushi/vec4 0, 0, 64;
    %assign/vec4 v00000000010b3e40_0, 0;
    %pushi/vec4 0, 0, 64;
    %assign/vec4 v00000000010b3f70_0, 0;
    %jmp T_0.1;
T_0.0 ;
    %load/vec4 v00000000010b3d00_0;
    %inv;
    %flag_set/vec4 8;
    %jmp/0xz  T_0.2, 8;
    %load/vec4 v00000000010fe6b0_0;
    %assign/vec4 v00000000010b3da0_0, 0;
    %load/vec4 v00000000010fe200_0;
    %assign/vec4 v0000000001082e80_0, 0;
    %load/vec4 v00000000010fe0c0_0;
    %assign/vec4 v0000000001082d40_0, 0;
    %load/vec4 v00000000010fe160_0;
    %assign/vec4 v0000000001082de0_0, 0;
    %load/vec4 v00000000010fe2a0_0;
    %assign/vec4 v0000000001082f20_0, 0;
    %load/vec4 v00000000010fe890_0;
    %assign/vec4 v0000000001082fc0_0, 0;
    %load/vec4 v00000000010ff0b0_0;
    %assign/vec4 v00000000010b3e40_0, 0;
    %load/vec4 v00000000010ff290_0;
    %assign/vec4 v00000000010b3f70_0, 0;
T_0.2 ;
T_0.1 ;
    %jmp T_0;
    .thread T_0;
# The file index is used to find the file name in the following table.
:file_names 3;
    "N/A";
    "<interactive>";
    "fetch_D_pipe_reg.v";
