#! /usr/local/iverilog/bin/vvp
:ivl_version "11.0 (devel)" "(s20150603-642-g3bdb50da)";
:ivl_delay_selection "TYPICAL";
:vpi_time_precision + 0;
:vpi_module "system";
:vpi_module "vhdl_sys";
:vpi_module "vhdl_textio";
:vpi_module "v2005_math";
:vpi_module "va_math";
S_0000000001152900 .scope module, "fetch" "fetch" 2 3;
 .timescale 0 0;
    .port_info 0 /INPUT 64 "PC_i";
    .port_info 1 /OUTPUT 4 "icode_o";
    .port_info 2 /OUTPUT 4 "ifun_o";
    .port_info 3 /OUTPUT 4 "rA_o";
    .port_info 4 /OUTPUT 4 "rB_o";
    .port_info 5 /OUTPUT 64 "valC_o";
    .port_info 6 /OUTPUT 64 "valP_o";
    .port_info 7 /OUTPUT 64 "predPC_o";
    .port_info 8 /OUTPUT 3 "stat_o";
L_00000000011772e0 .functor OR 1, L_00000000011eb360, L_00000000011ebb80, C4<0>, C4<0>;
L_00000000011777b0 .functor OR 1, L_00000000011ebc20, L_00000000011eb400, C4<0>, C4<0>;
L_0000000001177dd0 .functor OR 1, L_00000000011777b0, L_00000000011ebcc0, C4<0>, C4<0>;
L_0000000001177c10 .functor OR 1, L_0000000001177dd0, L_00000000011ebd60, C4<0>, C4<0>;
L_0000000001177660 .functor OR 1, L_0000000001177c10, L_00000000011eac80, C4<0>, C4<0>;
L_00000000011775f0 .functor OR 1, L_0000000001177660, L_00000000011eb4a0, C4<0>, C4<0>;
L_0000000001177d60 .functor OR 1, L_00000000011775f0, L_00000000011ebfe0, C4<0>, C4<0>;
L_0000000001177cf0 .functor OR 1, L_00000000011eaa00, L_00000000011eaaa0, C4<0>, C4<0>;
L_0000000001177e40 .functor OR 1, L_0000000001177cf0, L_00000000011eab40, C4<0>, C4<0>;
L_0000000001177430 .functor OR 1, L_0000000001177e40, L_00000000011eabe0, C4<0>, C4<0>;
L_0000000001177eb0 .functor OR 1, L_0000000001177430, L_00000000011ead20, C4<0>, C4<0>;
L_0000000001177510 .functor OR 1, L_00000000011ed690, L_00000000011ed190, C4<0>, C4<0>;
o000000000117d988 .functor BUFZ 64, C4<zzzzzzzzzzzzzzzzzzzzzzzzzzzzzzzzzzzzzzzzzzzzzzzzzzzzzzzzzzzzzzzz>; HiZ drive
v00000000011d5970_0 .net "PC_i", 63 0, o000000000117d988;  0 drivers
L_00000000012006b8 .functor BUFT 1, C4<0000>, C4<0>, C4<0>, C4<0>;
v00000000011d6af0_0 .net/2u *"_s10", 3 0, L_00000000012006b8;  1 drivers
v00000000011d6550_0 .net *"_s100", 63 0, L_00000000011ec790;  1 drivers
L_0000000001200af0 .functor BUFT 1, C4<0000000000000000000000000000000000000000000000000000000000000000>, C4<0>, C4<0>, C4<0>;
v00000000011d6690_0 .net/2u *"_s102", 63 0, L_0000000001200af0;  1 drivers
L_0000000001200b38 .functor BUFT 1, C4<0000000000000000000000000000000000000000000000000000000000000001>, C4<0>, C4<0>, C4<0>;
v00000000011d5330_0 .net/2u *"_s106", 63 0, L_0000000001200b38;  1 drivers
v00000000011d6d70_0 .net *"_s108", 63 0, L_00000000011ed7d0;  1 drivers
v00000000011d6910_0 .net *"_s110", 63 0, L_00000000011ecab0;  1 drivers
L_0000000001200b80 .functor BUFT 1, C4<000000000000000000000000000000000000000000000000000000000000000>, C4<0>, C4<0>, C4<0>;
v00000000011d69b0_0 .net *"_s113", 62 0, L_0000000001200b80;  1 drivers
L_0000000001200bc8 .functor BUFT 1, C4<0000000000000000000000000000000000000000000000000000000000001000>, C4<0>, C4<0>, C4<0>;
v00000000011d64b0_0 .net/2u *"_s114", 63 0, L_0000000001200bc8;  1 drivers
v00000000011d6e10_0 .net *"_s117", 63 0, L_00000000011ed050;  1 drivers
v00000000011d60f0_0 .net *"_s118", 63 0, L_00000000011edc30;  1 drivers
v00000000011d6a50_0 .net *"_s12", 0 0, L_00000000011ebb80;  1 drivers
v00000000011d6b90_0 .net *"_s120", 63 0, L_00000000011edb90;  1 drivers
L_0000000001200c10 .functor BUFT 1, C4<000000000000000000000000000000000000000000000000000000000000000>, C4<0>, C4<0>, C4<0>;
v00000000011d6ff0_0 .net *"_s123", 62 0, L_0000000001200c10;  1 drivers
L_0000000001200c58 .functor BUFT 1, C4<0001>, C4<0>, C4<0>, C4<0>;
v00000000011d5510_0 .net/2u *"_s126", 3 0, L_0000000001200c58;  1 drivers
L_0000000001200ca0 .functor BUFT 1, C4<0010>, C4<0>, C4<0>, C4<0>;
v00000000011d5b50_0 .net/2u *"_s128", 3 0, L_0000000001200ca0;  1 drivers
L_0000000001200ce8 .functor BUFT 1, C4<0000>, C4<0>, C4<0>, C4<0>;
v00000000011d6410_0 .net/2u *"_s130", 3 0, L_0000000001200ce8;  1 drivers
v00000000011d6190_0 .net *"_s132", 0 0, L_00000000011ed0f0;  1 drivers
L_0000000001200d30 .functor BUFT 1, C4<0011>, C4<0>, C4<0>, C4<0>;
v00000000011d6230_0 .net/2u *"_s134", 3 0, L_0000000001200d30;  1 drivers
L_0000000001200d78 .functor BUFT 1, C4<0100>, C4<0>, C4<0>, C4<0>;
v00000000011d62d0_0 .net/2u *"_s136", 3 0, L_0000000001200d78;  1 drivers
v00000000011d6370_0 .net *"_s138", 3 0, L_00000000011ee130;  1 drivers
v00000000011d6c30_0 .net *"_s140", 3 0, L_00000000011ec5b0;  1 drivers
v00000000011d55b0_0 .net *"_s142", 3 0, L_00000000011ec8d0;  1 drivers
L_0000000001200dc0 .functor BUFT 1, C4<0111>, C4<0>, C4<0>, C4<0>;
v00000000011d6eb0_0 .net/2u *"_s146", 3 0, L_0000000001200dc0;  1 drivers
v00000000011d6f50_0 .net *"_s148", 0 0, L_00000000011ed690;  1 drivers
L_0000000001200e08 .functor BUFT 1, C4<1000>, C4<0>, C4<0>, C4<0>;
v00000000011d7090_0 .net/2u *"_s150", 3 0, L_0000000001200e08;  1 drivers
v00000000011d7130_0 .net *"_s152", 0 0, L_00000000011ed190;  1 drivers
v00000000011d5290_0 .net *"_s154", 0 0, L_0000000001177510;  1 drivers
L_0000000001200700 .functor BUFT 1, C4<0010>, C4<0>, C4<0>, C4<0>;
v00000000011d5650_0 .net/2u *"_s16", 3 0, L_0000000001200700;  1 drivers
v00000000011d5790_0 .net *"_s18", 0 0, L_00000000011ebc20;  1 drivers
L_0000000001200748 .functor BUFT 1, C4<0011>, C4<0>, C4<0>, C4<0>;
v00000000011d5830_0 .net/2u *"_s20", 3 0, L_0000000001200748;  1 drivers
v00000000011d58d0_0 .net *"_s22", 0 0, L_00000000011eb400;  1 drivers
v00000000011d8510_0 .net *"_s24", 0 0, L_00000000011777b0;  1 drivers
L_0000000001200790 .functor BUFT 1, C4<0100>, C4<0>, C4<0>, C4<0>;
v00000000011d8e70_0 .net/2u *"_s26", 3 0, L_0000000001200790;  1 drivers
v00000000011d94b0_0 .net *"_s28", 0 0, L_00000000011ebcc0;  1 drivers
v00000000011d92d0_0 .net *"_s30", 0 0, L_0000000001177dd0;  1 drivers
L_00000000012007d8 .functor BUFT 1, C4<0101>, C4<0>, C4<0>, C4<0>;
v00000000011d7b10_0 .net/2u *"_s32", 3 0, L_00000000012007d8;  1 drivers
v00000000011d9410_0 .net *"_s34", 0 0, L_00000000011ebd60;  1 drivers
v00000000011d8010_0 .net *"_s36", 0 0, L_0000000001177c10;  1 drivers
L_0000000001200820 .functor BUFT 1, C4<0110>, C4<0>, C4<0>, C4<0>;
v00000000011d9370_0 .net/2u *"_s38", 3 0, L_0000000001200820;  1 drivers
v00000000011d8fb0_0 .net *"_s40", 0 0, L_00000000011eac80;  1 drivers
v00000000011d8bf0_0 .net *"_s42", 0 0, L_0000000001177660;  1 drivers
L_0000000001200868 .functor BUFT 1, C4<1010>, C4<0>, C4<0>, C4<0>;
v00000000011d7e30_0 .net/2u *"_s44", 3 0, L_0000000001200868;  1 drivers
v00000000011d80b0_0 .net *"_s46", 0 0, L_00000000011eb4a0;  1 drivers
v00000000011d8790_0 .net *"_s48", 0 0, L_00000000011775f0;  1 drivers
L_00000000012008b0 .functor BUFT 1, C4<1011>, C4<0>, C4<0>, C4<0>;
v00000000011d9550_0 .net/2u *"_s50", 3 0, L_00000000012008b0;  1 drivers
v00000000011d79d0_0 .net *"_s52", 0 0, L_00000000011ebfe0;  1 drivers
L_00000000012008f8 .functor BUFT 1, C4<0011>, C4<0>, C4<0>, C4<0>;
v00000000011d8ab0_0 .net/2u *"_s56", 3 0, L_00000000012008f8;  1 drivers
v00000000011d76b0_0 .net *"_s58", 0 0, L_00000000011eaa00;  1 drivers
L_0000000001200670 .functor BUFT 1, C4<1011>, C4<0>, C4<0>, C4<0>;
v00000000011d85b0_0 .net/2u *"_s6", 3 0, L_0000000001200670;  1 drivers
L_0000000001200940 .functor BUFT 1, C4<0100>, C4<0>, C4<0>, C4<0>;
v00000000011d7750_0 .net/2u *"_s60", 3 0, L_0000000001200940;  1 drivers
v00000000011d9050_0 .net *"_s62", 0 0, L_00000000011eaaa0;  1 drivers
v00000000011d7890_0 .net *"_s64", 0 0, L_0000000001177cf0;  1 drivers
L_0000000001200988 .functor BUFT 1, C4<0101>, C4<0>, C4<0>, C4<0>;
v00000000011d77f0_0 .net/2u *"_s66", 3 0, L_0000000001200988;  1 drivers
v00000000011d81f0_0 .net *"_s68", 0 0, L_00000000011eab40;  1 drivers
v00000000011d7930_0 .net *"_s70", 0 0, L_0000000001177e40;  1 drivers
L_00000000012009d0 .functor BUFT 1, C4<0111>, C4<0>, C4<0>, C4<0>;
v00000000011d90f0_0 .net/2u *"_s72", 3 0, L_00000000012009d0;  1 drivers
v00000000011d8650_0 .net *"_s74", 0 0, L_00000000011eabe0;  1 drivers
v00000000011d8150_0 .net *"_s76", 0 0, L_0000000001177430;  1 drivers
L_0000000001200a18 .functor BUFT 1, C4<1000>, C4<0>, C4<0>, C4<0>;
v00000000011d86f0_0 .net/2u *"_s78", 3 0, L_0000000001200a18;  1 drivers
v00000000011d7a70_0 .net *"_s8", 0 0, L_00000000011eb360;  1 drivers
v00000000011d88d0_0 .net *"_s80", 0 0, L_00000000011ead20;  1 drivers
v00000000011d7bb0_0 .net *"_s85", 3 0, L_00000000011eb5e0;  1 drivers
L_0000000001200a60 .functor BUFT 1, C4<1111>, C4<0>, C4<0>, C4<0>;
v00000000011d7c50_0 .net/2u *"_s86", 3 0, L_0000000001200a60;  1 drivers
v00000000011d7cf0_0 .net *"_s91", 3 0, L_00000000011ee090;  1 drivers
L_0000000001200aa8 .functor BUFT 1, C4<1111>, C4<0>, C4<0>, C4<0>;
v00000000011d9190_0 .net/2u *"_s92", 3 0, L_0000000001200aa8;  1 drivers
v00000000011d9230_0 .net *"_s97", 63 0, L_00000000011edff0;  1 drivers
v00000000011d7d90_0 .net *"_s99", 63 0, L_00000000011edaf0;  1 drivers
RS_000000000117e708 .resolv tri, L_00000000011ebae0, L_00000000011eba40;
v00000000011d7ed0_0 .net8 "icode_o", 3 0, RS_000000000117e708;  2 drivers
v00000000011d7f70_0 .net "ifun_o", 3 0, L_00000000011eb2c0;  1 drivers
v00000000011d8290_0 .net "imem_error", 0 0, L_00000000011d8f10;  1 drivers
v00000000011d8330_0 .net "instr", 79 0, L_00000000011eb180;  1 drivers
v00000000011d83d0_0 .net "instr_valid", 0 0, L_00000000011772e0;  1 drivers
v00000000011d8470_0 .net "need_regids", 0 0, L_0000000001177d60;  1 drivers
v00000000011d8830_0 .net "need_valC", 0 0, L_0000000001177eb0;  1 drivers
v00000000011d8970_0 .net "predPC_o", 63 0, L_00000000011ed230;  1 drivers
v00000000011d8b50_0 .net "rA_o", 3 0, L_00000000011ec830;  1 drivers
v00000000011d8a10_0 .net "rB_o", 3 0, L_00000000011ed370;  1 drivers
v00000000011d8c90_0 .net "stat_o", 2 0, L_00000000011ecfb0;  1 drivers
v00000000011d8d30_0 .net "valC_o", 63 0, L_00000000011ed5f0;  1 drivers
v00000000011d8dd0_0 .net "valP_o", 63 0, L_00000000011ecf10;  1 drivers
L_00000000011ebae0 .part L_00000000011eb180, 4, 4;
L_00000000011eba40 .part L_00000000011eb180, 4, 4;
L_00000000011eb2c0 .part L_00000000011eb180, 0, 4;
L_00000000011eb360 .cmp/gt 4, RS_000000000117e708, L_0000000001200670;
L_00000000011ebb80 .cmp/gt 4, L_00000000012006b8, RS_000000000117e708;
L_00000000011ebc20 .cmp/eq 4, RS_000000000117e708, L_0000000001200700;
L_00000000011eb400 .cmp/eq 4, RS_000000000117e708, L_0000000001200748;
L_00000000011ebcc0 .cmp/eq 4, RS_000000000117e708, L_0000000001200790;
L_00000000011ebd60 .cmp/eq 4, RS_000000000117e708, L_00000000012007d8;
L_00000000011eac80 .cmp/eq 4, RS_000000000117e708, L_0000000001200820;
L_00000000011eb4a0 .cmp/eq 4, RS_000000000117e708, L_0000000001200868;
L_00000000011ebfe0 .cmp/eq 4, RS_000000000117e708, L_00000000012008b0;
L_00000000011eaa00 .cmp/eq 4, RS_000000000117e708, L_00000000012008f8;
L_00000000011eaaa0 .cmp/eq 4, RS_000000000117e708, L_0000000001200940;
L_00000000011eab40 .cmp/eq 4, RS_000000000117e708, L_0000000001200988;
L_00000000011eabe0 .cmp/eq 4, RS_000000000117e708, L_00000000012009d0;
L_00000000011ead20 .cmp/eq 4, RS_000000000117e708, L_0000000001200a18;
L_00000000011eb5e0 .part L_00000000011eb180, 12, 4;
L_00000000011ec830 .functor MUXZ 4, L_0000000001200a60, L_00000000011eb5e0, L_0000000001177d60, C4<>;
L_00000000011ee090 .part L_00000000011eb180, 8, 4;
L_00000000011ed370 .functor MUXZ 4, L_0000000001200aa8, L_00000000011ee090, L_0000000001177d60, C4<>;
L_00000000011edff0 .part L_00000000011eb180, 16, 64;
L_00000000011edaf0 .part L_00000000011eb180, 8, 64;
L_00000000011ec790 .functor MUXZ 64, L_00000000011edaf0, L_00000000011edff0, L_0000000001177d60, C4<>;
L_00000000011ed5f0 .functor MUXZ 64, L_0000000001200af0, L_00000000011ec790, L_0000000001177eb0, C4<>;
L_00000000011ed7d0 .arith/sum 64, o000000000117d988, L_0000000001200b38;
L_00000000011ecab0 .concat [ 1 63 0 0], L_0000000001177eb0, L_0000000001200b80;
L_00000000011ed050 .arith/mult 64, L_00000000011ecab0, L_0000000001200bc8;
L_00000000011edc30 .arith/sum 64, L_00000000011ed7d0, L_00000000011ed050;
L_00000000011edb90 .concat [ 1 63 0 0], L_0000000001177d60, L_0000000001200c10;
L_00000000011ecf10 .arith/sum 64, L_00000000011edc30, L_00000000011edb90;
L_00000000011ed0f0 .cmp/eq 4, RS_000000000117e708, L_0000000001200ce8;
L_00000000011ee130 .functor MUXZ 4, L_0000000001200d78, L_0000000001200d30, L_00000000011ed0f0, C4<>;
L_00000000011ec5b0 .functor MUXZ 4, L_00000000011ee130, L_0000000001200ca0, L_00000000011772e0, C4<>;
L_00000000011ec8d0 .functor MUXZ 4, L_00000000011ec5b0, L_0000000001200c58, L_00000000011d8f10, C4<>;
L_00000000011ecfb0 .part L_00000000011ec8d0, 0, 3;
L_00000000011ed690 .cmp/eq 4, RS_000000000117e708, L_0000000001200dc0;
L_00000000011ed190 .cmp/eq 4, RS_000000000117e708, L_0000000001200e08;
L_00000000011ed230 .functor MUXZ 64, L_00000000011ecf10, L_00000000011ed5f0, L_0000000001177510, C4<>;
S_0000000001152a90 .scope module, "instr_mem" "instruction_memory" 2 19, 3 1 0, S_0000000001152900;
 .timescale 0 0;
    .port_info 0 /INPUT 64 "raddr_i";
    .port_info 1 /OUTPUT 80 "rdata_o";
    .port_info 2 /OUTPUT 1 "imem_error_o";
L_0000000001200088 .functor BUFT 1, C4<0000000000000000000000000000000000000000000000000000001111111111>, C4<0>, C4<0>, C4<0>;
v0000000001178120_0 .net/2u *"_s0", 63 0, L_0000000001200088;  1 drivers
v0000000001178d00_0 .net *"_s10", 64 0, L_00000000011ec080;  1 drivers
v0000000001179ac0_0 .net *"_s100", 79 0, L_00000000011eb720;  1 drivers
L_0000000001200628 .functor BUFT 1, C4<00000000000000000000000000000000000000000000000000000000000000000000000000000000>, C4<0>, C4<0>, C4<0>;
v0000000001178260_0 .net/2u *"_s102", 79 0, L_0000000001200628;  1 drivers
L_0000000001200118 .functor BUFT 1, C4<0>, C4<0>, C4<0>, C4<0>;
v00000000011781c0_0 .net *"_s13", 0 0, L_0000000001200118;  1 drivers
L_0000000001200160 .functor BUFT 1, C4<00000000000000000000000000000000000000000000000000000000000001001>, C4<0>, C4<0>, C4<0>;
v0000000001178760_0 .net/2u *"_s14", 64 0, L_0000000001200160;  1 drivers
v0000000001178300_0 .net *"_s16", 64 0, L_00000000011eb7c0;  1 drivers
v00000000011783a0_0 .net *"_s18", 7 0, L_00000000011eb0e0;  1 drivers
v0000000001178440_0 .net *"_s20", 64 0, L_00000000011eafa0;  1 drivers
L_00000000012001a8 .functor BUFT 1, C4<0>, C4<0>, C4<0>, C4<0>;
v0000000001178ee0_0 .net *"_s23", 0 0, L_00000000012001a8;  1 drivers
L_00000000012001f0 .functor BUFT 1, C4<00000000000000000000000000000000000000000000000000000000000001000>, C4<0>, C4<0>, C4<0>;
v0000000001179de0_0 .net/2u *"_s24", 64 0, L_00000000012001f0;  1 drivers
v0000000001179660_0 .net *"_s26", 64 0, L_00000000011eb860;  1 drivers
v0000000001179340_0 .net *"_s28", 7 0, L_00000000011ec120;  1 drivers
v00000000011784e0_0 .net *"_s30", 64 0, L_00000000011eb040;  1 drivers
L_0000000001200238 .functor BUFT 1, C4<0>, C4<0>, C4<0>, C4<0>;
v0000000001178580_0 .net *"_s33", 0 0, L_0000000001200238;  1 drivers
L_0000000001200280 .functor BUFT 1, C4<00000000000000000000000000000000000000000000000000000000000000111>, C4<0>, C4<0>, C4<0>;
v0000000001179700_0 .net/2u *"_s34", 64 0, L_0000000001200280;  1 drivers
v00000000011786c0_0 .net *"_s36", 64 0, L_00000000011ebe00;  1 drivers
v00000000011797a0_0 .net *"_s38", 7 0, L_00000000011ec1c0;  1 drivers
L_00000000012000d0 .functor BUFT 1, C4<0000000000000000000000000000000000000000000000000000001111111000>, C4<0>, C4<0>, C4<0>;
v0000000001178800_0 .net/2u *"_s4", 63 0, L_00000000012000d0;  1 drivers
v0000000001179160_0 .net *"_s40", 64 0, L_00000000011ec260;  1 drivers
L_00000000012002c8 .functor BUFT 1, C4<0>, C4<0>, C4<0>, C4<0>;
v00000000011788a0_0 .net *"_s43", 0 0, L_00000000012002c8;  1 drivers
L_0000000001200310 .functor BUFT 1, C4<00000000000000000000000000000000000000000000000000000000000000110>, C4<0>, C4<0>, C4<0>;
v0000000001179a20_0 .net/2u *"_s44", 64 0, L_0000000001200310;  1 drivers
v0000000001179020_0 .net *"_s46", 64 0, L_00000000011ea6e0;  1 drivers
v0000000001179c00_0 .net *"_s48", 7 0, L_00000000011ec3a0;  1 drivers
v00000000011789e0_0 .net *"_s50", 64 0, L_00000000011ea5a0;  1 drivers
L_0000000001200358 .functor BUFT 1, C4<0>, C4<0>, C4<0>, C4<0>;
v0000000001178940_0 .net *"_s53", 0 0, L_0000000001200358;  1 drivers
L_00000000012003a0 .functor BUFT 1, C4<00000000000000000000000000000000000000000000000000000000000000101>, C4<0>, C4<0>, C4<0>;
v0000000001178a80_0 .net/2u *"_s54", 64 0, L_00000000012003a0;  1 drivers
v0000000001178e40_0 .net *"_s56", 64 0, L_00000000011ea780;  1 drivers
v0000000001178bc0_0 .net *"_s58", 7 0, L_00000000011eae60;  1 drivers
v0000000001178f80_0 .net *"_s6", 0 0, L_00000000011eaf00;  1 drivers
v00000000011790c0_0 .net *"_s60", 64 0, L_00000000011ebf40;  1 drivers
L_00000000012003e8 .functor BUFT 1, C4<0>, C4<0>, C4<0>, C4<0>;
v0000000001179ca0_0 .net *"_s63", 0 0, L_00000000012003e8;  1 drivers
L_0000000001200430 .functor BUFT 1, C4<00000000000000000000000000000000000000000000000000000000000000100>, C4<0>, C4<0>, C4<0>;
v0000000001179200_0 .net/2u *"_s64", 64 0, L_0000000001200430;  1 drivers
v0000000001179840_0 .net *"_s66", 64 0, L_00000000011ea500;  1 drivers
v0000000001179480_0 .net *"_s68", 7 0, L_00000000011ec300;  1 drivers
v00000000011798e0_0 .net *"_s70", 64 0, L_00000000011eadc0;  1 drivers
L_0000000001200478 .functor BUFT 1, C4<0>, C4<0>, C4<0>, C4<0>;
v0000000001179d40_0 .net *"_s73", 0 0, L_0000000001200478;  1 drivers
L_00000000012004c0 .functor BUFT 1, C4<00000000000000000000000000000000000000000000000000000000000000011>, C4<0>, C4<0>, C4<0>;
v00000000011d67d0_0 .net/2u *"_s74", 64 0, L_00000000012004c0;  1 drivers
v00000000011d5c90_0 .net *"_s76", 64 0, L_00000000011eb220;  1 drivers
v00000000011d5a10_0 .net *"_s78", 7 0, L_00000000011eb680;  1 drivers
v00000000011d53d0_0 .net *"_s8", 7 0, L_00000000011eb900;  1 drivers
v00000000011d6730_0 .net *"_s80", 64 0, L_00000000011ebea0;  1 drivers
L_0000000001200508 .functor BUFT 1, C4<0>, C4<0>, C4<0>, C4<0>;
v00000000011d5d30_0 .net *"_s83", 0 0, L_0000000001200508;  1 drivers
L_0000000001200550 .functor BUFT 1, C4<00000000000000000000000000000000000000000000000000000000000000010>, C4<0>, C4<0>, C4<0>;
v00000000011d6050_0 .net/2u *"_s84", 64 0, L_0000000001200550;  1 drivers
v00000000011d5470_0 .net *"_s86", 64 0, L_00000000011eb9a0;  1 drivers
v00000000011d5e70_0 .net *"_s88", 7 0, L_00000000011ea820;  1 drivers
v00000000011d5bf0_0 .net *"_s90", 64 0, L_00000000011ea960;  1 drivers
L_0000000001200598 .functor BUFT 1, C4<0>, C4<0>, C4<0>, C4<0>;
v00000000011d5dd0_0 .net *"_s93", 0 0, L_0000000001200598;  1 drivers
L_00000000012005e0 .functor BUFT 1, C4<00000000000000000000000000000000000000000000000000000000000000001>, C4<0>, C4<0>, C4<0>;
v00000000011d5f10_0 .net/2u *"_s94", 64 0, L_00000000012005e0;  1 drivers
v00000000011d6870_0 .net *"_s96", 64 0, L_00000000011ea640;  1 drivers
v00000000011d5fb0_0 .net *"_s98", 7 0, L_00000000011ea8c0;  1 drivers
v00000000011d6cd0_0 .net "imem_error_o", 0 0, L_00000000011d8f10;  alias, 1 drivers
v00000000011d65f0 .array "instr_mem", 0 1024, 7 0;
v00000000011d5ab0_0 .net "raddr_i", 63 0, o000000000117d988;  alias, 0 drivers
v00000000011d56f0_0 .net "rdata_o", 79 0, L_00000000011eb180;  alias, 1 drivers
L_00000000011d8f10 .cmp/gt 64, o000000000117d988, L_0000000001200088;
L_00000000011eaf00 .cmp/ge 64, L_00000000012000d0, o000000000117d988;
L_00000000011eb900 .array/port v00000000011d65f0, L_00000000011eb7c0;
L_00000000011ec080 .concat [ 64 1 0 0], o000000000117d988, L_0000000001200118;
L_00000000011eb7c0 .arith/sum 65, L_00000000011ec080, L_0000000001200160;
L_00000000011eb0e0 .array/port v00000000011d65f0, L_00000000011eb860;
L_00000000011eafa0 .concat [ 64 1 0 0], o000000000117d988, L_00000000012001a8;
L_00000000011eb860 .arith/sum 65, L_00000000011eafa0, L_00000000012001f0;
L_00000000011ec120 .array/port v00000000011d65f0, L_00000000011ebe00;
L_00000000011eb040 .concat [ 64 1 0 0], o000000000117d988, L_0000000001200238;
L_00000000011ebe00 .arith/sum 65, L_00000000011eb040, L_0000000001200280;
L_00000000011ec1c0 .array/port v00000000011d65f0, L_00000000011ea6e0;
L_00000000011ec260 .concat [ 64 1 0 0], o000000000117d988, L_00000000012002c8;
L_00000000011ea6e0 .arith/sum 65, L_00000000011ec260, L_0000000001200310;
L_00000000011ec3a0 .array/port v00000000011d65f0, L_00000000011ea780;
L_00000000011ea5a0 .concat [ 64 1 0 0], o000000000117d988, L_0000000001200358;
L_00000000011ea780 .arith/sum 65, L_00000000011ea5a0, L_00000000012003a0;
L_00000000011eae60 .array/port v00000000011d65f0, L_00000000011ea500;
L_00000000011ebf40 .concat [ 64 1 0 0], o000000000117d988, L_00000000012003e8;
L_00000000011ea500 .arith/sum 65, L_00000000011ebf40, L_0000000001200430;
L_00000000011ec300 .array/port v00000000011d65f0, L_00000000011eb220;
L_00000000011eadc0 .concat [ 64 1 0 0], o000000000117d988, L_0000000001200478;
L_00000000011eb220 .arith/sum 65, L_00000000011eadc0, L_00000000012004c0;
L_00000000011eb680 .array/port v00000000011d65f0, L_00000000011eb9a0;
L_00000000011ebea0 .concat [ 64 1 0 0], o000000000117d988, L_0000000001200508;
L_00000000011eb9a0 .arith/sum 65, L_00000000011ebea0, L_0000000001200550;
L_00000000011ea820 .array/port v00000000011d65f0, L_00000000011ea640;
L_00000000011ea960 .concat [ 64 1 0 0], o000000000117d988, L_0000000001200598;
L_00000000011ea640 .arith/sum 65, L_00000000011ea960, L_00000000012005e0;
L_00000000011ea8c0 .array/port v00000000011d65f0, o000000000117d988;
LS_00000000011eb720_0_0 .concat [ 8 8 8 8], L_00000000011ea8c0, L_00000000011ea820, L_00000000011eb680, L_00000000011ec300;
LS_00000000011eb720_0_4 .concat [ 8 8 8 8], L_00000000011eae60, L_00000000011ec3a0, L_00000000011ec1c0, L_00000000011ec120;
LS_00000000011eb720_0_8 .concat [ 8 8 0 0], L_00000000011eb0e0, L_00000000011eb900;
L_00000000011eb720 .concat [ 32 32 16 0], LS_00000000011eb720_0_0, LS_00000000011eb720_0_4, LS_00000000011eb720_0_8;
L_00000000011eb180 .functor MUXZ 80, L_0000000001200628, L_00000000011eb720, L_00000000011eaf00, C4<>;
    .scope S_0000000001152a90;
T_0 ;
    %pushi/vec4 48, 0, 8;
    %ix/load 4, 0, 0;
    %flag_set/imm 4, 0;
    %store/vec4a v00000000011d65f0, 4, 0;
    %pushi/vec4 241, 0, 8;
    %ix/load 4, 1, 0;
    %flag_set/imm 4, 0;
    %store/vec4a v00000000011d65f0, 4, 0;
    %pushi/vec4 240, 0, 8;
    %ix/load 4, 2, 0;
    %flag_set/imm 4, 0;
    %store/vec4a v00000000011d65f0, 4, 0;
    %pushi/vec4 222, 0, 8;
    %ix/load 4, 3, 0;
    %flag_set/imm 4, 0;
    %store/vec4a v00000000011d65f0, 4, 0;
    %pushi/vec4 188, 0, 8;
    %ix/load 4, 4, 0;
    %flag_set/imm 4, 0;
    %store/vec4a v00000000011d65f0, 4, 0;
    %pushi/vec4 154, 0, 8;
    %ix/load 4, 5, 0;
    %flag_set/imm 4, 0;
    %store/vec4a v00000000011d65f0, 4, 0;
    %pushi/vec4 120, 0, 8;
    %ix/load 4, 6, 0;
    %flag_set/imm 4, 0;
    %store/vec4a v00000000011d65f0, 4, 0;
    %pushi/vec4 86, 0, 8;
    %ix/load 4, 7, 0;
    %flag_set/imm 4, 0;
    %store/vec4a v00000000011d65f0, 4, 0;
    %pushi/vec4 52, 0, 8;
    %ix/load 4, 8, 0;
    %flag_set/imm 4, 0;
    %store/vec4a v00000000011d65f0, 4, 0;
    %pushi/vec4 18, 0, 8;
    %ix/load 4, 9, 0;
    %flag_set/imm 4, 0;
    %store/vec4a v00000000011d65f0, 4, 0;
    %pushi/vec4 64, 0, 8;
    %ix/load 4, 10, 0;
    %flag_set/imm 4, 0;
    %store/vec4a v00000000011d65f0, 4, 0;
    %pushi/vec4 18, 0, 8;
    %ix/load 4, 11, 0;
    %flag_set/imm 4, 0;
    %store/vec4a v00000000011d65f0, 4, 0;
    %pushi/vec4 16, 0, 8;
    %ix/load 4, 12, 0;
    %flag_set/imm 4, 0;
    %store/vec4a v00000000011d65f0, 4, 0;
    %pushi/vec4 0, 0, 8;
    %ix/load 4, 13, 0;
    %flag_set/imm 4, 0;
    %store/vec4a v00000000011d65f0, 4, 0;
    %pushi/vec4 0, 0, 8;
    %ix/load 4, 14, 0;
    %flag_set/imm 4, 0;
    %store/vec4a v00000000011d65f0, 4, 0;
    %pushi/vec4 0, 0, 8;
    %ix/load 4, 15, 0;
    %flag_set/imm 4, 0;
    %store/vec4a v00000000011d65f0, 4, 0;
    %pushi/vec4 0, 0, 8;
    %ix/load 4, 16, 0;
    %flag_set/imm 4, 0;
    %store/vec4a v00000000011d65f0, 4, 0;
    %pushi/vec4 0, 0, 8;
    %ix/load 4, 17, 0;
    %flag_set/imm 4, 0;
    %store/vec4a v00000000011d65f0, 4, 0;
    %pushi/vec4 0, 0, 8;
    %ix/load 4, 18, 0;
    %flag_set/imm 4, 0;
    %store/vec4a v00000000011d65f0, 4, 0;
    %pushi/vec4 0, 0, 8;
    %ix/load 4, 19, 0;
    %flag_set/imm 4, 0;
    %store/vec4a v00000000011d65f0, 4, 0;
    %pushi/vec4 80, 0, 8;
    %ix/load 4, 20, 0;
    %flag_set/imm 4, 0;
    %store/vec4a v00000000011d65f0, 4, 0;
    %pushi/vec4 37, 0, 8;
    %ix/load 4, 21, 0;
    %flag_set/imm 4, 0;
    %store/vec4a v00000000011d65f0, 4, 0;
    %pushi/vec4 32, 0, 8;
    %ix/load 4, 22, 0;
    %flag_set/imm 4, 0;
    %store/vec4a v00000000011d65f0, 4, 0;
    %pushi/vec4 0, 0, 8;
    %ix/load 4, 23, 0;
    %flag_set/imm 4, 0;
    %store/vec4a v00000000011d65f0, 4, 0;
    %pushi/vec4 0, 0, 8;
    %ix/load 4, 24, 0;
    %flag_set/imm 4, 0;
    %store/vec4a v00000000011d65f0, 4, 0;
    %pushi/vec4 0, 0, 8;
    %ix/load 4, 25, 0;
    %flag_set/imm 4, 0;
    %store/vec4a v00000000011d65f0, 4, 0;
    %pushi/vec4 0, 0, 8;
    %ix/load 4, 26, 0;
    %flag_set/imm 4, 0;
    %store/vec4a v00000000011d65f0, 4, 0;
    %pushi/vec4 0, 0, 8;
    %ix/load 4, 27, 0;
    %flag_set/imm 4, 0;
    %store/vec4a v00000000011d65f0, 4, 0;
    %pushi/vec4 0, 0, 8;
    %ix/load 4, 28, 0;
    %flag_set/imm 4, 0;
    %store/vec4a v00000000011d65f0, 4, 0;
    %pushi/vec4 0, 0, 8;
    %ix/load 4, 29, 0;
    %flag_set/imm 4, 0;
    %store/vec4a v00000000011d65f0, 4, 0;
    %pushi/vec4 96, 0, 8;
    %ix/load 4, 30, 0;
    %flag_set/imm 4, 0;
    %store/vec4a v00000000011d65f0, 4, 0;
    %pushi/vec4 53, 0, 8;
    %ix/load 4, 31, 0;
    %flag_set/imm 4, 0;
    %store/vec4a v00000000011d65f0, 4, 0;
    %pushi/vec4 160, 0, 8;
    %ix/load 4, 32, 0;
    %flag_set/imm 4, 0;
    %store/vec4a v00000000011d65f0, 4, 0;
    %pushi/vec4 143, 0, 8;
    %ix/load 4, 33, 0;
    %flag_set/imm 4, 0;
    %store/vec4a v00000000011d65f0, 4, 0;
    %pushi/vec4 176, 0, 8;
    %ix/load 4, 34, 0;
    %flag_set/imm 4, 0;
    %store/vec4a v00000000011d65f0, 4, 0;
    %pushi/vec4 159, 0, 8;
    %ix/load 4, 35, 0;
    %flag_set/imm 4, 0;
    %store/vec4a v00000000011d65f0, 4, 0;
    %pushi/vec4 96, 0, 8;
    %ix/load 4, 36, 0;
    %flag_set/imm 4, 0;
    %store/vec4a v00000000011d65f0, 4, 0;
    %pushi/vec4 53, 0, 8;
    %ix/load 4, 37, 0;
    %flag_set/imm 4, 0;
    %store/vec4a v00000000011d65f0, 4, 0;
    %pushi/vec4 112, 0, 8;
    %ix/load 4, 38, 0;
    %flag_set/imm 4, 0;
    %store/vec4a v00000000011d65f0, 4, 0;
    %pushi/vec4 48, 0, 8;
    %ix/load 4, 39, 0;
    %flag_set/imm 4, 0;
    %store/vec4a v00000000011d65f0, 4, 0;
    %pushi/vec4 0, 0, 8;
    %ix/load 4, 40, 0;
    %flag_set/imm 4, 0;
    %store/vec4a v00000000011d65f0, 4, 0;
    %pushi/vec4 0, 0, 8;
    %ix/load 4, 41, 0;
    %flag_set/imm 4, 0;
    %store/vec4a v00000000011d65f0, 4, 0;
    %pushi/vec4 0, 0, 8;
    %ix/load 4, 42, 0;
    %flag_set/imm 4, 0;
    %store/vec4a v00000000011d65f0, 4, 0;
    %pushi/vec4 0, 0, 8;
    %ix/load 4, 43, 0;
    %flag_set/imm 4, 0;
    %store/vec4a v00000000011d65f0, 4, 0;
    %pushi/vec4 0, 0, 8;
    %ix/load 4, 44, 0;
    %flag_set/imm 4, 0;
    %store/vec4a v00000000011d65f0, 4, 0;
    %pushi/vec4 0, 0, 8;
    %ix/load 4, 45, 0;
    %flag_set/imm 4, 0;
    %store/vec4a v00000000011d65f0, 4, 0;
    %pushi/vec4 0, 0, 8;
    %ix/load 4, 46, 0;
    %flag_set/imm 4, 0;
    %store/vec4a v00000000011d65f0, 4, 0;
    %pushi/vec4 113, 0, 8;
    %ix/load 4, 48, 0;
    %flag_set/imm 4, 0;
    %store/vec4a v00000000011d65f0, 4, 0;
    %pushi/vec4 58, 0, 8;
    %ix/load 4, 49, 0;
    %flag_set/imm 4, 0;
    %store/vec4a v00000000011d65f0, 4, 0;
    %pushi/vec4 0, 0, 8;
    %ix/load 4, 50, 0;
    %flag_set/imm 4, 0;
    %store/vec4a v00000000011d65f0, 4, 0;
    %pushi/vec4 0, 0, 8;
    %ix/load 4, 51, 0;
    %flag_set/imm 4, 0;
    %store/vec4a v00000000011d65f0, 4, 0;
    %pushi/vec4 0, 0, 8;
    %ix/load 4, 52, 0;
    %flag_set/imm 4, 0;
    %store/vec4a v00000000011d65f0, 4, 0;
    %pushi/vec4 0, 0, 8;
    %ix/load 4, 53, 0;
    %flag_set/imm 4, 0;
    %store/vec4a v00000000011d65f0, 4, 0;
    %pushi/vec4 0, 0, 8;
    %ix/load 4, 54, 0;
    %flag_set/imm 4, 0;
    %store/vec4a v00000000011d65f0, 4, 0;
    %pushi/vec4 0, 0, 8;
    %ix/load 4, 55, 0;
    %flag_set/imm 4, 0;
    %store/vec4a v00000000011d65f0, 4, 0;
    %pushi/vec4 0, 0, 8;
    %ix/load 4, 56, 0;
    %flag_set/imm 4, 0;
    %store/vec4a v00000000011d65f0, 4, 0;
    %pushi/vec4 114, 0, 8;
    %ix/load 4, 57, 0;
    %flag_set/imm 4, 0;
    %store/vec4a v00000000011d65f0, 4, 0;
    %pushi/vec4 67, 0, 8;
    %ix/load 4, 58, 0;
    %flag_set/imm 4, 0;
    %store/vec4a v00000000011d65f0, 4, 0;
    %pushi/vec4 0, 0, 8;
    %ix/load 4, 59, 0;
    %flag_set/imm 4, 0;
    %store/vec4a v00000000011d65f0, 4, 0;
    %pushi/vec4 0, 0, 8;
    %ix/load 4, 60, 0;
    %flag_set/imm 4, 0;
    %store/vec4a v00000000011d65f0, 4, 0;
    %pushi/vec4 0, 0, 8;
    %ix/load 4, 61, 0;
    %flag_set/imm 4, 0;
    %store/vec4a v00000000011d65f0, 4, 0;
    %pushi/vec4 0, 0, 8;
    %ix/load 4, 62, 0;
    %flag_set/imm 4, 0;
    %store/vec4a v00000000011d65f0, 4, 0;
    %pushi/vec4 0, 0, 8;
    %ix/load 4, 63, 0;
    %flag_set/imm 4, 0;
    %store/vec4a v00000000011d65f0, 4, 0;
    %pushi/vec4 0, 0, 8;
    %ix/load 4, 64, 0;
    %flag_set/imm 4, 0;
    %store/vec4a v00000000011d65f0, 4, 0;
    %pushi/vec4 0, 0, 8;
    %ix/load 4, 65, 0;
    %flag_set/imm 4, 0;
    %store/vec4a v00000000011d65f0, 4, 0;
    %pushi/vec4 128, 0, 8;
    %ix/load 4, 67, 0;
    %flag_set/imm 4, 0;
    %store/vec4a v00000000011d65f0, 4, 0;
    %pushi/vec4 0, 0, 8;
    %ix/load 4, 68, 0;
    %flag_set/imm 4, 0;
    %store/vec4a v00000000011d65f0, 4, 0;
    %pushi/vec4 1, 0, 8;
    %ix/load 4, 69, 0;
    %flag_set/imm 4, 0;
    %store/vec4a v00000000011d65f0, 4, 0;
    %pushi/vec4 0, 0, 8;
    %ix/load 4, 70, 0;
    %flag_set/imm 4, 0;
    %store/vec4a v00000000011d65f0, 4, 0;
    %pushi/vec4 0, 0, 8;
    %ix/load 4, 71, 0;
    %flag_set/imm 4, 0;
    %store/vec4a v00000000011d65f0, 4, 0;
    %pushi/vec4 0, 0, 8;
    %ix/load 4, 72, 0;
    %flag_set/imm 4, 0;
    %store/vec4a v00000000011d65f0, 4, 0;
    %pushi/vec4 0, 0, 8;
    %ix/load 4, 73, 0;
    %flag_set/imm 4, 0;
    %store/vec4a v00000000011d65f0, 4, 0;
    %pushi/vec4 0, 0, 8;
    %ix/load 4, 74, 0;
    %flag_set/imm 4, 0;
    %store/vec4a v00000000011d65f0, 4, 0;
    %pushi/vec4 0, 0, 8;
    %ix/load 4, 75, 0;
    %flag_set/imm 4, 0;
    %store/vec4a v00000000011d65f0, 4, 0;
    %pushi/vec4 144, 0, 8;
    %ix/load 4, 256, 0;
    %flag_set/imm 4, 0;
    %store/vec4a v00000000011d65f0, 4, 0;
    %end;
    .thread T_0;
# The file index is used to find the file name in the following table.
:file_names 4;
    "N/A";
    "<interactive>";
    "fetch.v";
    "./instruction_memory.v";
