#! /usr/local/iverilog/bin/vvp
:ivl_version "11.0 (devel)" "(s20150603-642-g3bdb50da)";
:ivl_delay_selection "TYPICAL";
:vpi_time_precision + 0;
:vpi_module "system";
:vpi_module "vhdl_sys";
:vpi_module "vhdl_textio";
:vpi_module "v2005_math";
:vpi_module "va_math";
S_0000000001092cf0 .scope module, "memory_access_W_pipe_reg" "memory_access_W_pipe_reg" 2 3;
 .timescale 0 0;
    .port_info 0 /INPUT 1 "clk_i";
    .port_info 1 /INPUT 1 "W_stall_i";
    .port_info 2 /INPUT 1 "W_bubble_i";
    .port_info 3 /INPUT 3 "m_stat_i";
    .port_info 4 /INPUT 64 "m_pc_i";
    .port_info 5 /INPUT 4 "m_icode_i";
    .port_info 6 /INPUT 64 "M_valE_i";
    .port_info 7 /INPUT 64 "m_valM_i";
    .port_info 8 /INPUT 4 "M_dstE_i";
    .port_info 9 /INPUT 4 "M_dstM_i";
    .port_info 10 /OUTPUT 3 "W_stat_o";
    .port_info 11 /OUTPUT 64 "W_pc_o";
    .port_info 12 /OUTPUT 4 "W_icode_o";
    .port_info 13 /OUTPUT 64 "W_valE_o";
    .port_info 14 /OUTPUT 64 "W_valM_o";
    .port_info 15 /OUTPUT 4 "W_dstE_o";
    .port_info 16 /OUTPUT 4 "W_dstM_o";
o00000000010cafd8 .functor BUFZ 4, C4<zzzz>; HiZ drive
v0000000001092e80_0 .net "M_dstE_i", 3 0, o00000000010cafd8;  0 drivers
o00000000010cb008 .functor BUFZ 4, C4<zzzz>; HiZ drive
v0000000001092f20_0 .net "M_dstM_i", 3 0, o00000000010cb008;  0 drivers
o00000000010cb038 .functor BUFZ 64, C4<zzzzzzzzzzzzzzzzzzzzzzzzzzzzzzzzzzzzzzzzzzzzzzzzzzzzzzzzzzzzzzzz>; HiZ drive
v000000000110d840_0 .net "M_valE_i", 63 0, o00000000010cb038;  0 drivers
o00000000010cb068 .functor BUFZ 1, C4<z>; HiZ drive
v00000000010c3f30_0 .net "W_bubble_i", 0 0, o00000000010cb068;  0 drivers
v00000000010c3fd0_0 .var "W_dstE_o", 3 0;
v000000000110d8e0_0 .var "W_dstM_o", 3 0;
v000000000110dd90_0 .var "W_icode_o", 3 0;
v000000000110de30_0 .var "W_pc_o", 63 0;
o00000000010cb158 .functor BUFZ 1, C4<z>; HiZ drive
v000000000110ded0_0 .net "W_stall_i", 0 0, o00000000010cb158;  0 drivers
v000000000110e000_0 .var "W_stat_o", 2 0;
v000000000110e0a0_0 .var "W_valE_o", 63 0;
v000000000110e140_0 .var "W_valM_o", 63 0;
o00000000010cb218 .functor BUFZ 1, C4<z>; HiZ drive
v000000000110e1e0_0 .net "clk_i", 0 0, o00000000010cb218;  0 drivers
o00000000010cb248 .functor BUFZ 4, C4<zzzz>; HiZ drive
v000000000110e280_0 .net "m_icode_i", 3 0, o00000000010cb248;  0 drivers
o00000000010cb278 .functor BUFZ 64, C4<zzzzzzzzzzzzzzzzzzzzzzzzzzzzzzzzzzzzzzzzzzzzzzzzzzzzzzzzzzzzzzzz>; HiZ drive
v000000000110e320_0 .net "m_pc_i", 63 0, o00000000010cb278;  0 drivers
o00000000010cb2a8 .functor BUFZ 3, C4<zzz>; HiZ drive
v000000000110e3c0_0 .net "m_stat_i", 2 0, o00000000010cb2a8;  0 drivers
o00000000010cb2d8 .functor BUFZ 64, C4<zzzzzzzzzzzzzzzzzzzzzzzzzzzzzzzzzzzzzzzzzzzzzzzzzzzzzzzzzzzzzzzz>; HiZ drive
v00000000010c3a90_0 .net "m_valM_i", 63 0, o00000000010cb2d8;  0 drivers
E_00000000010c9050 .event posedge, v000000000110e1e0_0;
    .scope S_0000000001092cf0;
T_0 ;
    %wait E_00000000010c9050;
    %load/vec4 v000000000110ded0_0;
    %flag_set/vec4 8;
    %jmp/0xz  T_0.0, 8;
    %load/vec4 v000000000110e000_0;
    %assign/vec4 v000000000110e000_0, 0;
    %load/vec4 v000000000110de30_0;
    %assign/vec4 v000000000110de30_0, 0;
    %load/vec4 v000000000110dd90_0;
    %assign/vec4 v000000000110dd90_0, 0;
    %load/vec4 v000000000110e0a0_0;
    %assign/vec4 v000000000110e0a0_0, 0;
    %load/vec4 v000000000110e140_0;
    %assign/vec4 v000000000110e140_0, 0;
    %load/vec4 v00000000010c3fd0_0;
    %assign/vec4 v00000000010c3fd0_0, 0;
    %load/vec4 v000000000110d8e0_0;
    %assign/vec4 v000000000110d8e0_0, 0;
    %jmp T_0.1;
T_0.0 ;
    %load/vec4 v00000000010c3f30_0;
    %flag_set/vec4 8;
    %jmp/0xz  T_0.2, 8;
    %pushi/vec4 0, 0, 3;
    %assign/vec4 v000000000110e000_0, 0;
    %pushi/vec4 0, 0, 64;
    %assign/vec4 v000000000110de30_0, 0;
    %pushi/vec4 1, 0, 4;
    %assign/vec4 v000000000110dd90_0, 0;
    %pushi/vec4 0, 0, 64;
    %assign/vec4 v000000000110e0a0_0, 0;
    %pushi/vec4 0, 0, 64;
    %assign/vec4 v000000000110e140_0, 0;
    %pushi/vec4 0, 0, 4;
    %assign/vec4 v00000000010c3fd0_0, 0;
    %pushi/vec4 0, 0, 4;
    %assign/vec4 v000000000110d8e0_0, 0;
    %jmp T_0.3;
T_0.2 ;
    %load/vec4 v000000000110e3c0_0;
    %assign/vec4 v000000000110e000_0, 0;
    %load/vec4 v000000000110e320_0;
    %assign/vec4 v000000000110de30_0, 0;
    %load/vec4 v000000000110e280_0;
    %assign/vec4 v000000000110dd90_0, 0;
    %load/vec4 v000000000110d840_0;
    %assign/vec4 v000000000110e0a0_0, 0;
    %load/vec4 v00000000010c3a90_0;
    %assign/vec4 v000000000110e140_0, 0;
    %load/vec4 v0000000001092e80_0;
    %assign/vec4 v00000000010c3fd0_0, 0;
    %load/vec4 v0000000001092f20_0;
    %assign/vec4 v000000000110d8e0_0, 0;
T_0.3 ;
T_0.1 ;
    %jmp T_0;
    .thread T_0;
# The file index is used to find the file name in the following table.
:file_names 3;
    "N/A";
    "<interactive>";
    "memory_access_W_pipe_reg.v";
