#! /usr/local/iverilog/bin/vvp
:ivl_version "11.0 (devel)" "(s20150603-642-g3bdb50da)";
:ivl_delay_selection "TYPICAL";
:vpi_time_precision + 0;
:vpi_module "system";
:vpi_module "vhdl_sys";
:vpi_module "vhdl_textio";
:vpi_module "v2005_math";
:vpi_module "va_math";
S_000000000101e280 .scope module, "memory_access" "memory_access" 2 4;
 .timescale 0 0;
    .port_info 0 /INPUT 1 "clk_i";
    .port_info 1 /INPUT 4 "M_icode_i";
    .port_info 2 /INPUT 64 "M_valE_i";
    .port_info 3 /INPUT 64 "M_valA_i";
    .port_info 4 /INPUT 3 "M_stat_i";
    .port_info 5 /OUTPUT 64 "m_valM_o";
    .port_info 6 /OUTPUT 3 "m_stat_o";
o0000000001030438 .functor BUFZ 4, C4<zzzz>; HiZ drive
v0000000001084750_0 .net "M_icode_i", 3 0, o0000000001030438;  0 drivers
o0000000001030468 .functor BUFZ 3, C4<zzz>; HiZ drive
v0000000001085790_0 .net "M_stat_i", 2 0, o0000000001030468;  0 drivers
o00000000010302b8 .functor BUFZ 64, C4<zzzzzzzzzzzzzzzzzzzzzzzzzzzzzzzzzzzzzzzzzzzzzzzzzzzzzzzzzzzzzzzz>; HiZ drive
v0000000001085e70_0 .net "M_valA_i", 63 0, o00000000010302b8;  0 drivers
o0000000001030498 .functor BUFZ 64, C4<zzzzzzzzzzzzzzzzzzzzzzzzzzzzzzzzzzzzzzzzzzzzzzzzzzzzzzzzzzzzzzzz>; HiZ drive
v00000000010847f0_0 .net "M_valE_i", 63 0, o0000000001030498;  0 drivers
L_0000000001085f98 .functor BUFT 1, C4<0001>, C4<0>, C4<0>, C4<0>;
v00000000010856f0_0 .net/2u *"_s0", 3 0, L_0000000001085f98;  1 drivers
v0000000001084e30_0 .net *"_s2", 3 0, L_00000000010855b0;  1 drivers
L_0000000001085fe0 .functor BUFT 1, C4<0>, C4<0>, C4<0>, C4<0>;
v0000000001084a70_0 .net *"_s5", 0 0, L_0000000001085fe0;  1 drivers
v0000000001083fd0_0 .net *"_s6", 3 0, L_0000000001084d90;  1 drivers
o0000000001030198 .functor BUFZ 1, C4<z>; HiZ drive
v0000000001085bf0_0 .net "clk_i", 0 0, o0000000001030198;  0 drivers
v0000000001084c50_0 .net "dmem_error", 0 0, L_0000000001084ed0;  1 drivers
v00000000010842f0_0 .net "m_stat_o", 2 0, L_0000000001085c90;  1 drivers
v0000000001084b10_0 .net "m_valM_o", 63 0, L_0000000001190680;  1 drivers
v0000000001084890_0 .var "mem_addr", 63 0;
v0000000001085830_0 .var "r_en", 0 0;
v0000000001084cf0_0 .var "w_en", 0 0;
E_000000000102e050 .event edge, v0000000001084750_0, v00000000010847f0_0;
L_00000000010855b0 .concat [ 3 1 0 0], o0000000001030468, L_0000000001085fe0;
L_0000000001084d90 .functor MUXZ 4, L_00000000010855b0, L_0000000001085f98, L_0000000001084ed0, C4<>;
L_0000000001085c90 .part L_0000000001084d90, 0, 3;
S_000000000101e410 .scope module, "memory_module" "ram" 2 50, 3 2 0, S_000000000101e280;
 .timescale 0 0;
    .port_info 0 /INPUT 1 "clk_i";
    .port_info 1 /INPUT 1 "r_en";
    .port_info 2 /INPUT 1 "w_en";
    .port_info 3 /INPUT 64 "addr_i";
    .port_info 4 /INPUT 64 "wdata_i";
    .port_info 5 /OUTPUT 64 "rdata_o";
    .port_info 6 /OUTPUT 1 "dmem_error_o";
L_0000000001086100 .functor BUFT 1, C4<1>, C4<0>, C4<0>, C4<0>;
L_0000000001011270 .functor XNOR 1, v0000000001085830_0, L_0000000001086100, C4<0>, C4<0>;
L_0000000001086028 .functor BUFT 1, C4<0000000000000000000000000000000000000000000000000000001111111111>, C4<0>, C4<0>, C4<0>;
v000000000100cda0_0 .net/2u *"_s0", 63 0, L_0000000001086028;  1 drivers
v0000000001082800_0 .net/2u *"_s10", 0 0, L_0000000001086100;  1 drivers
v0000000001083700_0 .net *"_s12", 0 0, L_0000000001011270;  1 drivers
v00000000010824e0_0 .net *"_s14", 7 0, L_0000000001085dd0;  1 drivers
v0000000001082580_0 .net *"_s16", 64 0, L_0000000001085010;  1 drivers
L_0000000001086148 .functor BUFT 1, C4<0>, C4<0>, C4<0>, C4<0>;
v0000000001083200_0 .net *"_s19", 0 0, L_0000000001086148;  1 drivers
v00000000010835c0_0 .net *"_s2", 0 0, L_0000000001085d30;  1 drivers
L_0000000001086190 .functor BUFT 1, C4<00000000000000000000000000000000000000000000000000000000000000111>, C4<0>, C4<0>, C4<0>;
v00000000010833e0_0 .net/2u *"_s20", 64 0, L_0000000001086190;  1 drivers
v0000000001083160_0 .net *"_s22", 64 0, L_0000000001085650;  1 drivers
v0000000001082b20_0 .net *"_s24", 7 0, L_00000000010858d0;  1 drivers
v0000000001081fe0_0 .net *"_s26", 64 0, L_0000000001085290;  1 drivers
L_00000000010861d8 .functor BUFT 1, C4<0>, C4<0>, C4<0>, C4<0>;
v00000000010828a0_0 .net *"_s29", 0 0, L_00000000010861d8;  1 drivers
L_0000000001086220 .functor BUFT 1, C4<00000000000000000000000000000000000000000000000000000000000000110>, C4<0>, C4<0>, C4<0>;
v0000000001082c60_0 .net/2u *"_s30", 64 0, L_0000000001086220;  1 drivers
v00000000010832a0_0 .net *"_s32", 64 0, L_0000000001085330;  1 drivers
v0000000001081ea0_0 .net *"_s34", 7 0, L_0000000001084570;  1 drivers
v0000000001082ee0_0 .net *"_s36", 64 0, L_0000000001084930;  1 drivers
L_0000000001086268 .functor BUFT 1, C4<0>, C4<0>, C4<0>, C4<0>;
v00000000010829e0_0 .net *"_s39", 0 0, L_0000000001086268;  1 drivers
L_0000000001086070 .functor BUFT 1, C4<1>, C4<0>, C4<0>, C4<0>;
v0000000001082300_0 .net/2u *"_s4", 0 0, L_0000000001086070;  1 drivers
L_00000000010862b0 .functor BUFT 1, C4<00000000000000000000000000000000000000000000000000000000000000101>, C4<0>, C4<0>, C4<0>;
v0000000001083340_0 .net/2u *"_s40", 64 0, L_00000000010862b0;  1 drivers
v0000000001082440_0 .net *"_s42", 64 0, L_0000000001085a10;  1 drivers
v0000000001082d00_0 .net *"_s44", 7 0, L_0000000001085ab0;  1 drivers
v0000000001082da0_0 .net *"_s46", 64 0, L_00000000010853d0;  1 drivers
L_00000000010862f8 .functor BUFT 1, C4<0>, C4<0>, C4<0>, C4<0>;
v00000000010823a0_0 .net *"_s49", 0 0, L_00000000010862f8;  1 drivers
L_0000000001086340 .functor BUFT 1, C4<00000000000000000000000000000000000000000000000000000000000000100>, C4<0>, C4<0>, C4<0>;
v0000000001083480_0 .net/2u *"_s50", 64 0, L_0000000001086340;  1 drivers
v0000000001082620_0 .net *"_s52", 64 0, L_00000000010844d0;  1 drivers
v0000000001083520_0 .net *"_s54", 7 0, L_0000000001084430;  1 drivers
v0000000001082f80_0 .net *"_s56", 64 0, L_0000000001085b50;  1 drivers
L_0000000001086388 .functor BUFT 1, C4<0>, C4<0>, C4<0>, C4<0>;
v0000000001082760_0 .net *"_s59", 0 0, L_0000000001086388;  1 drivers
L_00000000010860b8 .functor BUFT 1, C4<0>, C4<0>, C4<0>, C4<0>;
v0000000001082a80_0 .net/2u *"_s6", 0 0, L_00000000010860b8;  1 drivers
L_00000000010863d0 .functor BUFT 1, C4<00000000000000000000000000000000000000000000000000000000000000011>, C4<0>, C4<0>, C4<0>;
v00000000010819a0_0 .net/2u *"_s60", 64 0, L_00000000010863d0;  1 drivers
v0000000001082bc0_0 .net *"_s62", 64 0, L_00000000010849d0;  1 drivers
v0000000001081f40_0 .net *"_s64", 7 0, L_00000000010850b0;  1 drivers
v0000000001083840_0 .net *"_s66", 64 0, L_0000000001084070;  1 drivers
L_0000000001086418 .functor BUFT 1, C4<0>, C4<0>, C4<0>, C4<0>;
v0000000001082940_0 .net *"_s69", 0 0, L_0000000001086418;  1 drivers
L_0000000001086460 .functor BUFT 1, C4<00000000000000000000000000000000000000000000000000000000000000010>, C4<0>, C4<0>, C4<0>;
v0000000001081a40_0 .net/2u *"_s70", 64 0, L_0000000001086460;  1 drivers
v0000000001083660_0 .net *"_s72", 64 0, L_0000000001084610;  1 drivers
v00000000010837a0_0 .net *"_s74", 7 0, L_0000000001085150;  1 drivers
v0000000001083020_0 .net *"_s76", 64 0, L_0000000001085470;  1 drivers
L_00000000010864a8 .functor BUFT 1, C4<0>, C4<0>, C4<0>, C4<0>;
v0000000001082e40_0 .net *"_s79", 0 0, L_00000000010864a8;  1 drivers
L_00000000010864f0 .functor BUFT 1, C4<00000000000000000000000000000000000000000000000000000000000000001>, C4<0>, C4<0>, C4<0>;
v00000000010826c0_0 .net/2u *"_s80", 64 0, L_00000000010864f0;  1 drivers
v0000000001081ae0_0 .net *"_s82", 64 0, L_0000000001084110;  1 drivers
v00000000010821c0_0 .net *"_s84", 7 0, L_00000000010841b0;  1 drivers
v00000000010830c0_0 .net *"_s86", 64 0, L_0000000001084250;  1 drivers
L_0000000001086538 .functor BUFT 1, C4<0>, C4<0>, C4<0>, C4<0>;
v0000000001081b80_0 .net *"_s89", 0 0, L_0000000001086538;  1 drivers
L_0000000001086580 .functor BUFT 1, C4<00000000000000000000000000000000000000000000000000000000000000000>, C4<0>, C4<0>, C4<0>;
v0000000001081c20_0 .net/2u *"_s90", 64 0, L_0000000001086580;  1 drivers
v0000000001081cc0_0 .net *"_s92", 64 0, L_0000000001084390;  1 drivers
v0000000001081d60_0 .net *"_s94", 63 0, L_0000000001191580;  1 drivers
L_00000000010865c8 .functor BUFT 1, C4<0000000000000000000000000000000000000000000000000000000000000000>, C4<0>, C4<0>, C4<0>;
v0000000001082080_0 .net/2u *"_s96", 63 0, L_00000000010865c8;  1 drivers
v0000000001081e00_0 .net "addr_i", 63 0, v0000000001084890_0;  1 drivers
v0000000001082120_0 .net "clk_i", 0 0, o0000000001030198;  alias, 0 drivers
v0000000001082260_0 .net "dmem_error_o", 0 0, L_0000000001084ed0;  alias, 1 drivers
v0000000001084f70_0 .var/i "i", 31 0;
v00000000010846b0 .array "mem", 0 1023, 7 0;
v00000000010851f0_0 .net "r_en", 0 0, v0000000001085830_0;  1 drivers
v0000000001084bb0_0 .net "rdata_o", 63 0, L_0000000001190680;  alias, 1 drivers
v0000000001085970_0 .net "w_en", 0 0, v0000000001084cf0_0;  1 drivers
v0000000001085510_0 .net "wdata_i", 63 0, o00000000010302b8;  alias, 0 drivers
E_000000000102dcd0 .event posedge, v0000000001082120_0;
L_0000000001085d30 .cmp/gt 64, v0000000001084890_0, L_0000000001086028;
L_0000000001084ed0 .functor MUXZ 1, L_00000000010860b8, L_0000000001086070, L_0000000001085d30, C4<>;
L_0000000001085dd0 .array/port v00000000010846b0, L_0000000001085650;
L_0000000001085010 .concat [ 64 1 0 0], v0000000001084890_0, L_0000000001086148;
L_0000000001085650 .arith/sum 65, L_0000000001085010, L_0000000001086190;
L_00000000010858d0 .array/port v00000000010846b0, L_0000000001085330;
L_0000000001085290 .concat [ 64 1 0 0], v0000000001084890_0, L_00000000010861d8;
L_0000000001085330 .arith/sum 65, L_0000000001085290, L_0000000001086220;
L_0000000001084570 .array/port v00000000010846b0, L_0000000001085a10;
L_0000000001084930 .concat [ 64 1 0 0], v0000000001084890_0, L_0000000001086268;
L_0000000001085a10 .arith/sum 65, L_0000000001084930, L_00000000010862b0;
L_0000000001085ab0 .array/port v00000000010846b0, L_00000000010844d0;
L_00000000010853d0 .concat [ 64 1 0 0], v0000000001084890_0, L_00000000010862f8;
L_00000000010844d0 .arith/sum 65, L_00000000010853d0, L_0000000001086340;
L_0000000001084430 .array/port v00000000010846b0, L_00000000010849d0;
L_0000000001085b50 .concat [ 64 1 0 0], v0000000001084890_0, L_0000000001086388;
L_00000000010849d0 .arith/sum 65, L_0000000001085b50, L_00000000010863d0;
L_00000000010850b0 .array/port v00000000010846b0, L_0000000001084610;
L_0000000001084070 .concat [ 64 1 0 0], v0000000001084890_0, L_0000000001086418;
L_0000000001084610 .arith/sum 65, L_0000000001084070, L_0000000001086460;
L_0000000001085150 .array/port v00000000010846b0, L_0000000001084110;
L_0000000001085470 .concat [ 64 1 0 0], v0000000001084890_0, L_00000000010864a8;
L_0000000001084110 .arith/sum 65, L_0000000001085470, L_00000000010864f0;
L_00000000010841b0 .array/port v00000000010846b0, L_0000000001084390;
L_0000000001084250 .concat [ 64 1 0 0], v0000000001084890_0, L_0000000001086538;
L_0000000001084390 .arith/sum 65, L_0000000001084250, L_0000000001086580;
LS_0000000001191580_0_0 .concat [ 8 8 8 8], L_00000000010841b0, L_0000000001085150, L_00000000010850b0, L_0000000001084430;
LS_0000000001191580_0_4 .concat [ 8 8 8 8], L_0000000001085ab0, L_0000000001084570, L_00000000010858d0, L_0000000001085dd0;
L_0000000001191580 .concat [ 32 32 0 0], LS_0000000001191580_0_0, LS_0000000001191580_0_4;
L_0000000001190680 .functor MUXZ 64, L_00000000010865c8, L_0000000001191580, L_0000000001011270, C4<>;
    .scope S_000000000101e410;
T_0 ;
    %wait E_000000000102dcd0;
    %load/vec4 v0000000001085970_0;
    %flag_set/vec4 8;
    %jmp/0xz  T_0.0, 8;
    %load/vec4 v0000000001085510_0;
    %split/vec4 8;
    %load/vec4 v0000000001081e00_0;
    %pad/u 65;
    %addi 0, 0, 65;
    %ix/vec4 3;
    %ix/load 4, 0, 0; Constant delay
    %assign/vec4/a/d v00000000010846b0, 0, 4;
    %split/vec4 8;
    %load/vec4 v0000000001081e00_0;
    %pad/u 65;
    %addi 1, 0, 65;
    %ix/vec4 3;
    %ix/load 4, 0, 0; Constant delay
    %assign/vec4/a/d v00000000010846b0, 0, 4;
    %split/vec4 8;
    %load/vec4 v0000000001081e00_0;
    %pad/u 65;
    %addi 2, 0, 65;
    %ix/vec4 3;
    %ix/load 4, 0, 0; Constant delay
    %assign/vec4/a/d v00000000010846b0, 0, 4;
    %split/vec4 8;
    %load/vec4 v0000000001081e00_0;
    %pad/u 65;
    %addi 3, 0, 65;
    %ix/vec4 3;
    %ix/load 4, 0, 0; Constant delay
    %assign/vec4/a/d v00000000010846b0, 0, 4;
    %split/vec4 8;
    %load/vec4 v0000000001081e00_0;
    %pad/u 65;
    %addi 4, 0, 65;
    %ix/vec4 3;
    %ix/load 4, 0, 0; Constant delay
    %assign/vec4/a/d v00000000010846b0, 0, 4;
    %split/vec4 8;
    %load/vec4 v0000000001081e00_0;
    %pad/u 65;
    %addi 5, 0, 65;
    %ix/vec4 3;
    %ix/load 4, 0, 0; Constant delay
    %assign/vec4/a/d v00000000010846b0, 0, 4;
    %split/vec4 8;
    %load/vec4 v0000000001081e00_0;
    %pad/u 65;
    %addi 6, 0, 65;
    %ix/vec4 3;
    %ix/load 4, 0, 0; Constant delay
    %assign/vec4/a/d v00000000010846b0, 0, 4;
    %load/vec4 v0000000001081e00_0;
    %pad/u 65;
    %addi 7, 0, 65;
    %ix/vec4 3;
    %ix/load 4, 0, 0; Constant delay
    %assign/vec4/a/d v00000000010846b0, 0, 4;
T_0.0 ;
    %jmp T_0;
    .thread T_0;
    .scope S_000000000101e410;
T_1 ;
    %pushi/vec4 0, 0, 8;
    %ix/load 4, 0, 0;
    %flag_set/imm 4, 0;
    %store/vec4a v00000000010846b0, 4, 0;
    %pushi/vec4 1, 0, 8;
    %ix/load 4, 1, 0;
    %flag_set/imm 4, 0;
    %store/vec4a v00000000010846b0, 4, 0;
    %pushi/vec4 2, 0, 8;
    %ix/load 4, 2, 0;
    %flag_set/imm 4, 0;
    %store/vec4a v00000000010846b0, 4, 0;
    %pushi/vec4 3, 0, 8;
    %ix/load 4, 3, 0;
    %flag_set/imm 4, 0;
    %store/vec4a v00000000010846b0, 4, 0;
    %pushi/vec4 4, 0, 8;
    %ix/load 4, 4, 0;
    %flag_set/imm 4, 0;
    %store/vec4a v00000000010846b0, 4, 0;
    %pushi/vec4 5, 0, 8;
    %ix/load 4, 5, 0;
    %flag_set/imm 4, 0;
    %store/vec4a v00000000010846b0, 4, 0;
    %pushi/vec4 6, 0, 8;
    %ix/load 4, 6, 0;
    %flag_set/imm 4, 0;
    %store/vec4a v00000000010846b0, 4, 0;
    %pushi/vec4 7, 0, 8;
    %ix/load 4, 7, 0;
    %flag_set/imm 4, 0;
    %store/vec4a v00000000010846b0, 4, 0;
    %pushi/vec4 8, 0, 8;
    %ix/load 4, 8, 0;
    %flag_set/imm 4, 0;
    %store/vec4a v00000000010846b0, 4, 0;
    %pushi/vec4 9, 0, 8;
    %ix/load 4, 9, 0;
    %flag_set/imm 4, 0;
    %store/vec4a v00000000010846b0, 4, 0;
    %pushi/vec4 10, 0, 8;
    %ix/load 4, 10, 0;
    %flag_set/imm 4, 0;
    %store/vec4a v00000000010846b0, 4, 0;
    %pushi/vec4 11, 0, 8;
    %ix/load 4, 11, 0;
    %flag_set/imm 4, 0;
    %store/vec4a v00000000010846b0, 4, 0;
    %pushi/vec4 12, 0, 8;
    %ix/load 4, 12, 0;
    %flag_set/imm 4, 0;
    %store/vec4a v00000000010846b0, 4, 0;
    %pushi/vec4 13, 0, 8;
    %ix/load 4, 13, 0;
    %flag_set/imm 4, 0;
    %store/vec4a v00000000010846b0, 4, 0;
    %pushi/vec4 14, 0, 8;
    %ix/load 4, 14, 0;
    %flag_set/imm 4, 0;
    %store/vec4a v00000000010846b0, 4, 0;
    %pushi/vec4 15, 0, 8;
    %ix/load 4, 15, 0;
    %flag_set/imm 4, 0;
    %store/vec4a v00000000010846b0, 4, 0;
    %pushi/vec4 16, 0, 8;
    %ix/load 4, 16, 0;
    %flag_set/imm 4, 0;
    %store/vec4a v00000000010846b0, 4, 0;
    %pushi/vec4 17, 0, 8;
    %ix/load 4, 17, 0;
    %flag_set/imm 4, 0;
    %store/vec4a v00000000010846b0, 4, 0;
    %pushi/vec4 18, 0, 8;
    %ix/load 4, 18, 0;
    %flag_set/imm 4, 0;
    %store/vec4a v00000000010846b0, 4, 0;
    %pushi/vec4 19, 0, 8;
    %ix/load 4, 19, 0;
    %flag_set/imm 4, 0;
    %store/vec4a v00000000010846b0, 4, 0;
    %pushi/vec4 33, 0, 8;
    %ix/load 4, 37, 0;
    %flag_set/imm 4, 0;
    %store/vec4a v00000000010846b0, 4, 0;
    %pushi/vec4 67, 0, 8;
    %ix/load 4, 38, 0;
    %flag_set/imm 4, 0;
    %store/vec4a v00000000010846b0, 4, 0;
    %pushi/vec4 101, 0, 8;
    %ix/load 4, 39, 0;
    %flag_set/imm 4, 0;
    %store/vec4a v00000000010846b0, 4, 0;
    %pushi/vec4 135, 0, 8;
    %ix/load 4, 40, 0;
    %flag_set/imm 4, 0;
    %store/vec4a v00000000010846b0, 4, 0;
    %pushi/vec4 169, 0, 8;
    %ix/load 4, 41, 0;
    %flag_set/imm 4, 0;
    %store/vec4a v00000000010846b0, 4, 0;
    %pushi/vec4 203, 0, 8;
    %ix/load 4, 42, 0;
    %flag_set/imm 4, 0;
    %store/vec4a v00000000010846b0, 4, 0;
    %pushi/vec4 237, 0, 8;
    %ix/load 4, 43, 0;
    %flag_set/imm 4, 0;
    %store/vec4a v00000000010846b0, 4, 0;
    %pushi/vec4 15, 0, 8;
    %ix/load 4, 44, 0;
    %flag_set/imm 4, 0;
    %store/vec4a v00000000010846b0, 4, 0;
    %end;
    .thread T_1;
    .scope S_000000000101e410;
T_2 ;
    %pushi/vec4 768, 0, 32;
    %store/vec4 v0000000001084f70_0, 0, 32;
T_2.0 ;
    %load/vec4 v0000000001084f70_0;
    %cmpi/s 1024, 0, 32;
    %jmp/0xz T_2.1, 5;
    %pushi/vec4 0, 0, 8;
    %ix/getv/s 4, v0000000001084f70_0;
    %store/vec4a v00000000010846b0, 4, 0;
    %load/vec4 v0000000001084f70_0;
    %addi 1, 0, 32;
    %store/vec4 v0000000001084f70_0, 0, 32;
    %jmp T_2.0;
T_2.1 ;
    %end;
    .thread T_2;
    .scope S_000000000101e280;
T_3 ;
    %wait E_000000000102e050;
    %pushi/vec4 0, 0, 1;
    %store/vec4 v0000000001085830_0, 0, 1;
    %pushi/vec4 0, 0, 1;
    %store/vec4 v0000000001084cf0_0, 0, 1;
    %pushi/vec4 0, 0, 64;
    %store/vec4 v0000000001084890_0, 0, 64;
    %load/vec4 v0000000001084750_0;
    %dup/vec4;
    %pushi/vec4 4, 0, 4;
    %cmp/u;
    %jmp/1 T_3.0, 6;
    %dup/vec4;
    %pushi/vec4 5, 0, 4;
    %cmp/u;
    %jmp/1 T_3.1, 6;
    %dup/vec4;
    %pushi/vec4 6, 0, 4;
    %cmp/u;
    %jmp/1 T_3.2, 6;
    %pushi/vec4 0, 0, 1;
    %store/vec4 v0000000001085830_0, 0, 1;
    %pushi/vec4 0, 0, 1;
    %store/vec4 v0000000001084cf0_0, 0, 1;
    %pushi/vec4 0, 0, 64;
    %store/vec4 v0000000001084890_0, 0, 64;
    %jmp T_3.4;
T_3.0 ;
    %pushi/vec4 0, 0, 1;
    %store/vec4 v0000000001085830_0, 0, 1;
    %pushi/vec4 1, 0, 1;
    %store/vec4 v0000000001084cf0_0, 0, 1;
    %load/vec4 v00000000010847f0_0;
    %store/vec4 v0000000001084890_0, 0, 64;
    %jmp T_3.4;
T_3.1 ;
    %pushi/vec4 1, 0, 1;
    %store/vec4 v0000000001085830_0, 0, 1;
    %pushi/vec4 0, 0, 1;
    %store/vec4 v0000000001084cf0_0, 0, 1;
    %load/vec4 v00000000010847f0_0;
    %store/vec4 v0000000001084890_0, 0, 64;
    %jmp T_3.4;
T_3.2 ;
    %pushi/vec4 1, 0, 1;
    %store/vec4 v0000000001085830_0, 0, 1;
    %pushi/vec4 0, 0, 1;
    %store/vec4 v0000000001084cf0_0, 0, 1;
    %load/vec4 v00000000010847f0_0;
    %store/vec4 v0000000001084890_0, 0, 64;
    %jmp T_3.4;
T_3.4 ;
    %pop/vec4 1;
    %jmp T_3;
    .thread T_3, $push;
# The file index is used to find the file name in the following table.
:file_names 4;
    "N/A";
    "<interactive>";
    "memory_access.v";
    "./ram.v";
