#! /usr/local/iverilog/bin/vvp
:ivl_version "11.0 (devel)" "(s20150603-642-g3bdb50da)";
:ivl_delay_selection "TYPICAL";
:vpi_time_precision + 0;
:vpi_module "system";
:vpi_module "vhdl_sys";
:vpi_module "vhdl_textio";
:vpi_module "v2005_math";
:vpi_module "va_math";
S_0000000001052bc0 .scope module, "ram" "ram" 2 2;
 .timescale 0 0;
    .port_info 0 /INPUT 1 "clk_i";
    .port_info 1 /INPUT 1 "r_en";
    .port_info 2 /INPUT 1 "w_en";
    .port_info 3 /INPUT 64 "addr_i";
    .port_info 4 /INPUT 64 "wdata_i";
    .port_info 5 /OUTPUT 64 "rdata_o";
    .port_info 6 /OUTPUT 1 "dmem_error_o";
o00000000010961c8 .functor BUFZ 1, C4<z>; HiZ drive
L_00000000010ecdd0 .functor BUFT 1, C4<1>, C4<0>, C4<0>, C4<0>;
L_000000000107d800 .functor XNOR 1, o00000000010961c8, L_00000000010ecdd0, C4<0>, C4<0>;
L_00000000010eccf8 .functor BUFT 1, C4<0000000000000000000000000000000000000000000000000000001111111111>, C4<0>, C4<0>, C4<0>;
v000000000107a240_0 .net/2u *"_s0", 63 0, L_00000000010eccf8;  1 drivers
v000000000107a740_0 .net/2u *"_s10", 0 0, L_00000000010ecdd0;  1 drivers
v000000000107a880_0 .net *"_s12", 0 0, L_000000000107d800;  1 drivers
v000000000107a9c0_0 .net *"_s14", 7 0, L_00000000011365b0;  1 drivers
v000000000107a2e0_0 .net *"_s16", 64 0, L_00000000011354d0;  1 drivers
L_00000000010ece18 .functor BUFT 1, C4<0>, C4<0>, C4<0>, C4<0>;
v000000000107a380_0 .net *"_s19", 0 0, L_00000000010ece18;  1 drivers
v000000000107a4c0_0 .net *"_s2", 0 0, L_0000000001136790;  1 drivers
L_00000000010ece60 .functor BUFT 1, C4<00000000000000000000000000000000000000000000000000000000000000111>, C4<0>, C4<0>, C4<0>;
v00000000010eb5f0_0 .net/2u *"_s20", 64 0, L_00000000010ece60;  1 drivers
v00000000010eb410_0 .net *"_s22", 64 0, L_0000000001135c50;  1 drivers
v00000000010eb370_0 .net *"_s24", 7 0, L_00000000011366f0;  1 drivers
v00000000010ebe10_0 .net *"_s26", 64 0, L_0000000001136150;  1 drivers
L_00000000010ecea8 .functor BUFT 1, C4<0>, C4<0>, C4<0>, C4<0>;
v00000000010eb4b0_0 .net *"_s29", 0 0, L_00000000010ecea8;  1 drivers
L_00000000010ecef0 .functor BUFT 1, C4<00000000000000000000000000000000000000000000000000000000000000110>, C4<0>, C4<0>, C4<0>;
v00000000010eb730_0 .net/2u *"_s30", 64 0, L_00000000010ecef0;  1 drivers
v00000000010ec310_0 .net *"_s32", 64 0, L_0000000001136830;  1 drivers
v00000000010ebb90_0 .net *"_s34", 7 0, L_0000000001136650;  1 drivers
v00000000010eb550_0 .net *"_s36", 64 0, L_00000000011368d0;  1 drivers
L_00000000010ecf38 .functor BUFT 1, C4<0>, C4<0>, C4<0>, C4<0>;
v00000000010ebc30_0 .net *"_s39", 0 0, L_00000000010ecf38;  1 drivers
L_00000000010ecd40 .functor BUFT 1, C4<1>, C4<0>, C4<0>, C4<0>;
v00000000010eadd0_0 .net/2u *"_s4", 0 0, L_00000000010ecd40;  1 drivers
L_00000000010ecf80 .functor BUFT 1, C4<00000000000000000000000000000000000000000000000000000000000000101>, C4<0>, C4<0>, C4<0>;
v00000000010ebeb0_0 .net/2u *"_s40", 64 0, L_00000000010ecf80;  1 drivers
v00000000010ec130_0 .net *"_s42", 64 0, L_00000000011351b0;  1 drivers
v00000000010eb690_0 .net *"_s44", 7 0, L_0000000001136970;  1 drivers
v00000000010ebf50_0 .net *"_s46", 64 0, L_00000000011356b0;  1 drivers
L_00000000010ecfc8 .functor BUFT 1, C4<0>, C4<0>, C4<0>, C4<0>;
v00000000010eb7d0_0 .net *"_s49", 0 0, L_00000000010ecfc8;  1 drivers
L_00000000010ed010 .functor BUFT 1, C4<00000000000000000000000000000000000000000000000000000000000000100>, C4<0>, C4<0>, C4<0>;
v00000000010ebff0_0 .net/2u *"_s50", 64 0, L_00000000010ed010;  1 drivers
v00000000010eca90_0 .net *"_s52", 64 0, L_0000000001135750;  1 drivers
v00000000010ead30_0 .net *"_s54", 7 0, L_0000000001134df0;  1 drivers
v00000000010ec6d0_0 .net *"_s56", 64 0, L_00000000011361f0;  1 drivers
L_00000000010ed058 .functor BUFT 1, C4<0>, C4<0>, C4<0>, C4<0>;
v00000000010eb190_0 .net *"_s59", 0 0, L_00000000010ed058;  1 drivers
L_00000000010ecd88 .functor BUFT 1, C4<0>, C4<0>, C4<0>, C4<0>;
v00000000010ec090_0 .net/2u *"_s6", 0 0, L_00000000010ecd88;  1 drivers
L_00000000010ed0a0 .functor BUFT 1, C4<00000000000000000000000000000000000000000000000000000000000000011>, C4<0>, C4<0>, C4<0>;
v00000000010ec270_0 .net/2u *"_s60", 64 0, L_00000000010ed0a0;  1 drivers
v00000000010eae70_0 .net *"_s62", 64 0, L_0000000001136010;  1 drivers
v00000000010eb870_0 .net *"_s64", 7 0, L_0000000001136a10;  1 drivers
v00000000010eaf10_0 .net *"_s66", 64 0, L_0000000001135390;  1 drivers
L_00000000010ed0e8 .functor BUFT 1, C4<0>, C4<0>, C4<0>, C4<0>;
v00000000010eb230_0 .net *"_s69", 0 0, L_00000000010ed0e8;  1 drivers
L_00000000010ed130 .functor BUFT 1, C4<00000000000000000000000000000000000000000000000000000000000000010>, C4<0>, C4<0>, C4<0>;
v00000000010ec8b0_0 .net/2u *"_s70", 64 0, L_00000000010ed130;  1 drivers
v00000000010eafb0_0 .net *"_s72", 64 0, L_0000000001134e90;  1 drivers
v00000000010eb910_0 .net *"_s74", 7 0, L_0000000001135930;  1 drivers
v00000000010ec3b0_0 .net *"_s76", 64 0, L_0000000001136290;  1 drivers
L_00000000010ed178 .functor BUFT 1, C4<0>, C4<0>, C4<0>, C4<0>;
v00000000010ec450_0 .net *"_s79", 0 0, L_00000000010ed178;  1 drivers
L_00000000010ed1c0 .functor BUFT 1, C4<00000000000000000000000000000000000000000000000000000000000000001>, C4<0>, C4<0>, C4<0>;
v00000000010ec4f0_0 .net/2u *"_s80", 64 0, L_00000000010ed1c0;  1 drivers
v00000000010eb2d0_0 .net *"_s82", 64 0, L_0000000001136330;  1 drivers
v00000000010ec950_0 .net *"_s84", 7 0, L_0000000001135570;  1 drivers
v00000000010ec810_0 .net *"_s86", 64 0, L_0000000001135a70;  1 drivers
L_00000000010ed208 .functor BUFT 1, C4<0>, C4<0>, C4<0>, C4<0>;
v00000000010ecb30_0 .net *"_s89", 0 0, L_00000000010ed208;  1 drivers
L_00000000010ed250 .functor BUFT 1, C4<00000000000000000000000000000000000000000000000000000000000000000>, C4<0>, C4<0>, C4<0>;
v00000000010eb050_0 .net/2u *"_s90", 64 0, L_00000000010ed250;  1 drivers
v00000000010ec1d0_0 .net *"_s92", 64 0, L_0000000001135e30;  1 drivers
v00000000010ebcd0_0 .net *"_s94", 63 0, L_0000000001135d90;  1 drivers
L_00000000010ed298 .functor BUFT 1, C4<0000000000000000000000000000000000000000000000000000000000000000>, C4<0>, C4<0>, C4<0>;
v00000000010ec590_0 .net/2u *"_s96", 63 0, L_00000000010ed298;  1 drivers
o0000000001096108 .functor BUFZ 64, C4<zzzzzzzzzzzzzzzzzzzzzzzzzzzzzzzzzzzzzzzzzzzzzzzzzzzzzzzzzzzzzzzz>; HiZ drive
v00000000010ebd70_0 .net "addr_i", 63 0, o0000000001096108;  0 drivers
o0000000001096138 .functor BUFZ 1, C4<z>; HiZ drive
v00000000010ec630_0 .net "clk_i", 0 0, o0000000001096138;  0 drivers
v00000000010eb9b0_0 .net "dmem_error_o", 0 0, L_0000000001135610;  1 drivers
v00000000010ec770_0 .var/i "i", 31 0;
v00000000010eba50 .array "mem", 0 1023, 7 0;
v00000000010eb0f0_0 .net "r_en", 0 0, o00000000010961c8;  0 drivers
v00000000010ebaf0_0 .net "rdata_o", 63 0, L_0000000001136ab0;  1 drivers
o0000000001096228 .functor BUFZ 1, C4<z>; HiZ drive
v00000000010ec9f0_0 .net "w_en", 0 0, o0000000001096228;  0 drivers
o0000000001096258 .functor BUFZ 64, C4<zzzzzzzzzzzzzzzzzzzzzzzzzzzzzzzzzzzzzzzzzzzzzzzzzzzzzzzzzzzzzzzz>; HiZ drive
v00000000010ecbd0_0 .net "wdata_i", 63 0, o0000000001096258;  0 drivers
E_0000000001082950 .event posedge, v00000000010ec630_0;
L_0000000001136790 .cmp/gt 64, o0000000001096108, L_00000000010eccf8;
L_0000000001135610 .functor MUXZ 1, L_00000000010ecd88, L_00000000010ecd40, L_0000000001136790, C4<>;
L_00000000011365b0 .array/port v00000000010eba50, L_0000000001135c50;
L_00000000011354d0 .concat [ 64 1 0 0], o0000000001096108, L_00000000010ece18;
L_0000000001135c50 .arith/sum 65, L_00000000011354d0, L_00000000010ece60;
L_00000000011366f0 .array/port v00000000010eba50, L_0000000001136830;
L_0000000001136150 .concat [ 64 1 0 0], o0000000001096108, L_00000000010ecea8;
L_0000000001136830 .arith/sum 65, L_0000000001136150, L_00000000010ecef0;
L_0000000001136650 .array/port v00000000010eba50, L_00000000011351b0;
L_00000000011368d0 .concat [ 64 1 0 0], o0000000001096108, L_00000000010ecf38;
L_00000000011351b0 .arith/sum 65, L_00000000011368d0, L_00000000010ecf80;
L_0000000001136970 .array/port v00000000010eba50, L_0000000001135750;
L_00000000011356b0 .concat [ 64 1 0 0], o0000000001096108, L_00000000010ecfc8;
L_0000000001135750 .arith/sum 65, L_00000000011356b0, L_00000000010ed010;
L_0000000001134df0 .array/port v00000000010eba50, L_0000000001136010;
L_00000000011361f0 .concat [ 64 1 0 0], o0000000001096108, L_00000000010ed058;
L_0000000001136010 .arith/sum 65, L_00000000011361f0, L_00000000010ed0a0;
L_0000000001136a10 .array/port v00000000010eba50, L_0000000001134e90;
L_0000000001135390 .concat [ 64 1 0 0], o0000000001096108, L_00000000010ed0e8;
L_0000000001134e90 .arith/sum 65, L_0000000001135390, L_00000000010ed130;
L_0000000001135930 .array/port v00000000010eba50, L_0000000001136330;
L_0000000001136290 .concat [ 64 1 0 0], o0000000001096108, L_00000000010ed178;
L_0000000001136330 .arith/sum 65, L_0000000001136290, L_00000000010ed1c0;
L_0000000001135570 .array/port v00000000010eba50, L_0000000001135e30;
L_0000000001135a70 .concat [ 64 1 0 0], o0000000001096108, L_00000000010ed208;
L_0000000001135e30 .arith/sum 65, L_0000000001135a70, L_00000000010ed250;
LS_0000000001135d90_0_0 .concat [ 8 8 8 8], L_0000000001135570, L_0000000001135930, L_0000000001136a10, L_0000000001134df0;
LS_0000000001135d90_0_4 .concat [ 8 8 8 8], L_0000000001136970, L_0000000001136650, L_00000000011366f0, L_00000000011365b0;
L_0000000001135d90 .concat [ 32 32 0 0], LS_0000000001135d90_0_0, LS_0000000001135d90_0_4;
L_0000000001136ab0 .functor MUXZ 64, L_00000000010ed298, L_0000000001135d90, L_000000000107d800, C4<>;
    .scope S_0000000001052bc0;
T_0 ;
    %wait E_0000000001082950;
    %load/vec4 v00000000010ec9f0_0;
    %flag_set/vec4 8;
    %jmp/0xz  T_0.0, 8;
    %load/vec4 v00000000010ecbd0_0;
    %split/vec4 8;
    %load/vec4 v00000000010ebd70_0;
    %pad/u 65;
    %addi 0, 0, 65;
    %ix/vec4 3;
    %ix/load 4, 0, 0; Constant delay
    %assign/vec4/a/d v00000000010eba50, 0, 4;
    %split/vec4 8;
    %load/vec4 v00000000010ebd70_0;
    %pad/u 65;
    %addi 1, 0, 65;
    %ix/vec4 3;
    %ix/load 4, 0, 0; Constant delay
    %assign/vec4/a/d v00000000010eba50, 0, 4;
    %split/vec4 8;
    %load/vec4 v00000000010ebd70_0;
    %pad/u 65;
    %addi 2, 0, 65;
    %ix/vec4 3;
    %ix/load 4, 0, 0; Constant delay
    %assign/vec4/a/d v00000000010eba50, 0, 4;
    %split/vec4 8;
    %load/vec4 v00000000010ebd70_0;
    %pad/u 65;
    %addi 3, 0, 65;
    %ix/vec4 3;
    %ix/load 4, 0, 0; Constant delay
    %assign/vec4/a/d v00000000010eba50, 0, 4;
    %split/vec4 8;
    %load/vec4 v00000000010ebd70_0;
    %pad/u 65;
    %addi 4, 0, 65;
    %ix/vec4 3;
    %ix/load 4, 0, 0; Constant delay
    %assign/vec4/a/d v00000000010eba50, 0, 4;
    %split/vec4 8;
    %load/vec4 v00000000010ebd70_0;
    %pad/u 65;
    %addi 5, 0, 65;
    %ix/vec4 3;
    %ix/load 4, 0, 0; Constant delay
    %assign/vec4/a/d v00000000010eba50, 0, 4;
    %split/vec4 8;
    %load/vec4 v00000000010ebd70_0;
    %pad/u 65;
    %addi 6, 0, 65;
    %ix/vec4 3;
    %ix/load 4, 0, 0; Constant delay
    %assign/vec4/a/d v00000000010eba50, 0, 4;
    %load/vec4 v00000000010ebd70_0;
    %pad/u 65;
    %addi 7, 0, 65;
    %ix/vec4 3;
    %ix/load 4, 0, 0; Constant delay
    %assign/vec4/a/d v00000000010eba50, 0, 4;
T_0.0 ;
    %jmp T_0;
    .thread T_0;
    .scope S_0000000001052bc0;
T_1 ;
    %pushi/vec4 0, 0, 8;
    %ix/load 4, 0, 0;
    %flag_set/imm 4, 0;
    %store/vec4a v00000000010eba50, 4, 0;
    %pushi/vec4 1, 0, 8;
    %ix/load 4, 1, 0;
    %flag_set/imm 4, 0;
    %store/vec4a v00000000010eba50, 4, 0;
    %pushi/vec4 2, 0, 8;
    %ix/load 4, 2, 0;
    %flag_set/imm 4, 0;
    %store/vec4a v00000000010eba50, 4, 0;
    %pushi/vec4 3, 0, 8;
    %ix/load 4, 3, 0;
    %flag_set/imm 4, 0;
    %store/vec4a v00000000010eba50, 4, 0;
    %pushi/vec4 4, 0, 8;
    %ix/load 4, 4, 0;
    %flag_set/imm 4, 0;
    %store/vec4a v00000000010eba50, 4, 0;
    %pushi/vec4 5, 0, 8;
    %ix/load 4, 5, 0;
    %flag_set/imm 4, 0;
    %store/vec4a v00000000010eba50, 4, 0;
    %pushi/vec4 6, 0, 8;
    %ix/load 4, 6, 0;
    %flag_set/imm 4, 0;
    %store/vec4a v00000000010eba50, 4, 0;
    %pushi/vec4 7, 0, 8;
    %ix/load 4, 7, 0;
    %flag_set/imm 4, 0;
    %store/vec4a v00000000010eba50, 4, 0;
    %pushi/vec4 8, 0, 8;
    %ix/load 4, 8, 0;
    %flag_set/imm 4, 0;
    %store/vec4a v00000000010eba50, 4, 0;
    %pushi/vec4 9, 0, 8;
    %ix/load 4, 9, 0;
    %flag_set/imm 4, 0;
    %store/vec4a v00000000010eba50, 4, 0;
    %pushi/vec4 10, 0, 8;
    %ix/load 4, 10, 0;
    %flag_set/imm 4, 0;
    %store/vec4a v00000000010eba50, 4, 0;
    %pushi/vec4 11, 0, 8;
    %ix/load 4, 11, 0;
    %flag_set/imm 4, 0;
    %store/vec4a v00000000010eba50, 4, 0;
    %pushi/vec4 12, 0, 8;
    %ix/load 4, 12, 0;
    %flag_set/imm 4, 0;
    %store/vec4a v00000000010eba50, 4, 0;
    %pushi/vec4 13, 0, 8;
    %ix/load 4, 13, 0;
    %flag_set/imm 4, 0;
    %store/vec4a v00000000010eba50, 4, 0;
    %pushi/vec4 14, 0, 8;
    %ix/load 4, 14, 0;
    %flag_set/imm 4, 0;
    %store/vec4a v00000000010eba50, 4, 0;
    %pushi/vec4 15, 0, 8;
    %ix/load 4, 15, 0;
    %flag_set/imm 4, 0;
    %store/vec4a v00000000010eba50, 4, 0;
    %pushi/vec4 16, 0, 8;
    %ix/load 4, 16, 0;
    %flag_set/imm 4, 0;
    %store/vec4a v00000000010eba50, 4, 0;
    %pushi/vec4 17, 0, 8;
    %ix/load 4, 17, 0;
    %flag_set/imm 4, 0;
    %store/vec4a v00000000010eba50, 4, 0;
    %pushi/vec4 18, 0, 8;
    %ix/load 4, 18, 0;
    %flag_set/imm 4, 0;
    %store/vec4a v00000000010eba50, 4, 0;
    %pushi/vec4 19, 0, 8;
    %ix/load 4, 19, 0;
    %flag_set/imm 4, 0;
    %store/vec4a v00000000010eba50, 4, 0;
    %pushi/vec4 33, 0, 8;
    %ix/load 4, 37, 0;
    %flag_set/imm 4, 0;
    %store/vec4a v00000000010eba50, 4, 0;
    %pushi/vec4 67, 0, 8;
    %ix/load 4, 38, 0;
    %flag_set/imm 4, 0;
    %store/vec4a v00000000010eba50, 4, 0;
    %pushi/vec4 101, 0, 8;
    %ix/load 4, 39, 0;
    %flag_set/imm 4, 0;
    %store/vec4a v00000000010eba50, 4, 0;
    %pushi/vec4 135, 0, 8;
    %ix/load 4, 40, 0;
    %flag_set/imm 4, 0;
    %store/vec4a v00000000010eba50, 4, 0;
    %pushi/vec4 169, 0, 8;
    %ix/load 4, 41, 0;
    %flag_set/imm 4, 0;
    %store/vec4a v00000000010eba50, 4, 0;
    %pushi/vec4 203, 0, 8;
    %ix/load 4, 42, 0;
    %flag_set/imm 4, 0;
    %store/vec4a v00000000010eba50, 4, 0;
    %pushi/vec4 237, 0, 8;
    %ix/load 4, 43, 0;
    %flag_set/imm 4, 0;
    %store/vec4a v00000000010eba50, 4, 0;
    %pushi/vec4 15, 0, 8;
    %ix/load 4, 44, 0;
    %flag_set/imm 4, 0;
    %store/vec4a v00000000010eba50, 4, 0;
    %end;
    .thread T_1;
    .scope S_0000000001052bc0;
T_2 ;
    %pushi/vec4 768, 0, 32;
    %store/vec4 v00000000010ec770_0, 0, 32;
T_2.0 ;
    %load/vec4 v00000000010ec770_0;
    %cmpi/s 1024, 0, 32;
    %jmp/0xz T_2.1, 5;
    %pushi/vec4 0, 0, 8;
    %ix/getv/s 4, v00000000010ec770_0;
    %store/vec4a v00000000010eba50, 4, 0;
    %load/vec4 v00000000010ec770_0;
    %addi 1, 0, 32;
    %store/vec4 v00000000010ec770_0, 0, 32;
    %jmp T_2.0;
T_2.1 ;
    %end;
    .thread T_2;
# The file index is used to find the file name in the following table.
:file_names 3;
    "N/A";
    "<interactive>";
    "ram.v";
