#! /usr/local/iverilog/bin/vvp
:ivl_version "11.0 (devel)" "(s20150603-642-g3bdb50da)";
:ivl_delay_selection "TYPICAL";
:vpi_time_precision + 0;
:vpi_module "system";
:vpi_module "vhdl_sys";
:vpi_module "vhdl_textio";
:vpi_module "v2005_math";
:vpi_module "va_math";
S_00000000008ced50 .scope module, "select_pc" "select_pc" 2 2;
 .timescale 0 0;
    .port_info 0 /INPUT 1 "rst_n_i";
    .port_info 1 /INPUT 64 "F_predPC_i";
    .port_info 2 /INPUT 4 "M_icode_i";
    .port_info 3 /INPUT 4 "W_icode_i";
    .port_info 4 /INPUT 64 "M_valA_i";
    .port_info 5 /INPUT 64 "W_valM_i";
    .port_info 6 /INPUT 1 "M_Cnd_i";
    .port_info 7 /OUTPUT 64 "f_pc_o";
o0000000001106fd8 .functor BUFZ 64, C4<zzzzzzzzzzzzzzzzzzzzzzzzzzzzzzzzzzzzzzzzzzzzzzzzzzzzzzzzzzzzzzzz>; HiZ drive
v00000000010d2c00_0 .net "F_predPC_i", 63 0, o0000000001106fd8;  0 drivers
o0000000001107008 .functor BUFZ 1, C4<z>; HiZ drive
v00000000010d2ca0_0 .net "M_Cnd_i", 0 0, o0000000001107008;  0 drivers
o0000000001107038 .functor BUFZ 4, C4<zzzz>; HiZ drive
v00000000010d2d40_0 .net "M_icode_i", 3 0, o0000000001107038;  0 drivers
o0000000001107068 .functor BUFZ 64, C4<zzzzzzzzzzzzzzzzzzzzzzzzzzzzzzzzzzzzzzzzzzzzzzzzzzzzzzzzzzzzzzzz>; HiZ drive
v00000000010d2de0_0 .net "M_valA_i", 63 0, o0000000001107068;  0 drivers
o0000000001107098 .functor BUFZ 4, C4<zzzz>; HiZ drive
v00000000010d2e80_0 .net "W_icode_i", 3 0, o0000000001107098;  0 drivers
o00000000011070c8 .functor BUFZ 64, C4<zzzzzzzzzzzzzzzzzzzzzzzzzzzzzzzzzzzzzzzzzzzzzzzzzzzzzzzzzzzzzzzz>; HiZ drive
v00000000010d2f20_0 .net "W_valM_i", 63 0, o00000000011070c8;  0 drivers
v00000000010d2fc0_0 .var "f_pc_o", 63 0;
o0000000001107128 .functor BUFZ 1, C4<z>; HiZ drive
v00000000008cb2d0_0 .net "rst_n_i", 0 0, o0000000001107128;  0 drivers
E_00000000008cbe50/0 .event edge, v00000000008cb2d0_0, v00000000010d2d40_0, v00000000010d2ca0_0, v00000000010d2de0_0;
E_00000000008cbe50/1 .event edge, v00000000010d2e80_0, v00000000010d2f20_0, v00000000010d2c00_0;
E_00000000008cbe50 .event/or E_00000000008cbe50/0, E_00000000008cbe50/1;
    .scope S_00000000008ced50;
T_0 ;
    %wait E_00000000008cbe50;
    %load/vec4 v00000000008cb2d0_0;
    %inv;
    %flag_set/vec4 8;
    %jmp/0xz  T_0.0, 8;
    %pushi/vec4 0, 0, 64;
    %assign/vec4 v00000000010d2fc0_0, 0;
T_0.0 ;
    %load/vec4 v00000000010d2d40_0;
    %pushi/vec4 7, 0, 4;
    %cmp/e;
    %flag_get/vec4 4;
    %load/vec4 v00000000010d2ca0_0;
    %nor/r;
    %and;
    %flag_set/vec4 8;
    %jmp/0xz  T_0.2, 8;
    %load/vec4 v00000000010d2de0_0;
    %store/vec4 v00000000010d2fc0_0, 0, 64;
    %jmp T_0.3;
T_0.2 ;
    %load/vec4 v00000000010d2e80_0;
    %cmpi/e 9, 0, 4;
    %jmp/0xz  T_0.4, 4;
    %load/vec4 v00000000010d2f20_0;
    %store/vec4 v00000000010d2fc0_0, 0, 64;
    %jmp T_0.5;
T_0.4 ;
    %load/vec4 v00000000010d2c00_0;
    %store/vec4 v00000000010d2fc0_0, 0, 64;
T_0.5 ;
T_0.3 ;
    %jmp T_0;
    .thread T_0, $push;
# The file index is used to find the file name in the following table.
:file_names 3;
    "N/A";
    "<interactive>";
    "select_pc.v";
